==20660== NVPROF is profiling process 20660, command: ..\test\x64\Release\test.exe 524288 256
==20660== Profiling application: ..\test\x64\Release\test.exe 524288 256
==20660== Profiling result:
            Type  Time(%)      Time     Calls       Avg       Min       Max  Name
 GPU activities:   63.51%  658.41us         2  329.20us  324.48us  333.92us  [CUDA memcpy HtoD]
                   30.76%  318.88us         1  318.88us  318.88us  318.88us  [CUDA memcpy DtoH]
                    5.74%  59.489us         1  59.489us  59.489us  59.489us  vectorAdd(float const *, float const *, float*, int)
      API calls:   75.87%  153.62ms         3  51.207ms  375.50us  152.84ms  cudaMalloc
                   22.51%  45.581ms         1  45.581ms  45.581ms  45.581ms  cuDevicePrimaryCtxRelease
                    1.07%  2.1625ms         3  720.83us  344.20us  1.2340ms  cudaMemcpy
                    0.36%  730.50us         3  243.50us  231.70us  261.70us  cudaFree
                    0.09%  189.80us        97  1.9560us     100ns  85.200us  cuDeviceGetAttribute
                    0.05%  105.40us         1  105.40us  105.40us  105.40us  cuModuleUnload
                    0.02%  47.400us         1  47.400us  47.400us  47.400us  cudaLaunchKernel
                    0.02%  36.800us         1  36.800us  36.800us  36.800us  cuDeviceTotalMem
                    0.00%  8.4000us         1  8.4000us  8.4000us  8.4000us  cuDeviceGetPCIBusId
                    0.00%  1.4000us         3     466ns     200ns     900ns  cuDeviceGetCount
                    0.00%  1.2000us         2     600ns     200ns  1.0000us  cuDeviceGet
                    0.00%     600ns         1     600ns     600ns     600ns  cuDeviceGetName
                    0.00%     400ns         1     400ns     400ns     400ns  cuDeviceGetLuid
                    0.00%     300ns         1     300ns     300ns     300ns  cuDeviceGetUuid
                    0.00%     300ns         1     300ns     300ns     300ns  cudaGetLastError
