==7500== NVPROF is profiling process 7500, command: ..\test\x64\Release\test.exe 8192 256
==7500== Profiling application: ..\test\x64\Release\test.exe 8192 256
==7500== Profiling result:
            Type  Time(%)      Time     Calls       Avg       Min       Max  Name
 GPU activities:   54.42%  7.8720us         2  3.9360us  3.8400us  4.0320us  [CUDA memcpy HtoD]
                   34.73%  5.0240us         1  5.0240us  5.0240us  5.0240us  [CUDA memcpy DtoH]
                   10.84%  1.5680us         1  1.5680us  1.5680us  1.5680us  vectorAdd(float const *, float const *, float*, int)
      API calls:   77.78%  151.37ms         3  50.455ms  3.7000us  151.35ms  cudaMalloc
                   21.73%  42.298ms         1  42.298ms  42.298ms  42.298ms  cuDevicePrimaryCtxRelease
                    0.15%  292.10us         3  97.366us  6.6000us  273.60us  cudaFree
                    0.13%  253.80us         3  84.600us  63.000us  110.80us  cudaMemcpy
                    0.09%  166.10us        97  1.7120us     100ns  65.800us  cuDeviceGetAttribute
                    0.07%  141.00us         1  141.00us  141.00us  141.00us  cuModuleUnload
                    0.02%  34.800us         1  34.800us  34.800us  34.800us  cuDeviceTotalMem
                    0.02%  32.500us         1  32.500us  32.500us  32.500us  cudaLaunchKernel
                    0.01%  19.500us         2  9.7500us     100ns  19.400us  cuDeviceGet
                    0.00%  8.3000us         1  8.3000us  8.3000us  8.3000us  cuDeviceGetPCIBusId
                    0.00%  1.3000us         3     433ns     200ns     900ns  cuDeviceGetCount
                    0.00%     600ns         1     600ns     600ns     600ns  cuDeviceGetName
                    0.00%     400ns         1     400ns     400ns     400ns  cuDeviceGetLuid
                    0.00%     300ns         1     300ns     300ns     300ns  cuDeviceGetUuid
                    0.00%     300ns         1     300ns     300ns     300ns  cudaGetLastError
