==23340== NVPROF is profiling process 23340, command: ..\test\x64\Release\test.exe 49000 256
==23340== Profiling application: ..\test\x64\Release\test.exe 49000 256
==23340== Profiling result:
            Type  Time(%)      Time     Calls       Avg       Min       Max  Name
 GPU activities:   65.33%  62.530us         2  31.265us  31.169us  31.361us  [CUDA memcpy HtoD]
                   30.99%  29.664us         1  29.664us  29.664us  29.664us  [CUDA memcpy DtoH]
                    3.68%  3.5200us         1  3.5200us  3.5200us  3.5200us  vectorAdd(float const *, float const *, float*, int)
      API calls:   76.83%  137.24ms         3  45.747ms  5.3000us  137.22ms  cudaMalloc
                   22.55%  40.282ms         1  40.282ms  40.282ms  40.282ms  cuDevicePrimaryCtxRelease
                    0.22%  395.10us         3  131.70us  75.400us  180.60us  cudaMemcpy
                    0.14%  254.80us         3  84.933us  7.8000us  211.00us  cudaFree
                    0.12%  220.60us        97  2.2740us     100ns  105.70us  cuDeviceGetAttribute
                    0.08%  150.40us         1  150.40us  150.40us  150.40us  cuModuleUnload
                    0.02%  37.300us         1  37.300us  37.300us  37.300us  cuDeviceTotalMem
                    0.02%  34.600us         1  34.600us  34.600us  34.600us  cudaLaunchKernel
                    0.00%  8.9000us         1  8.9000us  8.9000us  8.9000us  cuDeviceGetPCIBusId
                    0.00%  1.6000us         3     533ns     200ns  1.0000us  cuDeviceGetCount
                    0.00%  1.1000us         2     550ns     100ns  1.0000us  cuDeviceGet
                    0.00%     600ns         1     600ns     600ns     600ns  cuDeviceGetName
                    0.00%     400ns         1     400ns     400ns     400ns  cuDeviceGetLuid
                    0.00%     400ns         1     400ns     400ns     400ns  cudaGetLastError
                    0.00%     200ns         1     200ns     200ns     200ns  cuDeviceGetUuid
