==23428== NVPROF is profiling process 23428, command: ..\test\x64\Release\test.exe 19000 256
==23428== Profiling application: ..\test\x64\Release\test.exe 19000 256
==23428== Profiling result:
            Type  Time(%)      Time     Calls       Avg       Min       Max  Name
 GPU activities:   60.71%  35.361us         2  17.680us  12.929us  22.432us  [CUDA memcpy HtoD]
                   35.55%  20.704us         1  20.704us  20.704us  20.704us  [CUDA memcpy DtoH]
                    3.74%  2.1760us         1  2.1760us  2.1760us  2.1760us  vectorAdd(float const *, float const *, float*, int)
      API calls:   76.86%  132.67ms         3  44.224ms  4.9000us  132.66ms  cudaMalloc
                   22.57%  38.959ms         1  38.959ms  38.959ms  38.959ms  cuDevicePrimaryCtxRelease
                    0.19%  330.20us         3  110.07us  66.300us  151.00us  cudaMemcpy
                    0.14%  241.50us        97  2.4890us     100ns  81.400us  cuDeviceGetAttribute
                    0.14%  238.10us         3  79.366us  13.300us  204.30us  cudaFree
                    0.06%  109.80us         1  109.80us  109.80us  109.80us  cuModuleUnload
                    0.02%  32.800us         1  32.800us  32.800us  32.800us  cudaLaunchKernel
                    0.01%  17.300us         1  17.300us  17.300us  17.300us  cuDeviceTotalMem
                    0.01%  8.8000us         1  8.8000us  8.8000us  8.8000us  cuDeviceGetPCIBusId
                    0.00%  1.4000us         3     466ns     200ns     900ns  cuDeviceGetCount
                    0.00%     800ns         2     400ns     100ns     700ns  cuDeviceGet
                    0.00%     700ns         1     700ns     700ns     700ns  cuDeviceGetName
                    0.00%     300ns         1     300ns     300ns     300ns  cuDeviceGetLuid
                    0.00%     300ns         1     300ns     300ns     300ns  cudaGetLastError
                    0.00%     200ns         1     200ns     200ns     200ns  cuDeviceGetUuid
