==5040== NVPROF is profiling process 5040, command: ..\test\x64\Release\test.exe 37000 256
==5040== Profiling application: ..\test\x64\Release\test.exe 37000 256
==5040== Profiling result:
            Type  Time(%)      Time     Calls       Avg       Min       Max  Name
 GPU activities:   69.17%  57.218us         2  28.609us  24.001us  33.217us  [CUDA memcpy HtoD]
                   27.27%  22.560us         1  22.560us  22.560us  22.560us  [CUDA memcpy DtoH]
                    3.56%  2.9440us         1  2.9440us  2.9440us  2.9440us  vectorAdd(float const *, float const *, float*, int)
      API calls:   76.43%  136.16ms         3  45.386ms  5.2000us  136.14ms  cudaMalloc
                   22.94%  40.868ms         1  40.868ms  40.868ms  40.868ms  cuDevicePrimaryCtxRelease
                    0.22%  386.80us         3  128.93us  48.200us  206.40us  cudaMemcpy
                    0.17%  310.20us         3  103.40us  7.3000us  271.00us  cudaFree
                    0.12%  208.30us        97  2.1470us     100ns  83.500us  cuDeviceGetAttribute
                    0.08%  135.10us         1  135.10us  135.10us  135.10us  cuModuleUnload
                    0.03%  45.000us         1  45.000us  45.000us  45.000us  cudaLaunchKernel
                    0.01%  17.700us         1  17.700us  17.700us  17.700us  cuDeviceTotalMem
                    0.00%  8.7000us         1  8.7000us  8.7000us  8.7000us  cuDeviceGetPCIBusId
                    0.00%  1.5000us         3     500ns     200ns  1.0000us  cuDeviceGetCount
                    0.00%  1.0000us         2     500ns     200ns     800ns  cuDeviceGet
                    0.00%     600ns         1     600ns     600ns     600ns  cuDeviceGetName
                    0.00%     400ns         1     400ns     400ns     400ns  cuDeviceGetLuid
                    0.00%     300ns         1     300ns     300ns     300ns  cudaGetLastError
                    0.00%     200ns         1     200ns     200ns     200ns  cuDeviceGetUuid
