==22876== NVPROF is profiling process 22876, command: ..\test\x64\Release\test.exe 54000 256
==22876== Profiling application: ..\test\x64\Release\test.exe 54000 256
==22876== Profiling result:
            Type  Time(%)      Time     Calls       Avg       Min       Max  Name
 GPU activities:   68.31%  78.306us         2  39.153us  34.497us  43.809us  [CUDA memcpy HtoD]
                   28.59%  32.768us         1  32.768us  32.768us  32.768us  [CUDA memcpy DtoH]
                    3.10%  3.5520us         1  3.5520us  3.5520us  3.5520us  vectorAdd(float const *, float const *, float*, int)
      API calls:   75.92%  137.81ms         3  45.937ms  5.1000us  137.79ms  cudaMalloc
                   23.42%  42.505ms         1  42.505ms  42.505ms  42.505ms  cuDevicePrimaryCtxRelease
                    0.29%  519.90us         3  173.30us  67.300us  262.00us  cudaMemcpy
                    0.14%  254.70us         3  84.900us  8.0000us  230.70us  cudaFree
                    0.11%  204.10us        97  2.1040us     100ns  68.700us  cuDeviceGetAttribute
                    0.07%  129.90us         1  129.90us  129.90us  129.90us  cuModuleUnload
                    0.02%  37.800us         1  37.800us  37.800us  37.800us  cuDeviceTotalMem
                    0.02%  37.100us         1  37.100us  37.100us  37.100us  cudaLaunchKernel
                    0.00%  8.2000us         1  8.2000us  8.2000us  8.2000us  cuDeviceGetPCIBusId
                    0.00%  1.4000us         3     466ns     200ns  1.0000us  cuDeviceGetCount
                    0.00%     900ns         2     450ns     200ns     700ns  cuDeviceGet
                    0.00%     700ns         1     700ns     700ns     700ns  cuDeviceGetName
                    0.00%     400ns         1     400ns     400ns     400ns  cudaGetLastError
                    0.00%     300ns         1     300ns     300ns     300ns  cuDeviceGetUuid
                    0.00%     300ns         1     300ns     300ns     300ns  cuDeviceGetLuid
