==22624== NVPROF is profiling process 22624, command: ..\test\x64\Release\test.exe 55000 256
==22624== Profiling application: ..\test\x64\Release\test.exe 55000 256
==22624== Profiling result:
            Type  Time(%)      Time     Calls       Avg       Min       Max  Name
 GPU activities:   70.39%  88.385us         2  44.192us  34.816us  53.569us  [CUDA memcpy HtoD]
                   26.63%  33.440us         1  33.440us  33.440us  33.440us  [CUDA memcpy DtoH]
                    2.98%  3.7440us         1  3.7440us  3.7440us  3.7440us  vectorAdd(float const *, float const *, float*, int)
      API calls:   76.73%  134.23ms         3  44.744ms  4.6000us  134.22ms  cudaMalloc
                   22.60%  39.544ms         1  39.544ms  39.544ms  39.544ms  cuDevicePrimaryCtxRelease
                    0.31%  545.40us         3  181.80us  80.400us  285.60us  cudaMemcpy
                    0.12%  205.70us        97  2.1200us     100ns  83.300us  cuDeviceGetAttribute
                    0.11%  194.00us         3  64.666us  7.3000us  171.80us  cudaFree
                    0.08%  135.00us         1  135.00us  135.00us  135.00us  cuModuleUnload
                    0.02%  34.500us         1  34.500us  34.500us  34.500us  cudaLaunchKernel
                    0.02%  34.300us         1  34.300us  34.300us  34.300us  cuDeviceTotalMem
                    0.00%  8.4000us         1  8.4000us  8.4000us  8.4000us  cuDeviceGetPCIBusId
                    0.00%  1.0000us         2     500ns     200ns     800ns  cuDeviceGet
                    0.00%     900ns         3     300ns     200ns     500ns  cuDeviceGetCount
                    0.00%     800ns         1     800ns     800ns     800ns  cuDeviceGetName
                    0.00%     300ns         1     300ns     300ns     300ns  cuDeviceGetUuid
                    0.00%     300ns         1     300ns     300ns     300ns  cuDeviceGetLuid
                    0.00%     300ns         1     300ns     300ns     300ns  cudaGetLastError
