==18920== NVPROF is profiling process 18920, command: ..\test\x64\Release\test.exe 70000 256
==18920== Profiling application: ..\test\x64\Release\test.exe 70000 256
==18920== Profiling result:
            Type  Time(%)      Time     Calls       Avg       Min       Max  Name
 GPU activities:   71.76%  119.07us         2  59.536us  53.280us  65.792us  [CUDA memcpy HtoD]
                   25.55%  42.401us         1  42.401us  42.401us  42.401us  [CUDA memcpy DtoH]
                    2.68%  4.4480us         1  4.4480us  4.4480us  4.4480us  vectorAdd(float const *, float const *, float*, int)
      API calls:   76.87%  136.16ms         3  45.388ms  5.4000us  136.13ms  cudaMalloc
                   22.42%  39.712ms         1  39.712ms  39.712ms  39.712ms  cuDevicePrimaryCtxRelease
                    0.35%  619.40us         3  206.47us  69.200us  367.20us  cudaMemcpy
                    0.13%  233.80us         3  77.933us  7.9000us  212.50us  cudaFree
                    0.13%  232.50us        97  2.3960us     100ns  82.600us  cuDeviceGetAttribute
                    0.06%  112.50us         1  112.50us  112.50us  112.50us  cuModuleUnload
                    0.02%  32.700us         1  32.700us  32.700us  32.700us  cudaLaunchKernel
                    0.01%  13.700us         1  13.700us  13.700us  13.700us  cuDeviceTotalMem
                    0.00%  8.3000us         1  8.3000us  8.3000us  8.3000us  cuDeviceGetPCIBusId
                    0.00%  1.1000us         3     366ns     200ns     600ns  cuDeviceGetCount
                    0.00%     900ns         2     450ns     200ns     700ns  cuDeviceGet
                    0.00%     800ns         1     800ns     800ns     800ns  cuDeviceGetName
                    0.00%     400ns         1     400ns     400ns     400ns  cuDeviceGetLuid
                    0.00%     300ns         1     300ns     300ns     300ns  cudaGetLastError
                    0.00%     200ns         1     200ns     200ns     200ns  cuDeviceGetUuid
