==22924== NVPROF is profiling process 22924, command: ..\test\x64\Release\test.exe 123000 256
==22924== Profiling application: ..\test\x64\Release\test.exe 123000 256
==22924== Profiling result:
            Type  Time(%)      Time     Calls       Avg       Min       Max  Name
 GPU activities:   66.05%  165.70us         2  82.849us  78.273us  87.425us  [CUDA memcpy HtoD]
                   29.81%  74.785us         1  74.785us  74.785us  74.785us  [CUDA memcpy DtoH]
                    4.13%  10.368us         1  10.368us  10.368us  10.368us  vectorAdd(float const *, float const *, float*, int)
      API calls:   77.90%  138.39ms         3  46.129ms  4.6000us  138.37ms  cudaMalloc
                   21.35%  37.938ms         1  37.938ms  37.938ms  37.938ms  cuDevicePrimaryCtxRelease
                    0.42%  749.70us         3  249.90us  88.400us  413.90us  cudaMemcpy
                    0.11%  198.80us        97  2.0490us     100ns  72.200us  cuDeviceGetAttribute
                    0.09%  166.10us         3  55.366us  7.5000us  143.90us  cudaFree
                    0.07%  131.00us         1  131.00us  131.00us  131.00us  cuModuleUnload
                    0.02%  37.100us         1  37.100us  37.100us  37.100us  cudaLaunchKernel
                    0.02%  35.000us         1  35.000us  35.000us  35.000us  cuDeviceTotalMem
                    0.01%  9.7000us         1  9.7000us  9.7000us  9.7000us  cuDeviceGetPCIBusId
                    0.00%  1.6000us         3     533ns     200ns     900ns  cuDeviceGetCount
                    0.00%  1.2000us         2     600ns     200ns  1.0000us  cuDeviceGet
                    0.00%  1.0000us         1  1.0000us  1.0000us  1.0000us  cuDeviceGetName
                    0.00%     400ns         1     400ns     400ns     400ns  cuDeviceGetLuid
                    0.00%     200ns         1     200ns     200ns     200ns  cuDeviceGetUuid
                    0.00%     200ns         1     200ns     200ns     200ns  cudaGetLastError
