==23412== NVPROF is profiling process 23412, command: ..\test\x64\Release\test.exe 101000 256
==23412== Profiling application: ..\test\x64\Release\test.exe 101000 256
==23412== Profiling result:
            Type  Time(%)      Time     Calls       Avg       Min       Max  Name
 GPU activities:   66.58%  135.84us         2  67.920us  63.296us  72.544us  [CUDA memcpy HtoD]
                   30.07%  61.345us         1  61.345us  61.345us  61.345us  [CUDA memcpy DtoH]
                    3.36%  6.8480us         1  6.8480us  6.8480us  6.8480us  vectorAdd(float const *, float const *, float*, int)
      API calls:   73.92%  137.90ms         3  45.967ms  5.1000us  137.88ms  cudaMalloc
                   25.37%  47.335ms         1  47.335ms  47.335ms  47.335ms  cuDevicePrimaryCtxRelease
                    0.37%  688.70us         3  229.57us  110.40us  352.50us  cudaMemcpy
                    0.13%  246.50us        97  2.5410us     100ns  130.90us  cuDeviceGetAttribute
                    0.11%  208.70us         3  69.566us  7.1000us  189.10us  cudaFree
                    0.06%  104.80us         1  104.80us  104.80us  104.80us  cuModuleUnload
                    0.02%  32.700us         1  32.700us  32.700us  32.700us  cuDeviceTotalMem
                    0.02%  30.600us         1  30.600us  30.600us  30.600us  cudaLaunchKernel
                    0.00%  8.9000us         1  8.9000us  8.9000us  8.9000us  cuDeviceGetPCIBusId
                    0.00%  1.5000us         3     500ns     300ns     900ns  cuDeviceGetCount
                    0.00%  1.3000us         2     650ns     200ns  1.1000us  cuDeviceGet
                    0.00%     700ns         1     700ns     700ns     700ns  cuDeviceGetName
                    0.00%     300ns         1     300ns     300ns     300ns  cuDeviceGetLuid
                    0.00%     300ns         1     300ns     300ns     300ns  cudaGetLastError
                    0.00%     200ns         1     200ns     200ns     200ns  cuDeviceGetUuid
