==21696== NVPROF is profiling process 21696, command: ..\test\x64\Release\test.exe 230000 256
==21696== Profiling application: ..\test\x64\Release\test.exe 230000 256
==21696== Profiling result:
            Type  Time(%)      Time     Calls       Avg       Min       Max  Name
 GPU activities:   63.53%  286.05us         2  143.03us  142.47us  143.59us  [CUDA memcpy HtoD]
                   31.00%  139.59us         1  139.59us  139.59us  139.59us  [CUDA memcpy DtoH]
                    5.47%  24.608us         1  24.608us  24.608us  24.608us  vectorAdd(float const *, float const *, float*, int)
      API calls:   73.61%  118.58ms         3  39.528ms  24.300us  118.15ms  cudaMalloc
                   24.98%  40.245ms         1  40.245ms  40.245ms  40.245ms  cuDevicePrimaryCtxRelease
                    0.84%  1.3479ms         3  449.30us  186.80us  766.20us  cudaMemcpy
                    0.29%  474.40us         3  158.13us  17.700us  234.70us  cudaFree
                    0.14%  232.30us        97  2.3940us     100ns  93.300us  cuDeviceGetAttribute
                    0.09%  141.70us         1  141.70us  141.70us  141.70us  cuModuleUnload
                    0.02%  33.400us         1  33.400us  33.400us  33.400us  cudaLaunchKernel
                    0.01%  19.800us         1  19.800us  19.800us  19.800us  cuDeviceTotalMem
                    0.01%  8.4000us         1  8.4000us  8.4000us  8.4000us  cuDeviceGetPCIBusId
                    0.00%  1.6000us         3     533ns     200ns  1.1000us  cuDeviceGetCount
                    0.00%  1.3000us         2     650ns     200ns  1.1000us  cuDeviceGet
                    0.00%     900ns         1     900ns     900ns     900ns  cuDeviceGetName
                    0.00%     300ns         1     300ns     300ns     300ns  cuDeviceGetLuid
                    0.00%     300ns         1     300ns     300ns     300ns  cudaGetLastError
                    0.00%     200ns         1     200ns     200ns     200ns  cuDeviceGetUuid
