==22584== NVPROF is profiling process 22584, command: ..\test\x64\Release\test.exe 34000 256
==22584== Profiling application: ..\test\x64\Release\test.exe 34000 256
==22584== Profiling result:
            Type  Time(%)      Time     Calls       Avg       Min       Max  Name
 GPU activities:   69.54%  70.560us         2  35.280us  22.080us  48.480us  [CUDA memcpy HtoD]
                   20.37%  20.672us         1  20.672us  20.672us  20.672us  [CUDA memcpy DtoH]
                   10.09%  10.240us         1  10.240us  10.240us  10.240us  vectorAdd(float const *, float const *, float*, int)
      API calls:   76.06%  129.35ms         3  43.117ms  4.7000us  129.34ms  cudaMalloc
                   23.31%  39.650ms         1  39.650ms  39.650ms  39.650ms  cuDevicePrimaryCtxRelease
                    0.25%  418.10us         3  139.37us  50.900us  205.30us  cudaMemcpy
                    0.15%  256.40us         3  85.466us  7.0000us  222.00us  cudaFree
                    0.11%  185.90us        97  1.9160us     100ns  84.400us  cuDeviceGetAttribute
                    0.06%  106.30us         1  106.30us  106.30us  106.30us  cuModuleUnload
                    0.03%  54.400us         1  54.400us  54.400us  54.400us  cudaLaunchKernel
                    0.02%  34.500us         1  34.500us  34.500us  34.500us  cuDeviceTotalMem
                    0.01%  9.2000us         1  9.2000us  9.2000us  9.2000us  cuDeviceGetPCIBusId
                    0.00%  1.3000us         3     433ns     200ns     800ns  cuDeviceGetCount
                    0.00%     700ns         2     350ns     100ns     600ns  cuDeviceGet
                    0.00%     600ns         1     600ns     600ns     600ns  cuDeviceGetName
                    0.00%     400ns         1     400ns     400ns     400ns  cudaGetLastError
                    0.00%     300ns         1     300ns     300ns     300ns  cuDeviceGetUuid
                    0.00%     300ns         1     300ns     300ns     300ns  cuDeviceGetLuid
