==18032== NVPROF is profiling process 18032, command: ..\test\x64\Release\test.exe 169000 256
==18032== Profiling application: ..\test\x64\Release\test.exe 169000 256
==18032== Profiling result:
            Type  Time(%)      Time     Calls       Avg       Min       Max  Name
 GPU activities:   62.38%  244.04us         2  122.02us  114.37us  129.67us  [CUDA memcpy HtoD]
                   33.40%  130.66us         1  130.66us  130.66us  130.66us  [CUDA memcpy DtoH]
                    4.23%  16.544us         1  16.544us  16.544us  16.544us  vectorAdd(float const *, float const *, float*, int)
      API calls:   75.87%  133.96ms         3  44.652ms  5.2000us  133.91ms  cudaMalloc
                   23.07%  40.735ms         1  40.735ms  40.735ms  40.735ms  cuDevicePrimaryCtxRelease
                    0.62%  1.0931ms         3  364.37us  180.60us  583.60us  cudaMemcpy
                    0.18%  318.80us         3  106.27us  7.6000us  295.30us  cudaFree
                    0.13%  234.90us        97  2.4210us     100ns  86.400us  cuDeviceGetAttribute
                    0.07%  120.50us         1  120.50us  120.50us  120.50us  cuModuleUnload
                    0.04%  73.100us         1  73.100us  73.100us  73.100us  cudaLaunchKernel
                    0.01%  16.600us         1  16.600us  16.600us  16.600us  cuDeviceTotalMem
                    0.00%  8.2000us         1  8.2000us  8.2000us  8.2000us  cuDeviceGetPCIBusId
                    0.00%  1.4000us         3     466ns     200ns  1.0000us  cuDeviceGetCount
                    0.00%     800ns         1     800ns     800ns     800ns  cuDeviceGetName
                    0.00%     700ns         2     350ns     100ns     600ns  cuDeviceGet
                    0.00%     400ns         1     400ns     400ns     400ns  cudaGetLastError
                    0.00%     300ns         1     300ns     300ns     300ns  cuDeviceGetLuid
                    0.00%     200ns         1     200ns     200ns     200ns  cuDeviceGetUuid
