==21896== NVPROF is profiling process 21896, command: ..\test\x64\Release\test.exe 74000 256
==21896== Profiling application: ..\test\x64\Release\test.exe 74000 256
==21896== Profiling result:
            Type  Time(%)      Time     Calls       Avg       Min       Max  Name
 GPU activities:   71.14%  121.96us         2  60.981us  56.453us  65.510us  [CUDA memcpy HtoD]
                   26.15%  44.836us         1  44.836us  44.836us  44.836us  [CUDA memcpy DtoH]
                    2.71%  4.6410us         1  4.6410us  4.6410us  4.6410us  vectorAdd(float const *, float const *, float*, int)
      API calls:   76.70%  151.56ms         3  50.520ms  5.3000us  151.54ms  cudaMalloc
                   22.61%  44.680ms         1  44.680ms  44.680ms  44.680ms  cuDevicePrimaryCtxRelease
                    0.30%  598.30us         3  199.43us  96.800us  327.00us  cudaMemcpy
                    0.17%  341.20us         3  113.73us  7.3000us  319.10us  cudaFree
                    0.08%  162.70us        97  1.6770us     100ns  71.800us  cuDeviceGetAttribute
                    0.06%  127.50us         1  127.50us  127.50us  127.50us  cuModuleUnload
                    0.03%  60.800us         1  60.800us  60.800us  60.800us  cuDeviceTotalMem
                    0.03%  50.400us         1  50.400us  50.400us  50.400us  cudaLaunchKernel
                    0.00%  9.6000us         1  9.6000us  9.6000us  9.6000us  cuDeviceGetPCIBusId
                    0.00%  3.5000us         1  3.5000us  3.5000us  3.5000us  cuDeviceGetName
                    0.00%  1.5000us         3     500ns     300ns     900ns  cuDeviceGetCount
                    0.00%  1.1000us         2     550ns     200ns     900ns  cuDeviceGet
                    0.00%     400ns         1     400ns     400ns     400ns  cuDeviceGetLuid
                    0.00%     300ns         1     300ns     300ns     300ns  cudaGetLastError
                    0.00%     200ns         1     200ns     200ns     200ns  cuDeviceGetUuid
