==19404== NVPROF is profiling process 19404, command: ..\test\x64\Release\test.exe 180000 256
==19404== Profiling application: ..\test\x64\Release\test.exe 180000 256
==19404== Profiling result:
            Type  Time(%)      Time     Calls       Avg       Min       Max  Name
 GPU activities:   66.94%  257.37us         2  128.68us  111.85us  145.52us  [CUDA memcpy HtoD]
                   28.44%  109.36us         1  109.36us  109.36us  109.36us  [CUDA memcpy DtoH]
                    4.61%  17.729us         1  17.729us  17.729us  17.729us  vectorAdd(float const *, float const *, float*, int)
      API calls:   76.62%  132.77ms         3  44.258ms  9.8000us  132.36ms  cudaMalloc
                   22.33%  38.693ms         1  38.693ms  38.693ms  38.693ms  cuDevicePrimaryCtxRelease
                    0.61%  1.0601ms         3  353.37us  176.80us  543.00us  cudaMemcpy
                    0.20%  349.90us         3  116.63us  15.500us  221.50us  cudaFree
                    0.14%  237.80us        97  2.4510us     100ns  86.000us  cuDeviceGetAttribute
                    0.06%  101.50us         1  101.50us  101.50us  101.50us  cuModuleUnload
                    0.03%  50.300us         1  50.300us  50.300us  50.300us  cudaLaunchKernel
                    0.01%  16.300us         1  16.300us  16.300us  16.300us  cuDeviceTotalMem
                    0.00%  8.2000us         1  8.2000us  8.2000us  8.2000us  cuDeviceGetPCIBusId
                    0.00%  1.3000us         3     433ns     200ns     800ns  cuDeviceGetCount
                    0.00%     800ns         2     400ns     200ns     600ns  cuDeviceGet
                    0.00%     700ns         1     700ns     700ns     700ns  cuDeviceGetName
                    0.00%     300ns         1     300ns     300ns     300ns  cuDeviceGetUuid
                    0.00%     300ns         1     300ns     300ns     300ns  cuDeviceGetLuid
                    0.00%     300ns         1     300ns     300ns     300ns  cudaGetLastError
