  Compiling CUDA source file kernel.cu...
  
  C:\Users\Adi\Documents\Faks\semestar_7\CUDA\lab\lab5\matrix_multiplication\matrix_multiplication>"C:\Program Files\NVIDIA GPU Computing Toolkit\CUDA\v10.1\bin\nvcc.exe" -gencode=arch=compute_35,code=\"sm_35,compute_35\" --use-local-env -ccbin "C:\Program Files (x86)\Microsoft Visual Studio\2019\Community\VC\Tools\MSVC\14.23.28105\bin\HostX86\x64" -x cu  -I"C:\Program Files\NVIDIA GPU Computing Toolkit\CUDA\v10.1\include" -I"C:\Program Files\NVIDIA GPU Computing Toolkit\CUDA\v10.1\include"     --keep-dir x64\Release -maxrregcount=0  --machine 64 --compile -cudart static     -DWIN32 -DWIN64 -DNDEBUG -D_CONSOLE -D_MBCS -Xcompiler "/EHsc /W3 /nologo /O2 /Fdx64\Release\vc142.pdb /FS /Zi  /MD " -o x64\Release\kernel.cu.obj "C:\Users\Adi\Documents\Faks\semestar_7\CUDA\lab\lab5\matrix_multiplication\matrix_multiplication\kernel.cu" 
C:/Users/Adi/Documents/Faks/semestar_7/CUDA/lab/lab5/matrix_multiplication/matrix_multiplication/kernel.cu(276): warning : transfer of control bypasses initialization of:
              variable "threads_per_block"
  (309): here
              variable "blocks_per_grid"
  (310): here
  
C:/Users/Adi/Documents/Faks/semestar_7/CUDA/lab/lab5/matrix_multiplication/matrix_multiplication/kernel.cu(284): warning : transfer of control bypasses initialization of:
              variable "threads_per_block"
  (309): here
              variable "blocks_per_grid"
  (310): here
  
C:/Users/Adi/Documents/Faks/semestar_7/CUDA/lab/lab5/matrix_multiplication/matrix_multiplication/kernel.cu(291): warning : transfer of control bypasses initialization of:
              variable "threads_per_block"
  (309): here
              variable "blocks_per_grid"
  (310): here
  
C:/Users/Adi/Documents/Faks/semestar_7/CUDA/lab/lab5/matrix_multiplication/matrix_multiplication/kernel.cu(298): warning : transfer of control bypasses initialization of:
              variable "threads_per_block"
  (309): here
              variable "blocks_per_grid"
  (310): here
  
C:/Users/Adi/Documents/Faks/semestar_7/CUDA/lab/lab5/matrix_multiplication/matrix_multiplication/kernel.cu(305): warning : transfer of control bypasses initialization of:
              variable "threads_per_block"
  (309): here
              variable "blocks_per_grid"
  (310): here
  
C:/Users/Adi/Documents/Faks/semestar_7/CUDA/lab/lab5/matrix_multiplication/matrix_multiplication/kernel.cu(367): warning : transfer of control bypasses initialization of:
              variable "threads_per_block"
  (400): here
              variable "blocks_per_grid"
  (401): here
              variable "shared_size"
  (403): here
  
C:/Users/Adi/Documents/Faks/semestar_7/CUDA/lab/lab5/matrix_multiplication/matrix_multiplication/kernel.cu(375): warning : transfer of control bypasses initialization of:
              variable "threads_per_block"
  (400): here
              variable "blocks_per_grid"
  (401): here
              variable "shared_size"
  (403): here
  
C:/Users/Adi/Documents/Faks/semestar_7/CUDA/lab/lab5/matrix_multiplication/matrix_multiplication/kernel.cu(382): warning : transfer of control bypasses initialization of:
              variable "threads_per_block"
  (400): here
              variable "blocks_per_grid"
  (401): here
              variable "shared_size"
  (403): here
  
C:/Users/Adi/Documents/Faks/semestar_7/CUDA/lab/lab5/matrix_multiplication/matrix_multiplication/kernel.cu(389): warning : transfer of control bypasses initialization of:
              variable "threads_per_block"
  (400): here
              variable "blocks_per_grid"
  (401): here
              variable "shared_size"
  (403): here
  
C:/Users/Adi/Documents/Faks/semestar_7/CUDA/lab/lab5/matrix_multiplication/matrix_multiplication/kernel.cu(396): warning : transfer of control bypasses initialization of:
              variable "threads_per_block"
  (400): here
              variable "blocks_per_grid"
  (401): here
              variable "shared_size"
  (403): here
  
C:/Users/Adi/Documents/Faks/semestar_7/CUDA/lab/lab5/matrix_multiplication/matrix_multiplication/kernel.cu(276): warning : transfer of control bypasses initialization of:
              variable "threads_per_block"
  (309): here
              variable "blocks_per_grid"
  (310): here
  
C:/Users/Adi/Documents/Faks/semestar_7/CUDA/lab/lab5/matrix_multiplication/matrix_multiplication/kernel.cu(284): warning : transfer of control bypasses initialization of:
              variable "threads_per_block"
  (309): here
              variable "blocks_per_grid"
  (310): here
  
C:/Users/Adi/Documents/Faks/semestar_7/CUDA/lab/lab5/matrix_multiplication/matrix_multiplication/kernel.cu(291): warning : transfer of control bypasses initialization of:
              variable "threads_per_block"
  (309): here
              variable "blocks_per_grid"
  (310): here
  
C:/Users/Adi/Documents/Faks/semestar_7/CUDA/lab/lab5/matrix_multiplication/matrix_multiplication/kernel.cu(298): warning : transfer of control bypasses initialization of:
              variable "threads_per_block"
  (309): here
              variable "blocks_per_grid"
  (310): here
  
C:/Users/Adi/Documents/Faks/semestar_7/CUDA/lab/lab5/matrix_multiplication/matrix_multiplication/kernel.cu(305): warning : transfer of control bypasses initialization of:
              variable "threads_per_block"
  (309): here
              variable "blocks_per_grid"
  (310): here
  
C:/Users/Adi/Documents/Faks/semestar_7/CUDA/lab/lab5/matrix_multiplication/matrix_multiplication/kernel.cu(367): warning : transfer of control bypasses initialization of:
              variable "threads_per_block"
  (400): here
              variable "blocks_per_grid"
  (401): here
              variable "shared_size"
  (403): here
  
C:/Users/Adi/Documents/Faks/semestar_7/CUDA/lab/lab5/matrix_multiplication/matrix_multiplication/kernel.cu(375): warning : transfer of control bypasses initialization of:
              variable "threads_per_block"
  (400): here
              variable "blocks_per_grid"
  (401): here
              variable "shared_size"
  (403): here
  
C:/Users/Adi/Documents/Faks/semestar_7/CUDA/lab/lab5/matrix_multiplication/matrix_multiplication/kernel.cu(382): warning : transfer of control bypasses initialization of:
              variable "threads_per_block"
  (400): here
              variable "blocks_per_grid"
  (401): here
              variable "shared_size"
  (403): here
  
C:/Users/Adi/Documents/Faks/semestar_7/CUDA/lab/lab5/matrix_multiplication/matrix_multiplication/kernel.cu(389): warning : transfer of control bypasses initialization of:
              variable "threads_per_block"
  (400): here
              variable "blocks_per_grid"
  (401): here
              variable "shared_size"
  (403): here
  
C:/Users/Adi/Documents/Faks/semestar_7/CUDA/lab/lab5/matrix_multiplication/matrix_multiplication/kernel.cu(396): warning : transfer of control bypasses initialization of:
              variable "threads_per_block"
  (400): here
              variable "blocks_per_grid"
  (401): here
              variable "shared_size"
  (403): here
  
  kernel.cu
C:/Users/Adi/Documents/Faks/semestar_7/CUDA/lab/lab5/matrix_multiplication/matrix_multiplication/kernel.cu(179): warning C4267: 'argument': conversion from 'size_t' to 'unsigned int', possible loss of data
C:/Users/Adi/Documents/Faks/semestar_7/CUDA/lab/lab5/matrix_multiplication/matrix_multiplication/kernel.cu(264): warning C4267: 'argument': conversion from 'size_t' to 'unsigned int', possible loss of data
C:/Users/Adi/Documents/Faks/semestar_7/CUDA/lab/lab5/matrix_multiplication/matrix_multiplication/kernel.cu(309): warning C4267: 'argument': conversion from 'size_t' to 'unsigned int', possible loss of data
C:/Users/Adi/Documents/Faks/semestar_7/CUDA/lab/lab5/matrix_multiplication/matrix_multiplication/kernel.cu(310): warning C4267: 'argument': conversion from 'size_t' to 'unsigned int', possible loss of data
C:/Users/Adi/Documents/Faks/semestar_7/CUDA/lab/lab5/matrix_multiplication/matrix_multiplication/kernel.cu(338): warning C4533: initialization of 'blocks_per_grid' is skipped by 'goto Error'
  C:/Users/Adi/Documents/Faks/semestar_7/CUDA/lab/lab5/matrix_multiplication/matrix_multiplication/kernel.cu(310): note: see declaration of 'blocks_per_grid'
  C:/Users/Adi/Documents/Faks/semestar_7/CUDA/lab/lab5/matrix_multiplication/matrix_multiplication/kernel.cu(338): note: see declaration of 'Error'
C:/Users/Adi/Documents/Faks/semestar_7/CUDA/lab/lab5/matrix_multiplication/matrix_multiplication/kernel.cu(338): warning C4533: initialization of 'threads_per_block' is skipped by 'goto Error'
  C:/Users/Adi/Documents/Faks/semestar_7/CUDA/lab/lab5/matrix_multiplication/matrix_multiplication/kernel.cu(309): note: see declaration of 'threads_per_block'
  C:/Users/Adi/Documents/Faks/semestar_7/CUDA/lab/lab5/matrix_multiplication/matrix_multiplication/kernel.cu(338): note: see declaration of 'Error'
C:/Users/Adi/Documents/Faks/semestar_7/CUDA/lab/lab5/matrix_multiplication/matrix_multiplication/kernel.cu(348): warning C4267: 'argument': conversion from 'size_t' to 'unsigned int', possible loss of data
C:/Users/Adi/Documents/Faks/semestar_7/CUDA/lab/lab5/matrix_multiplication/matrix_multiplication/kernel.cu(400): warning C4267: 'argument': conversion from 'size_t' to 'unsigned int', possible loss of data
C:/Users/Adi/Documents/Faks/semestar_7/CUDA/lab/lab5/matrix_multiplication/matrix_multiplication/kernel.cu(401): warning C4267: 'argument': conversion from 'size_t' to 'unsigned int', possible loss of data
C:/Users/Adi/Documents/Faks/semestar_7/CUDA/lab/lab5/matrix_multiplication/matrix_multiplication/kernel.cu(432): warning C4533: initialization of 'blocks_per_grid' is skipped by 'goto Error'
  C:/Users/Adi/Documents/Faks/semestar_7/CUDA/lab/lab5/matrix_multiplication/matrix_multiplication/kernel.cu(401): note: see declaration of 'blocks_per_grid'
  C:/Users/Adi/Documents/Faks/semestar_7/CUDA/lab/lab5/matrix_multiplication/matrix_multiplication/kernel.cu(432): note: see declaration of 'Error'
C:/Users/Adi/Documents/Faks/semestar_7/CUDA/lab/lab5/matrix_multiplication/matrix_multiplication/kernel.cu(432): warning C4533: initialization of 'threads_per_block' is skipped by 'goto Error'
  C:/Users/Adi/Documents/Faks/semestar_7/CUDA/lab/lab5/matrix_multiplication/matrix_multiplication/kernel.cu(400): note: see declaration of 'threads_per_block'
  C:/Users/Adi/Documents/Faks/semestar_7/CUDA/lab/lab5/matrix_multiplication/matrix_multiplication/kernel.cu(432): note: see declaration of 'Error'
C:/Users/Adi/Documents/Faks/semestar_7/CUDA/lab/lab5/matrix_multiplication/matrix_multiplication/kernel.cu(510): warning C4244: '=': conversion from 'int' to 'float', possible loss of data
C:/Users/Adi/Documents/Faks/semestar_7/CUDA/lab/lab5/matrix_multiplication/matrix_multiplication/kernel.cu(515): warning C4244: '=': conversion from 'int' to 'float', possible loss of data
     Creating library C:\Users\Adi\Documents\Faks\semestar_7\CUDA\lab\lab5\matrix_multiplication\x64\Release\matrix_multiplication.lib and object C:\Users\Adi\Documents\Faks\semestar_7\CUDA\lab\lab5\matrix_multiplication\x64\Release\matrix_multiplication.exp
  LINK : /LTCG specified but no code generation required; remove /LTCG from the link command line to improve linker performance
  matrix_multiplication.vcxproj -> C:\Users\Adi\Documents\Faks\semestar_7\CUDA\lab\lab5\matrix_multiplication\x64\Release\matrix_multiplication.exe
