==5276== NVPROF is profiling process 5276, command: ..\test.exe 1
==5276== Profiling application: ..\test.exe 1
==5276== Profiling result:
            Type  Time(%)      Time     Calls       Avg       Min       Max  Name
 GPU activities:   68.26%  241.86us         1  241.86us  241.86us  241.86us  vectorAdd(float const *, float const *, float*, int)
                   23.18%  82.113us         2  41.056us  40.993us  41.120us  [CUDA memcpy HtoD]
                    8.56%  30.336us         1  30.336us  30.336us  30.336us  [CUDA memcpy DtoH]
      API calls:   78.66%  160.32ms         3  53.439ms  4.6000us  160.30ms  cudaMalloc
                   20.60%  41.986ms         1  41.986ms  41.986ms  41.986ms  cuDevicePrimaryCtxRelease
                    0.36%  738.80us         3  246.27us  76.100us  502.30us  cudaMemcpy
                    0.15%  312.00us        97  3.2160us     100ns  193.60us  cuDeviceGetAttribute
                    0.12%  236.70us         3  78.900us  7.7000us  196.00us  cudaFree
                    0.07%  132.50us         1  132.50us  132.50us  132.50us  cuModuleUnload
                    0.02%  47.200us         1  47.200us  47.200us  47.200us  cudaLaunchKernel
                    0.01%  17.600us         1  17.600us  17.600us  17.600us  cuDeviceTotalMem
                    0.00%  8.8000us         1  8.8000us  8.8000us  8.8000us  cuDeviceGetPCIBusId
                    0.00%  1.7000us         3     566ns     200ns     800ns  cuDeviceGetCount
                    0.00%     900ns         2     450ns     300ns     600ns  cuDeviceGet
                    0.00%     700ns         1     700ns     700ns     700ns  cuDeviceGetName
                    0.00%     300ns         1     300ns     300ns     300ns  cuDeviceGetLuid
                    0.00%     300ns         1     300ns     300ns     300ns  cudaGetLastError
                    0.00%     200ns         1     200ns     200ns     200ns  cuDeviceGetUuid
