==23336== NVPROF is profiling process 23336, command: ..\test.exe 891
==23336== Profiling application: ..\test.exe 891
==23336== Profiling result:
            Type  Time(%)      Time     Calls       Avg       Min       Max  Name
 GPU activities:   67.89%  73.696us         2  36.848us  31.904us  41.792us  [CUDA memcpy HtoD]
                   27.95%  30.337us         1  30.337us  30.337us  30.337us  [CUDA memcpy DtoH]
                    4.16%  4.5120us         1  4.5120us  4.5120us  4.5120us  vectorAdd(float const *, float const *, float*, int)
      API calls:   78.23%  146.28ms         3  48.760ms  4.7000us  146.27ms  cudaMalloc
                   21.20%  39.639ms         1  39.639ms  39.639ms  39.639ms  cuDevicePrimaryCtxRelease
                    0.23%  429.40us         3  143.13us  57.700us  216.80us  cudaMemcpy
                    0.12%  229.50us         3  76.500us  14.600us  194.60us  cudaFree
                    0.11%  210.00us        97  2.1640us     100ns  93.000us  cuDeviceGetAttribute
                    0.06%  104.30us         1  104.30us  104.30us  104.30us  cuModuleUnload
                    0.03%  52.400us         1  52.400us  52.400us  52.400us  cuDeviceTotalMem
                    0.02%  28.100us         1  28.100us  28.100us  28.100us  cudaLaunchKernel
                    0.00%  8.9000us         1  8.9000us  8.9000us  8.9000us  cuDeviceGetPCIBusId
                    0.00%  1.2000us         3     400ns     100ns     800ns  cuDeviceGetCount
                    0.00%     900ns         2     450ns     200ns     700ns  cuDeviceGet
                    0.00%     800ns         1     800ns     800ns     800ns  cuDeviceGetName
                    0.00%     400ns         1     400ns     400ns     400ns  cuDeviceGetLuid
                    0.00%     300ns         1     300ns     300ns     300ns  cuDeviceGetUuid
                    0.00%     200ns         1     200ns     200ns     200ns  cudaGetLastError
