==20228== NVPROF is profiling process 20228, command: ..\test.exe 1001
==20228== Profiling application: ..\test.exe 1001
==20228== Profiling result:
            Type  Time(%)      Time     Calls       Avg       Min       Max  Name
 GPU activities:   64.83%  63.872us         2  31.936us  31.872us  32.000us  [CUDA memcpy HtoD]
                   30.72%  30.272us         1  30.272us  30.272us  30.272us  [CUDA memcpy DtoH]
                    4.45%  4.3840us         1  4.3840us  4.3840us  4.3840us  vectorAdd(float const *, float const *, float*, int)
      API calls:   80.27%  167.96ms         3  55.988ms  5.5000us  167.95ms  cudaMalloc
                   19.38%  40.544ms         1  40.544ms  40.544ms  40.544ms  cuDevicePrimaryCtxRelease
                    0.15%  322.00us         3  107.33us  50.000us  178.30us  cudaMemcpy
                    0.08%  162.10us        97  1.6710us     100ns  77.800us  cuDeviceGetAttribute
                    0.06%  124.90us         3  41.633us  7.9000us  101.20us  cudaFree
                    0.03%  72.600us         1  72.600us  72.600us  72.600us  cuModuleUnload
                    0.01%  30.500us         1  30.500us  30.500us  30.500us  cudaLaunchKernel
                    0.01%  18.100us         1  18.100us  18.100us  18.100us  cuDeviceTotalMem
                    0.00%  9.6000us         1  9.6000us  9.6000us  9.6000us  cuDeviceGetPCIBusId
                    0.00%  2.3000us         3     766ns     300ns  1.1000us  cuDeviceGetCount
                    0.00%  1.7000us         2     850ns     300ns  1.4000us  cuDeviceGet
                    0.00%     800ns         1     800ns     800ns     800ns  cuDeviceGetName
                    0.00%     400ns         1     400ns     400ns     400ns  cuDeviceGetLuid
                    0.00%     300ns         1     300ns     300ns     300ns  cuDeviceGetUuid
                    0.00%     200ns         1     200ns     200ns     200ns  cudaGetLastError
