==23256== NVPROF is profiling process 23256, command: ..\test.exe 481
==23256== Profiling application: ..\test.exe 481
==23256== Profiling result:
            Type  Time(%)      Time     Calls       Avg       Min       Max  Name
 GPU activities:   68.06%  73.088us         2  36.544us  31.968us  41.120us  [CUDA memcpy HtoD]
                   28.25%  30.337us         1  30.337us  30.337us  30.337us  [CUDA memcpy DtoH]
                    3.69%  3.9680us         1  3.9680us  3.9680us  3.9680us  vectorAdd(float const *, float const *, float*, int)
      API calls:   78.49%  147.34ms         3  49.113ms  4.5000us  147.33ms  cudaMalloc
                   20.89%  39.219ms         1  39.219ms  39.219ms  39.219ms  cuDevicePrimaryCtxRelease
                    0.21%  394.80us         3  131.60us  59.500us  210.90us  cudaMemcpy
                    0.14%  266.50us        97  2.7470us     100ns  143.10us  cuDeviceGetAttribute
                    0.13%  248.30us         3  82.766us  7.9000us  215.30us  cudaFree
                    0.08%  147.70us         1  147.70us  147.70us  147.70us  cuModuleUnload
                    0.03%  58.000us         1  58.000us  58.000us  58.000us  cudaLaunchKernel
                    0.01%  19.700us         1  19.700us  19.700us  19.700us  cuDeviceTotalMem
                    0.01%  14.400us         3  4.8000us     600ns  13.200us  cuDeviceGetCount
                    0.00%  9.0000us         1  9.0000us  9.0000us  9.0000us  cuDeviceGetPCIBusId
                    0.00%  1.2000us         2     600ns     200ns  1.0000us  cuDeviceGet
                    0.00%  1.0000us         1  1.0000us  1.0000us  1.0000us  cuDeviceGetName
                    0.00%     400ns         1     400ns     400ns     400ns  cuDeviceGetLuid
                    0.00%     300ns         1     300ns     300ns     300ns  cuDeviceGetUuid
                    0.00%     200ns         1     200ns     200ns     200ns  cudaGetLastError
