==21720== NVPROF is profiling process 21720, command: ..\test.exe 111
==21720== Profiling application: ..\test.exe 111
==21720== Profiling result:
            Type  Time(%)      Time     Calls       Avg       Min       Max  Name
 GPU activities:   65.04%  63.713us         2  31.856us  31.745us  31.968us  [CUDA memcpy HtoD]
                   31.00%  30.368us         1  30.368us  30.368us  30.368us  [CUDA memcpy DtoH]
                    3.95%  3.8720us         1  3.8720us  3.8720us  3.8720us  vectorAdd(float const *, float const *, float*, int)
      API calls:   76.47%  153.24ms         3  51.079ms  11.600us  153.21ms  cudaMalloc
                   22.95%  45.998ms         1  45.998ms  45.998ms  45.998ms  cuDevicePrimaryCtxRelease
                    0.20%  399.00us         3  133.00us  62.100us  220.30us  cudaMemcpy
                    0.17%  336.50us         3  112.17us  7.3000us  295.60us  cudaFree
                    0.10%  202.10us        97  2.0830us     100ns  91.200us  cuDeviceGetAttribute
                    0.06%  116.60us         1  116.60us  116.60us  116.60us  cuModuleUnload
                    0.03%  51.200us         1  51.200us  51.200us  51.200us  cudaLaunchKernel
                    0.02%  37.400us         1  37.400us  37.400us  37.400us  cuDeviceTotalMem
                    0.00%  9.2000us         1  9.2000us  9.2000us  9.2000us  cuDeviceGetPCIBusId
                    0.00%  1.6000us         3     533ns     300ns     900ns  cuDeviceGetCount
                    0.00%  1.3000us         2     650ns     200ns  1.1000us  cuDeviceGet
                    0.00%     700ns         1     700ns     700ns     700ns  cuDeviceGetName
                    0.00%     400ns         1     400ns     400ns     400ns  cuDeviceGetLuid
                    0.00%     300ns         1     300ns     300ns     300ns  cudaGetLastError
                    0.00%     200ns         1     200ns     200ns     200ns  cuDeviceGetUuid
