==23104== NVPROF is profiling process 23104, command: ..\test.exe 1011
==23104== Profiling application: ..\test.exe 1011
==23104== Profiling result:
            Type  Time(%)      Time     Calls       Avg       Min       Max  Name
 GPU activities:   70.50%  82.816us         2  41.408us  41.376us  41.440us  [CUDA memcpy HtoD]
                   25.82%  30.337us         1  30.337us  30.337us  30.337us  [CUDA memcpy DtoH]
                    3.68%  4.3200us         1  4.3200us  4.3200us  4.3200us  vectorAdd(float const *, float const *, float*, int)
      API calls:   78.73%  157.80ms         3  52.599ms  5.0000us  157.78ms  cudaMalloc
                   20.71%  41.505ms         1  41.505ms  41.505ms  41.505ms  cuDevicePrimaryCtxRelease
                    0.22%  433.50us         3  144.50us  62.600us  240.00us  cudaMemcpy
                    0.14%  287.90us         3  95.966us  7.9000us  243.20us  cudaFree
                    0.10%  190.70us        97  1.9650us     100ns  85.600us  cuDeviceGetAttribute
                    0.04%  79.000us         1  79.000us  79.000us  79.000us  cuModuleUnload
                    0.02%  46.900us         1  46.900us  46.900us  46.900us  cuDeviceTotalMem
                    0.02%  30.500us         1  30.500us  30.500us  30.500us  cudaLaunchKernel
                    0.01%  23.900us         1  23.900us  23.900us  23.900us  cuDeviceGetPCIBusId
                    0.01%  18.600us         2  9.3000us     100ns  18.500us  cuDeviceGet
                    0.00%  1.6000us         3     533ns     200ns  1.0000us  cuDeviceGetCount
                    0.00%  1.0000us         1  1.0000us  1.0000us  1.0000us  cuDeviceGetName
                    0.00%     400ns         1     400ns     400ns     400ns  cuDeviceGetLuid
                    0.00%     300ns         1     300ns     300ns     300ns  cuDeviceGetUuid
                    0.00%     200ns         1     200ns     200ns     200ns  cudaGetLastError
