==22628== NVPROF is profiling process 22628, command: ..\test.exe 161
==22628== Profiling application: ..\test.exe 161
==22628== Profiling result:
            Type  Time(%)      Time     Calls       Avg       Min       Max  Name
 GPU activities:   75.10%  104.07us         2  52.032us  50.496us  53.569us  [CUDA memcpy HtoD]
                   21.87%  30.304us         1  30.304us  30.304us  30.304us  [CUDA memcpy DtoH]
                    3.03%  4.1920us         1  4.1920us  4.1920us  4.1920us  vectorAdd(float const *, float const *, float*, int)
      API calls:   77.86%  149.79ms         3  49.930ms  4.9000us  149.78ms  cudaMalloc
                   21.51%  41.386ms         1  41.386ms  41.386ms  41.386ms  cuDevicePrimaryCtxRelease
                    0.28%  529.80us         3  176.60us  78.400us  269.50us  cudaMemcpy
                    0.13%  246.90us         3  82.300us  20.300us  206.10us  cudaFree
                    0.12%  221.40us        97  2.2820us     100ns  70.800us  cuDeviceGetAttribute
                    0.07%  138.40us         1  138.40us  138.40us  138.40us  cuModuleUnload
                    0.02%  35.900us         1  35.900us  35.900us  35.900us  cuDeviceTotalMem
                    0.02%  34.500us         1  34.500us  34.500us  34.500us  cudaLaunchKernel
                    0.00%  8.8000us         1  8.8000us  8.8000us  8.8000us  cuDeviceGetPCIBusId
                    0.00%  1.3000us         3     433ns     200ns     700ns  cuDeviceGetCount
                    0.00%  1.1000us         2     550ns     100ns  1.0000us  cuDeviceGet
                    0.00%     700ns         1     700ns     700ns     700ns  cuDeviceGetName
                    0.00%     300ns         1     300ns     300ns     300ns  cuDeviceGetLuid
                    0.00%     300ns         1     300ns     300ns     300ns  cudaGetLastError
                    0.00%     200ns         1     200ns     200ns     200ns  cuDeviceGetUuid
