==8784== NVPROF is profiling process 8784, command: ..\test.exe 451
==8784== Profiling application: ..\test.exe 451
==8784== Profiling result:
            Type  Time(%)      Time     Calls       Avg       Min       Max  Name
 GPU activities:   70.54%  82.689us         2  41.344us  41.280us  41.409us  [CUDA memcpy HtoD]
                   25.94%  30.401us         1  30.401us  30.401us  30.401us  [CUDA memcpy DtoH]
                    3.52%  4.1280us         1  4.1280us  4.1280us  4.1280us  vectorAdd(float const *, float const *, float*, int)
      API calls:   77.88%  145.06ms         3  48.353ms  4.7000us  145.03ms  cudaMalloc
                   21.50%  40.042ms         1  40.042ms  40.042ms  40.042ms  cuDevicePrimaryCtxRelease
                    0.28%  517.60us         3  172.53us  64.300us  287.40us  cudaMemcpy
                    0.13%  238.20us        97  2.4550us     100ns  96.300us  cuDeviceGetAttribute
                    0.12%  230.30us         3  76.766us  7.4000us  187.70us  cudaFree
                    0.06%  107.40us         1  107.40us  107.40us  107.40us  cuModuleUnload
                    0.02%  43.000us         1  43.000us  43.000us  43.000us  cudaLaunchKernel
                    0.01%  16.800us         1  16.800us  16.800us  16.800us  cuDeviceTotalMem
                    0.00%  9.1000us         1  9.1000us  9.1000us  9.1000us  cuDeviceGetPCIBusId
                    0.00%  1.2000us         3     400ns     200ns     700ns  cuDeviceGetCount
                    0.00%  1.0000us         2     500ns     200ns     800ns  cuDeviceGet
                    0.00%     800ns         1     800ns     800ns     800ns  cuDeviceGetName
                    0.00%     400ns         1     400ns     400ns     400ns  cuDeviceGetLuid
                    0.00%     200ns         1     200ns     200ns     200ns  cuDeviceGetUuid
                    0.00%     200ns         1     200ns     200ns     200ns  cudaGetLastError
