==21308== NVPROF is profiling process 21308, command: ..\test.exe 191
==21308== Profiling application: ..\test.exe 191
==21308== Profiling result:
            Type  Time(%)      Time     Calls       Avg       Min       Max  Name
 GPU activities:   71.31%  84.929us         2  42.464us  41.280us  43.649us  [CUDA memcpy HtoD]
                   25.52%  30.400us         1  30.400us  30.400us  30.400us  [CUDA memcpy DtoH]
                    3.17%  3.7760us         1  3.7760us  3.7760us  3.7760us  vectorAdd(float const *, float const *, float*, int)
      API calls:   78.66%  154.67ms         3  51.556ms  4.8000us  154.66ms  cudaMalloc
                   20.72%  40.747ms         1  40.747ms  40.747ms  40.747ms  cuDevicePrimaryCtxRelease
                    0.23%  456.10us         3  152.03us  77.400us  255.40us  cudaMemcpy
                    0.16%  314.90us        97  3.2460us     100ns  114.90us  cuDeviceGetAttribute
                    0.12%  242.40us         3  80.800us  7.5000us  215.50us  cudaFree
                    0.05%  90.000us         1  90.000us  90.000us  90.000us  cuModuleUnload
                    0.04%  84.800us         1  84.800us  84.800us  84.800us  cudaLaunchKernel
                    0.01%  16.400us         1  16.400us  16.400us  16.400us  cuDeviceTotalMem
                    0.00%  9.8000us         1  9.8000us  9.8000us  9.8000us  cuDeviceGetPCIBusId
                    0.00%  2.1000us         3     700ns     200ns  1.0000us  cuDeviceGetCount
                    0.00%  1.3000us         2     650ns     300ns  1.0000us  cuDeviceGet
                    0.00%     700ns         1     700ns     700ns     700ns  cuDeviceGetName
                    0.00%     400ns         1     400ns     400ns     400ns  cuDeviceGetLuid
                    0.00%     300ns         1     300ns     300ns     300ns  cuDeviceGetUuid
                    0.00%     200ns         1     200ns     200ns     200ns  cudaGetLastError
