==32== NVPROF is profiling process 32, command: ..\test.exe 811
==32== Profiling application: ..\test.exe 811
==32== Profiling result:
            Type  Time(%)      Time     Calls       Avg       Min       Max  Name
 GPU activities:   67.67%  73.281us         2  36.640us  32.289us  40.992us  [CUDA memcpy HtoD]
                   28.01%  30.336us         1  30.336us  30.336us  30.336us  [CUDA memcpy DtoH]
                    4.31%  4.6720us         1  4.6720us  4.6720us  4.6720us  vectorAdd(float const *, float const *, float*, int)
      API calls:   78.17%  147.79ms         3  49.264ms  5.7000us  147.77ms  cudaMalloc
                   21.27%  40.207ms         1  40.207ms  40.207ms  40.207ms  cuDevicePrimaryCtxRelease
                    0.22%  425.20us         3  141.73us  93.800us  204.10us  cudaMemcpy
                    0.14%  258.20us         3  86.066us  16.700us  217.70us  cudaFree
                    0.11%  209.60us        97  2.1600us     100ns  95.300us  cuDeviceGetAttribute
                    0.05%  97.500us         1  97.500us  97.500us  97.500us  cuModuleUnload
                    0.02%  42.600us         1  42.600us  42.600us  42.600us  cudaLaunchKernel
                    0.01%  17.500us         1  17.500us  17.500us  17.500us  cuDeviceTotalMem
                    0.01%  13.200us         1  13.200us  13.200us  13.200us  cuDeviceGetPCIBusId
                    0.00%  2.3000us         3     766ns     300ns  1.0000us  cuDeviceGetCount
                    0.00%  2.3000us         2  1.1500us     300ns  2.0000us  cuDeviceGet
                    0.00%     900ns         1     900ns     900ns     900ns  cuDeviceGetName
                    0.00%     600ns         1     600ns     600ns     600ns  cuDeviceGetLuid
                    0.00%     200ns         1     200ns     200ns     200ns  cuDeviceGetUuid
                    0.00%     200ns         1     200ns     200ns     200ns  cudaGetLastError
