==21288== NVPROF is profiling process 21288, command: ..\test.exe 181
==21288== Profiling application: ..\test.exe 181
==21288== Profiling result:
            Type  Time(%)      Time     Calls       Avg       Min       Max  Name
 GPU activities:   72.86%  91.904us         2  45.952us  41.344us  50.560us  [CUDA memcpy HtoD]
                   24.02%  30.305us         1  30.305us  30.305us  30.305us  [CUDA memcpy DtoH]
                    3.12%  3.9360us         1  3.9360us  3.9360us  3.9360us  vectorAdd(float const *, float const *, float*, int)
      API calls:   78.62%  159.04ms         3  53.013ms  5.5000us  159.02ms  cudaMalloc
                   20.88%  42.238ms         1  42.238ms  42.238ms  42.238ms  cuDevicePrimaryCtxRelease
                    0.22%  442.40us         3  147.47us  77.400us  212.60us  cudaMemcpy
                    0.11%  232.10us         3  77.366us  8.2000us  199.00us  cudaFree
                    0.08%  165.70us        97  1.7080us     100ns  78.000us  cuDeviceGetAttribute
                    0.05%  92.500us         1  92.500us  92.500us  92.500us  cuModuleUnload
                    0.02%  32.600us         1  32.600us  32.600us  32.600us  cudaLaunchKernel
                    0.01%  18.700us         1  18.700us  18.700us  18.700us  cuDeviceTotalMem
                    0.01%  11.600us         1  11.600us  11.600us  11.600us  cuDeviceGetPCIBusId
                    0.00%  2.1000us         2  1.0500us     300ns  1.8000us  cuDeviceGet
                    0.00%  2.0000us         3     666ns     200ns  1.0000us  cuDeviceGetCount
                    0.00%  1.3000us         1  1.3000us  1.3000us  1.3000us  cuDeviceGetName
                    0.00%     400ns         1     400ns     400ns     400ns  cuDeviceGetLuid
                    0.00%     400ns         1     400ns     400ns     400ns  cudaGetLastError
                    0.00%     200ns         1     200ns     200ns     200ns  cuDeviceGetUuid
