==14044== NVPROF is profiling process 14044, command: ..\test.exe 41
==14044== Profiling application: ..\test.exe 41
==14044== Profiling result:
            Type  Time(%)      Time     Calls       Avg       Min       Max  Name
 GPU activities:   66.88%  73.472us         2  36.736us  31.840us  41.632us  [CUDA memcpy HtoD]
                   27.56%  30.272us         1  30.272us  30.272us  30.272us  [CUDA memcpy DtoH]
                    5.56%  6.1120us         1  6.1120us  6.1120us  6.1120us  vectorAdd(float const *, float const *, float*, int)
      API calls:   77.99%  153.62ms         3  51.208ms  5.2000us  153.61ms  cudaMalloc
                   21.47%  42.290ms         1  42.290ms  42.290ms  42.290ms  cuDevicePrimaryCtxRelease
                    0.24%  474.70us         3  158.23us  66.200us  248.50us  cudaMemcpy
                    0.12%  233.20us         3  77.733us  7.9000us  203.50us  cudaFree
                    0.09%  183.60us        97  1.8920us     100ns  82.900us  cuDeviceGetAttribute
                    0.05%  98.700us         1  98.700us  98.700us  98.700us  cuModuleUnload
                    0.02%  46.700us         1  46.700us  46.700us  46.700us  cudaLaunchKernel
                    0.01%  19.500us         1  19.500us  19.500us  19.500us  cuDeviceTotalMem
                    0.00%  8.8000us         1  8.8000us  8.8000us  8.8000us  cuDeviceGetPCIBusId
                    0.00%  1.7000us         3     566ns     300ns  1.0000us  cuDeviceGetCount
                    0.00%  1.2000us         2     600ns     200ns  1.0000us  cuDeviceGet
                    0.00%     800ns         1     800ns     800ns     800ns  cuDeviceGetName
                    0.00%     300ns         1     300ns     300ns     300ns  cuDeviceGetLuid
                    0.00%     300ns         1     300ns     300ns     300ns  cudaGetLastError
                    0.00%     200ns         1     200ns     200ns     200ns  cuDeviceGetUuid
