==19604== NVPROF is profiling process 19604, command: ..\test.exe 711
==19604== Profiling application: ..\test.exe 711
==19604== Profiling result:
            Type  Time(%)      Time     Calls       Avg       Min       Max  Name
 GPU activities:   67.43%  72.928us         2  36.464us  32.000us  40.928us  [CUDA memcpy HtoD]
                   28.02%  30.305us         1  30.305us  30.305us  30.305us  [CUDA memcpy DtoH]
                    4.56%  4.9280us         1  4.9280us  4.9280us  4.9280us  vectorAdd(float const *, float const *, float*, int)
      API calls:   78.06%  145.96ms         3  48.654ms  8.4000us  145.94ms  cudaMalloc
                   21.40%  40.022ms         1  40.022ms  40.022ms  40.022ms  cuDevicePrimaryCtxRelease
                    0.22%  413.20us         3  137.73us  63.700us  201.50us  cudaMemcpy
                    0.11%  201.90us         3  67.300us  7.1000us  181.40us  cudaFree
                    0.09%  175.80us        97  1.8120us     100ns  70.400us  cuDeviceGetAttribute
                    0.08%  152.40us         1  152.40us  152.40us  152.40us  cuModuleUnload
                    0.02%  28.600us         1  28.600us  28.600us  28.600us  cudaLaunchKernel
                    0.01%  16.300us         1  16.300us  16.300us  16.300us  cuDeviceTotalMem
                    0.00%  8.6000us         1  8.6000us  8.6000us  8.6000us  cuDeviceGetPCIBusId
                    0.00%  1.4000us         3     466ns     200ns     800ns  cuDeviceGetCount
                    0.00%  1.3000us         2     650ns     200ns  1.1000us  cuDeviceGet
                    0.00%     700ns         1     700ns     700ns     700ns  cuDeviceGetName
                    0.00%     400ns         1     400ns     400ns     400ns  cuDeviceGetLuid
                    0.00%     200ns         1     200ns     200ns     200ns  cuDeviceGetUuid
                    0.00%     200ns         1     200ns     200ns     200ns  cudaGetLastError
