==22824== NVPROF is profiling process 22824, command: ..\test.exe 851
==22824== Profiling application: ..\test.exe 851
==22824== Profiling result:
            Type  Time(%)      Time     Calls       Avg       Min       Max  Name
 GPU activities:   72.43%  91.808us         2  45.904us  41.376us  50.432us  [CUDA memcpy HtoD]
                   23.96%  30.368us         1  30.368us  30.368us  30.368us  [CUDA memcpy DtoH]
                    3.61%  4.5770us         1  4.5770us  4.5770us  4.5770us  vectorAdd(float const *, float const *, float*, int)
      API calls:   77.59%  154.42ms         3  51.472ms  18.700us  154.37ms  cudaMalloc
                   21.79%  43.371ms         1  43.371ms  43.371ms  43.371ms  cuDevicePrimaryCtxRelease
                    0.31%  614.40us         3  204.80us  81.500us  276.10us  cudaMemcpy
                    0.14%  278.80us         3  92.933us  7.3000us  240.60us  cudaFree
                    0.09%  183.80us        97  1.8940us     100ns  84.600us  cuDeviceGetAttribute
                    0.05%  90.300us         1  90.300us  90.300us  90.300us  cuModuleUnload
                    0.02%  34.900us         1  34.900us  34.900us  34.900us  cudaLaunchKernel
                    0.01%  17.400us         1  17.400us  17.400us  17.400us  cuDeviceTotalMem
                    0.00%  8.5000us         1  8.5000us  8.5000us  8.5000us  cuDeviceGetPCIBusId
                    0.00%  1.6000us         2     800ns     200ns  1.4000us  cuDeviceGet
                    0.00%  1.4000us         3     466ns     200ns     600ns  cuDeviceGetCount
                    0.00%     700ns         1     700ns     700ns     700ns  cuDeviceGetName
                    0.00%     400ns         1     400ns     400ns     400ns  cuDeviceGetLuid
                    0.00%     400ns         1     400ns     400ns     400ns  cudaGetLastError
                    0.00%     200ns         1     200ns     200ns     200ns  cuDeviceGetUuid
