==11996== NVPROF is profiling process 11996, command: ..\test.exe 121
==11996== Profiling application: ..\test.exe 121
==11996== Profiling result:
            Type  Time(%)      Time     Calls       Avg       Min       Max  Name
 GPU activities:   70.79%  82.592us         2  41.296us  41.184us  41.408us  [CUDA memcpy HtoD]
                   26.06%  30.400us         1  30.400us  30.400us  30.400us  [CUDA memcpy DtoH]
                    3.15%  3.6810us         1  3.6810us  3.6810us  3.6810us  vectorAdd(float const *, float const *, float*, int)
      API calls:   77.67%  147.99ms         3  49.332ms  4.9000us  147.98ms  cudaMalloc
                   21.71%  41.369ms         1  41.369ms  41.369ms  41.369ms  cuDevicePrimaryCtxRelease
                    0.26%  487.90us         3  162.63us  59.900us  253.30us  cudaMemcpy
                    0.13%  245.60us         3  81.866us  7.9000us  216.90us  cudaFree
                    0.12%  221.00us        97  2.2780us     100ns  82.800us  cuDeviceGetAttribute
                    0.08%  152.50us         1  152.50us  152.50us  152.50us  cuModuleUnload
                    0.02%  35.100us         1  35.100us  35.100us  35.100us  cudaLaunchKernel
                    0.01%  17.300us         1  17.300us  17.300us  17.300us  cuDeviceTotalMem
                    0.00%  9.2000us         1  9.2000us  9.2000us  9.2000us  cuDeviceGetPCIBusId
                    0.00%  1.7000us         3     566ns     300ns  1.1000us  cuDeviceGetCount
                    0.00%  1.4000us         2     700ns     200ns  1.2000us  cuDeviceGet
                    0.00%     800ns         1     800ns     800ns     800ns  cuDeviceGetName
                    0.00%     400ns         1     400ns     400ns     400ns  cuDeviceGetLuid
                    0.00%     400ns         1     400ns     400ns     400ns  cudaGetLastError
                    0.00%     300ns         1     300ns     300ns     300ns  cuDeviceGetUuid
