==12068== NVPROF is profiling process 12068, command: ..\test.exe 431
==12068== Profiling application: ..\test.exe 431
==12068== Profiling result:
            Type  Time(%)      Time     Calls       Avg       Min       Max  Name
 GPU activities:   67.90%  73.024us         2  36.512us  32.000us  41.024us  [CUDA memcpy HtoD]
                   28.24%  30.368us         1  30.368us  30.368us  30.368us  [CUDA memcpy DtoH]
                    3.87%  4.1600us         1  4.1600us  4.1600us  4.1600us  vectorAdd(float const *, float const *, float*, int)
      API calls:   78.47%  149.50ms         3  49.835ms  5.0000us  149.48ms  cudaMalloc
                   21.00%  40.014ms         1  40.014ms  40.014ms  40.014ms  cuDevicePrimaryCtxRelease
                    0.21%  392.10us         3  130.70us  57.200us  209.50us  cudaMemcpy
                    0.12%  233.20us        97  2.4040us     100ns  83.900us  cuDeviceGetAttribute
                    0.12%  223.90us         3  74.633us  7.1000us  203.40us  cudaFree
                    0.05%  95.300us         1  95.300us  95.300us  95.300us  cuModuleUnload
                    0.02%  41.300us         1  41.300us  41.300us  41.300us  cudaLaunchKernel
                    0.01%  14.900us         1  14.900us  14.900us  14.900us  cuDeviceTotalMem
                    0.00%  8.3000us         1  8.3000us  8.3000us  8.3000us  cuDeviceGetPCIBusId
                    0.00%  1.3000us         3     433ns     200ns     800ns  cuDeviceGetCount
                    0.00%  1.0000us         2     500ns     200ns     800ns  cuDeviceGet
                    0.00%     900ns         1     900ns     900ns     900ns  cuDeviceGetName
                    0.00%     400ns         1     400ns     400ns     400ns  cuDeviceGetLuid
                    0.00%     300ns         1     300ns     300ns     300ns  cuDeviceGetUuid
                    0.00%     200ns         1     200ns     200ns     200ns  cudaGetLastError
