==22064== NVPROF is profiling process 22064, command: ..\test.exe 141
==22064== Profiling application: ..\test.exe 141
==22064== Profiling result:
            Type  Time(%)      Time     Calls       Avg       Min       Max  Name
 GPU activities:   70.58%  82.529us         2  41.264us  41.184us  41.345us  [CUDA memcpy HtoD]
                   25.97%  30.368us         1  30.368us  30.368us  30.368us  [CUDA memcpy DtoH]
                    3.45%  4.0320us         1  4.0320us  4.0320us  4.0320us  vectorAdd(float const *, float const *, float*, int)
      API calls:   77.59%  146.43ms         3  48.812ms  5.1000us  146.42ms  cudaMalloc
                   21.82%  41.177ms         1  41.177ms  41.177ms  41.177ms  cuDevicePrimaryCtxRelease
                    0.25%  469.40us         3  156.47us  84.000us  220.00us  cudaMemcpy
                    0.13%  254.50us         3  84.833us  7.7000us  224.70us  cudaFree
                    0.11%  213.20us        97  2.1970us     100ns  80.800us  cuDeviceGetAttribute
                    0.06%  106.30us         1  106.30us  106.30us  106.30us  cuModuleUnload
                    0.02%  35.300us         1  35.300us  35.300us  35.300us  cuDeviceTotalMem
                    0.02%  34.400us         1  34.400us  34.400us  34.400us  cudaLaunchKernel
                    0.00%  8.7000us         1  8.7000us  8.7000us  8.7000us  cuDeviceGetPCIBusId
                    0.00%  1.3000us         3     433ns     300ns     600ns  cuDeviceGetCount
                    0.00%  1.2000us         2     600ns     200ns  1.0000us  cuDeviceGet
                    0.00%     900ns         1     900ns     900ns     900ns  cuDeviceGetName
                    0.00%     300ns         1     300ns     300ns     300ns  cuDeviceGetUuid
                    0.00%     300ns         1     300ns     300ns     300ns  cuDeviceGetLuid
                    0.00%     300ns         1     300ns     300ns     300ns  cudaGetLastError
