==10312== NVPROF is profiling process 10312, command: ..\test.exe 861
==10312== Profiling application: ..\test.exe 861
==10312== Profiling result:
            Type  Time(%)      Time     Calls       Avg       Min       Max  Name
 GPU activities:   67.66%  73.121us         2  36.560us  31.969us  41.152us  [CUDA memcpy HtoD]
                   28.10%  30.368us         1  30.368us  30.368us  30.368us  [CUDA memcpy DtoH]
                    4.23%  4.5760us         1  4.5760us  4.5760us  4.5760us  vectorAdd(float const *, float const *, float*, int)
      API calls:   77.72%  146.86ms         3  48.955ms  8.4000us  146.84ms  cudaMalloc
                   21.71%  41.018ms         1  41.018ms  41.018ms  41.018ms  cuDevicePrimaryCtxRelease
                    0.22%  418.70us         3  139.57us  59.700us  233.50us  cudaMemcpy
                    0.13%  251.70us        97  2.5940us     200ns  100.40us  cuDeviceGetAttribute
                    0.11%  202.30us         3  67.433us  7.5000us  180.50us  cudaFree
                    0.05%  92.300us         1  92.300us  92.300us  92.300us  cuModuleUnload
                    0.03%  54.000us         1  54.000us  54.000us  54.000us  cuDeviceTotalMem
                    0.02%  40.900us         1  40.900us  40.900us  40.900us  cudaLaunchKernel
                    0.01%  22.300us         3  7.4330us     200ns  20.900us  cuDeviceGetCount
                    0.00%  8.8000us         1  8.8000us  8.8000us  8.8000us  cuDeviceGetPCIBusId
                    0.00%  1.5000us         2     750ns     300ns  1.2000us  cuDeviceGet
                    0.00%     900ns         1     900ns     900ns     900ns  cuDeviceGetName
                    0.00%     500ns         1     500ns     500ns     500ns  cuDeviceGetLuid
                    0.00%     400ns         1     400ns     400ns     400ns  cuDeviceGetUuid
                    0.00%     200ns         1     200ns     200ns     200ns  cudaGetLastError
