==21128== NVPROF is profiling process 21128, command: ..\test.exe 881
==21128== Profiling application: ..\test.exe 881
==21128== Profiling result:
            Type  Time(%)      Time     Calls       Avg       Min       Max  Name
 GPU activities:   70.22%  82.305us         2  41.152us  41.152us  41.153us  [CUDA memcpy HtoD]
                   25.93%  30.400us         1  30.400us  30.400us  30.400us  [CUDA memcpy DtoH]
                    3.85%  4.5120us         1  4.5120us  4.5120us  4.5120us  vectorAdd(float const *, float const *, float*, int)
      API calls:   77.78%  145.73ms         3  48.578ms  4.8000us  145.72ms  cudaMalloc
                   21.65%  40.574ms         1  40.574ms  40.574ms  40.574ms  cuDevicePrimaryCtxRelease
                    0.24%  451.80us         3  150.60us  57.100us  238.90us  cudaMemcpy
                    0.11%  204.20us         3  68.066us  7.6000us  181.10us  cudaFree
                    0.11%  200.90us        97  2.0710us     100ns  77.700us  cuDeviceGetAttribute
                    0.06%  115.00us         1  115.00us  115.00us  115.00us  cuModuleUnload
                    0.03%  47.000us         1  47.000us  47.000us  47.000us  cudaLaunchKernel
                    0.02%  37.800us         1  37.800us  37.800us  37.800us  cuDeviceTotalMem
                    0.00%  9.0000us         1  9.0000us  9.0000us  9.0000us  cuDeviceGetPCIBusId
                    0.00%  1.2000us         3     400ns     200ns     600ns  cuDeviceGetCount
                    0.00%  1.1000us         2     550ns     200ns     900ns  cuDeviceGet
                    0.00%     900ns         1     900ns     900ns     900ns  cuDeviceGetName
                    0.00%     400ns         1     400ns     400ns     400ns  cudaGetLastError
                    0.00%     300ns         1     300ns     300ns     300ns  cuDeviceGetLuid
                    0.00%     200ns         1     200ns     200ns     200ns  cuDeviceGetUuid
