==15888== NVPROF is profiling process 15888, command: ..\test.exe 701
==15888== Profiling application: ..\test.exe 701
==15888== Profiling result:
            Type  Time(%)      Time     Calls       Avg       Min       Max  Name
 GPU activities:   67.44%  73.056us         2  36.528us  32.000us  41.056us  [CUDA memcpy HtoD]
                   28.12%  30.464us         1  30.464us  30.464us  30.464us  [CUDA memcpy DtoH]
                    4.43%  4.8010us         1  4.8010us  4.8010us  4.8010us  vectorAdd(float const *, float const *, float*, int)
      API calls:   77.86%  152.07ms         3  50.689ms  10.200us  152.05ms  cudaMalloc
                   21.63%  42.252ms         1  42.252ms  42.252ms  42.252ms  cuDevicePrimaryCtxRelease
                    0.19%  373.00us         3  124.33us  48.000us  202.40us  cudaMemcpy
                    0.13%  262.40us         3  87.466us  7.1000us  240.40us  cudaFree
                    0.09%  182.90us        97  1.8850us     100ns  79.600us  cuDeviceGetAttribute
                    0.05%  106.20us         1  106.20us  106.20us  106.20us  cuModuleUnload
                    0.01%  28.700us         1  28.700us  28.700us  28.700us  cudaLaunchKernel
                    0.01%  16.400us         1  16.400us  16.400us  16.400us  cuDeviceTotalMem
                    0.00%  8.7000us         1  8.7000us  8.7000us  8.7000us  cuDeviceGetPCIBusId
                    0.00%  1.5000us         3     500ns     200ns  1.0000us  cuDeviceGetCount
                    0.00%  1.0000us         2     500ns     200ns     800ns  cuDeviceGet
                    0.00%     800ns         1     800ns     800ns     800ns  cuDeviceGetName
                    0.00%     300ns         1     300ns     300ns     300ns  cuDeviceGetLuid
                    0.00%     200ns         1     200ns     200ns     200ns  cuDeviceGetUuid
                    0.00%     200ns         1     200ns     200ns     200ns  cudaGetLastError
