==22944== NVPROF is profiling process 22944, command: ..\test.exe 921
==22944== Profiling application: ..\test.exe 921
==22944== Profiling result:
            Type  Time(%)      Time     Calls       Avg       Min       Max  Name
 GPU activities:   62.22%  72.897us         2  36.448us  31.777us  41.120us  [CUDA memcpy HtoD]
                   33.92%  39.744us         1  39.744us  39.744us  39.744us  [CUDA memcpy DtoH]
                    3.85%  4.5120us         1  4.5120us  4.5120us  4.5120us  vectorAdd(float const *, float const *, float*, int)
      API calls:   77.52%  146.84ms         3  48.946ms  5.2000us  146.81ms  cudaMalloc
                   21.77%  41.233ms         1  41.233ms  41.233ms  41.233ms  cuDevicePrimaryCtxRelease
                    0.34%  635.90us         3  211.97us  118.70us  281.90us  cudaMemcpy
                    0.15%  280.80us         3  93.600us  8.7000us  234.60us  cudaFree
                    0.10%  182.30us        97  1.8790us     100ns  70.400us  cuDeviceGetAttribute
                    0.06%  106.40us         1  106.40us  106.40us  106.40us  cuModuleUnload
                    0.05%  88.700us         1  88.700us  88.700us  88.700us  cudaLaunchKernel
                    0.02%  36.700us         1  36.700us  36.700us  36.700us  cuDeviceTotalMem
                    0.00%  9.2000us         1  9.2000us  9.2000us  9.2000us  cuDeviceGetPCIBusId
                    0.00%  1.6000us         3     533ns     200ns  1.0000us  cuDeviceGetCount
                    0.00%  1.4000us         2     700ns     200ns  1.2000us  cuDeviceGet
                    0.00%     800ns         1     800ns     800ns     800ns  cuDeviceGetName
                    0.00%     300ns         1     300ns     300ns     300ns  cuDeviceGetLuid
                    0.00%     300ns         1     300ns     300ns     300ns  cudaGetLastError
                    0.00%     200ns         1     200ns     200ns     200ns  cuDeviceGetUuid
