==22300== NVPROF is profiling process 22300, command: ..\test.exe 551
==22300== Profiling application: ..\test.exe 551
==22300== Profiling result:
            Type  Time(%)      Time     Calls       Avg       Min       Max  Name
 GPU activities:   67.80%  73.184us         2  36.592us  32.000us  41.184us  [CUDA memcpy HtoD]
                   28.17%  30.401us         1  30.401us  30.401us  30.401us  [CUDA memcpy DtoH]
                    4.03%  4.3520us         1  4.3520us  4.3520us  4.3520us  vectorAdd(float const *, float const *, float*, int)
      API calls:   78.90%  154.74ms         3  51.578ms  5.5000us  154.72ms  cudaMalloc
                   20.57%  40.337ms         1  40.337ms  40.337ms  40.337ms  cuDevicePrimaryCtxRelease
                    0.22%  422.80us         3  140.93us  59.100us  215.30us  cudaMemcpy
                    0.14%  275.30us        97  2.8380us     100ns  134.70us  cuDeviceGetAttribute
                    0.10%  194.10us         3  64.700us  8.0000us  163.90us  cudaFree
                    0.05%  95.200us         1  95.200us  95.200us  95.200us  cuModuleUnload
                    0.02%  34.300us         1  34.300us  34.300us  34.300us  cudaLaunchKernel
                    0.01%  15.900us         1  15.900us  15.900us  15.900us  cuDeviceTotalMem
                    0.00%  8.9000us         1  8.9000us  8.9000us  8.9000us  cuDeviceGetPCIBusId
                    0.00%  1.5000us         3     500ns     200ns     900ns  cuDeviceGetCount
                    0.00%     900ns         2     450ns     100ns     800ns  cuDeviceGet
                    0.00%     700ns         1     700ns     700ns     700ns  cuDeviceGetName
                    0.00%     300ns         1     300ns     300ns     300ns  cuDeviceGetUuid
                    0.00%     300ns         1     300ns     300ns     300ns  cuDeviceGetLuid
                    0.00%     300ns         1     300ns     300ns     300ns  cudaGetLastError
