==22688== NVPROF is profiling process 22688, command: ..\test.exe 761
==22688== Profiling application: ..\test.exe 761
==22688== Profiling result:
            Type  Time(%)      Time     Calls       Avg       Min       Max  Name
 GPU activities:   64.93%  92.001us         2  46.000us  41.312us  50.689us  [CUDA memcpy HtoD]
                   31.68%  44.896us         1  44.896us  44.896us  44.896us  [CUDA memcpy DtoH]
                    3.39%  4.8000us         1  4.8000us  4.8000us  4.8000us  vectorAdd(float const *, float const *, float*, int)
      API calls:   77.85%  150.76ms         3  50.252ms  11.700us  150.73ms  cudaMalloc
                   21.49%  41.609ms         1  41.609ms  41.609ms  41.609ms  cuDevicePrimaryCtxRelease
                    0.32%  610.10us         3  203.37us  111.40us  338.30us  cudaMemcpy
                    0.13%  257.60us         3  85.866us  7.5000us  234.20us  cudaFree
                    0.12%  235.50us        97  2.4270us     100ns  81.800us  cuDeviceGetAttribute
                    0.06%  120.60us         1  120.60us  120.60us  120.60us  cuModuleUnload
                    0.02%  32.500us         1  32.500us  32.500us  32.500us  cudaLaunchKernel
                    0.01%  17.800us         1  17.800us  17.800us  17.800us  cuDeviceTotalMem
                    0.00%  8.3000us         1  8.3000us  8.3000us  8.3000us  cuDeviceGetPCIBusId
                    0.00%  1.5000us         3     500ns     200ns  1.0000us  cuDeviceGetCount
                    0.00%  1.0000us         2     500ns     200ns     800ns  cuDeviceGet
                    0.00%     700ns         1     700ns     700ns     700ns  cuDeviceGetName
                    0.00%     300ns         1     300ns     300ns     300ns  cuDeviceGetLuid
                    0.00%     300ns         1     300ns     300ns     300ns  cudaGetLastError
                    0.00%     200ns         1     200ns     200ns     200ns  cuDeviceGetUuid
