==23008== NVPROF is profiling process 23008, command: ..\test.exe 841
==23008== Profiling application: ..\test.exe 841
==23008== Profiling result:
            Type  Time(%)      Time     Calls       Avg       Min       Max  Name
 GPU activities:   50.87%  63.872us         2  31.936us  31.808us  32.064us  [CUDA memcpy HtoD]
                   45.44%  57.057us         1  57.057us  57.057us  57.057us  [CUDA memcpy DtoH]
                    3.70%  4.6400us         1  4.6400us  4.6400us  4.6400us  vectorAdd(float const *, float const *, float*, int)
      API calls:   78.81%  158.57ms         3  52.856ms  5.4000us  158.55ms  cudaMalloc
                   20.72%  41.684ms         1  41.684ms  41.684ms  41.684ms  cuDevicePrimaryCtxRelease
                    0.19%  384.00us         3  128.00us  49.500us  241.40us  cudaMemcpy
                    0.12%  231.60us         3  77.200us  7.9000us  205.10us  cudaFree
                    0.09%  173.10us        97  1.7840us     100ns  73.300us  cuDeviceGetAttribute
                    0.05%  99.300us         1  99.300us  99.300us  99.300us  cuModuleUnload
                    0.02%  30.300us         1  30.300us  30.300us  30.300us  cudaLaunchKernel
                    0.01%  17.800us         1  17.800us  17.800us  17.800us  cuDeviceTotalMem
                    0.00%  9.0000us         1  9.0000us  9.0000us  9.0000us  cuDeviceGetPCIBusId
                    0.00%  1.5000us         3     500ns     200ns     800ns  cuDeviceGetCount
                    0.00%  1.4000us         2     700ns     200ns  1.2000us  cuDeviceGet
                    0.00%     900ns         1     900ns     900ns     900ns  cuDeviceGetName
                    0.00%     300ns         1     300ns     300ns     300ns  cudaGetLastError
                    0.00%     200ns         1     200ns     200ns     200ns  cuDeviceGetUuid
                    0.00%     200ns         1     200ns     200ns     200ns  cuDeviceGetLuid
