==8492== NVPROF is profiling process 8492, command: ..\test.exe 751
==8492== Profiling application: ..\test.exe 751
==8492== Profiling result:
            Type  Time(%)      Time     Calls       Avg       Min       Max  Name
 GPU activities:   59.95%  91.969us         2  45.984us  41.313us  50.656us  [CUDA memcpy HtoD]
                   36.92%  56.640us         1  56.640us  56.640us  56.640us  [CUDA memcpy DtoH]
                    3.13%  4.8000us         1  4.8000us  4.8000us  4.8000us  vectorAdd(float const *, float const *, float*, int)
      API calls:   77.19%  151.12ms         3  50.373ms  5.0000us  151.10ms  cudaMalloc
                   22.17%  43.410ms         1  43.410ms  43.410ms  43.410ms  cuDevicePrimaryCtxRelease
                    0.30%  585.70us         3  195.23us  85.600us  290.00us  cudaMemcpy
                    0.12%  241.60us         3  80.533us  8.0000us  210.50us  cudaFree
                    0.09%  183.10us        97  1.8870us     100ns  82.400us  cuDeviceGetAttribute
                    0.07%  146.60us         1  146.60us  146.60us  146.60us  cuModuleUnload
                    0.02%  35.300us         1  35.300us  35.300us  35.300us  cudaLaunchKernel
                    0.02%  32.800us         1  32.800us  32.800us  32.800us  cuDeviceTotalMem
                    0.00%  8.7000us         1  8.7000us  8.7000us  8.7000us  cuDeviceGetPCIBusId
                    0.00%  1.2000us         3     400ns     200ns     700ns  cuDeviceGetCount
                    0.00%  1.1000us         2     550ns     200ns     900ns  cuDeviceGet
                    0.00%     700ns         1     700ns     700ns     700ns  cuDeviceGetName
                    0.00%     300ns         1     300ns     300ns     300ns  cuDeviceGetLuid
                    0.00%     300ns         1     300ns     300ns     300ns  cudaGetLastError
                    0.00%     200ns         1     200ns     200ns     200ns  cuDeviceGetUuid
