==20400== NVPROF is profiling process 20400, command: ..\test.exe 441
==20400== Profiling application: ..\test.exe 441
==20400== Profiling result:
            Type  Time(%)      Time     Calls       Avg       Min       Max  Name
 GPU activities:   70.54%  82.529us         2  41.264us  41.248us  41.281us  [CUDA memcpy HtoD]
                   25.93%  30.336us         1  30.336us  30.336us  30.336us  [CUDA memcpy DtoH]
                    3.53%  4.1290us         1  4.1290us  4.1290us  4.1290us  vectorAdd(float const *, float const *, float*, int)
      API calls:   78.13%  151.48ms         3  50.494ms  9.0000us  151.45ms  cudaMalloc
                   21.30%  41.304ms         1  41.304ms  41.304ms  41.304ms  cuDevicePrimaryCtxRelease
                    0.25%  476.60us         3  158.87us  71.000us  261.00us  cudaMemcpy
                    0.11%  209.20us         3  69.733us  8.0000us  166.30us  cudaFree
                    0.09%  171.40us        97  1.7670us     100ns  71.800us  cuDeviceGetAttribute
                    0.06%  124.20us         1  124.20us  124.20us  124.20us  cuModuleUnload
                    0.03%  50.800us         1  50.800us  50.800us  50.800us  cuDeviceTotalMem
                    0.02%  45.800us         1  45.800us  45.800us  45.800us  cudaLaunchKernel
                    0.00%  8.9000us         1  8.9000us  8.9000us  8.9000us  cuDeviceGetPCIBusId
                    0.00%  1.6000us         3     533ns     200ns  1.0000us  cuDeviceGetCount
                    0.00%  1.3000us         2     650ns     100ns  1.2000us  cuDeviceGet
                    0.00%     700ns         1     700ns     700ns     700ns  cuDeviceGetName
                    0.00%     300ns         1     300ns     300ns     300ns  cuDeviceGetLuid
                    0.00%     300ns         1     300ns     300ns     300ns  cudaGetLastError
                    0.00%     200ns         1     200ns     200ns     200ns  cuDeviceGetUuid
