==12428== NVPROF is profiling process 12428, command: ..\test.exe 781
==12428== Profiling application: ..\test.exe 781
==12428== Profiling result:
            Type  Time(%)      Time     Calls       Avg       Min       Max  Name
 GPU activities:   70.12%  82.464us         2  41.232us  32.032us  50.432us  [CUDA memcpy HtoD]
                   25.82%  30.368us         1  30.368us  30.368us  30.368us  [CUDA memcpy DtoH]
                    4.05%  4.7680us         1  4.7680us  4.7680us  4.7680us  vectorAdd(float const *, float const *, float*, int)
      API calls:   78.22%  149.84ms         3  49.948ms  5.1000us  149.83ms  cudaMalloc
                   21.26%  40.731ms         1  40.731ms  40.731ms  40.731ms  cuDevicePrimaryCtxRelease
                    0.23%  434.00us         3  144.67us  50.700us  214.10us  cudaMemcpy
                    0.10%  190.20us         3  63.400us  7.3000us  168.70us  cudaFree
                    0.10%  182.10us        97  1.8770us     100ns  65.500us  cuDeviceGetAttribute
                    0.05%  98.400us         1  98.400us  98.400us  98.400us  cuModuleUnload
                    0.03%  54.300us         1  54.300us  54.300us  54.300us  cuDeviceTotalMem
                    0.02%  29.600us         1  29.600us  29.600us  29.600us  cudaLaunchKernel
                    0.00%  8.9000us         1  8.9000us  8.9000us  8.9000us  cuDeviceGetPCIBusId
                    0.00%  1.5000us         3     500ns     300ns     900ns  cuDeviceGetCount
                    0.00%     900ns         2     450ns     200ns     700ns  cuDeviceGet
                    0.00%     700ns         1     700ns     700ns     700ns  cuDeviceGetName
                    0.00%     300ns         1     300ns     300ns     300ns  cuDeviceGetLuid
                    0.00%     300ns         1     300ns     300ns     300ns  cudaGetLastError
                    0.00%     200ns         1     200ns     200ns     200ns  cuDeviceGetUuid
