==22436== NVPROF is profiling process 22436, command: ..\test.exe 871
==22436== Profiling application: ..\test.exe 871
==22436== Profiling result:
            Type  Time(%)      Time     Calls       Avg       Min       Max  Name
 GPU activities:   67.75%  73.217us         2  36.608us  32.032us  41.185us  [CUDA memcpy HtoD]
                   28.07%  30.337us         1  30.337us  30.337us  30.337us  [CUDA memcpy DtoH]
                    4.18%  4.5120us         1  4.5120us  4.5120us  4.5120us  vectorAdd(float const *, float const *, float*, int)
      API calls:   78.51%  151.07ms         3  50.356ms  4.7000us  151.05ms  cudaMalloc
                   20.96%  40.326ms         1  40.326ms  40.326ms  40.326ms  cuDevicePrimaryCtxRelease
                    0.21%  405.50us         3  135.17us  51.100us  190.60us  cudaMemcpy
                    0.15%  290.80us         3  96.933us  20.900us  234.60us  cudaFree
                    0.08%  161.80us        97  1.6680us     100ns  79.800us  cuDeviceGetAttribute
                    0.05%  102.40us         1  102.40us  102.40us  102.40us  cuModuleUnload
                    0.02%  32.000us         1  32.000us  32.000us  32.000us  cuDeviceTotalMem
                    0.02%  30.400us         1  30.400us  30.400us  30.400us  cudaLaunchKernel
                    0.00%  8.6000us         1  8.6000us  8.6000us  8.6000us  cuDeviceGetPCIBusId
                    0.00%  1.3000us         3     433ns     200ns     700ns  cuDeviceGetCount
                    0.00%     800ns         2     400ns     100ns     700ns  cuDeviceGet
                    0.00%     700ns         1     700ns     700ns     700ns  cuDeviceGetName
                    0.00%     400ns         1     400ns     400ns     400ns  cuDeviceGetLuid
                    0.00%     300ns         1     300ns     300ns     300ns  cuDeviceGetUuid
                    0.00%     300ns         1     300ns     300ns     300ns  cudaGetLastError
