==17132== NVPROF is profiling process 17132, command: ..\test.exe 911
==17132== Profiling application: ..\test.exe 911
==17132== Profiling result:
            Type  Time(%)      Time     Calls       Avg       Min       Max  Name
 GPU activities:   70.32%  82.498us         2  41.249us  41.025us  41.473us  [CUDA memcpy HtoD]
                   25.89%  30.368us         1  30.368us  30.368us  30.368us  [CUDA memcpy DtoH]
                    3.79%  4.4480us         1  4.4480us  4.4480us  4.4480us  vectorAdd(float const *, float const *, float*, int)
      API calls:   77.51%  148.45ms         3  49.482ms  5.0000us  148.43ms  cudaMalloc
                   21.93%  42.001ms         1  42.001ms  42.001ms  42.001ms  cuDevicePrimaryCtxRelease
                    0.23%  445.40us         3  148.47us  55.500us  257.50us  cudaMemcpy
                    0.13%  247.50us         3  82.500us  7.2000us  226.40us  cudaFree
                    0.08%  150.40us        97  1.5500us     100ns  65.000us  cuDeviceGetAttribute
                    0.07%  133.60us         1  133.60us  133.60us  133.60us  cuModuleUnload
                    0.03%  52.400us         1  52.400us  52.400us  52.400us  cuDeviceTotalMem
                    0.02%  34.700us         1  34.700us  34.700us  34.700us  cudaLaunchKernel
                    0.00%  9.2000us         1  9.2000us  9.2000us  9.2000us  cuDeviceGetPCIBusId
                    0.00%  1.1000us         3     366ns     100ns     600ns  cuDeviceGetCount
                    0.00%     900ns         2     450ns     100ns     800ns  cuDeviceGet
                    0.00%     900ns         1     900ns     900ns     900ns  cuDeviceGetName
                    0.00%     300ns         1     300ns     300ns     300ns  cuDeviceGetLuid
                    0.00%     200ns         1     200ns     200ns     200ns  cuDeviceGetUuid
                    0.00%     200ns         1     200ns     200ns     200ns  cudaGetLastError
