==21688== NVPROF is profiling process 21688, command: ..\test.exe 231
==21688== Profiling application: ..\test.exe 231
==21688== Profiling result:
            Type  Time(%)      Time     Calls       Avg       Min       Max  Name
 GPU activities:   70.65%  82.498us         2  41.249us  41.153us  41.345us  [CUDA memcpy HtoD]
                   26.01%  30.368us         1  30.368us  30.368us  30.368us  [CUDA memcpy DtoH]
                    3.34%  3.9040us         1  3.9040us  3.9040us  3.9040us  vectorAdd(float const *, float const *, float*, int)
      API calls:   77.90%  144.10ms         3  48.033ms  4.6000us  144.09ms  cudaMalloc
                   21.56%  39.881ms         1  39.881ms  39.881ms  39.881ms  cuDevicePrimaryCtxRelease
                    0.24%  447.70us         3  149.23us  53.000us  248.70us  cudaMemcpy
                    0.13%  249.20us         3  83.066us  7.3000us  226.60us  cudaFree
                    0.08%  152.60us        97  1.5730us     100ns  68.800us  cuDeviceGetAttribute
                    0.05%  98.400us         1  98.400us  98.400us  98.400us  cuModuleUnload
                    0.02%  31.000us         1  31.000us  31.000us  31.000us  cudaLaunchKernel
                    0.01%  14.600us         1  14.600us  14.600us  14.600us  cuDeviceTotalMem
                    0.00%  8.9000us         1  8.9000us  8.9000us  8.9000us  cuDeviceGetPCIBusId
                    0.00%  2.0000us         3     666ns     300ns  1.1000us  cuDeviceGetCount
                    0.00%  1.1000us         2     550ns     300ns     800ns  cuDeviceGet
                    0.00%     700ns         1     700ns     700ns     700ns  cuDeviceGetName
                    0.00%     400ns         1     400ns     400ns     400ns  cudaGetLastError
                    0.00%     300ns         1     300ns     300ns     300ns  cuDeviceGetUuid
                    0.00%     300ns         1     300ns     300ns     300ns  cuDeviceGetLuid
