==6788== NVPROF is profiling process 6788, command: ..\test.exe 261
==6788== Profiling application: ..\test.exe 261
==6788== Profiling result:
            Type  Time(%)      Time     Calls       Avg       Min       Max  Name
 GPU activities:   70.66%  82.529us         2  41.264us  41.217us  41.312us  [CUDA memcpy HtoD]
                   25.97%  30.336us         1  30.336us  30.336us  30.336us  [CUDA memcpy DtoH]
                    3.37%  3.9360us         1  3.9360us  3.9360us  3.9360us  vectorAdd(float const *, float const *, float*, int)
      API calls:   76.46%  146.62ms         3  48.872ms  5.3000us  146.60ms  cudaMalloc
                   22.94%  43.994ms         1  43.994ms  43.994ms  43.994ms  cuDevicePrimaryCtxRelease
                    0.24%  457.20us         3  152.40us  52.400us  256.40us  cudaMemcpy
                    0.13%  257.40us         3  85.800us  7.2000us  221.10us  cudaFree
                    0.12%  220.60us        97  2.2740us     100ns  81.100us  cuDeviceGetAttribute
                    0.07%  140.70us         1  140.70us  140.70us  140.70us  cuModuleUnload
                    0.02%  38.900us         1  38.900us  38.900us  38.900us  cuDeviceTotalMem
                    0.02%  29.700us         1  29.700us  29.700us  29.700us  cudaLaunchKernel
                    0.00%  8.7000us         1  8.7000us  8.7000us  8.7000us  cuDeviceGetPCIBusId
                    0.00%  1.7000us         3     566ns     300ns  1.0000us  cuDeviceGetCount
                    0.00%  1.0000us         2     500ns     200ns     800ns  cuDeviceGet
                    0.00%     800ns         1     800ns     800ns     800ns  cuDeviceGetName
                    0.00%     300ns         1     300ns     300ns     300ns  cuDeviceGetLuid
                    0.00%     300ns         1     300ns     300ns     300ns  cudaGetLastError
                    0.00%     200ns         1     200ns     200ns     200ns  cuDeviceGetUuid
