==23120== NVPROF is profiling process 23120, command: ..\test.exe 601
==23120== Profiling application: ..\test.exe 601
==23120== Profiling result:
            Type  Time(%)      Time     Calls       Avg       Min       Max  Name
 GPU activities:   67.91%  73.280us         2  36.640us  31.968us  41.312us  [CUDA memcpy HtoD]
                   28.17%  30.400us         1  30.400us  30.400us  30.400us  [CUDA memcpy DtoH]
                    3.91%  4.2240us         1  4.2240us  4.2240us  4.2240us  vectorAdd(float const *, float const *, float*, int)
      API calls:   77.68%  161.84ms         3  53.946ms  5.2000us  161.80ms  cudaMalloc
                   21.80%  45.429ms         1  45.429ms  45.429ms  45.429ms  cuDevicePrimaryCtxRelease
                    0.20%  417.30us         3  139.10us  70.000us  217.90us  cudaMemcpy
                    0.11%  234.60us         3  78.200us  8.1000us  188.30us  cudaFree
                    0.09%  194.90us        97  2.0090us     100ns  87.500us  cuDeviceGetAttribute
                    0.07%  148.40us         1  148.40us  148.40us  148.40us  cuModuleUnload
                    0.02%  35.900us         1  35.900us  35.900us  35.900us  cuDeviceTotalMem
                    0.02%  33.500us         1  33.500us  33.500us  33.500us  cudaLaunchKernel
                    0.00%  8.6000us         1  8.6000us  8.6000us  8.6000us  cuDeviceGetPCIBusId
                    0.00%  1.5000us         3     500ns     200ns     900ns  cuDeviceGetCount
                    0.00%  1.2000us         2     600ns     200ns  1.0000us  cuDeviceGet
                    0.00%     800ns         1     800ns     800ns     800ns  cuDeviceGetName
                    0.00%     400ns         1     400ns     400ns     400ns  cuDeviceGetLuid
                    0.00%     300ns         1     300ns     300ns     300ns  cuDeviceGetUuid
                    0.00%     300ns         1     300ns     300ns     300ns  cudaGetLastError
