==22552== NVPROF is profiling process 22552, command: ..\test.exe 461
==22552== Profiling application: ..\test.exe 461
==22552== Profiling result:
            Type  Time(%)      Time     Calls       Avg       Min       Max  Name
 GPU activities:   68.06%  73.440us         2  36.720us  32.256us  41.184us  [CUDA memcpy HtoD]
                   28.17%  30.401us         1  30.401us  30.401us  30.401us  [CUDA memcpy DtoH]
                    3.77%  4.0640us         1  4.0640us  4.0640us  4.0640us  vectorAdd(float const *, float const *, float*, int)
      API calls:   78.29%  148.02ms         3  49.341ms  5.2000us  147.99ms  cudaMalloc
                   21.13%  39.950ms         1  39.950ms  39.950ms  39.950ms  cuDevicePrimaryCtxRelease
                    0.21%  397.80us         3  132.60us  74.700us  203.60us  cudaMemcpy
                    0.15%  281.00us         3  93.666us  7.5000us  259.60us  cudaFree
                    0.13%  246.10us        97  2.5370us     100ns  103.10us  cuDeviceGetAttribute
                    0.05%  94.700us         1  94.700us  94.700us  94.700us  cuModuleUnload
                    0.03%  57.700us         1  57.700us  57.700us  57.700us  cudaLaunchKernel
                    0.01%  15.500us         1  15.500us  15.500us  15.500us  cuDeviceTotalMem
                    0.00%  9.4000us         1  9.4000us  9.4000us  9.4000us  cuDeviceGetPCIBusId
                    0.00%  1.3000us         3     433ns     200ns     700ns  cuDeviceGetCount
                    0.00%  1.1000us         2     550ns     200ns     900ns  cuDeviceGet
                    0.00%     800ns         1     800ns     800ns     800ns  cuDeviceGetName
                    0.00%     400ns         1     400ns     400ns     400ns  cuDeviceGetLuid
                    0.00%     300ns         1     300ns     300ns     300ns  cudaGetLastError
                    0.00%     200ns         1     200ns     200ns     200ns  cuDeviceGetUuid
