==16336== NVPROF is profiling process 16336, command: ..\test.exe 281
==16336== Profiling application: ..\test.exe 281
==16336== Profiling result:
            Type  Time(%)      Time     Calls       Avg       Min       Max  Name
 GPU activities:   68.19%  73.185us         2  36.592us  31.841us  41.344us  [CUDA memcpy HtoD]
                   28.27%  30.337us         1  30.337us  30.337us  30.337us  [CUDA memcpy DtoH]
                    3.55%  3.8080us         1  3.8080us  3.8080us  3.8080us  vectorAdd(float const *, float const *, float*, int)
      API calls:   80.14%  180.95ms         3  60.317ms  5.7000us  180.93ms  cudaMalloc
                   19.41%  43.817ms         1  43.817ms  43.817ms  43.817ms  cuDevicePrimaryCtxRelease
                    0.19%  439.00us         3  146.33us  64.900us  245.60us  cudaMemcpy
                    0.09%  205.60us         3  68.533us  7.6000us  165.90us  cudaFree
                    0.09%  196.20us        97  2.0220us     100ns  71.500us  cuDeviceGetAttribute
                    0.05%  114.90us         1  114.90us  114.90us  114.90us  cuModuleUnload
                    0.01%  30.200us         1  30.200us  30.200us  30.200us  cudaLaunchKernel
                    0.01%  17.200us         1  17.200us  17.200us  17.200us  cuDeviceTotalMem
                    0.00%  8.7000us         1  8.7000us  8.7000us  8.7000us  cuDeviceGetPCIBusId
                    0.00%  1.5000us         2     750ns     200ns  1.3000us  cuDeviceGet
                    0.00%  1.4000us         3     466ns     200ns     900ns  cuDeviceGetCount
                    0.00%     700ns         1     700ns     700ns     700ns  cuDeviceGetName
                    0.00%     300ns         1     300ns     300ns     300ns  cuDeviceGetLuid
                    0.00%     300ns         1     300ns     300ns     300ns  cudaGetLastError
                    0.00%     200ns         1     200ns     200ns     200ns  cuDeviceGetUuid
