==23036== NVPROF is profiling process 23036, command: ..\test.exe 401
==23036== Profiling application: ..\test.exe 401
==23036== Profiling result:
            Type  Time(%)      Time     Calls       Avg       Min       Max  Name
 GPU activities:   62.40%  73.088us         2  36.544us  31.840us  41.248us  [CUDA memcpy HtoD]
                   33.80%  39.584us         1  39.584us  39.584us  39.584us  [CUDA memcpy DtoH]
                    3.80%  4.4480us         1  4.4480us  4.4480us  4.4480us  vectorAdd(float const *, float const *, float*, int)
      API calls:   77.51%  148.96ms         3  49.655ms  5.1000us  148.95ms  cudaMalloc
                   21.89%  42.073ms         1  42.073ms  42.073ms  42.073ms  cuDevicePrimaryCtxRelease
                    0.23%  449.00us         3  149.67us  53.700us  256.30us  cudaMemcpy
                    0.15%  291.10us         3  97.033us  16.000us  254.20us  cudaFree
                    0.12%  224.70us        97  2.3160us     100ns  85.800us  cuDeviceGetAttribute
                    0.06%  119.00us         1  119.00us  119.00us  119.00us  cuModuleUnload
                    0.02%  44.200us         1  44.200us  44.200us  44.200us  cudaLaunchKernel
                    0.01%  15.700us         1  15.700us  15.700us  15.700us  cuDeviceTotalMem
                    0.00%  9.2000us         1  9.2000us  9.2000us  9.2000us  cuDeviceGetPCIBusId
                    0.00%  1.4000us         3     466ns     200ns     900ns  cuDeviceGetCount
                    0.00%  1.0000us         2     500ns     200ns     800ns  cuDeviceGet
                    0.00%     600ns         1     600ns     600ns     600ns  cuDeviceGetName
                    0.00%     300ns         1     300ns     300ns     300ns  cuDeviceGetLuid
                    0.00%     300ns         1     300ns     300ns     300ns  cudaGetLastError
                    0.00%     200ns         1     200ns     200ns     200ns  cuDeviceGetUuid
