==16460== NVPROF is profiling process 16460, command: ..\test.exe 471
==16460== Profiling application: ..\test.exe 471
==16460== Profiling result:
            Type  Time(%)      Time     Calls       Avg       Min       Max  Name
 GPU activities:   64.99%  63.808us         2  31.904us  31.808us  32.000us  [CUDA memcpy HtoD]
                   30.93%  30.369us         1  30.369us  30.369us  30.369us  [CUDA memcpy DtoH]
                    4.07%  4.0000us         1  4.0000us  4.0000us  4.0000us  vectorAdd(float const *, float const *, float*, int)
      API calls:   77.76%  149.31ms         3  49.770ms  5.1000us  149.29ms  cudaMalloc
                   21.68%  41.632ms         1  41.632ms  41.632ms  41.632ms  cuDevicePrimaryCtxRelease
                    0.22%  428.20us         3  142.73us  52.200us  243.20us  cudaMemcpy
                    0.14%  264.50us         3  88.166us  7.7000us  224.90us  cudaFree
                    0.08%  151.50us        97  1.5610us     100ns  70.600us  cuDeviceGetAttribute
                    0.07%  138.50us         1  138.50us  138.50us  138.50us  cuModuleUnload
                    0.02%  44.000us         1  44.000us  44.000us  44.000us  cudaLaunchKernel
                    0.01%  28.300us         1  28.300us  28.300us  28.300us  cuDeviceTotalMem
                    0.01%  12.000us         1  12.000us  12.000us  12.000us  cuDeviceGetPCIBusId
                    0.00%  2.3000us         3     766ns     200ns  1.2000us  cuDeviceGetCount
                    0.00%  1.8000us         2     900ns     200ns  1.6000us  cuDeviceGet
                    0.00%     600ns         1     600ns     600ns     600ns  cuDeviceGetName
                    0.00%     300ns         1     300ns     300ns     300ns  cuDeviceGetUuid
                    0.00%     300ns         1     300ns     300ns     300ns  cuDeviceGetLuid
                    0.00%     300ns         1     300ns     300ns     300ns  cudaGetLastError
