==4220== NVPROF is profiling process 4220, command: ..\test.exe 61
==4220== Profiling application: ..\test.exe 61
==4220== Profiling result:
            Type  Time(%)      Time     Calls       Avg       Min       Max  Name
 GPU activities:   67.70%  73.121us         2  36.560us  31.744us  41.377us  [CUDA memcpy HtoD]
                   28.03%  30.272us         1  30.272us  30.272us  30.272us  [CUDA memcpy DtoH]
                    4.27%  4.6080us         1  4.6080us  4.6080us  4.6080us  vectorAdd(float const *, float const *, float*, int)
      API calls:   77.94%  148.87ms         3  49.623ms  4.8000us  148.85ms  cudaMalloc
                   21.50%  41.076ms         1  41.076ms  41.076ms  41.076ms  cuDevicePrimaryCtxRelease
                    0.21%  409.50us         3  136.50us  71.800us  224.20us  cudaMemcpy
                    0.12%  237.20us         3  79.066us  7.4000us  197.50us  cudaFree
                    0.11%  206.60us        97  2.1290us     100ns  84.700us  cuDeviceGetAttribute
                    0.05%  99.600us         1  99.600us  99.600us  99.600us  cuModuleUnload
                    0.03%  64.100us         1  64.100us  64.100us  64.100us  cudaLaunchKernel
                    0.02%  39.000us         1  39.000us  39.000us  39.000us  cuDeviceTotalMem
                    0.00%  8.9000us         1  8.9000us  8.9000us  8.9000us  cuDeviceGetPCIBusId
                    0.00%  1.5000us         3     500ns     200ns     900ns  cuDeviceGetCount
                    0.00%  1.4000us         2     700ns     200ns  1.2000us  cuDeviceGet
                    0.00%  1.3000us         1  1.3000us  1.3000us  1.3000us  cuDeviceGetName
                    0.00%     300ns         1     300ns     300ns     300ns  cuDeviceGetUuid
                    0.00%     200ns         1     200ns     200ns     200ns  cuDeviceGetLuid
                    0.00%     200ns         1     200ns     200ns     200ns  cudaGetLastError
