==14708== NVPROF is profiling process 14708, command: ..\test.exe 371
==14708== Profiling application: ..\test.exe 371
==14708== Profiling result:
            Type  Time(%)      Time     Calls       Avg       Min       Max  Name
 GPU activities:   62.35%  87.649us         2  43.824us  41.152us  46.497us  [CUDA memcpy HtoD]
                   34.83%  48.961us         1  48.961us  48.961us  48.961us  [CUDA memcpy DtoH]
                    2.82%  3.9680us         1  3.9680us  3.9680us  3.9680us  vectorAdd(float const *, float const *, float*, int)
      API calls:   78.19%  150.66ms         3  50.221ms  5.7000us  150.63ms  cudaMalloc
                   21.24%  40.923ms         1  40.923ms  40.923ms  40.923ms  cuDevicePrimaryCtxRelease
                    0.24%  457.50us         3  152.50us  53.400us  232.20us  cudaMemcpy
                    0.13%  256.80us         3  85.600us  7.6000us  222.40us  cudaFree
                    0.10%  191.80us        97  1.9770us     100ns  86.200us  cuDeviceGetAttribute
                    0.05%  96.700us         1  96.700us  96.700us  96.700us  cuModuleUnload
                    0.03%  61.500us         1  61.500us  61.500us  61.500us  cudaLaunchKernel
                    0.02%  35.300us         1  35.300us  35.300us  35.300us  cuDeviceTotalMem
                    0.00%  9.4000us         1  9.4000us  9.4000us  9.4000us  cuDeviceGetPCIBusId
                    0.00%  1.5000us         3     500ns     200ns  1.0000us  cuDeviceGetCount
                    0.00%  1.1000us         2     550ns     200ns     900ns  cuDeviceGet
                    0.00%  1.0000us         1  1.0000us  1.0000us  1.0000us  cuDeviceGetName
                    0.00%     400ns         1     400ns     400ns     400ns  cuDeviceGetLuid
                    0.00%     300ns         1     300ns     300ns     300ns  cuDeviceGetUuid
                    0.00%     200ns         1     200ns     200ns     200ns  cudaGetLastError
