==18932== NVPROF is profiling process 18932, command: ..\test.exe 321
==18932== Profiling application: ..\test.exe 321
==18932== Profiling result:
            Type  Time(%)      Time     Calls       Avg       Min       Max  Name
 GPU activities:   70.43%  82.561us         2  41.280us  32.001us  50.560us  [CUDA memcpy HtoD]
                   25.91%  30.368us         1  30.368us  30.368us  30.368us  [CUDA memcpy DtoH]
                    3.66%  4.2880us         1  4.2880us  4.2880us  4.2880us  vectorAdd(float const *, float const *, float*, int)
      API calls:   78.67%  146.46ms         3  48.821ms  5.2000us  146.45ms  cudaMalloc
                   20.74%  38.607ms         1  38.607ms  38.607ms  38.607ms  cuDevicePrimaryCtxRelease
                    0.25%  467.60us         3  155.87us  79.800us  219.80us  cudaMemcpy
                    0.12%  229.00us         3  76.333us  7.6000us  207.50us  cudaFree
                    0.11%  211.40us        97  2.1790us     100ns  79.100us  cuDeviceGetAttribute
                    0.06%  111.30us         1  111.30us  111.30us  111.30us  cuModuleUnload
                    0.02%  41.100us         1  41.100us  41.100us  41.100us  cudaLaunchKernel
                    0.02%  36.800us         1  36.800us  36.800us  36.800us  cuDeviceTotalMem
                    0.00%  8.9000us         1  8.9000us  8.9000us  8.9000us  cuDeviceGetPCIBusId
                    0.00%  1.3000us         3     433ns     200ns     700ns  cuDeviceGetCount
                    0.00%     900ns         2     450ns     200ns     700ns  cuDeviceGet
                    0.00%     800ns         1     800ns     800ns     800ns  cuDeviceGetName
                    0.00%     300ns         1     300ns     300ns     300ns  cuDeviceGetLuid
                    0.00%     300ns         1     300ns     300ns     300ns  cudaGetLastError
                    0.00%     200ns         1     200ns     200ns     200ns  cuDeviceGetUuid
