==8188== NVPROF is profiling process 8188, command: ..\test.exe 131
==8188== Profiling application: ..\test.exe 131
==8188== Profiling result:
            Type  Time(%)      Time     Calls       Avg       Min       Max  Name
 GPU activities:   64.90%  63.840us         2  31.920us  31.840us  32.000us  [CUDA memcpy HtoD]
                   30.81%  30.304us         1  30.304us  30.304us  30.304us  [CUDA memcpy DtoH]
                    4.29%  4.2240us         1  4.2240us  4.2240us  4.2240us  vectorAdd(float const *, float const *, float*, int)
      API calls:   77.07%  149.66ms         3  49.887ms  5.1000us  149.64ms  cudaMalloc
                   22.44%  43.575ms         1  43.575ms  43.575ms  43.575ms  cuDevicePrimaryCtxRelease
                    0.21%  415.70us         3  138.57us  81.400us  205.20us  cudaMemcpy
                    0.12%  240.10us         3  80.033us  7.4000us  215.50us  cudaFree
                    0.09%  168.40us        97  1.7360us     100ns  65.700us  cuDeviceGetAttribute
                    0.04%  70.800us         1  70.800us  70.800us  70.800us  cuModuleUnload
                    0.02%  34.400us         1  34.400us  34.400us  34.400us  cudaLaunchKernel
                    0.01%  14.900us         1  14.900us  14.900us  14.900us  cuDeviceTotalMem
                    0.00%  9.1000us         1  9.1000us  9.1000us  9.1000us  cuDeviceGetPCIBusId
                    0.00%  1.9000us         3     633ns     200ns     900ns  cuDeviceGetCount
                    0.00%  1.5000us         2     750ns     300ns  1.2000us  cuDeviceGet
                    0.00%     700ns         1     700ns     700ns     700ns  cuDeviceGetName
                    0.00%     400ns         1     400ns     400ns     400ns  cuDeviceGetLuid
                    0.00%     300ns         1     300ns     300ns     300ns  cuDeviceGetUuid
                    0.00%     300ns         1     300ns     300ns     300ns  cudaGetLastError
