==17368== NVPROF is profiling process 17368, command: ..\test.exe 351
==17368== Profiling application: ..\test.exe 351
==17368== Profiling result:
            Type  Time(%)      Time     Calls       Avg       Min       Max  Name
 GPU activities:   68.02%  73.248us         2  36.624us  32.000us  41.248us  [CUDA memcpy HtoD]
                   28.20%  30.369us         1  30.369us  30.369us  30.369us  [CUDA memcpy DtoH]
                    3.77%  4.0640us         1  4.0640us  4.0640us  4.0640us  vectorAdd(float const *, float const *, float*, int)
      API calls:   78.03%  150.28ms         3  50.093ms  8.0000us  150.25ms  cudaMalloc
                   21.34%  41.103ms         1  41.103ms  41.103ms  41.103ms  cuDevicePrimaryCtxRelease
                    0.28%  545.20us         3  181.73us  75.200us  241.20us  cudaMemcpy
                    0.13%  257.90us         3  85.966us  7.3000us  236.30us  cudaFree
                    0.11%  218.80us        97  2.2550us     100ns  82.000us  cuDeviceGetAttribute
                    0.05%  89.300us         1  89.300us  89.300us  89.300us  cuModuleUnload
                    0.03%  55.000us         1  55.000us  55.000us  55.000us  cudaLaunchKernel
                    0.01%  19.400us         1  19.400us  19.400us  19.400us  cuDeviceTotalMem
                    0.00%  8.5000us         1  8.5000us  8.5000us  8.5000us  cuDeviceGetPCIBusId
                    0.00%  1.6000us         3     533ns     300ns  1.0000us  cuDeviceGetCount
                    0.00%  1.3000us         2     650ns     300ns  1.0000us  cuDeviceGet
                    0.00%     700ns         1     700ns     700ns     700ns  cuDeviceGetName
                    0.00%     400ns         1     400ns     400ns     400ns  cuDeviceGetLuid
                    0.00%     300ns         1     300ns     300ns     300ns  cuDeviceGetUuid
                    0.00%     200ns         1     200ns     200ns     200ns  cudaGetLastError
