==17164== NVPROF is profiling process 17164, command: ..\test.exe 611
==17164== Profiling application: ..\test.exe 611
==17164== Profiling result:
            Type  Time(%)      Time     Calls       Avg       Min       Max  Name
 GPU activities:   67.95%  73.344us         2  36.672us  32.096us  41.248us  [CUDA memcpy HtoD]
                   28.11%  30.337us         1  30.337us  30.337us  30.337us  [CUDA memcpy DtoH]
                    3.94%  4.2560us         1  4.2560us  4.2560us  4.2560us  vectorAdd(float const *, float const *, float*, int)
      API calls:   78.72%  153.59ms         3  51.197ms  5.0000us  153.56ms  cudaMalloc
                   20.76%  40.502ms         1  40.502ms  40.502ms  40.502ms  cuDevicePrimaryCtxRelease
                    0.23%  439.20us         3  146.40us  102.50us  182.00us  cudaMemcpy
                    0.12%  224.50us        97  2.3140us     100ns  92.300us  cuDeviceGetAttribute
                    0.11%  207.20us         3  69.066us  7.4000us  181.90us  cudaFree
                    0.04%  72.600us         1  72.600us  72.600us  72.600us  cuModuleUnload
                    0.02%  32.000us         1  32.000us  32.000us  32.000us  cudaLaunchKernel
                    0.01%  21.400us         1  21.400us  21.400us  21.400us  cuDeviceGetPCIBusId
                    0.01%  20.700us         1  20.700us  20.700us  20.700us  cuDeviceTotalMem
                    0.00%  3.0000us         2  1.5000us     900ns  2.1000us  cuDeviceGet
                    0.00%  2.2000us         3     733ns     200ns  1.1000us  cuDeviceGetCount
                    0.00%  1.1000us         1  1.1000us  1.1000us  1.1000us  cuDeviceGetName
                    0.00%     300ns         1     300ns     300ns     300ns  cuDeviceGetUuid
                    0.00%     300ns         1     300ns     300ns     300ns  cuDeviceGetLuid
                    0.00%     300ns         1     300ns     300ns     300ns  cudaGetLastError
