==19088== NVPROF is profiling process 19088, command: ..\test.exe 21
==19088== Profiling application: ..\test.exe 21
==19088== Profiling result:
            Type  Time(%)      Time     Calls       Avg       Min       Max  Name
 GPU activities:   65.66%  82.305us         2  41.152us  41.025us  41.280us  [CUDA memcpy HtoD]
                   24.18%  30.304us         1  30.304us  30.304us  30.304us  [CUDA memcpy DtoH]
                   10.16%  12.736us         1  12.736us  12.736us  12.736us  vectorAdd(float const *, float const *, float*, int)
      API calls:   77.20%  150.61ms         3  50.202ms  4.8000us  150.59ms  cudaMalloc
                   22.17%  43.241ms         1  43.241ms  43.241ms  43.241ms  cuDevicePrimaryCtxRelease
                    0.24%  475.50us         3  158.50us  60.400us  286.30us  cudaMemcpy
                    0.15%  302.30us         3  100.77us  8.1000us  253.30us  cudaFree
                    0.10%  202.50us        97  2.0870us     100ns  81.900us  cuDeviceGetAttribute
                    0.07%  137.10us         1  137.10us  137.10us  137.10us  cuModuleUnload
                    0.03%  56.600us         1  56.600us  56.600us  56.600us  cuDeviceTotalMem
                    0.02%  48.400us         1  48.400us  48.400us  48.400us  cudaLaunchKernel
                    0.00%  8.5000us         1  8.5000us  8.5000us  8.5000us  cuDeviceGetPCIBusId
                    0.00%  1.4000us         3     466ns     200ns     900ns  cuDeviceGetCount
                    0.00%  1.0000us         2     500ns     100ns     900ns  cuDeviceGet
                    0.00%     700ns         1     700ns     700ns     700ns  cuDeviceGetName
                    0.00%     400ns         1     400ns     400ns     400ns  cuDeviceGetLuid
                    0.00%     300ns         1     300ns     300ns     300ns  cudaGetLastError
                    0.00%     200ns         1     200ns     200ns     200ns  cuDeviceGetUuid
