==20200== NVPROF is profiling process 20200, command: ..\test.exe 991
==20200== Profiling application: ..\test.exe 991
==20200== Profiling result:
            Type  Time(%)      Time     Calls       Avg       Min       Max  Name
 GPU activities:   70.38%  82.273us         2  41.136us  41.088us  41.185us  [CUDA memcpy HtoD]
                   25.92%  30.304us         1  30.304us  30.304us  30.304us  [CUDA memcpy DtoH]
                    3.70%  4.3200us         1  4.3200us  4.3200us  4.3200us  vectorAdd(float const *, float const *, float*, int)
      API calls:   78.06%  156.34ms         3  52.112ms  5.2000us  156.31ms  cudaMalloc
                   21.38%  42.821ms         1  42.821ms  42.821ms  42.821ms  cuDevicePrimaryCtxRelease
                    0.22%  443.60us         3  147.87us  84.600us  253.30us  cudaMemcpy
                    0.14%  271.70us         3  90.566us  7.2000us  250.90us  cudaFree
                    0.11%  226.20us        97  2.3310us     100ns  94.400us  cuDeviceGetAttribute
                    0.05%  96.600us         1  96.600us  96.600us  96.600us  cuModuleUnload
                    0.02%  42.400us         1  42.400us  42.400us  42.400us  cudaLaunchKernel
                    0.02%  37.000us         1  37.000us  37.000us  37.000us  cuDeviceTotalMem
                    0.00%  9.2000us         1  9.2000us  9.2000us  9.2000us  cuDeviceGetPCIBusId
                    0.00%  1.4000us         3     466ns     200ns     900ns  cuDeviceGetCount
                    0.00%     900ns         2     450ns     200ns     700ns  cuDeviceGet
                    0.00%     800ns         1     800ns     800ns     800ns  cuDeviceGetName
                    0.00%     300ns         1     300ns     300ns     300ns  cuDeviceGetLuid
                    0.00%     200ns         1     200ns     200ns     200ns  cuDeviceGetUuid
                    0.00%     200ns         1     200ns     200ns     200ns  cudaGetLastError
