==22296== NVPROF is profiling process 22296, command: ..\test.exe 831
==22296== Profiling application: ..\test.exe 831
==22296== Profiling result:
            Type  Time(%)      Time     Calls       Avg       Min       Max  Name
 GPU activities:   67.66%  73.184us         2  36.592us  32.000us  41.184us  [CUDA memcpy HtoD]
                   28.08%  30.368us         1  30.368us  30.368us  30.368us  [CUDA memcpy DtoH]
                    4.26%  4.6080us         1  4.6080us  4.6080us  4.6080us  vectorAdd(float const *, float const *, float*, int)
      API calls:   76.21%  153.82ms         3  51.273ms  5.4000us  153.80ms  cudaMalloc
                   23.22%  46.860ms         1  46.860ms  46.860ms  46.860ms  cuDevicePrimaryCtxRelease
                    0.24%  486.00us         3  162.00us  93.100us  235.80us  cudaMemcpy
                    0.12%  251.70us         3  83.900us  7.8000us  226.10us  cudaFree
                    0.11%  216.80us        97  2.2350us     100ns  71.200us  cuDeviceGetAttribute
                    0.06%  128.50us         1  128.50us  128.50us  128.50us  cuModuleUnload
                    0.02%  33.600us         1  33.600us  33.600us  33.600us  cudaLaunchKernel
                    0.01%  17.100us         1  17.100us  17.100us  17.100us  cuDeviceTotalMem
                    0.00%  9.3000us         1  9.3000us  9.3000us  9.3000us  cuDeviceGetPCIBusId
                    0.00%  1.4000us         3     466ns     200ns     900ns  cuDeviceGetCount
                    0.00%  1.0000us         2     500ns     200ns     800ns  cuDeviceGet
                    0.00%     700ns         1     700ns     700ns     700ns  cuDeviceGetName
                    0.00%     300ns         1     300ns     300ns     300ns  cuDeviceGetUuid
                    0.00%     300ns         1     300ns     300ns     300ns  cuDeviceGetLuid
                    0.00%     300ns         1     300ns     300ns     300ns  cudaGetLastError
