==7940== NVPROF is profiling process 7940, command: ..\test.exe 271
==7940== Profiling application: ..\test.exe 271
==7940== Profiling result:
            Type  Time(%)      Time     Calls       Avg       Min       Max  Name
 GPU activities:   65.11%  63.905us         2  31.952us  31.872us  32.033us  [CUDA memcpy HtoD]
                   30.94%  30.368us         1  30.368us  30.368us  30.368us  [CUDA memcpy DtoH]
                    3.95%  3.8720us         1  3.8720us  3.8720us  3.8720us  vectorAdd(float const *, float const *, float*, int)
      API calls:   77.66%  149.57ms         3  49.856ms  5.2000us  149.55ms  cudaMalloc
                   21.83%  42.045ms         1  42.045ms  42.045ms  42.045ms  cuDevicePrimaryCtxRelease
                    0.21%  399.60us         3  133.20us  69.100us  204.20us  cudaMemcpy
                    0.13%  242.00us        97  2.4940us     100ns  85.900us  cuDeviceGetAttribute
                    0.10%  191.40us         3  63.800us  8.1000us  161.60us  cudaFree
                    0.04%  84.900us         1  84.900us  84.900us  84.900us  cuModuleUnload
                    0.02%  33.300us         1  33.300us  33.300us  33.300us  cudaLaunchKernel
                    0.01%  16.500us         1  16.500us  16.500us  16.500us  cuDeviceTotalMem
                    0.00%  8.9000us         1  8.9000us  8.9000us  8.9000us  cuDeviceGetPCIBusId
                    0.00%  1.4000us         3     466ns     200ns     900ns  cuDeviceGetCount
                    0.00%  1.0000us         2     500ns     200ns     800ns  cuDeviceGet
                    0.00%     700ns         1     700ns     700ns     700ns  cuDeviceGetName
                    0.00%     400ns         1     400ns     400ns     400ns  cudaGetLastError
                    0.00%     300ns         1     300ns     300ns     300ns  cuDeviceGetLuid
                    0.00%     200ns         1     200ns     200ns     200ns  cuDeviceGetUuid
