==20340== NVPROF is profiling process 20340, command: ..\test.exe 1021
==20340== Profiling application: ..\test.exe 1021
==20340== Profiling result:
            Type  Time(%)      Time     Calls       Avg       Min       Max  Name
 GPU activities:   71.78%  88.162us         2  44.081us  44.001us  44.161us  [CUDA memcpy HtoD]
                   24.73%  30.368us         1  30.368us  30.368us  30.368us  [CUDA memcpy DtoH]
                    3.49%  4.2880us         1  4.2880us  4.2880us  4.2880us  vectorAdd(float const *, float const *, float*, int)
      API calls:   77.87%  152.63ms         3  50.878ms  6.9000us  152.61ms  cudaMalloc
                   21.42%  41.979ms         1  41.979ms  41.979ms  41.979ms  cuDevicePrimaryCtxRelease
                    0.31%  615.50us         3  205.17us  93.500us  324.70us  cudaMemcpy
                    0.17%  331.70us         3  110.57us  8.0000us  284.70us  cudaFree
                    0.10%  198.10us        97  2.0420us     100ns  71.800us  cuDeviceGetAttribute
                    0.08%  159.20us         1  159.20us  159.20us  159.20us  cuModuleUnload
                    0.03%  52.300us         1  52.300us  52.300us  52.300us  cudaLaunchKernel
                    0.01%  17.300us         1  17.300us  17.300us  17.300us  cuDeviceTotalMem
                    0.00%  9.2000us         1  9.2000us  9.2000us  9.2000us  cuDeviceGetPCIBusId
                    0.00%  1.5000us         3     500ns     200ns  1.0000us  cuDeviceGetCount
                    0.00%  1.2000us         2     600ns     200ns  1.0000us  cuDeviceGet
                    0.00%     800ns         1     800ns     800ns     800ns  cuDeviceGetName
                    0.00%     300ns         1     300ns     300ns     300ns  cuDeviceGetLuid
                    0.00%     300ns         1     300ns     300ns     300ns  cudaGetLastError
                    0.00%     200ns         1     200ns     200ns     200ns  cuDeviceGetUuid
