==6292== NVPROF is profiling process 6292, command: ..\test.exe 291
==6292== Profiling application: ..\test.exe 291
==6292== Profiling result:
            Type  Time(%)      Time     Calls       Avg       Min       Max  Name
 GPU activities:   65.02%  63.936us         2  31.968us  31.840us  32.096us  [CUDA memcpy HtoD]
                   30.85%  30.336us         1  30.336us  30.336us  30.336us  [CUDA memcpy DtoH]
                    4.13%  4.0640us         1  4.0640us  4.0640us  4.0640us  vectorAdd(float const *, float const *, float*, int)
      API calls:   78.22%  152.90ms         3  50.968ms  5.0000us  152.89ms  cudaMalloc
                   21.22%  41.485ms         1  41.485ms  41.485ms  41.485ms  cuDevicePrimaryCtxRelease
                    0.22%  421.70us         3  140.57us  51.800us  236.10us  cudaMemcpy
                    0.14%  283.10us         3  94.366us  7.7000us  257.00us  cudaFree
                    0.12%  229.70us        97  2.3680us     100ns  99.000us  cuDeviceGetAttribute
                    0.05%  99.700us         1  99.700us  99.700us  99.700us  cuModuleUnload
                    0.02%  29.700us         1  29.700us  29.700us  29.700us  cudaLaunchKernel
                    0.01%  18.800us         1  18.800us  18.800us  18.800us  cuDeviceTotalMem
                    0.00%  8.7000us         1  8.7000us  8.7000us  8.7000us  cuDeviceGetPCIBusId
                    0.00%  1.8000us         3     600ns     200ns  1.2000us  cuDeviceGetCount
                    0.00%  1.0000us         2     500ns     200ns     800ns  cuDeviceGet
                    0.00%     800ns         1     800ns     800ns     800ns  cuDeviceGetName
                    0.00%     800ns         1     800ns     800ns     800ns  cuDeviceGetLuid
                    0.00%     300ns         1     300ns     300ns     300ns  cudaGetLastError
                    0.00%     200ns         1     200ns     200ns     200ns  cuDeviceGetUuid
