==17020== NVPROF is profiling process 17020, command: ..\test.exe 621
==17020== Profiling application: ..\test.exe 621
==17020== Profiling result:
            Type  Time(%)      Time     Calls       Avg       Min       Max  Name
 GPU activities:   70.56%  82.433us         2  41.216us  41.153us  41.280us  [CUDA memcpy HtoD]
                   25.97%  30.336us         1  30.336us  30.336us  30.336us  [CUDA memcpy DtoH]
                    3.48%  4.0650us         1  4.0650us  4.0650us  4.0650us  vectorAdd(float const *, float const *, float*, int)
      API calls:   76.86%  148.30ms         3  49.434ms  4.8000us  148.29ms  cudaMalloc
                   22.63%  43.654ms         1  43.654ms  43.654ms  43.654ms  cuDevicePrimaryCtxRelease
                    0.24%  458.00us         3  152.67us  55.000us  262.60us  cudaMemcpy
                    0.10%  192.70us         3  64.233us  7.5000us  169.50us  cudaFree
                    0.08%  151.90us        97  1.5650us     100ns  70.800us  cuDeviceGetAttribute
                    0.05%  95.500us         1  95.500us  95.500us  95.500us  cuModuleUnload
                    0.02%  32.500us         1  32.500us  32.500us  32.500us  cuDeviceTotalMem
                    0.01%  27.000us         1  27.000us  27.000us  27.000us  cudaLaunchKernel
                    0.01%  19.800us         2  9.9000us     100ns  19.700us  cuDeviceGet
                    0.00%  8.8000us         1  8.8000us  8.8000us  8.8000us  cuDeviceGetPCIBusId
                    0.00%  1.8000us         3     600ns     200ns  1.0000us  cuDeviceGetCount
                    0.00%     600ns         1     600ns     600ns     600ns  cuDeviceGetName
                    0.00%     300ns         1     300ns     300ns     300ns  cuDeviceGetLuid
                    0.00%     200ns         1     200ns     200ns     200ns  cuDeviceGetUuid
                    0.00%     200ns         1     200ns     200ns     200ns  cudaGetLastError
