==16676== NVPROF is profiling process 16676, command: ..\test.exe 381
==16676== Profiling application: ..\test.exe 381
==16676== Profiling result:
            Type  Time(%)      Time     Calls       Avg       Min       Max  Name
 GPU activities:   61.65%  82.560us         2  41.280us  41.088us  41.472us  [CUDA memcpy HtoD]
                   35.44%  47.457us         1  47.457us  47.457us  47.457us  [CUDA memcpy DtoH]
                    2.92%  3.9040us         1  3.9040us  3.9040us  3.9040us  vectorAdd(float const *, float const *, float*, int)
      API calls:   78.15%  148.34ms         3  49.448ms  5.1000us  148.33ms  cudaMalloc
                   21.29%  40.403ms         1  40.403ms  40.403ms  40.403ms  cuDevicePrimaryCtxRelease
                    0.24%  458.50us         3  152.83us  56.800us  275.50us  cudaMemcpy
                    0.12%  235.50us         3  78.500us  16.200us  198.40us  cudaFree
                    0.09%  168.00us        97  1.7310us     100ns  78.900us  cuDeviceGetAttribute
                    0.08%  143.50us         1  143.50us  143.50us  143.50us  cuModuleUnload
                    0.01%  28.400us         1  28.400us  28.400us  28.400us  cudaLaunchKernel
                    0.01%  16.700us         1  16.700us  16.700us  16.700us  cuDeviceTotalMem
                    0.00%  8.7000us         1  8.7000us  8.7000us  8.7000us  cuDeviceGetPCIBusId
                    0.00%  2.1000us         2  1.0500us     200ns  1.9000us  cuDeviceGet
                    0.00%  1.7000us         3     566ns     200ns     800ns  cuDeviceGetCount
                    0.00%     700ns         1     700ns     700ns     700ns  cuDeviceGetName
                    0.00%     300ns         1     300ns     300ns     300ns  cuDeviceGetUuid
                    0.00%     300ns         1     300ns     300ns     300ns  cuDeviceGetLuid
                    0.00%     300ns         1     300ns     300ns     300ns  cudaGetLastError
