==17960== NVPROF is profiling process 17960, command: ..\test.exe 491
==17960== Profiling application: ..\test.exe 491
==17960== Profiling result:
            Type  Time(%)      Time     Calls       Avg       Min       Max  Name
 GPU activities:   68.08%  73.025us         2  36.512us  31.936us  41.089us  [CUDA memcpy HtoD]
                   28.25%  30.304us         1  30.304us  30.304us  30.304us  [CUDA memcpy DtoH]
                    3.67%  3.9360us         1  3.9360us  3.9360us  3.9360us  vectorAdd(float const *, float const *, float*, int)
      API calls:   78.38%  149.43ms         3  49.810ms  4.5000us  149.42ms  cudaMalloc
                   21.06%  40.154ms         1  40.154ms  40.154ms  40.154ms  cuDevicePrimaryCtxRelease
                    0.20%  390.80us         3  130.27us  57.100us  208.20us  cudaMemcpy
                    0.11%  215.00us         3  71.666us  7.0000us  194.10us  cudaFree
                    0.11%  205.80us        97  2.1210us     100ns  85.300us  cuDeviceGetAttribute
                    0.07%  134.70us         1  134.70us  134.70us  134.70us  cuModuleUnload
                    0.03%  58.200us         1  58.200us  58.200us  58.200us  cudaLaunchKernel
                    0.03%  55.100us         1  55.100us  55.100us  55.100us  cuDeviceTotalMem
                    0.00%  9.1000us         1  9.1000us  9.1000us  9.1000us  cuDeviceGetPCIBusId
                    0.00%  1.8000us         3     600ns     200ns  1.2000us  cuDeviceGetCount
                    0.00%  1.7000us         2     850ns     100ns  1.6000us  cuDeviceGet
                    0.00%     700ns         1     700ns     700ns     700ns  cuDeviceGetName
                    0.00%     400ns         1     400ns     400ns     400ns  cuDeviceGetLuid
                    0.00%     200ns         1     200ns     200ns     200ns  cuDeviceGetUuid
                    0.00%     200ns         1     200ns     200ns     200ns  cudaGetLastError
