==20012== NVPROF is profiling process 20012, command: ..\test.exe 661
==20012== Profiling application: ..\test.exe 661
==20012== Profiling result:
            Type  Time(%)      Time     Calls       Avg       Min       Max  Name
 GPU activities:   67.96%  73.153us         2  36.576us  32.161us  40.992us  [CUDA memcpy HtoD]
                   28.15%  30.304us         1  30.304us  30.304us  30.304us  [CUDA memcpy DtoH]
                    3.89%  4.1920us         1  4.1920us  4.1920us  4.1920us  vectorAdd(float const *, float const *, float*, int)
      API calls:   77.71%  144.91ms         3  48.305ms  9.2000us  144.89ms  cudaMalloc
                   21.70%  40.469ms         1  40.469ms  40.469ms  40.469ms  cuDevicePrimaryCtxRelease
                    0.22%  417.30us         3  139.10us  56.400us  234.80us  cudaMemcpy
                    0.16%  294.70us        97  3.0380us     100ns  172.90us  cuDeviceGetAttribute
                    0.11%  214.00us         3  71.333us  7.2000us  193.00us  cudaFree
                    0.05%  91.400us         1  91.400us  91.400us  91.400us  cuModuleUnload
                    0.02%  40.900us         1  40.900us  40.900us  40.900us  cudaLaunchKernel
                    0.02%  37.200us         1  37.200us  37.200us  37.200us  cuDeviceTotalMem
                    0.00%  8.3000us         1  8.3000us  8.3000us  8.3000us  cuDeviceGetPCIBusId
                    0.00%  1.5000us         2     750ns     200ns  1.3000us  cuDeviceGet
                    0.00%  1.1000us         3     366ns     200ns     600ns  cuDeviceGetCount
                    0.00%     900ns         1     900ns     900ns     900ns  cuDeviceGetName
                    0.00%     700ns         1     700ns     700ns     700ns  cuDeviceGetLuid
                    0.00%     300ns         1     300ns     300ns     300ns  cuDeviceGetUuid
                    0.00%     300ns         1     300ns     300ns     300ns  cudaGetLastError
