==23340== NVPROF is profiling process 23340, command: ..\test.exe 411
==23340== Profiling application: ..\test.exe 411
==23340== Profiling result:
            Type  Time(%)      Time     Calls       Avg       Min       Max  Name
 GPU activities:   64.76%  63.745us         2  31.872us  31.777us  31.968us  [CUDA memcpy HtoD]
                   30.88%  30.400us         1  30.400us  30.400us  30.400us  [CUDA memcpy DtoH]
                    4.36%  4.2880us         1  4.2880us  4.2880us  4.2880us  vectorAdd(float const *, float const *, float*, int)
      API calls:   77.94%  150.90ms         3  50.300ms  5.0000us  150.87ms  cudaMalloc
                   21.50%  41.629ms         1  41.629ms  41.629ms  41.629ms  cuDevicePrimaryCtxRelease
                    0.25%  476.00us         3  158.67us  123.80us  224.40us  cudaMemcpy
                    0.11%  215.30us         3  71.766us  7.6000us  174.00us  cudaFree
                    0.11%  204.90us        97  2.1120us     100ns  82.400us  cuDeviceGetAttribute
                    0.05%  101.10us         1  101.10us  101.10us  101.10us  cuModuleUnload
                    0.02%  37.400us         1  37.400us  37.400us  37.400us  cuDeviceTotalMem
                    0.02%  29.100us         1  29.100us  29.100us  29.100us  cudaLaunchKernel
                    0.00%  9.2000us         1  9.2000us  9.2000us  9.2000us  cuDeviceGetPCIBusId
                    0.00%  1.6000us         3     533ns     300ns  1.0000us  cuDeviceGetCount
                    0.00%     900ns         2     450ns     100ns     800ns  cuDeviceGet
                    0.00%     800ns         1     800ns     800ns     800ns  cuDeviceGetName
                    0.00%     400ns         1     400ns     400ns     400ns  cuDeviceGetLuid
                    0.00%     300ns         1     300ns     300ns     300ns  cuDeviceGetUuid
                    0.00%     300ns         1     300ns     300ns     300ns  cudaGetLastError
