==22652== NVPROF is profiling process 22652, command: ..\test.exe 731
==22652== Profiling application: ..\test.exe 731
==22652== Profiling result:
            Type  Time(%)      Time     Calls       Avg       Min       Max  Name
 GPU activities:   67.56%  73.185us         2  36.592us  31.841us  41.344us  [CUDA memcpy HtoD]
                   27.98%  30.304us         1  30.304us  30.304us  30.304us  [CUDA memcpy DtoH]
                    4.46%  4.8320us         1  4.8320us  4.8320us  4.8320us  vectorAdd(float const *, float const *, float*, int)
      API calls:   76.55%  148.79ms         3  49.598ms  5.1000us  148.78ms  cudaMalloc
                   22.89%  44.495ms         1  44.495ms  44.495ms  44.495ms  cuDevicePrimaryCtxRelease
                    0.22%  423.60us         3  141.20us  49.100us  242.90us  cudaMemcpy
                    0.13%  257.20us         3  85.733us  7.3000us  235.60us  cudaFree
                    0.10%  192.60us        97  1.9850us     100ns  83.800us  cuDeviceGetAttribute
                    0.07%  139.20us         1  139.20us  139.20us  139.20us  cuModuleUnload
                    0.02%  35.900us         1  35.900us  35.900us  35.900us  cuDeviceTotalMem
                    0.02%  29.400us         1  29.400us  29.400us  29.400us  cudaLaunchKernel
                    0.00%  9.0000us         1  9.0000us  9.0000us  9.0000us  cuDeviceGetPCIBusId
                    0.00%  1.5000us         3     500ns     200ns  1.0000us  cuDeviceGetCount
                    0.00%  1.0000us         2     500ns     200ns     800ns  cuDeviceGet
                    0.00%     800ns         1     800ns     800ns     800ns  cuDeviceGetName
                    0.00%     300ns         1     300ns     300ns     300ns  cuDeviceGetLuid
                    0.00%     300ns         1     300ns     300ns     300ns  cudaGetLastError
                    0.00%     200ns         1     200ns     200ns     200ns  cuDeviceGetUuid
