==2224== NVPROF is profiling process 2224, command: ..\test.exe 791
==2224== Profiling application: ..\test.exe 791
==2224== Profiling result:
            Type  Time(%)      Time     Calls       Avg       Min       Max  Name
 GPU activities:   67.53%  73.216us         2  36.608us  31.968us  41.248us  [CUDA memcpy HtoD]
                   28.01%  30.368us         1  30.368us  30.368us  30.368us  [CUDA memcpy DtoH]
                    4.46%  4.8320us         1  4.8320us  4.8320us  4.8320us  vectorAdd(float const *, float const *, float*, int)
      API calls:   77.40%  148.80ms         3  49.599ms  4.8000us  148.78ms  cudaMalloc
                   22.07%  42.430ms         1  42.430ms  42.430ms  42.430ms  cuDevicePrimaryCtxRelease
                    0.22%  417.10us         3  139.03us  50.300us  229.50us  cudaMemcpy
                    0.12%  229.80us         3  76.600us  7.2000us  204.60us  cudaFree
                    0.09%  180.10us        97  1.8560us     100ns  83.100us  cuDeviceGetAttribute
                    0.05%  100.00us         1  100.00us  100.00us  100.00us  cuModuleUnload
                    0.02%  29.200us         1  29.200us  29.200us  29.200us  cudaLaunchKernel
                    0.01%  19.600us         2  9.8000us     200ns  19.400us  cuDeviceGet
                    0.01%  17.800us         1  17.800us  17.800us  17.800us  cuDeviceTotalMem
                    0.00%  8.6000us         1  8.6000us  8.6000us  8.6000us  cuDeviceGetPCIBusId
                    0.00%  1.5000us         3     500ns     200ns     900ns  cuDeviceGetCount
                    0.00%     800ns         1     800ns     800ns     800ns  cuDeviceGetName
                    0.00%     400ns         1     400ns     400ns     400ns  cuDeviceGetLuid
                    0.00%     400ns         1     400ns     400ns     400ns  cudaGetLastError
                    0.00%     300ns         1     300ns     300ns     300ns  cuDeviceGetUuid
