==22336== NVPROF is profiling process 22336, command: ..\test.exe 821
==22336== Profiling application: ..\test.exe 821
==22336== Profiling result:
            Type  Time(%)      Time     Calls       Avg       Min       Max  Name
 GPU activities:   72.39%  91.681us         2  45.840us  41.248us  50.433us  [CUDA memcpy HtoD]
                   23.98%  30.368us         1  30.368us  30.368us  30.368us  [CUDA memcpy DtoH]
                    3.64%  4.6080us         1  4.6080us  4.6080us  4.6080us  vectorAdd(float const *, float const *, float*, int)
      API calls:   77.96%  147.53ms         3  49.178ms  5.2000us  147.50ms  cudaMalloc
                   21.38%  40.461ms         1  40.461ms  40.461ms  40.461ms  cuDevicePrimaryCtxRelease
                    0.25%  478.00us         3  159.33us  69.800us  251.70us  cudaMemcpy
                    0.17%  330.00us         3  110.00us  7.7000us  272.60us  cudaFree
                    0.10%  197.00us        97  2.0300us     100ns  65.200us  cuDeviceGetAttribute
                    0.07%  131.10us         1  131.10us  131.10us  131.10us  cuModuleUnload
                    0.02%  42.900us         1  42.900us  42.900us  42.900us  cudaLaunchKernel
                    0.02%  33.900us         1  33.900us  33.900us  33.900us  cuDeviceTotalMem
                    0.01%  14.200us         1  14.200us  14.200us  14.200us  cuDeviceGetName
                    0.00%  8.6000us         1  8.6000us  8.6000us  8.6000us  cuDeviceGetPCIBusId
                    0.00%  1.4000us         3     466ns     200ns     700ns  cuDeviceGetCount
                    0.00%  1.1000us         2     550ns     200ns     900ns  cuDeviceGet
                    0.00%     300ns         1     300ns     300ns     300ns  cuDeviceGetUuid
                    0.00%     300ns         1     300ns     300ns     300ns  cuDeviceGetLuid
                    0.00%     300ns         1     300ns     300ns     300ns  cudaGetLastError
