==20184== NVPROF is profiling process 20184, command: ..\test.exe 151
==20184== Profiling application: ..\test.exe 151
==20184== Profiling result:
            Type  Time(%)      Time     Calls       Avg       Min       Max  Name
 GPU activities:   67.78%  102.66us         2  51.329us  43.937us  58.721us  [CUDA memcpy HtoD]
                   29.68%  44.960us         1  44.960us  44.960us  44.960us  [CUDA memcpy DtoH]
                    2.54%  3.8400us         1  3.8400us  3.8400us  3.8400us  vectorAdd(float const *, float const *, float*, int)
      API calls:   78.28%  161.91ms         3  53.970ms  5.1000us  161.89ms  cudaMalloc
                   21.08%  43.609ms         1  43.609ms  43.609ms  43.609ms  cuDevicePrimaryCtxRelease
                    0.30%  628.00us         3  209.33us  81.700us  303.00us  cudaMemcpy
                    0.12%  243.60us         3  81.200us  7.5000us  215.50us  cudaFree
                    0.10%  202.00us        97  2.0820us     100ns  68.800us  cuDeviceGetAttribute
                    0.07%  145.50us         1  145.50us  145.50us  145.50us  cuModuleUnload
                    0.02%  38.500us         1  38.500us  38.500us  38.500us  cuDeviceTotalMem
                    0.02%  35.200us         1  35.200us  35.200us  35.200us  cudaLaunchKernel
                    0.00%  8.5000us         1  8.5000us  8.5000us  8.5000us  cuDeviceGetPCIBusId
                    0.00%  1.4000us         3     466ns     200ns     900ns  cuDeviceGetCount
                    0.00%  1.1000us         2     550ns     200ns     900ns  cuDeviceGet
                    0.00%     700ns         1     700ns     700ns     700ns  cuDeviceGetName
                    0.00%     300ns         1     300ns     300ns     300ns  cuDeviceGetLuid
                    0.00%     300ns         1     300ns     300ns     300ns  cudaGetLastError
                    0.00%     200ns         1     200ns     200ns     200ns  cuDeviceGetUuid
