==17796== NVPROF is profiling process 17796, command: ..\test.exe 91
==17796== Profiling application: ..\test.exe 91
==17796== Profiling result:
            Type  Time(%)      Time     Calls       Avg       Min       Max  Name
 GPU activities:   70.85%  82.688us         2  41.344us  41.312us  41.376us  [CUDA memcpy HtoD]
                   25.94%  30.273us         1  30.273us  30.273us  30.273us  [CUDA memcpy DtoH]
                    3.21%  3.7440us         1  3.7440us  3.7440us  3.7440us  vectorAdd(float const *, float const *, float*, int)
      API calls:   76.37%  146.06ms         3  48.687ms  4.8000us  146.05ms  cudaMalloc
                   23.02%  44.027ms         1  44.027ms  44.027ms  44.027ms  cuDevicePrimaryCtxRelease
                    0.26%  489.90us         3  163.30us  60.600us  242.90us  cudaMemcpy
                    0.13%  247.00us         3  82.333us  21.200us  204.50us  cudaFree
                    0.10%  193.70us        97  1.9960us     100ns  68.900us  cuDeviceGetAttribute
                    0.07%  130.00us         1  130.00us  130.00us  130.00us  cuModuleUnload
                    0.02%  47.200us         1  47.200us  47.200us  47.200us  cudaLaunchKernel
                    0.02%  37.700us         1  37.700us  37.700us  37.700us  cuDeviceTotalMem
                    0.00%  8.6000us         1  8.6000us  8.6000us  8.6000us  cuDeviceGetPCIBusId
                    0.00%  1.4000us         3     466ns     200ns     900ns  cuDeviceGetCount
                    0.00%  1.1000us         2     550ns     100ns  1.0000us  cuDeviceGet
                    0.00%     900ns         1     900ns     900ns     900ns  cuDeviceGetName
                    0.00%     300ns         1     300ns     300ns     300ns  cuDeviceGetUuid
                    0.00%     300ns         1     300ns     300ns     300ns  cuDeviceGetLuid
                    0.00%     300ns         1     300ns     300ns     300ns  cudaGetLastError
