==18312== NVPROF is profiling process 18312, command: ..\test.exe 361
==18312== Profiling application: ..\test.exe 361
==18312== Profiling result:
            Type  Time(%)      Time     Calls       Avg       Min       Max  Name
 GPU activities:   70.52%  82.273us         2  41.136us  41.089us  41.184us  [CUDA memcpy HtoD]
                   26.03%  30.368us         1  30.368us  30.368us  30.368us  [CUDA memcpy DtoH]
                    3.46%  4.0330us         1  4.0330us  4.0330us  4.0330us  vectorAdd(float const *, float const *, float*, int)
      API calls:   78.12%  150.40ms         3  50.134ms  5.2000us  150.39ms  cudaMalloc
                   21.30%  41.016ms         1  41.016ms  41.016ms  41.016ms  cuDevicePrimaryCtxRelease
                    0.26%  496.30us         3  165.43us  108.80us  230.30us  cudaMemcpy
                    0.12%  222.10us        97  2.2890us     100ns  83.200us  cuDeviceGetAttribute
                    0.10%  195.30us         3  65.100us  14.000us  161.00us  cudaFree
                    0.06%  121.30us         1  121.30us  121.30us  121.30us  cuModuleUnload
                    0.02%  42.700us         1  42.700us  42.700us  42.700us  cudaLaunchKernel
                    0.01%  17.300us         1  17.300us  17.300us  17.300us  cuDeviceTotalMem
                    0.00%  9.4000us         1  9.4000us  9.4000us  9.4000us  cuDeviceGetPCIBusId
                    0.00%  1.2000us         3     400ns     300ns     600ns  cuDeviceGetCount
                    0.00%  1.1000us         2     550ns     200ns     900ns  cuDeviceGet
                    0.00%     900ns         1     900ns     900ns     900ns  cuDeviceGetName
                    0.00%     400ns         1     400ns     400ns     400ns  cuDeviceGetLuid
                    0.00%     300ns         1     300ns     300ns     300ns  cuDeviceGetUuid
                    0.00%     200ns         1     200ns     200ns     200ns  cudaGetLastError
