==9012== NVPROF is profiling process 9012, command: ..\test.exe 331
==9012== Profiling application: ..\test.exe 331
==9012== Profiling result:
            Type  Time(%)      Time     Calls       Avg       Min       Max  Name
 GPU activities:   70.40%  82.274us         2  41.137us  41.121us  41.153us  [CUDA memcpy HtoD]
                   26.01%  30.400us         1  30.400us  30.400us  30.400us  [CUDA memcpy DtoH]
                    3.59%  4.1920us         1  4.1920us  4.1920us  4.1920us  vectorAdd(float const *, float const *, float*, int)
      API calls:   76.65%  148.26ms         3  49.421ms  5.1000us  148.25ms  cudaMalloc
                   22.69%  43.897ms         1  43.897ms  43.897ms  43.897ms  cuDevicePrimaryCtxRelease
                    0.29%  562.70us         3  187.57us  53.300us  329.10us  cudaMemcpy
                    0.16%  301.30us         3  100.43us  7.6000us  274.40us  cudaFree
                    0.11%  203.60us        97  2.0980us     100ns  81.800us  cuDeviceGetAttribute
                    0.06%  123.80us         1  123.80us  123.80us  123.80us  cuModuleUnload
                    0.02%  37.700us         1  37.700us  37.700us  37.700us  cuDeviceTotalMem
                    0.02%  31.500us         1  31.500us  31.500us  31.500us  cudaLaunchKernel
                    0.00%  9.0000us         1  9.0000us  9.0000us  9.0000us  cuDeviceGetPCIBusId
                    0.00%  1.6000us         3     533ns     200ns  1.0000us  cuDeviceGetCount
                    0.00%  1.1000us         2     550ns     200ns     900ns  cuDeviceGet
                    0.00%     700ns         1     700ns     700ns     700ns  cuDeviceGetName
                    0.00%     400ns         1     400ns     400ns     400ns  cudaGetLastError
                    0.00%     300ns         1     300ns     300ns     300ns  cuDeviceGetLuid
                    0.00%     200ns         1     200ns     200ns     200ns  cuDeviceGetUuid
