==8736== NVPROF is profiling process 8736, command: ..\test\x64\Release\test.exe 147000 256
==8736== Profiling application: ..\test\x64\Release\test.exe 147000 256
==8736== Profiling result:
            Type  Time(%)      Time     Calls       Avg       Min       Max  Name
 GPU activities:   64.06%  183.78us         2  91.888us  91.584us  92.193us  [CUDA memcpy HtoD]
                   31.15%  89.377us         1  89.377us  89.377us  89.377us  [CUDA memcpy DtoH]
                    4.79%  13.728us         1  13.728us  13.728us  13.728us  vectorAdd(float const *, float const *, float*, int)
      API calls:   75.95%  135.22ms         3  45.074ms  5.3000us  135.20ms  cudaMalloc
                   23.18%  41.271ms         1  41.271ms  41.271ms  41.271ms  cuDevicePrimaryCtxRelease
                    0.52%  934.40us         3  311.47us  149.60us  467.80us  cudaMemcpy
                    0.11%  198.60us        97  2.0470us     100ns  108.50us  cuDeviceGetAttribute
                    0.11%  195.40us         3  65.133us  7.3000us  173.90us  cudaFree
                    0.07%  129.50us         1  129.50us  129.50us  129.50us  cuModuleUnload
                    0.02%  34.700us         1  34.700us  34.700us  34.700us  cudaLaunchKernel
                    0.02%  28.800us         1  28.800us  28.800us  28.800us  cuDeviceTotalMem
                    0.02%  27.800us         1  27.800us  27.800us  27.800us  cuDeviceGetPCIBusId
                    0.00%  2.2000us         2  1.1000us     400ns  1.8000us  cuDeviceGet
                    0.00%  2.0000us         3     666ns     200ns     900ns  cuDeviceGetCount
                    0.00%     700ns         1     700ns     700ns     700ns  cuDeviceGetName
                    0.00%     400ns         1     400ns     400ns     400ns  cudaGetLastError
                    0.00%     300ns         1     300ns     300ns     300ns  cuDeviceGetLuid
                    0.00%     200ns         1     200ns     200ns     200ns  cuDeviceGetUuid
