==22092== NVPROF is profiling process 22092, command: ..\test\x64\Release\test.exe 51000 256
==22092== Profiling application: ..\test\x64\Release\test.exe 51000 256
==22092== Profiling result:
            Type  Time(%)      Time     Calls       Avg       Min       Max  Name
 GPU activities:   70.82%  83.808us         2  41.904us  41.792us  42.016us  [CUDA memcpy HtoD]
                   26.15%  30.944us         1  30.944us  30.944us  30.944us  [CUDA memcpy DtoH]
                    3.03%  3.5840us         1  3.5840us  3.5840us  3.5840us  vectorAdd(float const *, float const *, float*, int)
      API calls:   76.13%  131.72ms         3  43.906ms  4.8000us  131.69ms  cudaMalloc
                   23.21%  40.159ms         1  40.159ms  40.159ms  40.159ms  cuDevicePrimaryCtxRelease
                    0.28%  479.10us         3  159.70us  57.900us  261.90us  cudaMemcpy
                    0.14%  235.70us         3  78.566us  7.1000us  216.00us  cudaFree
                    0.12%  211.50us        97  2.1800us     100ns  77.500us  cuDeviceGetAttribute
                    0.06%  96.900us         1  96.900us  96.900us  96.900us  cuModuleUnload
                    0.03%  51.200us         1  51.200us  51.200us  51.200us  cuDeviceTotalMem
                    0.03%  47.200us         1  47.200us  47.200us  47.200us  cudaLaunchKernel
                    0.01%  8.7000us         1  8.7000us  8.7000us  8.7000us  cuDeviceGetPCIBusId
                    0.00%  1.2000us         3     400ns     200ns     700ns  cuDeviceGetCount
                    0.00%     900ns         2     450ns     200ns     700ns  cuDeviceGet
                    0.00%     800ns         1     800ns     800ns     800ns  cuDeviceGetName
                    0.00%     400ns         1     400ns     400ns     400ns  cuDeviceGetLuid
                    0.00%     300ns         1     300ns     300ns     300ns  cuDeviceGetUuid
                    0.00%     300ns         1     300ns     300ns     300ns  cudaGetLastError
