==23108== NVPROF is profiling process 23108, command: ..\test\x64\Release\test.exe 188000 256
==23108== Profiling application: ..\test\x64\Release\test.exe 188000 256
==23108== Profiling result:
            Type  Time(%)      Time     Calls       Avg       Min       Max  Name
 GPU activities:   67.05%  270.27us         2  135.14us  128.87us  141.41us  [CUDA memcpy HtoD]
                   28.38%  114.40us         1  114.40us  114.40us  114.40us  [CUDA memcpy DtoH]
                    4.57%  18.401us         1  18.401us  18.401us  18.401us  vectorAdd(float const *, float const *, float*, int)
      API calls:   76.61%  137.79ms         3  45.929ms  24.400us  137.35ms  cudaMalloc
                   22.14%  39.820ms         1  39.820ms  39.820ms  39.820ms  cuDevicePrimaryCtxRelease
                    0.67%  1.2111ms         3  403.70us  142.80us  699.60us  cudaMemcpy
                    0.36%  649.00us         3  216.33us  15.500us  342.90us  cudaFree
                    0.12%  207.00us        97  2.1340us     100ns  89.700us  cuDeviceGetAttribute
                    0.06%  106.00us         1  106.00us  106.00us  106.00us  cuModuleUnload
                    0.03%  59.200us         1  59.200us  59.200us  59.200us  cudaLaunchKernel
                    0.01%  14.100us         1  14.100us  14.100us  14.100us  cuDeviceTotalMem
                    0.00%  8.5000us         1  8.5000us  8.5000us  8.5000us  cuDeviceGetPCIBusId
                    0.00%  1.3000us         3     433ns     300ns     700ns  cuDeviceGetCount
                    0.00%     900ns         2     450ns     200ns     700ns  cuDeviceGet
                    0.00%     700ns         1     700ns     700ns     700ns  cuDeviceGetName
                    0.00%     400ns         1     400ns     400ns     400ns  cudaGetLastError
                    0.00%     300ns         1     300ns     300ns     300ns  cuDeviceGetLuid
                    0.00%     200ns         1     200ns     200ns     200ns  cuDeviceGetUuid
