==21592== NVPROF is profiling process 21592, command: ..\test\x64\Release\test.exe 31000 256
==21592== Profiling application: ..\test\x64\Release\test.exe 31000 256
==21592== Profiling result:
            Type  Time(%)      Time     Calls       Avg       Min       Max  Name
 GPU activities:   65.12%  40.384us         2  20.192us  20.160us  20.224us  [CUDA memcpy HtoD]
                   30.50%  18.913us         1  18.913us  18.913us  18.913us  [CUDA memcpy DtoH]
                    4.39%  2.7200us         1  2.7200us  2.7200us  2.7200us  vectorAdd(float const *, float const *, float*, int)
      API calls:   75.72%  133.92ms         3  44.640ms  5.4000us  133.89ms  cudaMalloc
                   23.61%  41.768ms         1  41.768ms  41.768ms  41.768ms  cuDevicePrimaryCtxRelease
                    0.25%  438.80us         3  146.27us  65.900us  197.70us  cudaMemcpy
                    0.16%  286.60us         3  95.533us  7.2000us  266.50us  cudaFree
                    0.14%  241.80us        97  2.4920us     100ns  68.800us  cuDeviceGetAttribute
                    0.09%  156.30us         1  156.30us  156.30us  156.30us  cuModuleUnload
                    0.02%  31.700us         1  31.700us  31.700us  31.700us  cudaLaunchKernel
                    0.01%  17.200us         1  17.200us  17.200us  17.200us  cuDeviceTotalMem
                    0.01%  8.9000us         1  8.9000us  8.9000us  8.9000us  cuDeviceGetPCIBusId
                    0.00%  1.3000us         3     433ns     200ns     900ns  cuDeviceGetCount
                    0.00%  1.0000us         2     500ns     200ns     800ns  cuDeviceGet
                    0.00%     800ns         1     800ns     800ns     800ns  cuDeviceGetName
                    0.00%     300ns         1     300ns     300ns     300ns  cudaGetLastError
                    0.00%     200ns         1     200ns     200ns     200ns  cuDeviceGetUuid
                    0.00%     200ns         1     200ns     200ns     200ns  cuDeviceGetLuid
