==21808== NVPROF is profiling process 21808, command: ..\test\x64\Release\test.exe 138000 256
==21808== Profiling application: ..\test\x64\Release\test.exe 138000 256
==21808== Profiling result:
            Type  Time(%)      Time     Calls       Avg       Min       Max  Name
 GPU activities:   60.21%  181.38us         2  90.688us  86.176us  95.201us  [CUDA memcpy HtoD]
                   35.68%  107.49us         1  107.49us  107.49us  107.49us  [CUDA memcpy DtoH]
                    4.11%  12.384us         1  12.384us  12.384us  12.384us  vectorAdd(float const *, float const *, float*, int)
      API calls:   76.43%  136.79ms         3  45.597ms  5.1000us  136.76ms  cudaMalloc
                   22.73%  40.682ms         1  40.682ms  40.682ms  40.682ms  cuDevicePrimaryCtxRelease
                    0.48%  858.60us         3  286.20us  106.00us  484.10us  cudaMemcpy
                    0.17%  308.70us         3  102.90us  7.3000us  288.40us  cudaFree
                    0.10%  173.70us        97  1.7900us     100ns  81.200us  cuDeviceGetAttribute
                    0.06%  102.80us         1  102.80us  102.80us  102.80us  cuModuleUnload
                    0.02%  30.300us         1  30.300us  30.300us  30.300us  cudaLaunchKernel
                    0.01%  18.000us         1  18.000us  18.000us  18.000us  cuDeviceTotalMem
                    0.00%  8.6000us         1  8.6000us  8.6000us  8.6000us  cuDeviceGetPCIBusId
                    0.00%  1.8000us         3     600ns     200ns     900ns  cuDeviceGetCount
                    0.00%  1.7000us         2     850ns     200ns  1.5000us  cuDeviceGet
                    0.00%     700ns         1     700ns     700ns     700ns  cuDeviceGetName
                    0.00%     400ns         1     400ns     400ns     400ns  cudaGetLastError
                    0.00%     300ns         1     300ns     300ns     300ns  cuDeviceGetLuid
                    0.00%     200ns         1     200ns     200ns     200ns  cuDeviceGetUuid
