==3252== NVPROF is profiling process 3252, command: ..\test\x64\Release\test.exe 45000 256
==3252== Profiling application: ..\test\x64\Release\test.exe 45000 256
==3252== Profiling result:
            Type  Time(%)      Time     Calls       Avg       Min       Max  Name
 GPU activities:   71.31%  76.288us         2  38.144us  37.888us  38.400us  [CUDA memcpy HtoD]
                   25.52%  27.297us         1  27.297us  27.297us  27.297us  [CUDA memcpy DtoH]
                    3.17%  3.3920us         1  3.3920us  3.3920us  3.3920us  vectorAdd(float const *, float const *, float*, int)
      API calls:   76.68%  132.89ms         3  44.297ms  4.9000us  132.88ms  cudaMalloc
                   22.65%  39.248ms         1  39.248ms  39.248ms  39.248ms  cuDevicePrimaryCtxRelease
                    0.29%  496.10us         3  165.37us  78.100us  244.70us  cudaMemcpy
                    0.14%  245.30us         3  81.766us  7.1000us  224.80us  cudaFree
                    0.12%  204.20us        97  2.1050us     100ns  78.700us  cuDeviceGetAttribute
                    0.08%  133.20us         1  133.20us  133.20us  133.20us  cuModuleUnload
                    0.03%  47.200us         1  47.200us  47.200us  47.200us  cudaLaunchKernel
                    0.02%  35.100us         1  35.100us  35.100us  35.100us  cuDeviceTotalMem
                    0.01%  8.8000us         1  8.8000us  8.8000us  8.8000us  cuDeviceGetPCIBusId
                    0.00%  1.2000us         3     400ns     200ns     700ns  cuDeviceGetCount
                    0.00%     900ns         2     450ns     200ns     700ns  cuDeviceGet
                    0.00%     700ns         1     700ns     700ns     700ns  cuDeviceGetName
                    0.00%     300ns         1     300ns     300ns     300ns  cuDeviceGetLuid
                    0.00%     300ns         1     300ns     300ns     300ns  cudaGetLastError
                    0.00%     200ns         1     200ns     200ns     200ns  cuDeviceGetUuid
