==22460== NVPROF is profiling process 22460, command: ..\test\x64\Release\test.exe 152000 256
==22460== Profiling application: ..\test\x64\Release\test.exe 152000 256
==22460== Profiling result:
            Type  Time(%)      Time     Calls       Avg       Min       Max  Name
 GPU activities:   62.83%  224.61us         2  112.31us  103.97us  120.64us  [CUDA memcpy HtoD]
                   33.18%  118.63us         1  118.63us  118.63us  118.63us  [CUDA memcpy DtoH]
                    3.99%  14.272us         1  14.272us  14.272us  14.272us  vectorAdd(float const *, float const *, float*, int)
      API calls:   77.23%  135.71ms         3  45.238ms  18.300us  135.67ms  cudaMalloc
                   21.79%  38.285ms         1  38.285ms  38.285ms  38.285ms  cuDevicePrimaryCtxRelease
                    0.60%  1.0555ms         3  351.83us  140.70us  562.90us  cudaMemcpy
                    0.16%  278.30us         3  92.766us  7.5000us  256.30us  cudaFree
                    0.12%  215.90us        97  2.2250us     100ns  81.200us  cuDeviceGetAttribute
                    0.06%  113.50us         1  113.50us  113.50us  113.50us  cuModuleUnload
                    0.02%  36.600us         1  36.600us  36.600us  36.600us  cudaLaunchKernel
                    0.01%  14.200us         1  14.200us  14.200us  14.200us  cuDeviceTotalMem
                    0.00%  8.1000us         1  8.1000us  8.1000us  8.1000us  cuDeviceGetPCIBusId
                    0.00%  1.2000us         3     400ns     300ns     600ns  cuDeviceGetCount
                    0.00%  1.0000us         2     500ns     200ns     800ns  cuDeviceGet
                    0.00%     900ns         1     900ns     900ns     900ns  cuDeviceGetName
                    0.00%     400ns         1     400ns     400ns     400ns  cuDeviceGetLuid
                    0.00%     300ns         1     300ns     300ns     300ns  cuDeviceGetUuid
                    0.00%     300ns         1     300ns     300ns     300ns  cudaGetLastError
