==15416== NVPROF is profiling process 15416, command: ..\test\x64\Release\test.exe 310000 256
==15416== Profiling application: ..\test\x64\Release\test.exe 310000 256
==15416== Profiling result:
            Type  Time(%)      Time     Calls       Avg       Min       Max  Name
 GPU activities:   63.48%  386.76us         2  193.38us  192.74us  194.02us  [CUDA memcpy HtoD]
                   31.00%  188.90us         1  188.90us  188.90us  188.90us  [CUDA memcpy DtoH]
                    5.52%  33.632us         1  33.632us  33.632us  33.632us  vectorAdd(float const *, float const *, float*, int)
      API calls:   72.74%  119.18ms         3  39.727ms  336.20us  118.43ms  cudaMalloc
                   25.80%  42.281ms         1  42.281ms  42.281ms  42.281ms  cuDevicePrimaryCtxRelease
                    0.83%  1.3680ms         3  456.00us  203.20us  778.50us  cudaMemcpy
                    0.40%  659.20us         3  219.73us  195.90us  243.80us  cudaFree
                    0.12%  195.50us        97  2.0150us     100ns  71.800us  cuDeviceGetAttribute
                    0.05%  76.400us         1  76.400us  76.400us  76.400us  cuModuleUnload
                    0.02%  39.300us         1  39.300us  39.300us  39.300us  cuDeviceTotalMem
                    0.02%  34.700us         1  34.700us  34.700us  34.700us  cudaLaunchKernel
                    0.01%  8.2000us         1  8.2000us  8.2000us  8.2000us  cuDeviceGetPCIBusId
                    0.00%  1.7000us         3     566ns     300ns  1.0000us  cuDeviceGetCount
                    0.00%  1.5000us         2     750ns     200ns  1.3000us  cuDeviceGet
                    0.00%  1.0000us         1  1.0000us  1.0000us  1.0000us  cuDeviceGetName
                    0.00%     400ns         1     400ns     400ns     400ns  cuDeviceGetLuid
                    0.00%     300ns         1     300ns     300ns     300ns  cuDeviceGetUuid
                    0.00%     300ns         1     300ns     300ns     300ns  cudaGetLastError
