==21528== NVPROF is profiling process 21528, command: ..\test\x64\Release\test.exe 182000 256
==21528== Profiling application: ..\test\x64\Release\test.exe 182000 256
==21528== Profiling result:
            Type  Time(%)      Time     Calls       Avg       Min       Max  Name
 GPU activities:   64.82%  235.78us         2  117.89us  113.06us  122.72us  [CUDA memcpy HtoD]
                   30.33%  110.31us         1  110.31us  110.31us  110.31us  [CUDA memcpy DtoH]
                    4.85%  17.632us         1  17.632us  17.632us  17.632us  vectorAdd(float const *, float const *, float*, int)
      API calls:   75.94%  135.11ms         3  45.037ms  13.400us  134.66ms  cudaMalloc
                   22.97%  40.863ms         1  40.863ms  40.863ms  40.863ms  cuDevicePrimaryCtxRelease
                    0.61%  1.0814ms         3  360.47us  117.00us  621.20us  cudaMemcpy
                    0.23%  403.10us         3  134.37us  14.000us  229.10us  cudaFree
                    0.13%  240.00us        97  2.4740us     100ns  87.000us  cuDeviceGetAttribute
                    0.09%  160.40us         1  160.40us  160.40us  160.40us  cuModuleUnload
                    0.02%  33.000us         1  33.000us  33.000us  33.000us  cudaLaunchKernel
                    0.01%  17.700us         1  17.700us  17.700us  17.700us  cuDeviceTotalMem
                    0.01%  9.2000us         1  9.2000us  9.2000us  9.2000us  cuDeviceGetPCIBusId
                    0.00%  1.8000us         3     600ns     200ns  1.3000us  cuDeviceGetCount
                    0.00%  1.1000us         2     550ns     200ns     900ns  cuDeviceGet
                    0.00%     700ns         1     700ns     700ns     700ns  cuDeviceGetName
                    0.00%     300ns         1     300ns     300ns     300ns  cuDeviceGetLuid
                    0.00%     300ns         1     300ns     300ns     300ns  cudaGetLastError
                    0.00%     200ns         1     200ns     200ns     200ns  cuDeviceGetUuid
