==4544== NVPROF is profiling process 4544, command: ..\test\x64\Release\test.exe 134000 256
==4544== Profiling application: ..\test\x64\Release\test.exe 134000 256
==4544== Profiling result:
            Type  Time(%)      Time     Calls       Avg       Min       Max  Name
 GPU activities:   65.29%  176.23us         2  88.113us  83.553us  92.673us  [CUDA memcpy HtoD]
                   30.21%  81.537us         1  81.537us  81.537us  81.537us  [CUDA memcpy DtoH]
                    4.50%  12.160us         1  12.160us  12.160us  12.160us  vectorAdd(float const *, float const *, float*, int)
      API calls:   75.47%  132.85ms         3  44.282ms  5.2000us  132.83ms  cudaMalloc
                   23.70%  41.718ms         1  41.718ms  41.718ms  41.718ms  cuDevicePrimaryCtxRelease
                    0.45%  790.70us         3  263.57us  117.20us  425.00us  cudaMemcpy
                    0.14%  238.00us         3  79.333us  7.2000us  216.70us  cudaFree
                    0.12%  207.90us        97  2.1430us     100ns  83.500us  cuDeviceGetAttribute
                    0.08%  147.40us         1  147.40us  147.40us  147.40us  cuModuleUnload
                    0.02%  37.300us         1  37.300us  37.300us  37.300us  cuDeviceTotalMem
                    0.02%  32.900us         1  32.900us  32.900us  32.900us  cudaLaunchKernel
                    0.00%  8.2000us         1  8.2000us  8.2000us  8.2000us  cuDeviceGetPCIBusId
                    0.00%  1.4000us         3     466ns     200ns     900ns  cuDeviceGetCount
                    0.00%  1.2000us         2     600ns     200ns  1.0000us  cuDeviceGet
                    0.00%     800ns         1     800ns     800ns     800ns  cuDeviceGetName
                    0.00%     300ns         1     300ns     300ns     300ns  cuDeviceGetLuid
                    0.00%     200ns         1     200ns     200ns     200ns  cuDeviceGetUuid
                    0.00%     200ns         1     200ns     200ns     200ns  cudaGetLastError
