==4404== NVPROF is profiling process 4404, command: ..\test\x64\Release\test.exe 90000 256
==4404== Profiling application: ..\test\x64\Release\test.exe 90000 256
==4404== Profiling result:
            Type  Time(%)      Time     Calls       Avg       Min       Max  Name
 GPU activities:   68.67%  131.75us         2  65.873us  65.761us  65.985us  [CUDA memcpy HtoD]
                   28.44%  54.560us         1  54.560us  54.560us  54.560us  [CUDA memcpy DtoH]
                    2.89%  5.5360us         1  5.5360us  5.5360us  5.5360us  vectorAdd(float const *, float const *, float*, int)
      API calls:   76.40%  140.76ms         3  46.921ms  5.3000us  140.73ms  cudaMalloc
                   22.84%  42.085ms         1  42.085ms  42.085ms  42.085ms  cuDevicePrimaryCtxRelease
                    0.34%  635.40us         3  211.80us  73.600us  334.80us  cudaMemcpy
                    0.16%  298.30us         3  99.433us  8.1000us  276.00us  cudaFree
                    0.11%  201.30us        97  2.0750us     100ns  82.500us  cuDeviceGetAttribute
                    0.08%  143.70us         1  143.70us  143.70us  143.70us  cuModuleUnload
                    0.03%  54.000us         1  54.000us  54.000us  54.000us  cuDeviceTotalMem
                    0.03%  46.900us         1  46.900us  46.900us  46.900us  cudaLaunchKernel
                    0.00%  7.8000us         1  7.8000us  7.8000us  7.8000us  cuDeviceGetPCIBusId
                    0.00%  1.4000us         3     466ns     200ns     900ns  cuDeviceGetCount
                    0.00%     900ns         2     450ns     200ns     700ns  cuDeviceGet
                    0.00%     800ns         1     800ns     800ns     800ns  cuDeviceGetName
                    0.00%     400ns         1     400ns     400ns     400ns  cudaGetLastError
                    0.00%     300ns         1     300ns     300ns     300ns  cuDeviceGetUuid
                    0.00%     300ns         1     300ns     300ns     300ns  cuDeviceGetLuid
