==17172== NVPROF is profiling process 17172, command: ..\test\x64\Release\test.exe 44000 256
==17172== Profiling application: ..\test\x64\Release\test.exe 44000 256
==17172== Profiling result:
            Type  Time(%)      Time     Calls       Avg       Min       Max  Name
 GPU activities:   65.36%  56.321us         2  28.160us  28.065us  28.256us  [CUDA memcpy HtoD]
                   30.86%  26.592us         1  26.592us  26.592us  26.592us  [CUDA memcpy DtoH]
                    3.79%  3.2640us         1  3.2640us  3.2640us  3.2640us  vectorAdd(float const *, float const *, float*, int)
      API calls:   76.00%  135.07ms         3  45.024ms  4.8000us  135.06ms  cudaMalloc
                   23.39%  41.568ms         1  41.568ms  41.568ms  41.568ms  cuDevicePrimaryCtxRelease
                    0.23%  417.60us         3  139.20us  70.900us  209.50us  cudaMemcpy
                    0.16%  276.80us         3  92.266us  7.0000us  256.30us  cudaFree
                    0.11%  193.90us        97  1.9980us     100ns  69.200us  cuDeviceGetAttribute
                    0.07%  128.10us         1  128.10us  128.10us  128.10us  cuModuleUnload
                    0.02%  33.400us         1  33.400us  33.400us  33.400us  cuDeviceTotalMem
                    0.02%  32.300us         1  32.300us  32.300us  32.300us  cudaLaunchKernel
                    0.01%  8.9000us         1  8.9000us  8.9000us  8.9000us  cuDeviceGetPCIBusId
                    0.00%  1.8000us         3     600ns     200ns  1.2000us  cuDeviceGetCount
                    0.00%  1.6000us         1  1.6000us  1.6000us  1.6000us  cuDeviceGetName
                    0.00%  1.1000us         2     550ns     200ns     900ns  cuDeviceGet
                    0.00%     300ns         1     300ns     300ns     300ns  cuDeviceGetLuid
                    0.00%     300ns         1     300ns     300ns     300ns  cudaGetLastError
                    0.00%     200ns         1     200ns     200ns     200ns  cuDeviceGetUuid
