==12952== NVPROF is profiling process 12952, command: ..\test\x64\Release\test.exe 187000 256
==12952== Profiling application: ..\test\x64\Release\test.exe 187000 256
==12952== Profiling result:
            Type  Time(%)      Time     Calls       Avg       Min       Max  Name
 GPU activities:   65.60%  251.49us         2  125.75us  125.67us  125.83us  [CUDA memcpy HtoD]
                   29.66%  113.70us         1  113.70us  113.70us  113.70us  [CUDA memcpy DtoH]
                    4.75%  18.208us         1  18.208us  18.208us  18.208us  vectorAdd(float const *, float const *, float*, int)
      API calls:   76.13%  137.05ms         3  45.684ms  24.100us  136.61ms  cudaMalloc
                   22.68%  40.819ms         1  40.819ms  40.819ms  40.819ms  cuDevicePrimaryCtxRelease
                    0.65%  1.1704ms         3  390.13us  140.90us  670.70us  cudaMemcpy
                    0.31%  563.90us         3  187.97us  14.600us  294.60us  cudaFree
                    0.12%  218.50us        97  2.2520us     100ns  82.000us  cuDeviceGetAttribute
                    0.06%  105.20us         1  105.20us  105.20us  105.20us  cuModuleUnload
                    0.02%  37.800us         1  37.800us  37.800us  37.800us  cuDeviceTotalMem
                    0.02%  34.300us         1  34.300us  34.300us  34.300us  cudaLaunchKernel
                    0.00%  8.5000us         1  8.5000us  8.5000us  8.5000us  cuDeviceGetPCIBusId
                    0.00%  1.5000us         3     500ns     200ns  1.1000us  cuDeviceGetCount
                    0.00%  1.0000us         2     500ns     200ns     800ns  cuDeviceGet
                    0.00%     800ns         1     800ns     800ns     800ns  cuDeviceGetName
                    0.00%     300ns         1     300ns     300ns     300ns  cuDeviceGetUuid
                    0.00%     300ns         1     300ns     300ns     300ns  cuDeviceGetLuid
                    0.00%     300ns         1     300ns     300ns     300ns  cudaGetLastError
