==18012== NVPROF is profiling process 18012, command: ..\test\x64\Release\test.exe 113000 256
==18012== Profiling application: ..\test\x64\Release\test.exe 113000 256
==18012== Profiling result:
            Type  Time(%)      Time     Calls       Avg       Min       Max  Name
 GPU activities:   66.02%  150.56us         2  75.280us  70.784us  79.777us  [CUDA memcpy HtoD]
                   30.18%  68.833us         1  68.833us  68.833us  68.833us  [CUDA memcpy DtoH]
                    3.80%  8.6730us         1  8.6730us  8.6730us  8.6730us  vectorAdd(float const *, float const *, float*, int)
      API calls:   76.83%  141.52ms         3  47.172ms  4.8000us  141.50ms  cudaMalloc
                   22.42%  41.299ms         1  41.299ms  41.299ms  41.299ms  cuDevicePrimaryCtxRelease
                    0.39%  712.00us         3  237.33us  78.400us  361.60us  cudaMemcpy
                    0.15%  270.60us         3  90.200us  7.1000us  250.90us  cudaFree
                    0.10%  189.10us        97  1.9490us     100ns  86.100us  cuDeviceGetAttribute
                    0.07%  135.10us         1  135.10us  135.10us  135.10us  cuModuleUnload
                    0.02%  36.700us         1  36.700us  36.700us  36.700us  cuDeviceTotalMem
                    0.02%  32.100us         1  32.100us  32.100us  32.100us  cudaLaunchKernel
                    0.01%  9.6000us         1  9.6000us  9.6000us  9.6000us  cuDeviceGetPCIBusId
                    0.00%  1.5000us         3     500ns     200ns     900ns  cuDeviceGetCount
                    0.00%  1.2000us         2     600ns     300ns     900ns  cuDeviceGet
                    0.00%     900ns         1     900ns     900ns     900ns  cuDeviceGetName
                    0.00%     300ns         1     300ns     300ns     300ns  cuDeviceGetUuid
                    0.00%     300ns         1     300ns     300ns     300ns  cuDeviceGetLuid
                    0.00%     300ns         1     300ns     300ns     300ns  cudaGetLastError
