==21732== NVPROF is profiling process 21732, command: ..\test\x64\Release\test.exe 59000 256
==21732== Profiling application: ..\test\x64\Release\test.exe 59000 256
==21732== Profiling result:
            Type  Time(%)      Time     Calls       Avg       Min       Max  Name
 GPU activities:   65.40%  74.817us         2  37.408us  37.344us  37.473us  [CUDA memcpy HtoD]
                   31.19%  35.680us         1  35.680us  35.680us  35.680us  [CUDA memcpy DtoH]
                    3.41%  3.9040us         1  3.9040us  3.9040us  3.9040us  vectorAdd(float const *, float const *, float*, int)
      API calls:   76.33%  134.35ms         3  44.782ms  5.0000us  134.33ms  cudaMalloc
                   23.00%  40.485ms         1  40.485ms  40.485ms  40.485ms  cuDevicePrimaryCtxRelease
                    0.28%  489.60us         3  163.20us  77.300us  254.30us  cudaMemcpy
                    0.15%  265.60us         3  88.533us  7.4000us  243.20us  cudaFree
                    0.11%  196.30us        97  2.0230us     100ns  72.100us  cuDeviceGetAttribute
                    0.08%  138.70us         1  138.70us  138.70us  138.70us  cuModuleUnload
                    0.02%  37.500us         1  37.500us  37.500us  37.500us  cuDeviceTotalMem
                    0.02%  35.100us         1  35.100us  35.100us  35.100us  cudaLaunchKernel
                    0.00%  8.2000us         1  8.2000us  8.2000us  8.2000us  cuDeviceGetPCIBusId
                    0.00%  1.5000us         2     750ns     200ns  1.3000us  cuDeviceGet
                    0.00%  1.4000us         3     466ns     200ns     900ns  cuDeviceGetCount
                    0.00%  1.3000us         1  1.3000us  1.3000us  1.3000us  cuDeviceGetName
                    0.00%     400ns         1     400ns     400ns     400ns  cuDeviceGetLuid
                    0.00%     300ns         1     300ns     300ns     300ns  cuDeviceGetUuid
                    0.00%     300ns         1     300ns     300ns     300ns  cudaGetLastError
