==18728== NVPROF is profiling process 18728, command: ..\test\x64\Release\test.exe 181000 256
==18728== Profiling application: ..\test\x64\Release\test.exe 181000 256
==18728== Profiling result:
            Type  Time(%)      Time     Calls       Avg       Min       Max  Name
 GPU activities:   64.68%  254.44us         2  127.22us  121.79us  132.64us  [CUDA memcpy HtoD]
                   30.70%  120.77us         1  120.77us  120.77us  120.77us  [CUDA memcpy DtoH]
                    4.61%  18.144us         1  18.144us  18.144us  18.144us  vectorAdd(float const *, float const *, float*, int)
      API calls:   76.32%  133.74ms         3  44.579ms  9.3000us  133.34ms  cudaMalloc
                   22.56%  39.529ms         1  39.529ms  39.529ms  39.529ms  cuDevicePrimaryCtxRelease
                    0.63%  1.1073ms         3  369.10us  178.90us  561.00us  cudaMemcpy
                    0.24%  417.90us         3  139.30us  13.800us  205.20us  cudaFree
                    0.12%  208.20us        97  2.1460us     100ns  76.400us  cuDeviceGetAttribute
                    0.08%  139.10us         1  139.10us  139.10us  139.10us  cuModuleUnload
                    0.03%  48.900us         1  48.900us  48.900us  48.900us  cudaLaunchKernel
                    0.02%  34.300us         1  34.300us  34.300us  34.300us  cuDeviceTotalMem
                    0.00%  8.7000us         1  8.7000us  8.7000us  8.7000us  cuDeviceGetPCIBusId
                    0.00%  1.1000us         3     366ns     200ns     600ns  cuDeviceGetCount
                    0.00%     800ns         2     400ns     100ns     700ns  cuDeviceGet
                    0.00%     700ns         1     700ns     700ns     700ns  cuDeviceGetName
                    0.00%     400ns         1     400ns     400ns     400ns  cuDeviceGetLuid
                    0.00%     300ns         1     300ns     300ns     300ns  cuDeviceGetUuid
                    0.00%     300ns         1     300ns     300ns     300ns  cudaGetLastError
