==10856== NVPROF is profiling process 10856, command: ..\test\x64\Release\test.exe 390000 256
==10856== Profiling application: ..\test\x64\Release\test.exe 390000 256
==10856== Profiling result:
            Type  Time(%)      Time     Calls       Avg       Min       Max  Name
 GPU activities:   61.55%  511.62us         2  255.81us  241.83us  269.80us  [CUDA memcpy HtoD]
                   33.27%  276.51us         1  276.51us  276.51us  276.51us  [CUDA memcpy DtoH]
                    5.18%  43.072us         1  43.072us  43.072us  43.072us  vectorAdd(float const *, float const *, float*, int)
      API calls:   73.14%  120.58ms         3  40.193ms  423.10us  119.70ms  cudaMalloc
                   25.11%  41.391ms         1  41.391ms  41.391ms  41.391ms  cuDevicePrimaryCtxRelease
                    1.05%  1.7264ms         3  575.47us  267.10us  974.00us  cudaMemcpy
                    0.49%  805.20us         3  268.40us  230.10us  303.90us  cudaFree
                    0.10%  159.10us        97  1.6400us     100ns  72.500us  cuDeviceGetAttribute
                    0.09%  140.30us         1  140.30us  140.30us  140.30us  cuModuleUnload
                    0.02%  35.300us         1  35.300us  35.300us  35.300us  cudaLaunchKernel
                    0.01%  17.100us         1  17.100us  17.100us  17.100us  cuDeviceTotalMem
                    0.01%  8.8000us         1  8.8000us  8.8000us  8.8000us  cuDeviceGetPCIBusId
                    0.00%  2.0000us         3     666ns     200ns     900ns  cuDeviceGetCount
                    0.00%  1.4000us         2     700ns     300ns  1.1000us  cuDeviceGet
                    0.00%     700ns         1     700ns     700ns     700ns  cuDeviceGetName
                    0.00%     400ns         1     400ns     400ns     400ns  cudaGetLastError
                    0.00%     300ns         1     300ns     300ns     300ns  cuDeviceGetUuid
                    0.00%     300ns         1     300ns     300ns     300ns  cuDeviceGetLuid
