==22136== NVPROF is profiling process 22136, command: ..\test\x64\Release\test.exe 176000 256
==22136== Profiling application: ..\test\x64\Release\test.exe 176000 256
==22136== Profiling result:
            Type  Time(%)      Time     Calls       Avg       Min       Max  Name
 GPU activities:   64.82%  228.58us         2  114.29us  109.35us  119.23us  [CUDA memcpy HtoD]
                   30.28%  106.79us         1  106.79us  106.79us  106.79us  [CUDA memcpy DtoH]
                    4.89%  17.248us         1  17.248us  17.248us  17.248us  vectorAdd(float const *, float const *, float*, int)
      API calls:   76.84%  140.07ms         3  46.691ms  13.100us  139.42ms  cudaMalloc
                   22.09%  40.274ms         1  40.274ms  40.274ms  40.274ms  cuDevicePrimaryCtxRelease
                    0.54%  991.00us         3  330.33us  155.90us  508.40us  cudaMemcpy
                    0.30%  546.60us         3  182.20us  13.000us  289.80us  cudaFree
                    0.11%  196.70us        97  2.0270us     100ns  74.900us  cuDeviceGetAttribute
                    0.07%  119.10us         1  119.10us  119.10us  119.10us  cuModuleUnload
                    0.03%  47.800us         1  47.800us  47.800us  47.800us  cudaLaunchKernel
                    0.02%  38.500us         1  38.500us  38.500us  38.500us  cuDeviceTotalMem
                    0.00%  8.1000us         1  8.1000us  8.1000us  8.1000us  cuDeviceGetPCIBusId
                    0.00%  1.4000us         3     466ns     200ns     900ns  cuDeviceGetCount
                    0.00%  1.1000us         2     550ns     200ns     900ns  cuDeviceGet
                    0.00%     800ns         1     800ns     800ns     800ns  cuDeviceGetName
                    0.00%     300ns         1     300ns     300ns     300ns  cuDeviceGetUuid
                    0.00%     300ns         1     300ns     300ns     300ns  cuDeviceGetLuid
                    0.00%     300ns         1     300ns     300ns     300ns  cudaGetLastError
