==22836== NVPROF is profiling process 22836, command: ..\test\x64\Release\test.exe 78000 256
==22836== Profiling application: ..\test\x64\Release\test.exe 78000 256
==22836== Profiling result:
            Type  Time(%)      Time     Calls       Avg       Min       Max  Name
 GPU activities:   67.41%  107.78us         2  53.889us  49.057us  58.721us  [CUDA memcpy HtoD]
                   29.56%  47.265us         1  47.265us  47.265us  47.265us  [CUDA memcpy DtoH]
                    3.02%  4.8320us         1  4.8320us  4.8320us  4.8320us  vectorAdd(float const *, float const *, float*, int)
      API calls:   76.64%  136.09ms         3  45.365ms  8.9000us  136.06ms  cudaMalloc
                   22.68%  40.272ms         1  40.272ms  40.272ms  40.272ms  cuDevicePrimaryCtxRelease
                    0.32%  567.70us         3  189.23us  77.100us  319.50us  cudaMemcpy
                    0.13%  232.80us        97  2.4000us     100ns  81.800us  cuDeviceGetAttribute
                    0.13%  228.20us         3  76.066us  7.3000us  206.40us  cudaFree
                    0.07%  127.70us         1  127.70us  127.70us  127.70us  cuModuleUnload
                    0.02%  34.500us         1  34.500us  34.500us  34.500us  cudaLaunchKernel
                    0.01%  13.600us         1  13.600us  13.600us  13.600us  cuDeviceTotalMem
                    0.00%  8.3000us         1  8.3000us  8.3000us  8.3000us  cuDeviceGetPCIBusId
                    0.00%  1.0000us         3     333ns     200ns     600ns  cuDeviceGetCount
                    0.00%     900ns         2     450ns     200ns     700ns  cuDeviceGet
                    0.00%     800ns         1     800ns     800ns     800ns  cuDeviceGetName
                    0.00%     400ns         1     400ns     400ns     400ns  cuDeviceGetLuid
                    0.00%     300ns         1     300ns     300ns     300ns  cuDeviceGetUuid
                    0.00%     300ns         1     300ns     300ns     300ns  cudaGetLastError
