==14304== NVPROF is profiling process 14304, command: ..\test\x64\Release\test.exe 41000 256
==14304== Profiling application: ..\test\x64\Release\test.exe 41000 256
==14304== Profiling result:
            Type  Time(%)      Time     Calls       Avg       Min       Max  Name
 GPU activities:   70.80%  67.969us         2  33.984us  26.465us  41.504us  [CUDA memcpy HtoD]
                   25.90%  24.864us         1  24.864us  24.864us  24.864us  [CUDA memcpy DtoH]
                    3.30%  3.1680us         1  3.1680us  3.1680us  3.1680us  vectorAdd(float const *, float const *, float*, int)
      API calls:   77.12%  146.38ms         3  48.793ms  8.3000us  146.36ms  cudaMalloc
                   22.28%  42.296ms         1  42.296ms  42.296ms  42.296ms  cuDevicePrimaryCtxRelease
                    0.28%  535.20us         3  178.40us  126.10us  232.10us  cudaMemcpy
                    0.12%  226.00us        97  2.3290us     100ns  86.300us  cuDeviceGetAttribute
                    0.11%  209.20us         3  69.733us  7.7000us  185.40us  cudaFree
                    0.05%  88.000us         1  88.000us  88.000us  88.000us  cuModuleUnload
                    0.02%  38.700us         1  38.700us  38.700us  38.700us  cudaLaunchKernel
                    0.01%  18.200us         1  18.200us  18.200us  18.200us  cuDeviceTotalMem
                    0.01%  9.6000us         1  9.6000us  9.6000us  9.6000us  cuDeviceGetPCIBusId
                    0.00%  1.8000us         3     600ns     200ns     800ns  cuDeviceGetCount
                    0.00%  1.2000us         2     600ns     300ns     900ns  cuDeviceGet
                    0.00%     700ns         1     700ns     700ns     700ns  cuDeviceGetName
                    0.00%     400ns         1     400ns     400ns     400ns  cuDeviceGetLuid
                    0.00%     300ns         1     300ns     300ns     300ns  cudaGetLastError
                    0.00%     200ns         1     200ns     200ns     200ns  cuDeviceGetUuid
