==11840== NVPROF is profiling process 11840, command: ..\test\x64\Release\test.exe 46000 256
==11840== Profiling application: ..\test\x64\Release\test.exe 46000 256
==11840== Profiling result:
            Type  Time(%)      Time     Calls       Avg       Min       Max  Name
 GPU activities:   71.23%  77.314us         2  38.657us  38.561us  38.753us  [CUDA memcpy HtoD]
                   25.71%  27.904us         1  27.904us  27.904us  27.904us  [CUDA memcpy DtoH]
                    3.07%  3.3280us         1  3.3280us  3.3280us  3.3280us  vectorAdd(float const *, float const *, float*, int)
      API calls:   76.64%  132.34ms         3  44.115ms  5.0000us  132.33ms  cudaMalloc
                   22.69%  39.185ms         1  39.185ms  39.185ms  39.185ms  cuDevicePrimaryCtxRelease
                    0.29%  505.20us         3  168.40us  58.600us  273.80us  cudaMemcpy
                    0.13%  222.80us        97  2.2960us     100ns  85.000us  cuDeviceGetAttribute
                    0.12%  210.10us         3  70.033us  7.4000us  190.10us  cudaFree
                    0.07%  125.00us         1  125.00us  125.00us  125.00us  cuModuleUnload
                    0.03%  46.000us         1  46.000us  46.000us  46.000us  cudaLaunchKernel
                    0.02%  37.400us         1  37.400us  37.400us  37.400us  cuDeviceTotalMem
                    0.00%  8.0000us         1  8.0000us  8.0000us  8.0000us  cuDeviceGetPCIBusId
                    0.00%  1.9000us         3     633ns     200ns  1.4000us  cuDeviceGetCount
                    0.00%  1.0000us         2     500ns     200ns     800ns  cuDeviceGet
                    0.00%     700ns         1     700ns     700ns     700ns  cuDeviceGetName
                    0.00%     400ns         1     400ns     400ns     400ns  cuDeviceGetLuid
                    0.00%     300ns         1     300ns     300ns     300ns  cudaGetLastError
                    0.00%     200ns         1     200ns     200ns     200ns  cuDeviceGetUuid
