==23364== NVPROF is profiling process 23364, command: ..\test\x64\Release\test.exe 133000 256
==23364== Profiling application: ..\test\x64\Release\test.exe 133000 256
==23364== Profiling result:
            Type  Time(%)      Time     Calls       Avg       Min       Max  Name
 GPU activities:   64.17%  165.86us         2  82.928us  82.912us  82.945us  [CUDA memcpy HtoD]
                   31.21%  80.672us         1  80.672us  80.672us  80.672us  [CUDA memcpy DtoH]
                    4.62%  11.937us         1  11.937us  11.937us  11.937us  vectorAdd(float const *, float const *, float*, int)
      API calls:   75.55%  136.42ms         3  45.473ms  5.2000us  136.40ms  cudaMalloc
                   23.60%  42.609ms         1  42.609ms  42.609ms  42.609ms  cuDevicePrimaryCtxRelease
                    0.48%  860.10us         3  286.70us  101.60us  465.40us  cudaMemcpy
                    0.16%  291.70us         3  97.233us  7.1000us  270.80us  cudaFree
                    0.10%  180.70us        97  1.8620us     100ns  66.200us  cuDeviceGetAttribute
                    0.07%  120.20us         1  120.20us  120.20us  120.20us  cuModuleUnload
                    0.02%  35.100us         1  35.100us  35.100us  35.100us  cudaLaunchKernel
                    0.02%  32.300us         1  32.300us  32.300us  32.300us  cuDeviceTotalMem
                    0.00%  8.3000us         1  8.3000us  8.3000us  8.3000us  cuDeviceGetPCIBusId
                    0.00%  1.4000us         3     466ns     200ns     900ns  cuDeviceGetCount
                    0.00%  1.2000us         2     600ns     200ns  1.0000us  cuDeviceGet
                    0.00%  1.2000us         1  1.2000us  1.2000us  1.2000us  cuDeviceGetName
                    0.00%     300ns         1     300ns     300ns     300ns  cuDeviceGetLuid
                    0.00%     300ns         1     300ns     300ns     300ns  cudaGetLastError
                    0.00%     200ns         1     200ns     200ns     200ns  cuDeviceGetUuid
