==16432== NVPROF is profiling process 16432, command: ..\test\x64\Release\test.exe 30000 256
==16432== Profiling application: ..\test\x64\Release\test.exe 30000 256
==16432== Profiling result:
            Type  Time(%)      Time     Calls       Avg       Min       Max  Name
 GPU activities:   74.45%  60.802us         2  30.401us  29.089us  31.713us  [CUDA memcpy HtoD]
                   22.26%  18.176us         1  18.176us  18.176us  18.176us  [CUDA memcpy DtoH]
                    3.29%  2.6880us         1  2.6880us  2.6880us  2.6880us  vectorAdd(float const *, float const *, float*, int)
      API calls:   76.89%  133.63ms         3  44.542ms  7.8000us  133.60ms  cudaMalloc
                   22.57%  39.221ms         1  39.221ms  39.221ms  39.221ms  cuDevicePrimaryCtxRelease
                    0.24%  420.10us         3  140.03us  53.300us  204.80us  cudaMemcpy
                    0.11%  185.50us        97  1.9120us     100ns  69.100us  cuDeviceGetAttribute
                    0.10%  175.20us         3  58.400us  7.6000us  153.40us  cudaFree
                    0.05%  85.900us         1  85.900us  85.900us  85.900us  cuModuleUnload
                    0.02%  36.000us         1  36.000us  36.000us  36.000us  cuDeviceTotalMem
                    0.02%  34.000us         1  34.000us  34.000us  34.000us  cudaLaunchKernel
                    0.00%  8.6000us         1  8.6000us  8.6000us  8.6000us  cuDeviceGetPCIBusId
                    0.00%  1.6000us         3     533ns     300ns     900ns  cuDeviceGetCount
                    0.00%  1.3000us         2     650ns     200ns  1.1000us  cuDeviceGet
                    0.00%     800ns         1     800ns     800ns     800ns  cuDeviceGetName
                    0.00%     400ns         1     400ns     400ns     400ns  cudaGetLastError
                    0.00%     300ns         1     300ns     300ns     300ns  cuDeviceGetLuid
                    0.00%     200ns         1     200ns     200ns     200ns  cuDeviceGetUuid
