==23456== NVPROF is profiling process 23456, command: ..\test\x64\Release\test.exe 68000 256
==23456== Profiling application: ..\test\x64\Release\test.exe 68000 256
==23456== Profiling result:
            Type  Time(%)      Time     Calls       Avg       Min       Max  Name
 GPU activities:   69.64%  104.58us         2  52.289us  52.289us  52.289us  [CUDA memcpy HtoD]
                   27.47%  41.248us         1  41.248us  41.248us  41.248us  [CUDA memcpy DtoH]
                    2.90%  4.3520us         1  4.3520us  4.3520us  4.3520us  vectorAdd(float const *, float const *, float*, int)
      API calls:   77.33%  137.62ms         3  45.874ms  4.7000us  137.61ms  cudaMalloc
                   22.00%  39.150ms         1  39.150ms  39.150ms  39.150ms  cuDevicePrimaryCtxRelease
                    0.30%  534.00us         3  178.00us  66.800us  297.60us  cudaMemcpy
                    0.14%  240.30us        97  2.4770us     100ns  101.90us  cuDeviceGetAttribute
                    0.12%  209.10us         3  69.700us  7.4000us  186.70us  cudaFree
                    0.08%  133.80us         1  133.80us  133.80us  133.80us  cuModuleUnload
                    0.03%  54.200us         1  54.200us  54.200us  54.200us  cudaLaunchKernel
                    0.01%  13.100us         1  13.100us  13.100us  13.100us  cuDeviceTotalMem
                    0.00%  8.3000us         1  8.3000us  8.3000us  8.3000us  cuDeviceGetPCIBusId
                    0.00%  1.1000us         3     366ns     200ns     600ns  cuDeviceGetCount
                    0.00%     700ns         2     350ns     100ns     600ns  cuDeviceGet
                    0.00%     600ns         1     600ns     600ns     600ns  cuDeviceGetName
                    0.00%     300ns         1     300ns     300ns     300ns  cuDeviceGetLuid
                    0.00%     300ns         1     300ns     300ns     300ns  cudaGetLastError
                    0.00%     200ns         1     200ns     200ns     200ns  cuDeviceGetUuid
