==18384== NVPROF is profiling process 18384, command: ..\test\x64\Release\test.exe 6000 256
==18384== Profiling application: ..\test\x64\Release\test.exe 6000 256
==18384== Profiling result:
            Type  Time(%)      Time     Calls       Avg       Min       Max  Name
 GPU activities:   52.87%  5.8880us         2  2.9440us  2.8800us  3.0080us  [CUDA memcpy HtoD]
                   33.05%  3.6800us         1  3.6800us  3.6800us  3.6800us  [CUDA memcpy DtoH]
                   14.08%  1.5680us         1  1.5680us  1.5680us  1.5680us  vectorAdd(float const *, float const *, float*, int)
      API calls:   76.29%  134.02ms         3  44.675ms  4.9000us  133.99ms  cudaMalloc
                   23.15%  40.664ms         1  40.664ms  40.664ms  40.664ms  cuDevicePrimaryCtxRelease
                    0.17%  292.50us         3  97.500us  66.200us  141.40us  cudaMemcpy
                    0.15%  256.90us         3  85.633us  7.0000us  235.70us  cudaFree
                    0.11%  188.90us        97  1.9470us     100ns  67.100us  cuDeviceGetAttribute
                    0.10%  169.60us         1  169.60us  169.60us  169.60us  cuModuleUnload
                    0.02%  37.600us         1  37.600us  37.600us  37.600us  cuDeviceTotalMem
                    0.02%  34.600us         1  34.600us  34.600us  34.600us  cudaLaunchKernel
                    0.01%  9.2000us         1  9.2000us  9.2000us  9.2000us  cuDeviceGetPCIBusId
                    0.00%  1.5000us         3     500ns     300ns     900ns  cuDeviceGetCount
                    0.00%  1.2000us         2     600ns     200ns  1.0000us  cuDeviceGet
                    0.00%     700ns         1     700ns     700ns     700ns  cuDeviceGetName
                    0.00%     400ns         1     400ns     400ns     400ns  cuDeviceGetLuid
                    0.00%     300ns         1     300ns     300ns     300ns  cudaGetLastError
                    0.00%     200ns         1     200ns     200ns     200ns  cuDeviceGetUuid
