==21660== NVPROF is profiling process 21660, command: ..\test\x64\Release\test.exe 65536 256
==21660== Profiling application: ..\test\x64\Release\test.exe 65536 256
==21660== Profiling result:
            Type  Time(%)      Time     Calls       Avg       Min       Max  Name
 GPU activities:   66.79%  106.88us         2  53.440us  41.345us  65.536us  [CUDA memcpy HtoD]
                   30.59%  48.961us         1  48.961us  48.961us  48.961us  [CUDA memcpy DtoH]
                    2.62%  4.1920us         1  4.1920us  4.1920us  4.1920us  vectorAdd(float const *, float const *, float*, int)
      API calls:   78.47%  154.23ms         3  51.409ms  3.3000us  154.22ms  cudaMalloc
                   20.94%  41.154ms         1  41.154ms  41.154ms  41.154ms  cuDevicePrimaryCtxRelease
                    0.27%  534.50us         3  178.17us  73.300us  304.80us  cudaMemcpy
                    0.13%  245.70us         3  81.900us  6.9000us  225.80us  cudaFree
                    0.10%  190.30us        97  1.9610us     100ns  74.000us  cuDeviceGetAttribute
                    0.05%  98.000us         1  98.000us  98.000us  98.000us  cuModuleUnload
                    0.04%  74.400us         1  74.400us  74.400us  74.400us  cudaLaunchKernel
                    0.01%  16.700us         1  16.700us  16.700us  16.700us  cuDeviceTotalMem
                    0.00%  8.9000us         1  8.9000us  8.9000us  8.9000us  cuDeviceGetPCIBusId
                    0.00%  1.3000us         3     433ns     200ns     900ns  cuDeviceGetCount
                    0.00%  1.3000us         2     650ns     200ns  1.1000us  cuDeviceGet
                    0.00%     800ns         1     800ns     800ns     800ns  cuDeviceGetName
                    0.00%     400ns         1     400ns     400ns     400ns  cudaGetLastError
                    0.00%     300ns         1     300ns     300ns     300ns  cuDeviceGetUuid
                    0.00%     300ns         1     300ns     300ns     300ns  cuDeviceGetLuid
