==2704== NVPROF is profiling process 2704, command: ..\test\x64\Release\test.exe 850000 256
==2704== Profiling application: ..\test\x64\Release\test.exe 850000 256
==2704== Profiling result:
            Type  Time(%)      Time     Calls       Avg       Min       Max  Name
 GPU activities:   58.09%  1.5936ms         2  796.78us  747.02us  846.54us  [CUDA memcpy HtoD]
                   38.32%  1.0512ms         1  1.0512ms  1.0512ms  1.0512ms  [CUDA memcpy DtoH]
                    3.59%  98.561us         1  98.561us  98.561us  98.561us  vectorAdd(float const *, float const *, float*, int)
      API calls:   73.16%  119.03ms         3  39.676ms  408.70us  118.18ms  cudaMalloc
                   23.97%  38.990ms         1  38.990ms  38.990ms  38.990ms  cuDevicePrimaryCtxRelease
                    2.29%  3.7226ms         3  1.2409ms  876.10us  1.8950ms  cudaMemcpy
                    0.32%  523.40us         3  174.47us  127.50us  251.10us  cudaFree
                    0.12%  191.30us        97  1.9720us     100ns  69.300us  cuDeviceGetAttribute
                    0.08%  122.10us         1  122.10us  122.10us  122.10us  cuModuleUnload
                    0.03%  54.500us         1  54.500us  54.500us  54.500us  cuDeviceTotalMem
                    0.03%  46.500us         1  46.500us  46.500us  46.500us  cudaLaunchKernel
                    0.01%  8.4000us         1  8.4000us  8.4000us  8.4000us  cuDeviceGetPCIBusId
                    0.00%  1.5000us         3     500ns     100ns  1.0000us  cuDeviceGetCount
                    0.00%  1.2000us         2     600ns     200ns  1.0000us  cuDeviceGet
                    0.00%     700ns         1     700ns     700ns     700ns  cuDeviceGetName
                    0.00%     400ns         1     400ns     400ns     400ns  cuDeviceGetLuid
                    0.00%     200ns         1     200ns     200ns     200ns  cuDeviceGetUuid
                    0.00%     200ns         1     200ns     200ns     200ns  cudaGetLastError
