==11712== NVPROF is profiling process 11712, command: ..\test\x64\Release\test.exe 330000 256
==11712== Profiling application: ..\test\x64\Release\test.exe 330000 256
==11712== Profiling result:
            Type  Time(%)      Time     Calls       Avg       Min       Max  Name
 GPU activities:   62.53%  465.32us         2  232.66us  226.43us  238.88us  [CUDA memcpy HtoD]
                   32.64%  242.85us         1  242.85us  242.85us  242.85us  [CUDA memcpy DtoH]
                    4.83%  35.969us         1  35.969us  35.969us  35.969us  vectorAdd(float const *, float const *, float*, int)
      API calls:   73.17%  119.75ms         3  39.918ms  417.60us  118.84ms  cudaMalloc
                   25.11%  41.088ms         1  41.088ms  41.088ms  41.088ms  cuDevicePrimaryCtxRelease
                    0.96%  1.5667ms         3  522.23us  189.70us  888.00us  cudaMemcpy
                    0.49%  800.40us         3  266.80us  259.10us  276.90us  cudaFree
                    0.13%  212.20us        97  2.1870us     100ns  73.000us  cuDeviceGetAttribute
                    0.07%  121.50us         1  121.50us  121.50us  121.50us  cuModuleUnload
                    0.04%  67.300us         1  67.300us  67.300us  67.300us  cudaLaunchKernel
                    0.02%  37.600us         1  37.600us  37.600us  37.600us  cuDeviceTotalMem
                    0.01%  8.4000us         1  8.4000us  8.4000us  8.4000us  cuDeviceGetPCIBusId
                    0.00%  1.6000us         3     533ns     200ns  1.0000us  cuDeviceGetCount
                    0.00%  1.3000us         2     650ns     200ns  1.1000us  cuDeviceGet
                    0.00%     900ns         1     900ns     900ns     900ns  cuDeviceGetName
                    0.00%     300ns         1     300ns     300ns     300ns  cuDeviceGetLuid
                    0.00%     200ns         1     200ns     200ns     200ns  cuDeviceGetUuid
                    0.00%     200ns         1     200ns     200ns     200ns  cudaGetLastError
