==18800== NVPROF is profiling process 18800, command: ..\test\x64\Release\test.exe 50000 368
==18800== Profiling application: ..\test\x64\Release\test.exe 50000 368
==18800== Profiling result:
            Type  Time(%)      Time     Calls       Avg       Min       Max  Name
 GPU activities:   64.28%  78.368us         2  39.184us  31.776us  46.592us  [CUDA memcpy HtoD]
                   32.55%  39.681us         1  39.681us  39.681us  39.681us  [CUDA memcpy DtoH]
                    3.18%  3.8720us         1  3.8720us  3.8720us  3.8720us  vectorAdd(float const *, float const *, float*, int)
      API calls:   78.89%  173.85ms         3  57.951ms  5.8000us  173.83ms  cudaMalloc
                   20.47%  45.112ms         1  45.112ms  45.112ms  45.112ms  cuDevicePrimaryCtxRelease
                    0.23%  504.90us         3  168.30us  46.300us  284.00us  cudaMemcpy
                    0.15%  339.90us        97  3.5040us     100ns  154.60us  cuDeviceGetAttribute
                    0.12%  272.50us         3  90.833us  7.8000us  251.80us  cudaFree
                    0.09%  204.90us         1  204.90us  204.90us  204.90us  cuModuleUnload
                    0.02%  46.700us         1  46.700us  46.700us  46.700us  cudaLaunchKernel
                    0.01%  27.600us         1  27.600us  27.600us  27.600us  cuDeviceTotalMem
                    0.00%  8.7000us         1  8.7000us  8.7000us  8.7000us  cuDeviceGetPCIBusId
                    0.00%  2.1000us         3     700ns     300ns  1.4000us  cuDeviceGetCount
                    0.00%  1.9000us         2     950ns     200ns  1.7000us  cuDeviceGet
                    0.00%     800ns         1     800ns     800ns     800ns  cuDeviceGetName
                    0.00%     400ns         1     400ns     400ns     400ns  cuDeviceGetUuid
                    0.00%     400ns         1     400ns     400ns     400ns  cudaGetLastError
                    0.00%     300ns         1     300ns     300ns     300ns  cuDeviceGetLuid
