==18992== NVPROF is profiling process 18992, command: ..\test\x64\Release\test.exe 50000 642
==18992== Profiling application: ..\test\x64\Release\test.exe 50000 642
==18992== Profiling result:
            Type  Time(%)      Time     Calls       Avg       Min       Max  Name
 GPU activities:   67.99%  73.344us         2  36.672us  32.128us  41.216us  [CUDA memcpy HtoD]
                   28.15%  30.368us         1  30.368us  30.368us  30.368us  [CUDA memcpy DtoH]
                    3.86%  4.1600us         1  4.1600us  4.1600us  4.1600us  vectorAdd(float const *, float const *, float*, int)
      API calls:   75.42%  140.40ms         3  46.801ms  5.0000us  140.39ms  cudaMalloc
                   23.96%  44.602ms         1  44.602ms  44.602ms  44.602ms  cuDevicePrimaryCtxRelease
                    0.26%  475.10us         3  158.37us  108.30us  224.90us  cudaMemcpy
                    0.16%  306.70us        97  3.1610us     100ns  118.40us  cuDeviceGetAttribute
                    0.11%  204.50us         3  68.166us  7.6000us  183.00us  cudaFree
                    0.06%  108.50us         1  108.50us  108.50us  108.50us  cuModuleUnload
                    0.02%  33.400us         1  33.400us  33.400us  33.400us  cudaLaunchKernel
                    0.01%  15.200us         1  15.200us  15.200us  15.200us  cuDeviceTotalMem
                    0.00%  9.1000us         1  9.1000us  9.1000us  9.1000us  cuDeviceGetPCIBusId
                    0.00%  1.3000us         3     433ns     200ns     800ns  cuDeviceGetCount
                    0.00%  1.0000us         1  1.0000us  1.0000us  1.0000us  cuDeviceGetName
                    0.00%     800ns         2     400ns     200ns     600ns  cuDeviceGet
                    0.00%     400ns         1     400ns     400ns     400ns  cuDeviceGetLuid
                    0.00%     300ns         1     300ns     300ns     300ns  cudaGetLastError
                    0.00%     200ns         1     200ns     200ns     200ns  cuDeviceGetUuid
