==20416== NVPROF is profiling process 20416, command: ..\test\x64\Release\test.exe 50000 831
==20416== Profiling application: ..\test\x64\Release\test.exe 50000 831
==20416== Profiling result:
            Type  Time(%)      Time     Calls       Avg       Min       Max  Name
 GPU activities:   67.68%  73.056us         2  36.528us  31.936us  41.120us  [CUDA memcpy HtoD]
                   28.11%  30.337us         1  30.337us  30.337us  30.337us  [CUDA memcpy DtoH]
                    4.21%  4.5440us         1  4.5440us  4.5440us  4.5440us  vectorAdd(float const *, float const *, float*, int)
      API calls:   76.07%  137.56ms         3  45.853ms  5.1000us  137.53ms  cudaMalloc
                   23.32%  42.164ms         1  42.164ms  42.164ms  42.164ms  cuDevicePrimaryCtxRelease
                    0.26%  474.10us         3  158.03us  84.900us  258.20us  cudaMemcpy
                    0.13%  236.70us         3  78.900us  7.3000us  216.80us  cudaFree
                    0.10%  188.70us        97  1.9450us     100ns  86.300us  cuDeviceGetAttribute
                    0.08%  139.70us         1  139.70us  139.70us  139.70us  cuModuleUnload
                    0.02%  34.900us         1  34.900us  34.900us  34.900us  cuDeviceTotalMem
                    0.02%  32.100us         1  32.100us  32.100us  32.100us  cudaLaunchKernel
                    0.00%  8.5000us         1  8.5000us  8.5000us  8.5000us  cuDeviceGetPCIBusId
                    0.00%  1.5000us         3     500ns     200ns  1.1000us  cuDeviceGetCount
                    0.00%  1.1000us         2     550ns     200ns     900ns  cuDeviceGet
                    0.00%     700ns         1     700ns     700ns     700ns  cuDeviceGetName
                    0.00%     300ns         1     300ns     300ns     300ns  cuDeviceGetLuid
                    0.00%     300ns         1     300ns     300ns     300ns  cudaGetLastError
                    0.00%     200ns         1     200ns     200ns     200ns  cuDeviceGetUuid
