==17848== NVPROF is profiling process 17848, command: ..\test\x64\Release\test.exe 50000 8
==17848== Profiling application: ..\test\x64\Release\test.exe 50000 8
==17848== Profiling result:
            Type  Time(%)      Time     Calls       Avg       Min       Max  Name
 GPU activities:   50.91%  63.840us         2  31.920us  31.840us  32.000us  [CUDA memcpy HtoD]
                   24.85%  31.169us         1  31.169us  31.169us  31.169us  vectorAdd(float const *, float const *, float*, int)
                   24.24%  30.400us         1  30.400us  30.400us  30.400us  [CUDA memcpy DtoH]
      API calls:   79.08%  153.59ms         3  51.197ms  5.0000us  153.58ms  cudaMalloc
                   20.43%  39.685ms         1  39.685ms  39.685ms  39.685ms  cuDevicePrimaryCtxRelease
                    0.20%  388.90us         3  129.63us  62.900us  208.30us  cudaMemcpy
                    0.10%  188.50us        97  1.9430us     100ns  67.200us  cuDeviceGetAttribute
                    0.08%  152.00us         3  50.666us  7.7000us  128.20us  cudaFree
                    0.05%  99.200us         1  99.200us  99.200us  99.200us  cuModuleUnload
                    0.02%  41.800us         1  41.800us  41.800us  41.800us  cuDeviceTotalMem
                    0.02%  35.800us         1  35.800us  35.800us  35.800us  cudaLaunchKernel
                    0.01%  26.900us         1  26.900us  26.900us  26.900us  cuDeviceGetPCIBusId
                    0.00%  1.4000us         3     466ns     200ns     900ns  cuDeviceGetCount
                    0.00%  1.0000us         2     500ns     100ns     900ns  cuDeviceGet
                    0.00%     700ns         1     700ns     700ns     700ns  cuDeviceGetName
                    0.00%     300ns         1     300ns     300ns     300ns  cuDeviceGetLuid
                    0.00%     300ns         1     300ns     300ns     300ns  cudaGetLastError
                    0.00%     200ns         1     200ns     200ns     200ns  cuDeviceGetUuid
