==20188== NVPROF is profiling process 20188, command: ..\test\x64\Release\test.exe 50000 512
==20188== Profiling application: ..\test\x64\Release\test.exe 50000 512
==20188== Profiling result:
            Type  Time(%)      Time     Calls       Avg       Min       Max  Name
 GPU activities:   68.40%  73.696us         2  36.848us  31.872us  41.824us  [CUDA memcpy HtoD]
                   28.13%  30.304us         1  30.304us  30.304us  30.304us  [CUDA memcpy DtoH]
                    3.47%  3.7440us         1  3.7440us  3.7440us  3.7440us  vectorAdd(float const *, float const *, float*, int)
      API calls:   76.21%  147.39ms         3  49.131ms  5.6000us  147.37ms  cudaMalloc
                   23.02%  44.524ms         1  44.524ms  44.524ms  44.524ms  cuDevicePrimaryCtxRelease
                    0.33%  630.10us         3  210.03us  84.300us  397.20us  cudaMemcpy
                    0.18%  340.70us         3  113.57us  8.8000us  291.50us  cudaFree
                    0.10%  191.10us         1  191.10us  191.10us  191.10us  cuModuleUnload
                    0.10%  190.30us        97  1.9610us     100ns  78.300us  cuDeviceGetAttribute
                    0.03%  63.100us         1  63.100us  63.100us  63.100us  cudaLaunchKernel
                    0.02%  29.800us         1  29.800us  29.800us  29.800us  cuDeviceTotalMem
                    0.01%  19.900us         1  19.900us  19.900us  19.900us  cuDeviceGetName
                    0.00%  8.6000us         1  8.6000us  8.6000us  8.6000us  cuDeviceGetPCIBusId
                    0.00%  1.4000us         3     466ns     200ns     900ns  cuDeviceGetCount
                    0.00%  1.0000us         2     500ns     200ns     800ns  cuDeviceGet
                    0.00%     500ns         1     500ns     500ns     500ns  cudaGetLastError
                    0.00%     300ns         1     300ns     300ns     300ns  cuDeviceGetLuid
                    0.00%     200ns         1     200ns     200ns     200ns  cuDeviceGetUuid
