==19464== NVPROF is profiling process 19464, command: ..\test\x64\Release\test.exe 50000 516
==19464== Profiling application: ..\test\x64\Release\test.exe 50000 516
==19464== Profiling result:
            Type  Time(%)      Time     Calls       Avg       Min       Max  Name
 GPU activities:   67.94%  73.984us         2  36.992us  32.864us  41.120us  [CUDA memcpy HtoD]
                   27.92%  30.400us         1  30.400us  30.400us  30.400us  [CUDA memcpy DtoH]
                    4.14%  4.5120us         1  4.5120us  4.5120us  4.5120us  vectorAdd(float const *, float const *, float*, int)
      API calls:   75.66%  143.15ms         3  47.717ms  5.1000us  143.13ms  cudaMalloc
                   23.40%  44.272ms         1  44.272ms  44.272ms  44.272ms  cuDevicePrimaryCtxRelease
                    0.40%  750.80us         3  250.27us  52.500us  480.50us  cudaMemcpy
                    0.20%  386.00us         3  128.67us  9.0000us  335.60us  cudaFree
                    0.18%  347.00us         1  347.00us  347.00us  347.00us  cuModuleUnload
                    0.10%  193.50us        97  1.9940us     100ns  75.500us  cuDeviceGetAttribute
                    0.02%  45.300us         1  45.300us  45.300us  45.300us  cuDeviceTotalMem
                    0.02%  41.000us         1  41.000us  41.000us  41.000us  cudaLaunchKernel
                    0.00%  8.9000us         1  8.9000us  8.9000us  8.9000us  cuDeviceGetPCIBusId
                    0.00%  1.5000us         3     500ns     200ns  1.0000us  cuDeviceGetCount
                    0.00%  1.5000us         2     750ns     200ns  1.3000us  cuDeviceGet
                    0.00%     800ns         1     800ns     800ns     800ns  cuDeviceGetName
                    0.00%     300ns         1     300ns     300ns     300ns  cuDeviceGetUuid
                    0.00%     300ns         1     300ns     300ns     300ns  cuDeviceGetLuid
                    0.00%     300ns         1     300ns     300ns     300ns  cudaGetLastError
