==17936== NVPROF is profiling process 17936, command: ..\test\x64\Release\test.exe 50000 488
==17936== Profiling application: ..\test\x64\Release\test.exe 50000 488
==17936== Profiling result:
            Type  Time(%)      Time     Calls       Avg       Min       Max  Name
 GPU activities:   60.67%  84.673us         2  42.336us  31.776us  52.897us  [CUDA memcpy HtoD]
                   36.55%  51.008us         1  51.008us  51.008us  51.008us  [CUDA memcpy DtoH]
                    2.77%  3.8720us         1  3.8720us  3.8720us  3.8720us  vectorAdd(float const *, float const *, float*, int)
      API calls:   75.90%  144.53ms         3  48.178ms  5.0000us  144.52ms  cudaMalloc
                   23.44%  44.645ms         1  44.645ms  44.645ms  44.645ms  cuDevicePrimaryCtxRelease
                    0.30%  564.40us         3  188.13us  54.700us  339.10us  cudaMemcpy
                    0.14%  273.90us         3  91.300us  24.600us  200.00us  cudaFree
                    0.11%  202.20us        97  2.0840us     100ns  82.300us  cuDeviceGetAttribute
                    0.08%  149.40us         1  149.40us  149.40us  149.40us  cuModuleUnload
                    0.02%  37.900us         1  37.900us  37.900us  37.900us  cudaLaunchKernel
                    0.01%  16.600us         1  16.600us  16.600us  16.600us  cuDeviceTotalMem
                    0.00%  8.3000us         1  8.3000us  8.3000us  8.3000us  cuDeviceGetPCIBusId
                    0.00%  1.3000us         3     433ns     200ns     800ns  cuDeviceGetCount
                    0.00%  1.0000us         2     500ns     200ns     800ns  cuDeviceGet
                    0.00%     700ns         1     700ns     700ns     700ns  cuDeviceGetName
                    0.00%     300ns         1     300ns     300ns     300ns  cuDeviceGetLuid
                    0.00%     300ns         1     300ns     300ns     300ns  cudaGetLastError
                    0.00%     200ns         1     200ns     200ns     200ns  cuDeviceGetUuid
