==19620== NVPROF is profiling process 19620, command: ..\test\x64\Release\test.exe 50000 625
==19620== Profiling application: ..\test\x64\Release\test.exe 50000 625
==19620== Profiling result:
            Type  Time(%)      Time     Calls       Avg       Min       Max  Name
 GPU activities:   64.90%  63.842us         2  31.921us  31.777us  32.065us  [CUDA memcpy HtoD]
                   30.90%  30.400us         1  30.400us  30.400us  30.400us  [CUDA memcpy DtoH]
                    4.20%  4.1280us         1  4.1280us  4.1280us  4.1280us  vectorAdd(float const *, float const *, float*, int)
      API calls:   76.75%  137.18ms         3  45.726ms  5.3000us  137.16ms  cudaMalloc
                   22.68%  40.531ms         1  40.531ms  40.531ms  40.531ms  cuDevicePrimaryCtxRelease
                    0.24%  421.50us         3  140.50us  52.400us  213.50us  cudaMemcpy
                    0.15%  262.90us         3  87.633us  7.3000us  243.00us  cudaFree
                    0.12%  209.80us        97  2.1620us     100ns  71.000us  cuDeviceGetAttribute
                    0.04%  79.700us         1  79.700us  79.700us  79.700us  cuModuleUnload
                    0.02%  32.100us         1  32.100us  32.100us  32.100us  cudaLaunchKernel
                    0.01%  15.900us         1  15.900us  15.900us  15.900us  cuDeviceTotalMem
                    0.00%  8.6000us         1  8.6000us  8.6000us  8.6000us  cuDeviceGetPCIBusId
                    0.00%  1.4000us         3     466ns     200ns     900ns  cuDeviceGetCount
                    0.00%  1.2000us         2     600ns     200ns  1.0000us  cuDeviceGet
                    0.00%     700ns         1     700ns     700ns     700ns  cuDeviceGetName
                    0.00%     300ns         1     300ns     300ns     300ns  cuDeviceGetUuid
                    0.00%     300ns         1     300ns     300ns     300ns  cuDeviceGetLuid
                    0.00%     200ns         1     200ns     200ns     200ns  cudaGetLastError
