==21016== NVPROF is profiling process 21016, command: ..\test\x64\Release\test.exe 50000 977
==21016== Profiling application: ..\test\x64\Release\test.exe 50000 977
==21016== Profiling result:
            Type  Time(%)      Time     Calls       Avg       Min       Max  Name
 GPU activities:   70.46%  82.600us         2  41.300us  41.028us  41.572us  [CUDA memcpy HtoD]
                   25.83%  30.274us         1  30.274us  30.274us  30.274us  [CUDA memcpy DtoH]
                    3.71%  4.3530us         1  4.3530us  4.3530us  4.3530us  vectorAdd(float const *, float const *, float*, int)
      API calls:   76.56%  137.90ms         3  45.966ms  5.4000us  137.88ms  cudaMalloc
                   22.81%  41.084ms         1  41.084ms  41.084ms  41.084ms  cuDevicePrimaryCtxRelease
                    0.27%  486.40us         3  162.13us  78.300us  270.90us  cudaMemcpy
                    0.11%  205.90us         3  68.633us  7.5000us  185.30us  cudaFree
                    0.11%  203.20us        97  2.0940us     100ns  69.200us  cuDeviceGetAttribute
                    0.08%  139.50us         1  139.50us  139.50us  139.50us  cuModuleUnload
                    0.03%  51.600us         1  51.600us  51.600us  51.600us  cudaLaunchKernel
                    0.02%  35.200us         1  35.200us  35.200us  35.200us  cuDeviceTotalMem
                    0.01%  9.9000us         1  9.9000us  9.9000us  9.9000us  cuDeviceGetPCIBusId
                    0.00%  1.8000us         3     600ns     200ns  1.3000us  cuDeviceGetCount
                    0.00%  1.2000us         2     600ns     200ns  1.0000us  cuDeviceGet
                    0.00%     700ns         1     700ns     700ns     700ns  cuDeviceGetName
                    0.00%     300ns         1     300ns     300ns     300ns  cuDeviceGetLuid
                    0.00%     300ns         1     300ns     300ns     300ns  cudaGetLastError
                    0.00%     200ns         1     200ns     200ns     200ns  cuDeviceGetUuid
