==19856== NVPROF is profiling process 19856, command: ..\test\x64\Release\test.exe 50000 957
==19856== Profiling application: ..\test\x64\Release\test.exe 50000 957
==19856== Profiling result:
            Type  Time(%)      Time     Calls       Avg       Min       Max  Name
 GPU activities:   72.55%  91.841us         2  45.920us  41.216us  50.625us  [CUDA memcpy HtoD]
                   23.89%  30.240us         1  30.240us  30.240us  30.240us  [CUDA memcpy DtoH]
                    3.56%  4.5120us         1  4.5120us  4.5120us  4.5120us  vectorAdd(float const *, float const *, float*, int)
      API calls:   76.62%  134.56ms         3  44.854ms  4.9000us  134.53ms  cudaMalloc
                   22.71%  39.889ms         1  39.889ms  39.889ms  39.889ms  cuDevicePrimaryCtxRelease
                    0.31%  547.90us         3  182.63us  58.000us  313.00us  cudaMemcpy
                    0.14%  243.50us        97  2.5100us     100ns  84.800us  cuDeviceGetAttribute
                    0.13%  230.80us         3  76.933us  7.4000us  209.90us  cudaFree
                    0.06%  97.200us         1  97.200us  97.200us  97.200us  cuModuleUnload
                    0.02%  34.100us         1  34.100us  34.100us  34.100us  cudaLaunchKernel
                    0.01%  14.000us         1  14.000us  14.000us  14.000us  cuDeviceTotalMem
                    0.00%  8.7000us         1  8.7000us  8.7000us  8.7000us  cuDeviceGetPCIBusId
                    0.00%  1.1000us         3     366ns     200ns     600ns  cuDeviceGetCount
                    0.00%  1.0000us         1  1.0000us  1.0000us  1.0000us  cuDeviceGetName
                    0.00%     900ns         2     450ns     200ns     700ns  cuDeviceGet
                    0.00%     400ns         1     400ns     400ns     400ns  cuDeviceGetLuid
                    0.00%     300ns         1     300ns     300ns     300ns  cuDeviceGetUuid
                    0.00%     300ns         1     300ns     300ns     300ns  cudaGetLastError
