==19912== NVPROF is profiling process 19912, command: ..\test\x64\Release\test.exe 50000 530
==19912== Profiling application: ..\test\x64\Release\test.exe 50000 530
==19912== Profiling result:
            Type  Time(%)      Time     Calls       Avg       Min       Max  Name
 GPU activities:   61.74%  73.058us         2  36.529us  31.905us  41.153us  [CUDA memcpy HtoD]
                   34.45%  40.768us         1  40.768us  40.768us  40.768us  [CUDA memcpy DtoH]
                    3.81%  4.5120us         1  4.5120us  4.5120us  4.5120us  vectorAdd(float const *, float const *, float*, int)
      API calls:   76.56%  146.01ms         3  48.669ms  4.6000us  145.99ms  cudaMalloc
                   22.69%  43.280ms         1  43.280ms  43.280ms  43.280ms  cuDevicePrimaryCtxRelease
                    0.35%  670.10us         3  223.37us  71.100us  423.20us  cudaMemcpy
                    0.17%  315.80us         3  105.27us  29.200us  249.90us  cudaFree
                    0.10%  191.50us         1  191.50us  191.50us  191.50us  cuModuleUnload
                    0.09%  172.00us        97  1.7730us     100ns  79.300us  cuDeviceGetAttribute
                    0.02%  46.800us         1  46.800us  46.800us  46.800us  cudaLaunchKernel
                    0.01%  16.900us         1  16.900us  16.900us  16.900us  cuDeviceTotalMem
                    0.01%  9.6000us         1  9.6000us  9.6000us  9.6000us  cuDeviceGetPCIBusId
                    0.00%  1.7000us         3     566ns     200ns  1.1000us  cuDeviceGetCount
                    0.00%  1.4000us         2     700ns     200ns  1.2000us  cuDeviceGet
                    0.00%     800ns         1     800ns     800ns     800ns  cuDeviceGetName
                    0.00%     300ns         1     300ns     300ns     300ns  cuDeviceGetUuid
                    0.00%     300ns         1     300ns     300ns     300ns  cuDeviceGetLuid
                    0.00%     200ns         1     200ns     200ns     200ns  cudaGetLastError
