==1072== NVPROF is profiling process 1072, command: ..\test\x64\Release\test.exe 50000 374
==1072== Profiling application: ..\test\x64\Release\test.exe 50000 374
==1072== Profiling result:
            Type  Time(%)      Time     Calls       Avg       Min       Max  Name
 GPU activities:   70.75%  82.752us         2  41.376us  31.936us  50.816us  [CUDA memcpy HtoD]
                   25.94%  30.337us         1  30.337us  30.337us  30.337us  [CUDA memcpy DtoH]
                    3.31%  3.8720us         1  3.8720us  3.8720us  3.8720us  vectorAdd(float const *, float const *, float*, int)
      API calls:   76.17%  143.48ms         3  47.828ms  5.6000us  143.44ms  cudaMalloc
                   23.20%  43.700ms         1  43.700ms  43.700ms  43.700ms  cuDevicePrimaryCtxRelease
                    0.28%  523.90us         3  174.63us  48.100us  284.00us  cudaMemcpy
                    0.13%  245.60us         3  81.866us  7.5000us  226.00us  cudaFree
                    0.10%  179.10us        97  1.8460us     100ns  72.300us  cuDeviceGetAttribute
                    0.07%  134.20us         1  134.20us  134.20us  134.20us  cuModuleUnload
                    0.02%  43.900us         1  43.900us  43.900us  43.900us  cudaLaunchKernel
                    0.02%  39.900us         1  39.900us  39.900us  39.900us  cuDeviceTotalMem
                    0.00%  8.4000us         1  8.4000us  8.4000us  8.4000us  cuDeviceGetPCIBusId
                    0.00%  1.5000us         3     500ns     200ns  1.1000us  cuDeviceGetCount
                    0.00%  1.3000us         2     650ns     200ns  1.1000us  cuDeviceGet
                    0.00%     700ns         1     700ns     700ns     700ns  cuDeviceGetName
                    0.00%     300ns         1     300ns     300ns     300ns  cuDeviceGetLuid
                    0.00%     300ns         1     300ns     300ns     300ns  cudaGetLastError
                    0.00%     200ns         1     200ns     200ns     200ns  cuDeviceGetUuid
