==20772== NVPROF is profiling process 20772, command: ..\test\x64\Release\test.exe 50000 827
==20772== Profiling application: ..\test\x64\Release\test.exe 50000 827
==20772== Profiling result:
            Type  Time(%)      Time     Calls       Avg       Min       Max  Name
 GPU activities:   70.57%  83.490us         2  41.745us  41.217us  42.273us  [CUDA memcpy HtoD]
                   25.53%  30.208us         1  30.208us  30.208us  30.208us  [CUDA memcpy DtoH]
                    3.89%  4.6080us         1  4.6080us  4.6080us  4.6080us  vectorAdd(float const *, float const *, float*, int)
      API calls:   76.31%  137.95ms         3  45.983ms  5.3000us  137.93ms  cudaMalloc
                   23.01%  41.592ms         1  41.592ms  41.592ms  41.592ms  cuDevicePrimaryCtxRelease
                    0.29%  515.50us         3  171.83us  67.200us  231.40us  cudaMemcpy
                    0.15%  276.00us         3  92.000us  7.1000us  255.00us  cudaFree
                    0.13%  237.00us        97  2.4430us     100ns  101.30us  cuDeviceGetAttribute
                    0.06%  114.30us         1  114.30us  114.30us  114.30us  cuModuleUnload
                    0.03%  49.800us         1  49.800us  49.800us  49.800us  cudaLaunchKernel
                    0.01%  16.500us         1  16.500us  16.500us  16.500us  cuDeviceTotalMem
                    0.01%  9.1000us         1  9.1000us  9.1000us  9.1000us  cuDeviceGetPCIBusId
                    0.00%  1.6000us         3     533ns     300ns  1.0000us  cuDeviceGetCount
                    0.00%     800ns         2     400ns     100ns     700ns  cuDeviceGet
                    0.00%     800ns         1     800ns     800ns     800ns  cuDeviceGetName
                    0.00%     400ns         1     400ns     400ns     400ns  cuDeviceGetLuid
                    0.00%     300ns         1     300ns     300ns     300ns  cuDeviceGetUuid
                    0.00%     300ns         1     300ns     300ns     300ns  cudaGetLastError
