==19268== NVPROF is profiling process 19268, command: ..\test\x64\Release\test.exe 50000 266
==19268== Profiling application: ..\test\x64\Release\test.exe 50000 266
==19268== Profiling result:
            Type  Time(%)      Time     Calls       Avg       Min       Max  Name
 GPU activities:   69.87%  101.09us         2  50.544us  50.400us  50.688us  [CUDA memcpy HtoD]
                   27.47%  39.744us         1  39.744us  39.744us  39.744us  [CUDA memcpy DtoH]
                    2.65%  3.8400us         1  3.8400us  3.8400us  3.8400us  vectorAdd(float const *, float const *, float*, int)
      API calls:   76.55%  145.60ms         3  48.534ms  5.1000us  145.58ms  cudaMalloc
                   22.70%  43.183ms         1  43.183ms  43.183ms  43.183ms  cuDevicePrimaryCtxRelease
                    0.31%  597.00us         3  199.00us  65.600us  333.00us  cudaMemcpy
                    0.17%  315.70us         3  105.23us  20.700us  267.70us  cudaFree
                    0.10%  192.60us        97  1.9850us     100ns  71.100us  cuDeviceGetAttribute
                    0.08%  144.40us         1  144.40us  144.40us  144.40us  cuModuleUnload
                    0.04%  74.400us         1  74.400us  74.400us  74.400us  cudaLaunchKernel
                    0.03%  55.000us         1  55.000us  55.000us  55.000us  cuDeviceTotalMem
                    0.02%  32.500us         1  32.500us  32.500us  32.500us  cuDeviceGetPCIBusId
                    0.00%  1.5000us         3     500ns     200ns     900ns  cuDeviceGetCount
                    0.00%  1.1000us         2     550ns     100ns  1.0000us  cuDeviceGet
                    0.00%     700ns         1     700ns     700ns     700ns  cuDeviceGetName
                    0.00%     300ns         1     300ns     300ns     300ns  cuDeviceGetUuid
                    0.00%     300ns         1     300ns     300ns     300ns  cuDeviceGetLuid
                    0.00%     300ns         1     300ns     300ns     300ns  cudaGetLastError
