==1292== NVPROF is profiling process 1292, command: ..\test\x64\Release\test.exe 50000 583
==1292== Profiling application: ..\test\x64\Release\test.exe 50000 583
==1292== Profiling result:
            Type  Time(%)      Time     Calls       Avg       Min       Max  Name
 GPU activities:   67.92%  73.249us         2  36.624us  32.097us  41.152us  [CUDA memcpy HtoD]
                   28.16%  30.368us         1  30.368us  30.368us  30.368us  [CUDA memcpy DtoH]
                    3.92%  4.2240us         1  4.2240us  4.2240us  4.2240us  vectorAdd(float const *, float const *, float*, int)
      API calls:   77.05%  147.36ms         3  49.119ms  5.5000us  147.34ms  cudaMalloc
                   22.23%  42.515ms         1  42.515ms  42.515ms  42.515ms  cuDevicePrimaryCtxRelease
                    0.28%  533.20us         3  177.73us  55.500us  319.90us  cudaMemcpy
                    0.14%  270.50us         3  90.166us  7.9000us  230.70us  cudaFree
                    0.14%  262.10us        97  2.7020us     100ns  85.200us  cuDeviceGetAttribute
                    0.07%  140.00us         1  140.00us  140.00us  140.00us  cuModuleUnload
                    0.04%  74.600us         2  37.300us  2.3000us  72.300us  cuDeviceGet
                    0.03%  54.600us         1  54.600us  54.600us  54.600us  cudaLaunchKernel
                    0.01%  25.100us         1  25.100us  25.100us  25.100us  cuDeviceTotalMem
                    0.01%  9.8000us         1  9.8000us  9.8000us  9.8000us  cuDeviceGetPCIBusId
                    0.00%  1.6000us         3     533ns     200ns     800ns  cuDeviceGetCount
                    0.00%  1.5000us         1  1.5000us  1.5000us  1.5000us  cuDeviceGetName
                    0.00%     300ns         1     300ns     300ns     300ns  cuDeviceGetUuid
                    0.00%     300ns         1     300ns     300ns     300ns  cuDeviceGetLuid
                    0.00%     300ns         1     300ns     300ns     300ns  cudaGetLastError
