==15520== NVPROF is profiling process 15520, command: ..\test\x64\Release\test.exe 50000 40
==15520== Profiling application: ..\test\x64\Release\test.exe 50000 40
==15520== Profiling result:
            Type  Time(%)      Time     Calls       Avg       Min       Max  Name
 GPU activities:   66.63%  73.281us         2  36.640us  31.969us  41.312us  [CUDA memcpy HtoD]
                   27.61%  30.368us         1  30.368us  30.368us  30.368us  [CUDA memcpy DtoH]
                    5.76%  6.3360us         1  6.3360us  6.3360us  6.3360us  vectorAdd(float const *, float const *, float*, int)
      API calls:   76.38%  138.12ms         3  46.040ms  9.2000us  138.09ms  cudaMalloc
                   22.92%  41.446ms         1  41.446ms  41.446ms  41.446ms  cuDevicePrimaryCtxRelease
                    0.33%  597.50us         3  199.17us  54.300us  309.90us  cudaMemcpy
                    0.13%  232.20us         1  232.20us  232.20us  232.20us  cuModuleUnload
                    0.11%  191.70us         3  63.900us  8.1000us  166.10us  cudaFree
                    0.09%  170.70us        97  1.7590us     100ns  71.800us  cuDeviceGetAttribute
                    0.02%  37.900us         1  37.900us  37.900us  37.900us  cudaLaunchKernel
                    0.01%  16.900us         1  16.900us  16.900us  16.900us  cuDeviceTotalMem
                    0.01%  11.500us         1  11.500us  11.500us  11.500us  cuDeviceGetPCIBusId
                    0.00%  1.8000us         3     600ns     200ns  1.1000us  cuDeviceGetCount
                    0.00%  1.5000us         2     750ns     200ns  1.3000us  cuDeviceGet
                    0.00%     700ns         1     700ns     700ns     700ns  cuDeviceGetName
                    0.00%     300ns         1     300ns     300ns     300ns  cuDeviceGetLuid
                    0.00%     300ns         1     300ns     300ns     300ns  cudaGetLastError
                    0.00%     200ns         1     200ns     200ns     200ns  cuDeviceGetUuid
