==10760== NVPROF is profiling process 10760, command: ..\test\x64\Release\test.exe 50000 25
==10760== Profiling application: ..\test\x64\Release\test.exe 50000 25
==10760== Profiling result:
            Type  Time(%)      Time     Calls       Avg       Min       Max  Name
 GPU activities:   64.01%  73.313us         2  36.656us  31.840us  41.473us  [CUDA memcpy HtoD]
                   26.52%  30.368us         1  30.368us  30.368us  30.368us  [CUDA memcpy DtoH]
                    9.47%  10.848us         1  10.848us  10.848us  10.848us  vectorAdd(float const *, float const *, float*, int)
      API calls:   75.12%  133.56ms         3  44.520ms  9.1000us  133.53ms  cudaMalloc
                   24.08%  42.812ms         1  42.812ms  42.812ms  42.812ms  cuDevicePrimaryCtxRelease
                    0.36%  638.10us         3  212.70us  115.80us  348.00us  cudaMemcpy
                    0.16%  293.10us         3  97.700us  7.9000us  251.30us  cudaFree
                    0.11%  187.40us         1  187.40us  187.40us  187.40us  cuModuleUnload
                    0.10%  186.10us        97  1.9180us     100ns  81.600us  cuDeviceGetAttribute
                    0.03%  62.000us         1  62.000us  62.000us  62.000us  cudaLaunchKernel
                    0.02%  35.600us         1  35.600us  35.600us  35.600us  cuDeviceTotalMem
                    0.00%  8.0000us         1  8.0000us  8.0000us  8.0000us  cuDeviceGetPCIBusId
                    0.00%  1.1000us         3     366ns     200ns     600ns  cuDeviceGetCount
                    0.00%     800ns         2     400ns     200ns     600ns  cuDeviceGet
                    0.00%     800ns         1     800ns     800ns     800ns  cuDeviceGetName
                    0.00%     400ns         1     400ns     400ns     400ns  cuDeviceGetLuid
                    0.00%     300ns         1     300ns     300ns     300ns  cuDeviceGetUuid
                    0.00%     300ns         1     300ns     300ns     300ns  cudaGetLastError
