==19208== NVPROF is profiling process 19208, command: ..\test\x64\Release\test.exe 50000 278
==19208== Profiling application: ..\test\x64\Release\test.exe 50000 278
==19208== Profiling result:
            Type  Time(%)      Time     Calls       Avg       Min       Max  Name
 GPU activities:   62.62%  74.560us         2  37.280us  31.904us  42.656us  [CUDA memcpy HtoD]
                   34.21%  40.737us         1  40.737us  40.737us  40.737us  [CUDA memcpy DtoH]
                    3.17%  3.7760us         1  3.7760us  3.7760us  3.7760us  vectorAdd(float const *, float const *, float*, int)
      API calls:   76.65%  143.85ms         3  47.949ms  5.6000us  143.83ms  cudaMalloc
                   22.70%  42.603ms         1  42.603ms  42.603ms  42.603ms  cuDevicePrimaryCtxRelease
                    0.28%  533.20us         3  177.73us  66.400us  354.30us  cudaMemcpy
                    0.12%  223.10us         3  74.366us  17.300us  181.40us  cudaFree
                    0.10%  190.40us        97  1.9620us     100ns  67.900us  cuDeviceGetAttribute
                    0.07%  124.80us         1  124.80us  124.80us  124.80us  cuModuleUnload
                    0.04%  71.600us         1  71.600us  71.600us  71.600us  cudaLaunchKernel
                    0.03%  52.900us         1  52.900us  52.900us  52.900us  cuDeviceTotalMem
                    0.01%  9.5000us         1  9.5000us  9.5000us  9.5000us  cuDeviceGetPCIBusId
                    0.00%  1.3000us         3     433ns     200ns     900ns  cuDeviceGetCount
                    0.00%  1.0000us         2     500ns     200ns     800ns  cuDeviceGet
                    0.00%     900ns         1     900ns     900ns     900ns  cuDeviceGetName
                    0.00%     400ns         1     400ns     400ns     400ns  cudaGetLastError
                    0.00%     300ns         1     300ns     300ns     300ns  cuDeviceGetUuid
                    0.00%     300ns         1     300ns     300ns     300ns  cuDeviceGetLuid
