==17960== NVPROF is profiling process 17960, command: ..\test\x64\Release\test.exe 50000 146
==17960== Profiling application: ..\test\x64\Release\test.exe 50000 146
==17960== Profiling result:
            Type  Time(%)      Time     Calls       Avg       Min       Max  Name
 GPU activities:   57.48%  82.625us         2  41.312us  41.280us  41.345us  [CUDA memcpy HtoD]
                   39.78%  57.185us         1  57.185us  57.185us  57.185us  [CUDA memcpy DtoH]
                    2.74%  3.9360us         1  3.9360us  3.9360us  3.9360us  vectorAdd(float const *, float const *, float*, int)
      API calls:   74.88%  138.99ms         3  46.330ms  5.2000us  138.98ms  cudaMalloc
                   24.47%  45.422ms         1  45.422ms  45.422ms  45.422ms  cuDevicePrimaryCtxRelease
                    0.29%  533.20us         3  177.73us  58.100us  286.50us  cudaMemcpy
                    0.15%  273.40us         3  91.133us  7.5000us  235.60us  cudaFree
                    0.11%  203.00us        97  2.0920us     100ns  66.100us  cuDeviceGetAttribute
                    0.06%  104.60us         1  104.60us  104.60us  104.60us  cuModuleUnload
                    0.02%  45.000us         1  45.000us  45.000us  45.000us  cudaLaunchKernel
                    0.02%  38.200us         1  38.200us  38.200us  38.200us  cuDeviceTotalMem
                    0.00%  8.7000us         1  8.7000us  8.7000us  8.7000us  cuDeviceGetPCIBusId
                    0.00%  1.4000us         3     466ns     200ns     900ns  cuDeviceGetCount
                    0.00%     900ns         2     450ns     100ns     800ns  cuDeviceGet
                    0.00%     900ns         1     900ns     900ns     900ns  cuDeviceGetName
                    0.00%     300ns         1     300ns     300ns     300ns  cuDeviceGetUuid
                    0.00%     300ns         1     300ns     300ns     300ns  cuDeviceGetLuid
                    0.00%     300ns         1     300ns     300ns     300ns  cudaGetLastError
