==17152== NVPROF is profiling process 17152, command: ..\test\x64\Release\test.exe 50000 63
==17152== Profiling application: ..\test\x64\Release\test.exe 50000 63
==17152== Profiling result:
            Type  Time(%)      Time     Calls       Avg       Min       Max  Name
 GPU activities:   66.04%  96.768us         2  48.384us  43.968us  52.800us  [CUDA memcpy HtoD]
                   30.88%  45.249us         1  45.249us  45.249us  45.249us  [CUDA memcpy DtoH]
                    3.08%  4.5120us         1  4.5120us  4.5120us  4.5120us  vectorAdd(float const *, float const *, float*, int)
      API calls:   77.14%  149.55ms         3  49.851ms  5.1000us  149.52ms  cudaMalloc
                   21.96%  42.579ms         1  42.579ms  42.579ms  42.579ms  cuDevicePrimaryCtxRelease
                    0.39%  755.50us         3  251.83us  97.500us  472.30us  cudaMemcpy
                    0.22%  435.70us         3  145.23us  25.200us  343.90us  cudaFree
                    0.12%  235.20us         1  235.20us  235.20us  235.20us  cuModuleUnload
                    0.10%  199.30us        97  2.0540us     100ns  71.900us  cuDeviceGetAttribute
                    0.04%  79.300us         1  79.300us  79.300us  79.300us  cudaLaunchKernel
                    0.01%  17.100us         1  17.100us  17.100us  17.100us  cuDeviceTotalMem
                    0.00%  8.9000us         1  8.9000us  8.9000us  8.9000us  cuDeviceGetPCIBusId
                    0.00%  1.7000us         3     566ns     200ns  1.0000us  cuDeviceGetCount
                    0.00%  1.0000us         2     500ns     200ns     800ns  cuDeviceGet
                    0.00%     800ns         1     800ns     800ns     800ns  cuDeviceGetName
                    0.00%     500ns         1     500ns     500ns     500ns  cudaGetLastError
                    0.00%     400ns         1     400ns     400ns     400ns  cuDeviceGetLuid
                    0.00%     200ns         1     200ns     200ns     200ns  cuDeviceGetUuid
