==18856== NVPROF is profiling process 18856, command: ..\test\x64\Release\test.exe 50000 261
==18856== Profiling application: ..\test\x64\Release\test.exe 50000 261
==18856== Profiling result:
            Type  Time(%)      Time     Calls       Avg       Min       Max  Name
 GPU activities:   68.07%  73.216us         2  36.608us  31.840us  41.376us  [CUDA memcpy HtoD]
                   28.21%  30.336us         1  30.336us  30.336us  30.336us  [CUDA memcpy DtoH]
                    3.72%  4.0000us         1  4.0000us  4.0000us  4.0000us  vectorAdd(float const *, float const *, float*, int)
      API calls:   76.27%  145.91ms         3  48.636ms  5.6000us  145.89ms  cudaMalloc
                   23.14%  44.265ms         1  44.265ms  44.265ms  44.265ms  cuDevicePrimaryCtxRelease
                    0.25%  471.60us         3  157.20us  49.800us  268.20us  cudaMemcpy
                    0.14%  265.60us         3  88.533us  7.5000us  245.40us  cudaFree
                    0.10%  192.70us        97  1.9860us     100ns  72.000us  cuDeviceGetAttribute
                    0.05%  99.800us         1  99.800us  99.800us  99.800us  cuModuleUnload
                    0.03%  54.700us         1  54.700us  54.700us  54.700us  cuDeviceTotalMem
                    0.02%  30.100us         1  30.100us  30.100us  30.100us  cudaLaunchKernel
                    0.00%  9.5000us         1  9.5000us  9.5000us  9.5000us  cuDeviceGetPCIBusId
                    0.00%  1.7000us         3     566ns     200ns  1.3000us  cuDeviceGetCount
                    0.00%  1.2000us         2     600ns     200ns  1.0000us  cuDeviceGet
                    0.00%     700ns         1     700ns     700ns     700ns  cuDeviceGetName
                    0.00%     400ns         1     400ns     400ns     400ns  cuDeviceGetLuid
                    0.00%     300ns         1     300ns     300ns     300ns  cudaGetLastError
                    0.00%     200ns         1     200ns     200ns     200ns  cuDeviceGetUuid
