==18652== NVPROF is profiling process 18652, command: ..\test\x64\Release\test.exe 50000 340
==18652== Profiling application: ..\test\x64\Release\test.exe 50000 340
==18652== Profiling result:
            Type  Time(%)      Time     Calls       Avg       Min       Max  Name
 GPU activities:   68.06%  73.312us         2  36.656us  32.000us  41.312us  [CUDA memcpy HtoD]
                   28.16%  30.336us         1  30.336us  30.336us  30.336us  [CUDA memcpy DtoH]
                    3.77%  4.0640us         1  4.0640us  4.0640us  4.0640us  vectorAdd(float const *, float const *, float*, int)
      API calls:   76.70%  141.23ms         3  47.078ms  4.5000us  141.22ms  cudaMalloc
                   22.74%  41.871ms         1  41.871ms  41.871ms  41.871ms  cuDevicePrimaryCtxRelease
                    0.25%  454.80us         3  151.60us  74.300us  239.30us  cudaMemcpy
                    0.11%  208.20us         3  69.400us  7.4000us  187.60us  cudaFree
                    0.08%  156.00us        97  1.6080us     100ns  67.100us  cuDeviceGetAttribute
                    0.06%  112.00us         1  112.00us  112.00us  112.00us  cuModuleUnload
                    0.03%  63.900us         1  63.900us  63.900us  63.900us  cudaLaunchKernel
                    0.01%  15.900us         1  15.900us  15.900us  15.900us  cuDeviceTotalMem
                    0.00%  8.6000us         1  8.6000us  8.6000us  8.6000us  cuDeviceGetPCIBusId
                    0.00%  1.6000us         3     533ns     200ns  1.0000us  cuDeviceGetCount
                    0.00%     900ns         2     450ns     200ns     700ns  cuDeviceGet
                    0.00%     700ns         1     700ns     700ns     700ns  cuDeviceGetName
                    0.00%     300ns         1     300ns     300ns     300ns  cuDeviceGetUuid
                    0.00%     300ns         1     300ns     300ns     300ns  cuDeviceGetLuid
                    0.00%     200ns         1     200ns     200ns     200ns  cudaGetLastError
