==18436== NVPROF is profiling process 18436, command: ..\test\x64\Release\test.exe 50000 811
==18436== Profiling application: ..\test\x64\Release\test.exe 50000 811
==18436== Profiling result:
            Type  Time(%)      Time     Calls       Avg       Min       Max  Name
 GPU activities:   70.95%  85.440us         2  42.720us  31.968us  53.472us  [CUDA memcpy HtoD]
                   25.17%  30.304us         1  30.304us  30.304us  30.304us  [CUDA memcpy DtoH]
                    3.88%  4.6720us         1  4.6720us  4.6720us  4.6720us  vectorAdd(float const *, float const *, float*, int)
      API calls:   76.74%  135.36ms         3  45.120ms  5.3000us  135.34ms  cudaMalloc
                   22.59%  39.838ms         1  39.838ms  39.838ms  39.838ms  cuDevicePrimaryCtxRelease
                    0.26%  466.80us         3  155.60us  73.000us  224.60us  cudaMemcpy
                    0.13%  229.10us         3  76.366us  7.3000us  208.00us  cudaFree
                    0.11%  201.90us        97  2.0810us     100ns  80.900us  cuDeviceGetAttribute
                    0.09%  166.80us         1  166.80us  166.80us  166.80us  cuModuleUnload
                    0.03%  47.100us         1  47.100us  47.100us  47.100us  cudaLaunchKernel
                    0.02%  38.300us         1  38.300us  38.300us  38.300us  cuDeviceTotalMem
                    0.02%  26.800us         1  26.800us  26.800us  26.800us  cuDeviceGetPCIBusId
                    0.00%  1.5000us         3     500ns     100ns  1.1000us  cuDeviceGetCount
                    0.00%     900ns         2     450ns     100ns     800ns  cuDeviceGet
                    0.00%     800ns         1     800ns     800ns     800ns  cuDeviceGetName
                    0.00%     400ns         1     400ns     400ns     400ns  cuDeviceGetLuid
                    0.00%     300ns         1     300ns     300ns     300ns  cudaGetLastError
                    0.00%     200ns         1     200ns     200ns     200ns  cuDeviceGetUuid
