==19348== NVPROF is profiling process 19348, command: ..\test\x64\Release\test.exe 50000 280
==19348== Profiling application: ..\test\x64\Release\test.exe 50000 280
==19348== Profiling result:
            Type  Time(%)      Time     Calls       Avg       Min       Max  Name
 GPU activities:   55.87%  74.817us         2  37.408us  32.065us  42.752us  [CUDA memcpy HtoD]
                   41.41%  55.456us         1  55.456us  55.456us  55.456us  [CUDA memcpy DtoH]
                    2.72%  3.6480us         1  3.6480us  3.6480us  3.6480us  vectorAdd(float const *, float const *, float*, int)
      API calls:   76.49%  147.93ms         3  49.311ms  5.2000us  147.91ms  cudaMalloc
                   22.65%  43.806ms         1  43.806ms  43.806ms  43.806ms  cuDevicePrimaryCtxRelease
                    0.47%  908.70us         3  302.90us  141.40us  461.70us  cudaMemcpy
                    0.13%  249.80us        97  2.5750us     100ns  98.200us  cuDeviceGetAttribute
                    0.12%  227.80us         3  75.933us  8.5000us  199.10us  cudaFree
                    0.09%  172.20us         1  172.20us  172.20us  172.20us  cuModuleUnload
                    0.03%  62.400us         1  62.400us  62.400us  62.400us  cudaLaunchKernel
                    0.02%  32.000us         1  32.000us  32.000us  32.000us  cuDeviceTotalMem
                    0.00%  8.1000us         1  8.1000us  8.1000us  8.1000us  cuDeviceGetPCIBusId
                    0.00%  1.5000us         3     500ns     300ns     900ns  cuDeviceGetCount
                    0.00%  1.1000us         2     550ns     200ns     900ns  cuDeviceGet
                    0.00%     800ns         1     800ns     800ns     800ns  cuDeviceGetName
                    0.00%     400ns         1     400ns     400ns     400ns  cudaGetLastError
                    0.00%     300ns         1     300ns     300ns     300ns  cuDeviceGetUuid
                    0.00%     300ns         1     300ns     300ns     300ns  cuDeviceGetLuid
