==18848== NVPROF is profiling process 18848, command: ..\test\x64\Release\test.exe 50000 302
==18848== Profiling application: ..\test\x64\Release\test.exe 50000 302
==18848== Profiling result:
            Type  Time(%)      Time     Calls       Avg       Min       Max  Name
 GPU activities:   66.52%  97.217us         2  48.608us  41.184us  56.033us  [CUDA memcpy HtoD]
                   30.76%  44.960us         1  44.960us  44.960us  44.960us  [CUDA memcpy DtoH]
                    2.72%  3.9680us         1  3.9680us  3.9680us  3.9680us  vectorAdd(float const *, float const *, float*, int)
      API calls:   75.89%  145.56ms         3  48.521ms  4.9000us  145.54ms  cudaMalloc
                   23.37%  44.830ms         1  44.830ms  44.830ms  44.830ms  cuDevicePrimaryCtxRelease
                    0.37%  702.50us         3  234.17us  116.50us  335.00us  cudaMemcpy
                    0.14%  275.90us         3  91.966us  10.700us  249.90us  cudaFree
                    0.10%  187.80us        97  1.9360us     100ns  66.700us  cuDeviceGetAttribute
                    0.06%  124.40us         1  124.40us  124.40us  124.40us  cuModuleUnload
                    0.03%  62.400us         1  62.400us  62.400us  62.400us  cudaLaunchKernel
                    0.02%  38.300us         1  38.300us  38.300us  38.300us  cuDeviceTotalMem
                    0.01%  9.9000us         1  9.9000us  9.9000us  9.9000us  cuDeviceGetPCIBusId
                    0.00%  1.6000us         3     533ns     200ns  1.1000us  cuDeviceGetCount
                    0.00%  1.2000us         2     600ns     200ns  1.0000us  cuDeviceGet
                    0.00%     800ns         1     800ns     800ns     800ns  cuDeviceGetName
                    0.00%     400ns         1     400ns     400ns     400ns  cuDeviceGetLuid
                    0.00%     300ns         1     300ns     300ns     300ns  cudaGetLastError
                    0.00%     200ns         1     200ns     200ns     200ns  cuDeviceGetUuid
