==19508== NVPROF is profiling process 19508, command: ..\test\x64\Release\test.exe 50000 800
==19508== Profiling application: ..\test\x64\Release\test.exe 50000 800
==19508== Profiling result:
            Type  Time(%)      Time     Calls       Avg       Min       Max  Name
 GPU activities:   70.13%  82.337us         2  41.168us  41.121us  41.216us  [CUDA memcpy HtoD]
                   25.84%  30.336us         1  30.336us  30.336us  30.336us  [CUDA memcpy DtoH]
                    4.03%  4.7360us         1  4.7360us  4.7360us  4.7360us  vectorAdd(float const *, float const *, float*, int)
      API calls:   75.76%  131.61ms         3  43.869ms  4.8000us  131.59ms  cudaMalloc
                   23.59%  40.976ms         1  40.976ms  40.976ms  40.976ms  cuDevicePrimaryCtxRelease
                    0.28%  480.00us         3  160.00us  55.400us  251.60us  cudaMemcpy
                    0.12%  212.10us        97  2.1860us     100ns  94.600us  cuDeviceGetAttribute
                    0.12%  211.30us         3  70.433us  7.2000us  191.20us  cudaFree
                    0.10%  169.20us         1  169.20us  169.20us  169.20us  cuModuleUnload
                    0.02%  34.000us         1  34.000us  34.000us  34.000us  cudaLaunchKernel
                    0.01%  12.300us         1  12.300us  12.300us  12.300us  cuDeviceTotalMem
                    0.00%  8.4000us         1  8.4000us  8.4000us  8.4000us  cuDeviceGetPCIBusId
                    0.00%     900ns         3     300ns     200ns     500ns  cuDeviceGetCount
                    0.00%     800ns         2     400ns     200ns     600ns  cuDeviceGet
                    0.00%     700ns         1     700ns     700ns     700ns  cuDeviceGetName
                    0.00%     300ns         1     300ns     300ns     300ns  cuDeviceGetUuid
                    0.00%     300ns         1     300ns     300ns     300ns  cuDeviceGetLuid
                    0.00%     300ns         1     300ns     300ns     300ns  cudaGetLastError
