==15708== NVPROF is profiling process 15708, command: ..\test\x64\Release\test.exe 50000 486
==15708== Profiling application: ..\test\x64\Release\test.exe 50000 486
==15708== Profiling result:
            Type  Time(%)      Time     Calls       Avg       Min       Max  Name
 GPU activities:   65.08%  63.872us         2  31.936us  31.840us  32.032us  [CUDA memcpy HtoD]
                   30.91%  30.337us         1  30.337us  30.337us  30.337us  [CUDA memcpy DtoH]
                    4.01%  3.9360us         1  3.9360us  3.9360us  3.9360us  vectorAdd(float const *, float const *, float*, int)
      API calls:   75.59%  142.89ms         3  47.631ms  7.5000us  142.86ms  cudaMalloc
                   23.81%  45.002ms         1  45.002ms  45.002ms  45.002ms  cuDevicePrimaryCtxRelease
                    0.24%  454.20us         3  151.40us  109.30us  225.90us  cudaMemcpy
                    0.11%  212.90us         1  212.90us  212.90us  212.90us  cuModuleUnload
                    0.11%  202.30us         3  67.433us  8.1000us  176.80us  cudaFree
                    0.09%  164.60us        97  1.6960us     100ns  67.500us  cuDeviceGetAttribute
                    0.02%  42.400us         1  42.400us  42.400us  42.400us  cudaLaunchKernel
                    0.02%  29.800us         1  29.800us  29.800us  29.800us  cuDeviceTotalMem
                    0.01%  22.000us         1  22.000us  22.000us  22.000us  cuDeviceGetPCIBusId
                    0.00%  1.1000us         3     366ns     200ns     600ns  cuDeviceGetCount
                    0.00%  1.1000us         2     550ns     300ns     800ns  cuDeviceGet
                    0.00%     800ns         1     800ns     800ns     800ns  cuDeviceGetName
                    0.00%     500ns         1     500ns     500ns     500ns  cudaGetLastError
                    0.00%     400ns         1     400ns     400ns     400ns  cuDeviceGetLuid
                    0.00%     300ns         1     300ns     300ns     300ns  cuDeviceGetUuid
