==12036== NVPROF is profiling process 12036, command: ..\test\x64\Release\test.exe 50000 892
==12036== Profiling application: ..\test\x64\Release\test.exe 50000 892
==12036== Profiling result:
            Type  Time(%)      Time     Calls       Avg       Min       Max  Name
 GPU activities:   67.85%  73.217us         2  36.608us  31.968us  41.249us  [CUDA memcpy HtoD]
                   28.05%  30.273us         1  30.273us  30.273us  30.273us  [CUDA memcpy DtoH]
                    4.09%  4.4160us         1  4.4160us  4.4160us  4.4160us  vectorAdd(float const *, float const *, float*, int)
      API calls:   75.28%  136.00ms         3  45.332ms  23.900us  135.94ms  cudaMalloc
                   24.01%  43.379ms         1  43.379ms  43.379ms  43.379ms  cuDevicePrimaryCtxRelease
                    0.30%  548.20us         3  182.73us  90.100us  279.10us  cudaMemcpy
                    0.17%  301.90us         3  100.63us  7.3000us  281.10us  cudaFree
                    0.12%  216.70us        97  2.2340us     100ns  80.400us  cuDeviceGetAttribute
                    0.06%  104.20us         1  104.20us  104.20us  104.20us  cuModuleUnload
                    0.03%  48.100us         1  48.100us  48.100us  48.100us  cudaLaunchKernel
                    0.02%  36.300us         1  36.300us  36.300us  36.300us  cuDeviceTotalMem
                    0.00%  8.2000us         1  8.2000us  8.2000us  8.2000us  cuDeviceGetPCIBusId
                    0.00%  1.5000us         3     500ns     200ns  1.0000us  cuDeviceGetCount
                    0.00%     900ns         2     450ns     200ns     700ns  cuDeviceGet
                    0.00%     700ns         1     700ns     700ns     700ns  cuDeviceGetName
                    0.00%     400ns         1     400ns     400ns     400ns  cuDeviceGetLuid
                    0.00%     300ns         1     300ns     300ns     300ns  cudaGetLastError
                    0.00%     200ns         1     200ns     200ns     200ns  cuDeviceGetUuid
