==16816== NVPROF is profiling process 16816, command: ..\test\x64\Release\test.exe 50000 201
==16816== Profiling application: ..\test\x64\Release\test.exe 50000 201
==16816== Profiling result:
            Type  Time(%)      Time     Calls       Avg       Min       Max  Name
 GPU activities:   59.52%  63.808us         2  31.904us  31.808us  32.000us  [CUDA memcpy HtoD]
                   36.87%  39.521us         1  39.521us  39.521us  39.521us  [CUDA memcpy DtoH]
                    3.61%  3.8720us         1  3.8720us  3.8720us  3.8720us  vectorAdd(float const *, float const *, float*, int)
      API calls:   78.32%  151.62ms         3  50.540ms  6.4000us  151.60ms  cudaMalloc
                   21.14%  40.929ms         1  40.929ms  40.929ms  40.929ms  cuDevicePrimaryCtxRelease
                    0.26%  512.00us         3  170.67us  127.20us  203.40us  cudaMemcpy
                    0.11%  210.00us        97  2.1640us     100ns  71.800us  cuDeviceGetAttribute
                    0.08%  158.90us         3  52.966us  7.5000us  137.90us  cudaFree
                    0.04%  78.000us         1  78.000us  78.000us  78.000us  cuModuleUnload
                    0.02%  47.100us         1  47.100us  47.100us  47.100us  cudaLaunchKernel
                    0.01%  17.100us         1  17.100us  17.100us  17.100us  cuDeviceTotalMem
                    0.00%  8.9000us         1  8.9000us  8.9000us  8.9000us  cuDeviceGetPCIBusId
                    0.00%  1.4000us         3     466ns     200ns  1.0000us  cuDeviceGetCount
                    0.00%  1.1000us         2     550ns     200ns     900ns  cuDeviceGet
                    0.00%     800ns         1     800ns     800ns     800ns  cuDeviceGetName
                    0.00%     400ns         1     400ns     400ns     400ns  cudaGetLastError
                    0.00%     300ns         1     300ns     300ns     300ns  cuDeviceGetLuid
                    0.00%     200ns         1     200ns     200ns     200ns  cuDeviceGetUuid
