==20268== NVPROF is profiling process 20268, command: ..\test\x64\Release\test.exe 50000 659
==20268== Profiling application: ..\test\x64\Release\test.exe 50000 659
==20268== Profiling result:
            Type  Time(%)      Time     Calls       Avg       Min       Max  Name
 GPU activities:   68.11%  73.249us         2  36.624us  31.936us  41.313us  [CUDA memcpy HtoD]
                   28.21%  30.336us         1  30.336us  30.336us  30.336us  [CUDA memcpy DtoH]
                    3.69%  3.9680us         1  3.9680us  3.9680us  3.9680us  vectorAdd(float const *, float const *, float*, int)
      API calls:   76.50%  145.23ms         3  48.410ms  5.0000us  145.21ms  cudaMalloc
                   22.92%  43.508ms         1  43.508ms  43.508ms  43.508ms  cuDevicePrimaryCtxRelease
                    0.26%  498.90us         3  166.30us  88.400us  240.80us  cudaMemcpy
                    0.12%  234.40us         3  78.133us  7.0000us  214.40us  cudaFree
                    0.09%  177.70us        97  1.8310us     100ns  80.400us  cuDeviceGetAttribute
                    0.06%  114.50us         1  114.50us  114.50us  114.50us  cuModuleUnload
                    0.02%  35.300us         1  35.300us  35.300us  35.300us  cuDeviceTotalMem
                    0.02%  32.500us         1  32.500us  32.500us  32.500us  cudaLaunchKernel
                    0.00%  9.0000us         1  9.0000us  9.0000us  9.0000us  cuDeviceGetPCIBusId
                    0.00%  1.3000us         3     433ns     200ns     800ns  cuDeviceGetCount
                    0.00%  1.0000us         2     500ns     100ns     900ns  cuDeviceGet
                    0.00%     800ns         1     800ns     800ns     800ns  cuDeviceGetName
                    0.00%     400ns         1     400ns     400ns     400ns  cuDeviceGetLuid
                    0.00%     300ns         1     300ns     300ns     300ns  cudaGetLastError
                    0.00%     200ns         1     200ns     200ns     200ns  cuDeviceGetUuid
