==4508== NVPROF is profiling process 4508, command: ..\test\x64\Release\test.exe 50000 14
==4508== Profiling application: ..\test\x64\Release\test.exe 50000 14
==4508== Profiling result:
            Type  Time(%)      Time     Calls       Avg       Min       Max  Name
 GPU activities:   60.07%  73.376us         2  36.688us  32.064us  41.312us  [CUDA memcpy HtoD]
                   24.91%  30.432us         1  30.432us  30.432us  30.432us  [CUDA memcpy DtoH]
                   15.01%  18.337us         1  18.337us  18.337us  18.337us  vectorAdd(float const *, float const *, float*, int)
      API calls:   75.89%  143.52ms         3  47.839ms  11.900us  143.49ms  cudaMalloc
                   23.19%  43.862ms         1  43.862ms  43.862ms  43.862ms  cuDevicePrimaryCtxRelease
                    0.45%  859.00us         3  286.33us  65.900us  650.90us  cudaMemcpy
                    0.19%  355.00us         3  118.33us  7.9000us  325.00us  cudaFree
                    0.12%  226.90us         1  226.90us  226.90us  226.90us  cuModuleUnload
                    0.09%  165.40us        97  1.7050us     100ns  67.200us  cuDeviceGetAttribute
                    0.04%  71.700us         1  71.700us  71.700us  71.700us  cudaLaunchKernel
                    0.02%  34.300us         1  34.300us  34.300us  34.300us  cuDeviceTotalMem
                    0.00%  9.3000us         1  9.3000us  9.3000us  9.3000us  cuDeviceGetPCIBusId
                    0.00%  1.6000us         3     533ns     200ns  1.0000us  cuDeviceGetCount
                    0.00%  1.1000us         2     550ns     200ns     900ns  cuDeviceGet
                    0.00%     700ns         1     700ns     700ns     700ns  cuDeviceGetName
                    0.00%     400ns         1     400ns     400ns     400ns  cuDeviceGetLuid
                    0.00%     400ns         1     400ns     400ns     400ns  cudaGetLastError
                    0.00%     200ns         1     200ns     200ns     200ns  cuDeviceGetUuid
