==14852== NVPROF is profiling process 14852, command: ..\test\x64\Release\test.exe 50000 169
==14852== Profiling application: ..\test\x64\Release\test.exe 50000 169
==14852== Profiling result:
            Type  Time(%)      Time     Calls       Avg       Min       Max  Name
 GPU activities:   56.47%  63.968us         2  31.984us  31.936us  32.032us  [CUDA memcpy HtoD]
                   39.97%  45.281us         1  45.281us  45.281us  45.281us  [CUDA memcpy DtoH]
                    3.56%  4.0320us         1  4.0320us  4.0320us  4.0320us  vectorAdd(float const *, float const *, float*, int)
      API calls:   75.73%  145.84ms         3  48.614ms  5.4000us  145.82ms  cudaMalloc
                   23.62%  45.481ms         1  45.481ms  45.481ms  45.481ms  cuDevicePrimaryCtxRelease
                    0.29%  565.60us         3  188.53us  106.40us  314.30us  cudaMemcpy
                    0.17%  329.90us         3  109.97us  17.200us  287.70us  cudaFree
                    0.08%  154.90us        97  1.5960us     100ns  67.900us  cuDeviceGetAttribute
                    0.07%  137.20us         1  137.20us  137.20us  137.20us  cuModuleUnload
                    0.02%  46.700us         1  46.700us  46.700us  46.700us  cudaLaunchKernel
                    0.01%  15.100us         1  15.100us  15.100us  15.100us  cuDeviceTotalMem
                    0.00%  9.0000us         1  9.0000us  9.0000us  9.0000us  cuDeviceGetPCIBusId
                    0.00%  2.1000us         3     700ns     300ns  1.0000us  cuDeviceGetCount
                    0.00%  1.3000us         2     650ns     300ns  1.0000us  cuDeviceGet
                    0.00%     700ns         1     700ns     700ns     700ns  cuDeviceGetName
                    0.00%     500ns         1     500ns     500ns     500ns  cudaGetLastError
                    0.00%     300ns         1     300ns     300ns     300ns  cuDeviceGetUuid
                    0.00%     300ns         1     300ns     300ns     300ns  cuDeviceGetLuid
