==12232== NVPROF is profiling process 12232, command: ..\test\x64\Release\test.exe 50000 67
==12232== Profiling application: ..\test\x64\Release\test.exe 50000 67
==12232== Profiling result:
            Type  Time(%)      Time     Calls       Avg       Min       Max  Name
 GPU activities:   67.61%  73.024us         2  36.512us  31.968us  41.056us  [CUDA memcpy HtoD]
                   28.15%  30.400us         1  30.400us  30.400us  30.400us  [CUDA memcpy DtoH]
                    4.24%  4.5760us         1  4.5760us  4.5760us  4.5760us  vectorAdd(float const *, float const *, float*, int)
      API calls:   76.41%  146.44ms         3  48.812ms  4.6000us  146.42ms  cudaMalloc
                   22.92%  43.933ms         1  43.933ms  43.933ms  43.933ms  cuDevicePrimaryCtxRelease
                    0.32%  617.70us         3  205.90us  95.800us  330.50us  cudaMemcpy
                    0.14%  260.00us         3  86.666us  7.6000us  239.40us  cudaFree
                    0.10%  191.30us        97  1.9720us     100ns  87.000us  cuDeviceGetAttribute
                    0.06%  120.60us         1  120.60us  120.60us  120.60us  cuModuleUnload
                    0.03%  57.500us         1  57.500us  57.500us  57.500us  cudaLaunchKernel
                    0.01%  17.500us         1  17.500us  17.500us  17.500us  cuDeviceTotalMem
                    0.01%  10.300us         1  10.300us  10.300us  10.300us  cuDeviceGetPCIBusId
                    0.00%  1.7000us         3     566ns     300ns     800ns  cuDeviceGetCount
                    0.00%  1.5000us         2     750ns     200ns  1.3000us  cuDeviceGet
                    0.00%     800ns         1     800ns     800ns     800ns  cuDeviceGetName
                    0.00%     500ns         1     500ns     500ns     500ns  cuDeviceGetLuid
                    0.00%     300ns         1     300ns     300ns     300ns  cudaGetLastError
                    0.00%     200ns         1     200ns     200ns     200ns  cuDeviceGetUuid
