==17892== NVPROF is profiling process 17892, command: ..\test\x64\Release\test.exe 50000 192
==17892== Profiling application: ..\test\x64\Release\test.exe 50000 192
==17892== Profiling result:
            Type  Time(%)      Time     Calls       Avg       Min       Max  Name
 GPU activities:   68.17%  72.801us         2  36.400us  31.809us  40.992us  [CUDA memcpy HtoD]
                   28.38%  30.305us         1  30.305us  30.305us  30.305us  [CUDA memcpy DtoH]
                    3.45%  3.6800us         1  3.6800us  3.6800us  3.6800us  vectorAdd(float const *, float const *, float*, int)
      API calls:   74.79%  143.06ms         3  47.688ms  5.0000us  143.03ms  cudaMalloc
                   24.55%  46.962ms         1  46.962ms  46.962ms  46.962ms  cuDevicePrimaryCtxRelease
                    0.28%  531.20us         3  177.07us  80.400us  303.70us  cudaMemcpy
                    0.17%  331.00us         3  110.33us  7.8000us  292.60us  cudaFree
                    0.12%  226.70us        97  2.3370us     100ns  83.100us  cuDeviceGetAttribute
                    0.05%  96.300us         1  96.300us  96.300us  96.300us  cuModuleUnload
                    0.03%  48.000us         1  48.000us  48.000us  48.000us  cudaLaunchKernel
                    0.01%  14.700us         1  14.700us  14.700us  14.700us  cuDeviceTotalMem
                    0.00%  9.2000us         1  9.2000us  9.2000us  9.2000us  cuDeviceGetPCIBusId
                    0.00%  1.3000us         3     433ns     200ns     800ns  cuDeviceGetCount
                    0.00%     900ns         2     450ns     100ns     800ns  cuDeviceGet
                    0.00%     900ns         1     900ns     900ns     900ns  cuDeviceGetName
                    0.00%     400ns         1     400ns     400ns     400ns  cuDeviceGetLuid
                    0.00%     300ns         1     300ns     300ns     300ns  cudaGetLastError
                    0.00%     200ns         1     200ns     200ns     200ns  cuDeviceGetUuid
