==18524== NVPROF is profiling process 18524, command: ..\test\x64\Release\test.exe 50000 271
==18524== Profiling application: ..\test\x64\Release\test.exe 50000 271
==18524== Profiling result:
            Type  Time(%)      Time     Calls       Avg       Min       Max  Name
 GPU activities:   68.30%  73.441us         2  36.720us  32.128us  41.313us  [CUDA memcpy HtoD]
                   28.12%  30.240us         1  30.240us  30.240us  30.240us  [CUDA memcpy DtoH]
                    3.57%  3.8400us         1  3.8400us  3.8400us  3.8400us  vectorAdd(float const *, float const *, float*, int)
      API calls:   77.09%  142.93ms         3  47.643ms  10.600us  142.90ms  cudaMalloc
                   22.23%  41.218ms         1  41.218ms  41.218ms  41.218ms  cuDevicePrimaryCtxRelease
                    0.28%  525.30us         3  175.10us  64.100us  248.30us  cudaMemcpy
                    0.17%  314.70us         3  104.90us  16.200us  276.80us  cudaFree
                    0.11%  198.80us        97  2.0490us     100ns  66.000us  cuDeviceGetAttribute
                    0.08%  140.70us         1  140.70us  140.70us  140.70us  cuModuleUnload
                    0.03%  49.200us         1  49.200us  49.200us  49.200us  cudaLaunchKernel
                    0.01%  15.000us         1  15.000us  15.000us  15.000us  cuDeviceTotalMem
                    0.00%  9.1000us         1  9.1000us  9.1000us  9.1000us  cuDeviceGetPCIBusId
                    0.00%  1.1000us         3     366ns     200ns     700ns  cuDeviceGetCount
                    0.00%     900ns         2     450ns     200ns     700ns  cuDeviceGet
                    0.00%     900ns         1     900ns     900ns     900ns  cuDeviceGetName
                    0.00%     300ns         1     300ns     300ns     300ns  cuDeviceGetLuid
                    0.00%     300ns         1     300ns     300ns     300ns  cudaGetLastError
                    0.00%     200ns         1     200ns     200ns     200ns  cuDeviceGetUuid
