==16108== NVPROF is profiling process 16108, command: ..\test\x64\Release\test.exe 50000 54
==16108== Profiling application: ..\test\x64\Release\test.exe 50000 54
==16108== Profiling result:
            Type  Time(%)      Time     Calls       Avg       Min       Max  Name
 GPU activities:   70.66%  85.472us         2  42.736us  41.408us  44.064us  [CUDA memcpy HtoD]
                   25.13%  30.400us         1  30.400us  30.400us  30.400us  [CUDA memcpy DtoH]
                    4.21%  5.0880us         1  5.0880us  5.0880us  5.0880us  vectorAdd(float const *, float const *, float*, int)
      API calls:   75.67%  146.12ms         3  48.707ms  6.0000us  146.10ms  cudaMalloc
                   23.57%  45.520ms         1  45.520ms  45.520ms  45.520ms  cuDevicePrimaryCtxRelease
                    0.34%  652.10us         3  217.37us  67.400us  392.80us  cudaMemcpy
                    0.18%  351.40us         3  117.13us  8.1000us  309.30us  cudaFree
                    0.09%  179.60us         1  179.60us  179.60us  179.60us  cuModuleUnload
                    0.08%  163.80us        97  1.6880us     100ns  75.700us  cuDeviceGetAttribute
                    0.04%  73.300us         1  73.300us  73.300us  73.300us  cudaLaunchKernel
                    0.01%  15.900us         1  15.900us  15.900us  15.900us  cuDeviceTotalMem
                    0.01%  10.200us         1  10.200us  10.200us  10.200us  cuDeviceGetPCIBusId
                    0.00%  1.8000us         3     600ns     200ns     800ns  cuDeviceGetCount
                    0.00%  1.4000us         2     700ns     300ns  1.1000us  cuDeviceGet
                    0.00%     700ns         1     700ns     700ns     700ns  cuDeviceGetName
                    0.00%     400ns         1     400ns     400ns     400ns  cuDeviceGetLuid
                    0.00%     300ns         1     300ns     300ns     300ns  cuDeviceGetUuid
                    0.00%     300ns         1     300ns     300ns     300ns  cudaGetLastError
