==19516== NVPROF is profiling process 19516, command: ..\test\x64\Release\test.exe 50000 1008
==19516== Profiling application: ..\test\x64\Release\test.exe 50000 1008
==19516== Profiling result:
            Type  Time(%)      Time     Calls       Avg       Min       Max  Name
 GPU activities:   64.92%  63.968us         2  31.984us  31.808us  32.160us  [CUDA memcpy HtoD]
                   30.76%  30.305us         1  30.305us  30.305us  30.305us  [CUDA memcpy DtoH]
                    4.32%  4.2560us         1  4.2560us  4.2560us  4.2560us  vectorAdd(float const *, float const *, float*, int)
      API calls:   75.95%  135.73ms         3  45.243ms  4.8000us  135.72ms  cudaMalloc
                   23.49%  41.979ms         1  41.979ms  41.979ms  41.979ms  cuDevicePrimaryCtxRelease
                    0.21%  371.10us         3  123.70us  60.500us  209.70us  cudaMemcpy
                    0.14%  244.90us         3  81.633us  15.000us  208.70us  cudaFree
                    0.11%  203.60us        97  2.0980us     100ns  75.100us  cuDeviceGetAttribute
                    0.05%  80.800us         1  80.800us  80.800us  80.800us  cuModuleUnload
                    0.03%  47.800us         1  47.800us  47.800us  47.800us  cudaLaunchKernel
                    0.02%  31.500us         1  31.500us  31.500us  31.500us  cuDeviceTotalMem
                    0.00%  8.6000us         1  8.6000us  8.6000us  8.6000us  cuDeviceGetPCIBusId
                    0.00%  1.2000us         3     400ns     200ns     700ns  cuDeviceGetCount
                    0.00%     900ns         2     450ns     200ns     700ns  cuDeviceGet
                    0.00%     700ns         1     700ns     700ns     700ns  cuDeviceGetName
                    0.00%     400ns         1     400ns     400ns     400ns  cuDeviceGetLuid
                    0.00%     300ns         1     300ns     300ns     300ns  cuDeviceGetUuid
                    0.00%     300ns         1     300ns     300ns     300ns  cudaGetLastError
