==13876== NVPROF is profiling process 13876, command: ..\test\x64\Release\test.exe 50000 898
==13876== Profiling application: ..\test\x64\Release\test.exe 50000 898
==13876== Profiling result:
            Type  Time(%)      Time     Calls       Avg       Min       Max  Name
 GPU activities:   71.73%  88.321us         2  44.160us  32.064us  56.257us  [CUDA memcpy HtoD]
                   24.61%  30.304us         1  30.304us  30.304us  30.304us  [CUDA memcpy DtoH]
                    3.66%  4.5120us         1  4.5120us  4.5120us  4.5120us  vectorAdd(float const *, float const *, float*, int)
      API calls:   74.94%  133.75ms         3  44.585ms  5.2000us  133.74ms  cudaMalloc
                   24.33%  43.423ms         1  43.423ms  43.423ms  43.423ms  cuDevicePrimaryCtxRelease
                    0.29%  511.50us         3  170.50us  87.500us  241.00us  cudaMemcpy
                    0.19%  343.50us         3  114.50us  6.6000us  310.10us  cudaFree
                    0.15%  258.90us        97  2.6690us     100ns  107.80us  cuDeviceGetAttribute
                    0.05%  91.800us         1  91.800us  91.800us  91.800us  cuModuleUnload
                    0.03%  45.600us         1  45.600us  45.600us  45.600us  cudaLaunchKernel
                    0.02%  35.900us         1  35.900us  35.900us  35.900us  cuDeviceTotalMem
                    0.00%  8.0000us         1  8.0000us  8.0000us  8.0000us  cuDeviceGetPCIBusId
                    0.00%  1.4000us         3     466ns     200ns     900ns  cuDeviceGetCount
                    0.00%  1.2000us         2     600ns     200ns  1.0000us  cuDeviceGet
                    0.00%     600ns         1     600ns     600ns     600ns  cuDeviceGetName
                    0.00%     300ns         1     300ns     300ns     300ns  cudaGetLastError
                    0.00%     200ns         1     200ns     200ns     200ns  cuDeviceGetUuid
                    0.00%     200ns         1     200ns     200ns     200ns  cuDeviceGetLuid
