==428== NVPROF is profiling process 428, command: ..\test\x64\Release\test.exe 50000 573
==428== Profiling application: ..\test\x64\Release\test.exe 50000 573
==428== Profiling result:
            Type  Time(%)      Time     Calls       Avg       Min       Max  Name
 GPU activities:   59.74%  73.217us         2  36.608us  32.001us  41.216us  [CUDA memcpy HtoD]
                   36.76%  45.056us         1  45.056us  45.056us  45.056us  [CUDA memcpy DtoH]
                    3.50%  4.2880us         1  4.2880us  4.2880us  4.2880us  vectorAdd(float const *, float const *, float*, int)
      API calls:   76.82%  142.56ms         3  47.518ms  5.2000us  142.54ms  cudaMalloc
                   22.47%  41.700ms         1  41.700ms  41.700ms  41.700ms  cuDevicePrimaryCtxRelease
                    0.33%  621.00us         3  207.00us  123.60us  317.50us  cudaMemcpy
                    0.16%  289.70us         3  96.566us  8.3000us  245.40us  cudaFree
                    0.10%  190.40us        97  1.9620us     100ns  68.800us  cuDeviceGetAttribute
                    0.05%  92.400us         1  92.400us  92.400us  92.400us  cuModuleUnload
                    0.05%  87.800us         1  87.800us  87.800us  87.800us  cudaLaunchKernel
                    0.02%  30.900us         1  30.900us  30.900us  30.900us  cuDeviceTotalMem
                    0.00%  8.7000us         1  8.7000us  8.7000us  8.7000us  cuDeviceGetPCIBusId
                    0.00%  1.6000us         3     533ns     200ns  1.1000us  cuDeviceGetCount
                    0.00%  1.2000us         2     600ns     200ns  1.0000us  cuDeviceGet
                    0.00%     800ns         1     800ns     800ns     800ns  cuDeviceGetName
                    0.00%     300ns         1     300ns     300ns     300ns  cuDeviceGetUuid
                    0.00%     300ns         1     300ns     300ns     300ns  cuDeviceGetLuid
                    0.00%     300ns         1     300ns     300ns     300ns  cudaGetLastError
