==18824== NVPROF is profiling process 18824, command: ..\test\x64\Release\test.exe 50000 310
==18824== Profiling application: ..\test\x64\Release\test.exe 50000 310
==18824== Profiling result:
            Type  Time(%)      Time     Calls       Avg       Min       Max  Name
 GPU activities:   74.52%  99.873us         2  49.936us  40.992us  58.881us  [CUDA memcpy HtoD]
                   22.56%  30.240us         1  30.240us  30.240us  30.240us  [CUDA memcpy DtoH]
                    2.91%  3.9040us         1  3.9040us  3.9040us  3.9040us  vectorAdd(float const *, float const *, float*, int)
      API calls:   76.37%  147.50ms         3  49.166ms  5.0000us  147.48ms  cudaMalloc
                   23.00%  44.420ms         1  44.420ms  44.420ms  44.420ms  cuDevicePrimaryCtxRelease
                    0.29%  559.80us         3  186.60us  89.700us  282.00us  cudaMemcpy
                    0.13%  246.80us        97  2.5440us     100ns  88.700us  cuDeviceGetAttribute
                    0.12%  239.20us         3  79.733us  7.5000us  218.60us  cudaFree
                    0.06%  117.60us         1  117.60us  117.60us  117.60us  cuModuleUnload
                    0.02%  32.500us         1  32.500us  32.500us  32.500us  cudaLaunchKernel
                    0.01%  16.000us         1  16.000us  16.000us  16.000us  cuDeviceTotalMem
                    0.01%  9.9000us         1  9.9000us  9.9000us  9.9000us  cuDeviceGetPCIBusId
                    0.00%  1.4000us         3     466ns     200ns  1.0000us  cuDeviceGetCount
                    0.00%  1.2000us         2     600ns     100ns  1.1000us  cuDeviceGet
                    0.00%     800ns         1     800ns     800ns     800ns  cuDeviceGetName
                    0.00%     300ns         1     300ns     300ns     300ns  cuDeviceGetUuid
                    0.00%     300ns         1     300ns     300ns     300ns  cuDeviceGetLuid
                    0.00%     300ns         1     300ns     300ns     300ns  cudaGetLastError
