==8868== NVPROF is profiling process 8868, command: ..\test\x64\Release\test.exe 50000 672
==8868== Profiling application: ..\test\x64\Release\test.exe 50000 672
==8868== Profiling result:
            Type  Time(%)      Time     Calls       Avg       Min       Max  Name
 GPU activities:   70.84%  82.625us         2  41.312us  41.248us  41.377us  [CUDA memcpy HtoD]
                   25.93%  30.240us         1  30.240us  30.240us  30.240us  [CUDA memcpy DtoH]
                    3.24%  3.7760us         1  3.7760us  3.7760us  3.7760us  vectorAdd(float const *, float const *, float*, int)
      API calls:   75.63%  132.64ms         3  44.212ms  4.5000us  132.62ms  cudaMalloc
                   23.74%  41.631ms         1  41.631ms  41.631ms  41.631ms  cuDevicePrimaryCtxRelease
                    0.28%  497.60us         3  165.87us  72.100us  255.20us  cudaMemcpy
                    0.13%  226.90us         3  75.633us  7.2000us  206.10us  cudaFree
                    0.13%  223.30us        97  2.3020us     100ns  82.200us  cuDeviceGetAttribute
                    0.06%  105.70us         1  105.70us  105.70us  105.70us  cuModuleUnload
                    0.02%  32.900us         1  32.900us  32.900us  32.900us  cudaLaunchKernel
                    0.01%  13.800us         1  13.800us  13.800us  13.800us  cuDeviceTotalMem
                    0.00%  8.6000us         1  8.6000us  8.6000us  8.6000us  cuDeviceGetPCIBusId
                    0.00%  1.2000us         3     400ns     200ns     700ns  cuDeviceGetCount
                    0.00%     900ns         2     450ns     100ns     800ns  cuDeviceGet
                    0.00%     900ns         1     900ns     900ns     900ns  cuDeviceGetName
                    0.00%     400ns         1     400ns     400ns     400ns  cudaGetLastError
                    0.00%     300ns         1     300ns     300ns     300ns  cuDeviceGetUuid
                    0.00%     300ns         1     300ns     300ns     300ns  cuDeviceGetLuid
