==18996== NVPROF is profiling process 18996, command: ..\test\x64\Release\test.exe 50000 314
==18996== Profiling application: ..\test\x64\Release\test.exe 50000 314
==18996== Profiling result:
            Type  Time(%)      Time     Calls       Avg       Min       Max  Name
 GPU activities:   71.02%  83.681us         2  41.840us  41.120us  42.561us  [CUDA memcpy HtoD]
                   25.67%  30.240us         1  30.240us  30.240us  30.240us  [CUDA memcpy DtoH]
                    3.31%  3.9040us         1  3.9040us  3.9040us  3.9040us  vectorAdd(float const *, float const *, float*, int)
      API calls:   75.82%  148.44ms         3  49.479ms  5.2000us  148.42ms  cudaMalloc
                   23.47%  45.952ms         1  45.952ms  45.952ms  45.952ms  cuDevicePrimaryCtxRelease
                    0.27%  533.70us         3  177.90us  88.900us  310.70us  cudaMemcpy
                    0.15%  283.90us         3  94.633us  7.6000us  261.10us  cudaFree
                    0.13%  258.20us         1  258.20us  258.20us  258.20us  cuModuleUnload
                    0.11%  213.60us        97  2.2020us     100ns  83.900us  cuDeviceGetAttribute
                    0.03%  63.200us         1  63.200us  63.200us  63.200us  cudaLaunchKernel
                    0.01%  19.800us         1  19.800us  19.800us  19.800us  cuDeviceGetPCIBusId
                    0.01%  15.900us         1  15.900us  15.900us  15.900us  cuDeviceTotalMem
                    0.00%  1.6000us         3     533ns     200ns  1.1000us  cuDeviceGetCount
                    0.00%  1.3000us         2     650ns     200ns  1.1000us  cuDeviceGet
                    0.00%     800ns         1     800ns     800ns     800ns  cuDeviceGetName
                    0.00%     500ns         1     500ns     500ns     500ns  cudaGetLastError
                    0.00%     400ns         1     400ns     400ns     400ns  cuDeviceGetLuid
                    0.00%     300ns         1     300ns     300ns     300ns  cuDeviceGetUuid
