==17008== NVPROF is profiling process 17008, command: ..\test\x64\Release\test.exe 50000 114
==17008== Profiling application: ..\test\x64\Release\test.exe 50000 114
==17008== Profiling result:
            Type  Time(%)      Time     Calls       Avg       Min       Max  Name
 GPU activities:   73.43%  94.434us         2  47.217us  41.473us  52.961us  [CUDA memcpy HtoD]
                   23.59%  30.336us         1  30.336us  30.336us  30.336us  [CUDA memcpy DtoH]
                    2.99%  3.8400us         1  3.8400us  3.8400us  3.8400us  vectorAdd(float const *, float const *, float*, int)
      API calls:   76.30%  144.16ms         3  48.054ms  5.1000us  144.15ms  cudaMalloc
                   23.04%  43.531ms         1  43.531ms  43.531ms  43.531ms  cuDevicePrimaryCtxRelease
                    0.30%  570.30us         3  190.10us  62.400us  301.90us  cudaMemcpy
                    0.13%  248.10us         3  82.700us  11.300us  212.60us  cudaFree
                    0.10%  183.30us        97  1.8890us     100ns  76.600us  cuDeviceGetAttribute
                    0.07%  137.50us         1  137.50us  137.50us  137.50us  cuModuleUnload
                    0.02%  41.000us         1  41.000us  41.000us  41.000us  cudaLaunchKernel
                    0.02%  31.200us         1  31.200us  31.200us  31.200us  cuDeviceTotalMem
                    0.01%  21.600us         1  21.600us  21.600us  21.600us  cuDeviceGetPCIBusId
                    0.00%  2.8000us         3     933ns     600ns  1.6000us  cuDeviceGetCount
                    0.00%  1.8000us         2     900ns     200ns  1.6000us  cuDeviceGet
                    0.00%     700ns         1     700ns     700ns     700ns  cuDeviceGetName
                    0.00%     700ns         1     700ns     700ns     700ns  cudaGetLastError
                    0.00%     300ns         1     300ns     300ns     300ns  cuDeviceGetUuid
                    0.00%     300ns         1     300ns     300ns     300ns  cuDeviceGetLuid
