==21092== NVPROF is profiling process 21092, command: ..\test\x64\Release\test.exe 50000 987
==21092== Profiling application: ..\test\x64\Release\test.exe 50000 987
==21092== Profiling result:
            Type  Time(%)      Time     Calls       Avg       Min       Max  Name
 GPU activities:   67.96%  73.249us         2  36.624us  31.968us  41.281us  [CUDA memcpy HtoD]
                   28.00%  30.176us         1  30.176us  30.176us  30.176us  [CUDA memcpy DtoH]
                    4.04%  4.3520us         1  4.3520us  4.3520us  4.3520us  vectorAdd(float const *, float const *, float*, int)
      API calls:   75.28%  132.05ms         3  44.017ms  4.9000us  132.04ms  cudaMalloc
                   24.07%  42.221ms         1  42.221ms  42.221ms  42.221ms  cuDevicePrimaryCtxRelease
                    0.30%  518.60us         3  172.87us  88.900us  231.40us  cudaMemcpy
                    0.12%  212.50us         3  70.833us  7.2000us  193.30us  cudaFree
                    0.12%  203.50us        97  2.0970us     100ns  88.500us  cuDeviceGetAttribute
                    0.08%  142.80us         1  142.80us  142.80us  142.80us  cuModuleUnload
                    0.02%  31.400us         1  31.400us  31.400us  31.400us  cudaLaunchKernel
                    0.01%  13.100us         1  13.100us  13.100us  13.100us  cuDeviceTotalMem
                    0.00%  8.1000us         1  8.1000us  8.1000us  8.1000us  cuDeviceGetPCIBusId
                    0.00%  1.1000us         3     366ns     200ns     600ns  cuDeviceGetCount
                    0.00%     900ns         2     450ns     200ns     700ns  cuDeviceGet
                    0.00%     700ns         1     700ns     700ns     700ns  cuDeviceGetName
                    0.00%     300ns         1     300ns     300ns     300ns  cuDeviceGetLuid
                    0.00%     300ns         1     300ns     300ns     300ns  cudaGetLastError
                    0.00%     200ns         1     200ns     200ns     200ns  cuDeviceGetUuid
