==18928== NVPROF is profiling process 18928, command: ..\test\x64\Release\test.exe 50000 383
==18928== Profiling application: ..\test\x64\Release\test.exe 50000 383
==18928== Profiling result:
            Type  Time(%)      Time     Calls       Avg       Min       Max  Name
 GPU activities:   62.57%  88.160us         2  44.080us  32.000us  56.160us  [CUDA memcpy HtoD]
                   34.68%  48.864us         1  48.864us  48.864us  48.864us  [CUDA memcpy DtoH]
                    2.75%  3.8720us         1  3.8720us  3.8720us  3.8720us  vectorAdd(float const *, float const *, float*, int)
      API calls:   76.27%  147.08ms         3  49.028ms  5.4000us  147.07ms  cudaMalloc
                   23.07%  44.484ms         1  44.484ms  44.484ms  44.484ms  cuDevicePrimaryCtxRelease
                    0.26%  501.50us         3  167.17us  63.200us  290.00us  cudaMemcpy
                    0.17%  319.60us         3  106.53us  22.200us  268.80us  cudaFree
                    0.10%  184.40us        97  1.9010us     100ns  65.400us  cuDeviceGetAttribute
                    0.08%  150.00us         1  150.00us  150.00us  150.00us  cuModuleUnload
                    0.03%  50.400us         1  50.400us  50.400us  50.400us  cudaLaunchKernel
                    0.03%  48.900us         1  48.900us  48.900us  48.900us  cuDeviceTotalMem
                    0.01%  9.7000us         1  9.7000us  9.7000us  9.7000us  cuDeviceGetPCIBusId
                    0.00%  1.4000us         3     466ns     200ns     900ns  cuDeviceGetCount
                    0.00%     900ns         2     450ns     100ns     800ns  cuDeviceGet
                    0.00%     800ns         1     800ns     800ns     800ns  cuDeviceGetName
                    0.00%     400ns         1     400ns     400ns     400ns  cuDeviceGetLuid
                    0.00%     300ns         1     300ns     300ns     300ns  cuDeviceGetUuid
                    0.00%     300ns         1     300ns     300ns     300ns  cudaGetLastError
