==18024== NVPROF is profiling process 18024, command: ..\test\x64\Release\test.exe 50000 95
==18024== Profiling application: ..\test\x64\Release\test.exe 50000 95
==18024== Profiling result:
            Type  Time(%)      Time     Calls       Avg       Min       Max  Name
 GPU activities:   67.89%  91.937us         2  45.968us  41.313us  50.624us  [CUDA memcpy HtoD]
                   29.37%  39.776us         1  39.776us  39.776us  39.776us  [CUDA memcpy DtoH]
                    2.74%  3.7120us         1  3.7120us  3.7120us  3.7120us  vectorAdd(float const *, float const *, float*, int)
      API calls:   76.71%  140.37ms         3  46.791ms  18.100us  140.33ms  cudaMalloc
                   22.71%  41.565ms         1  41.565ms  41.565ms  41.565ms  cuDevicePrimaryCtxRelease
                    0.28%  520.70us         3  173.57us  95.700us  285.50us  cudaMemcpy
                    0.12%  217.30us        97  2.2400us     100ns  89.100us  cuDeviceGetAttribute
                    0.08%  155.30us         3  51.766us  7.1000us  134.60us  cudaFree
                    0.04%  72.300us         1  72.300us  72.300us  72.300us  cuModuleUnload
                    0.04%  66.500us         1  66.500us  66.500us  66.500us  cudaLaunchKernel
                    0.01%  15.200us         1  15.200us  15.200us  15.200us  cuDeviceTotalMem
                    0.00%  8.8000us         1  8.8000us  8.8000us  8.8000us  cuDeviceGetPCIBusId
                    0.00%  1.3000us         3     433ns     200ns     900ns  cuDeviceGetCount
                    0.00%  1.2000us         1  1.2000us  1.2000us  1.2000us  cuDeviceGetName
                    0.00%  1.0000us         2     500ns     200ns     800ns  cuDeviceGet
                    0.00%     400ns         1     400ns     400ns     400ns  cuDeviceGetLuid
                    0.00%     300ns         1     300ns     300ns     300ns  cudaGetLastError
                    0.00%     200ns         1     200ns     200ns     200ns  cuDeviceGetUuid
