==19156== NVPROF is profiling process 19156, command: ..\test\x64\Release\test.exe 50000 418
==19156== Profiling application: ..\test\x64\Release\test.exe 50000 418
==19156== Profiling result:
            Type  Time(%)      Time     Calls       Avg       Min       Max  Name
 GPU activities:   68.75%  76.160us         2  38.080us  31.872us  44.288us  [CUDA memcpy HtoD]
                   27.41%  30.369us         1  30.369us  30.369us  30.369us  [CUDA memcpy DtoH]
                    3.84%  4.2560us         1  4.2560us  4.2560us  4.2560us  vectorAdd(float const *, float const *, float*, int)
      API calls:   75.85%  148.33ms         3  49.445ms  5.2000us  148.31ms  cudaMalloc
                   23.49%  45.944ms         1  45.944ms  45.944ms  45.944ms  cuDevicePrimaryCtxRelease
                    0.27%  522.90us         3  174.30us  53.300us  332.30us  cudaMemcpy
                    0.13%  263.20us         3  87.733us  7.4000us  241.50us  cudaFree
                    0.10%  187.30us        97  1.9300us     100ns  68.700us  cuDeviceGetAttribute
                    0.07%  142.60us         1  142.60us  142.60us  142.60us  cuModuleUnload
                    0.05%  106.90us         1  106.90us  106.90us  106.90us  cudaLaunchKernel
                    0.02%  44.500us         1  44.500us  44.500us  44.500us  cuDeviceTotalMem
                    0.00%  8.7000us         1  8.7000us  8.7000us  8.7000us  cuDeviceGetPCIBusId
                    0.00%  1.4000us         3     466ns     200ns     900ns  cuDeviceGetCount
                    0.00%     900ns         2     450ns     200ns     700ns  cuDeviceGet
                    0.00%     700ns         1     700ns     700ns     700ns  cuDeviceGetName
                    0.00%     700ns         1     700ns     700ns     700ns  cuDeviceGetLuid
                    0.00%     500ns         1     500ns     500ns     500ns  cudaGetLastError
                    0.00%     300ns         1     300ns     300ns     300ns  cuDeviceGetUuid
