==17488== NVPROF is profiling process 17488, command: ..\test\x64\Release\test.exe 50000 245
==17488== Profiling application: ..\test\x64\Release\test.exe 50000 245
==17488== Profiling result:
            Type  Time(%)      Time     Calls       Avg       Min       Max  Name
 GPU activities:   66.29%  85.282us         2  42.641us  41.345us  43.937us  [CUDA memcpy HtoD]
                   30.80%  39.616us         1  39.616us  39.616us  39.616us  [CUDA memcpy DtoH]
                    2.91%  3.7440us         1  3.7440us  3.7440us  3.7440us  vectorAdd(float const *, float const *, float*, int)
      API calls:   76.38%  146.40ms         3  48.800ms  5.1000us  146.38ms  cudaMalloc
                   22.93%  43.951ms         1  43.951ms  43.951ms  43.951ms  cuDevicePrimaryCtxRelease
                    0.30%  565.70us         3  188.57us  58.500us  291.00us  cudaMemcpy
                    0.17%  329.40us         3  109.80us  7.4000us  306.30us  cudaFree
                    0.10%  199.50us        97  2.0560us     100ns  75.700us  cuDeviceGetAttribute
                    0.07%  139.10us         1  139.10us  139.10us  139.10us  cuModuleUnload
                    0.03%  52.300us         1  52.300us  52.300us  52.300us  cuDeviceTotalMem
                    0.02%  34.900us         1  34.900us  34.900us  34.900us  cudaLaunchKernel
                    0.00%  8.6000us         1  8.6000us  8.6000us  8.6000us  cuDeviceGetPCIBusId
                    0.00%  1.8000us         3     600ns     300ns  1.2000us  cuDeviceGetCount
                    0.00%  1.2000us         2     600ns     200ns  1.0000us  cuDeviceGet
                    0.00%     800ns         1     800ns     800ns     800ns  cuDeviceGetName
                    0.00%     300ns         1     300ns     300ns     300ns  cuDeviceGetLuid
                    0.00%     300ns         1     300ns     300ns     300ns  cudaGetLastError
                    0.00%     200ns         1     200ns     200ns     200ns  cuDeviceGetUuid
