==18756== NVPROF is profiling process 18756, command: ..\test\x64\Release\test.exe 50000 474
==18756== Profiling application: ..\test\x64\Release\test.exe 50000 474
==18756== Profiling result:
            Type  Time(%)      Time     Calls       Avg       Min       Max  Name
 GPU activities:   68.07%  73.120us         2  36.560us  32.000us  41.120us  [CUDA memcpy HtoD]
                   28.27%  30.369us         1  30.369us  30.369us  30.369us  [CUDA memcpy DtoH]
                    3.66%  3.9360us         1  3.9360us  3.9360us  3.9360us  vectorAdd(float const *, float const *, float*, int)
      API calls:   75.04%  145.52ms         3  48.507ms  5.3000us  145.50ms  cudaMalloc
                   24.30%  47.122ms         1  47.122ms  47.122ms  47.122ms  cuDevicePrimaryCtxRelease
                    0.26%  506.20us         3  168.73us  89.900us  277.10us  cudaMemcpy
                    0.15%  297.90us         3  99.300us  15.100us  258.50us  cudaFree
                    0.11%  208.70us         1  208.70us  208.70us  208.70us  cuModuleUnload
                    0.10%  191.20us        97  1.9710us     100ns  69.200us  cuDeviceGetAttribute
                    0.02%  34.300us         1  34.300us  34.300us  34.300us  cudaLaunchKernel
                    0.02%  32.300us         1  32.300us  32.300us  32.300us  cuDeviceTotalMem
                    0.00%  9.5000us         1  9.5000us  9.5000us  9.5000us  cuDeviceGetPCIBusId
                    0.00%  1.7000us         3     566ns     200ns  1.2000us  cuDeviceGetCount
                    0.00%  1.3000us         2     650ns     200ns  1.1000us  cuDeviceGet
                    0.00%     900ns         1     900ns     900ns     900ns  cuDeviceGetName
                    0.00%     400ns         1     400ns     400ns     400ns  cuDeviceGetLuid
                    0.00%     300ns         1     300ns     300ns     300ns  cudaGetLastError
                    0.00%     200ns         1     200ns     200ns     200ns  cuDeviceGetUuid
