==3240== NVPROF is profiling process 3240, command: ..\test\x64\Release\test.exe 50000 298
==3240== Profiling application: ..\test\x64\Release\test.exe 50000 298
==3240== Profiling result:
            Type  Time(%)      Time     Calls       Avg       Min       Max  Name
 GPU activities:   52.25%  63.873us         2  31.936us  31.841us  32.032us  [CUDA memcpy HtoD]
                   44.50%  54.401us         1  54.401us  54.401us  54.401us  [CUDA memcpy DtoH]
                    3.25%  3.9680us         1  3.9680us  3.9680us  3.9680us  vectorAdd(float const *, float const *, float*, int)
      API calls:   78.18%  159.69ms         3  53.232ms  5.4000us  159.68ms  cudaMalloc
                   21.25%  43.397ms         1  43.397ms  43.397ms  43.397ms  cuDevicePrimaryCtxRelease
                    0.26%  535.50us         3  178.50us  68.300us  286.50us  cudaMemcpy
                    0.11%  234.80us        97  2.4200us     100ns  74.700us  cuDeviceGetAttribute
                    0.10%  204.20us         3  68.066us  7.8000us  179.50us  cudaFree
                    0.05%  111.10us         1  111.10us  111.10us  111.10us  cuModuleUnload
                    0.03%  62.500us         1  62.500us  62.500us  62.500us  cudaLaunchKernel
                    0.01%  15.600us         1  15.600us  15.600us  15.600us  cuDeviceTotalMem
                    0.00%  8.6000us         1  8.6000us  8.6000us  8.6000us  cuDeviceGetPCIBusId
                    0.00%  1.4000us         3     466ns     200ns  1.0000us  cuDeviceGetCount
                    0.00%  1.1000us         2     550ns     200ns     900ns  cuDeviceGet
                    0.00%     700ns         1     700ns     700ns     700ns  cuDeviceGetName
                    0.00%     400ns         1     400ns     400ns     400ns  cudaGetLastError
                    0.00%     300ns         1     300ns     300ns     300ns  cuDeviceGetLuid
                    0.00%     200ns         1     200ns     200ns     200ns  cuDeviceGetUuid
