==18820== NVPROF is profiling process 18820, command: ..\test\x64\Release\test.exe 50000 321
==18820== Profiling application: ..\test\x64\Release\test.exe 50000 321
==18820== Profiling result:
            Type  Time(%)      Time     Calls       Avg       Min       Max  Name
 GPU activities:   71.86%  88.352us         2  44.176us  32.000us  56.352us  [CUDA memcpy HtoD]
                   24.60%  30.240us         1  30.240us  30.240us  30.240us  [CUDA memcpy DtoH]
                    3.54%  4.3520us         1  4.3520us  4.3520us  4.3520us  vectorAdd(float const *, float const *, float*, int)
      API calls:   75.57%  143.80ms         3  47.932ms  5.0000us  143.78ms  cudaMalloc
                   23.82%  45.334ms         1  45.334ms  45.334ms  45.334ms  cuDevicePrimaryCtxRelease
                    0.27%  514.10us         3  171.37us  112.60us  253.10us  cudaMemcpy
                    0.13%  239.20us         3  79.733us  7.9000us  214.40us  cudaFree
                    0.10%  181.10us        97  1.8670us     100ns  74.200us  cuDeviceGetAttribute
                    0.06%  116.00us         1  116.00us  116.00us  116.00us  cuModuleUnload
                    0.03%  53.400us         1  53.400us  53.400us  53.400us  cudaLaunchKernel
                    0.02%  31.700us         1  31.700us  31.700us  31.700us  cuDeviceTotalMem
                    0.00%  8.8000us         1  8.8000us  8.8000us  8.8000us  cuDeviceGetPCIBusId
                    0.00%  1.7000us         3     566ns     200ns  1.1000us  cuDeviceGetCount
                    0.00%  1.7000us         2     850ns     200ns  1.5000us  cuDeviceGet
                    0.00%     800ns         1     800ns     800ns     800ns  cuDeviceGetName
                    0.00%     300ns         1     300ns     300ns     300ns  cuDeviceGetUuid
                    0.00%     300ns         1     300ns     300ns     300ns  cudaGetLastError
                    0.00%     200ns         1     200ns     200ns     200ns  cuDeviceGetLuid
