==19860== NVPROF is profiling process 19860, command: ..\test\x64\Release\test.exe 50000 945
==19860== Profiling application: ..\test\x64\Release\test.exe 50000 945
==19860== Profiling result:
            Type  Time(%)      Time     Calls       Avg       Min       Max  Name
 GPU activities:   71.11%  85.474us         2  42.737us  41.409us  44.065us  [CUDA memcpy HtoD]
                   25.24%  30.336us         1  30.336us  30.336us  30.336us  [CUDA memcpy DtoH]
                    3.65%  4.3840us         1  4.3840us  4.3840us  4.3840us  vectorAdd(float const *, float const *, float*, int)
      API calls:   75.39%  131.91ms         3  43.968ms  5.4000us  131.87ms  cudaMalloc
                   24.01%  42.011ms         1  42.011ms  42.011ms  42.011ms  cuDevicePrimaryCtxRelease
                    0.26%  451.20us         3  150.40us  63.700us  216.50us  cudaMemcpy
                    0.12%  207.70us         3  69.233us  7.4000us  187.00us  cudaFree
                    0.10%  174.50us        97  1.7980us     100ns  76.400us  cuDeviceGetAttribute
                    0.06%  113.00us         1  113.00us  113.00us  113.00us  cuModuleUnload
                    0.03%  51.500us         1  51.500us  51.500us  51.500us  cudaLaunchKernel
                    0.02%  34.400us         1  34.400us  34.400us  34.400us  cuDeviceTotalMem
                    0.00%  8.3000us         1  8.3000us  8.3000us  8.3000us  cuDeviceGetPCIBusId
                    0.00%  1.0000us         3     333ns     200ns     600ns  cuDeviceGetCount
                    0.00%  1.0000us         2     500ns     200ns     800ns  cuDeviceGet
                    0.00%     800ns         1     800ns     800ns     800ns  cuDeviceGetName
                    0.00%     400ns         1     400ns     400ns     400ns  cudaGetLastError
                    0.00%     300ns         1     300ns     300ns     300ns  cuDeviceGetLuid
                    0.00%     200ns         1     200ns     200ns     200ns  cuDeviceGetUuid
