==20320== NVPROF is profiling process 20320, command: ..\test\x64\Release\test.exe 50000 662
==20320== Profiling application: ..\test\x64\Release\test.exe 50000 662
==20320== Profiling result:
            Type  Time(%)      Time     Calls       Avg       Min       Max  Name
 GPU activities:   68.18%  73.696us         2  36.848us  32.256us  41.440us  [CUDA memcpy HtoD]
                   28.09%  30.368us         1  30.368us  30.368us  30.368us  [CUDA memcpy DtoH]
                    3.73%  4.0320us         1  4.0320us  4.0320us  4.0320us  vectorAdd(float const *, float const *, float*, int)
      API calls:   76.19%  148.85ms         3  49.615ms  5.0000us  148.83ms  cudaMalloc
                   23.23%  45.388ms         1  45.388ms  45.388ms  45.388ms  cuDevicePrimaryCtxRelease
                    0.24%  474.30us         3  158.10us  74.600us  218.80us  cudaMemcpy
                    0.12%  237.80us         3  79.266us  7.2000us  218.00us  cudaFree
                    0.09%  180.70us        97  1.8620us     100ns  74.500us  cuDeviceGetAttribute
                    0.08%  149.50us         1  149.50us  149.50us  149.50us  cuModuleUnload
                    0.02%  48.700us         1  48.700us  48.700us  48.700us  cudaLaunchKernel
                    0.01%  17.700us         1  17.700us  17.700us  17.700us  cuDeviceTotalMem
                    0.00%  9.1000us         1  9.1000us  9.1000us  9.1000us  cuDeviceGetPCIBusId
                    0.00%  2.2000us         2  1.1000us     300ns  1.9000us  cuDeviceGet
                    0.00%  2.1000us         3     700ns     200ns  1.0000us  cuDeviceGetCount
                    0.00%     700ns         1     700ns     700ns     700ns  cuDeviceGetName
                    0.00%     400ns         1     400ns     400ns     400ns  cuDeviceGetUuid
                    0.00%     400ns         1     400ns     400ns     400ns  cuDeviceGetLuid
                    0.00%     300ns         1     300ns     300ns     300ns  cudaGetLastError
