==10044== NVPROF is profiling process 10044, command: ..\test\x64\Release\test.exe 50000 386
==10044== Profiling application: ..\test\x64\Release\test.exe 50000 386
==10044== Profiling result:
            Type  Time(%)      Time     Calls       Avg       Min       Max  Name
 GPU activities:   67.95%  73.761us         2  36.880us  32.353us  41.408us  [CUDA memcpy HtoD]
                   27.98%  30.368us         1  30.368us  30.368us  30.368us  [CUDA memcpy DtoH]
                    4.07%  4.4160us         1  4.4160us  4.4160us  4.4160us  vectorAdd(float const *, float const *, float*, int)
      API calls:   75.47%  144.77ms         3  48.256ms  5.2000us  144.75ms  cudaMalloc
                   23.93%  45.900ms         1  45.900ms  45.900ms  45.900ms  cuDevicePrimaryCtxRelease
                    0.25%  482.00us         3  160.67us  64.700us  261.60us  cudaMemcpy
                    0.13%  255.00us         3  85.000us  7.4000us  233.90us  cudaFree
                    0.10%  191.80us        97  1.9770us     100ns  68.800us  cuDeviceGetAttribute
                    0.05%  101.30us         1  101.30us  101.30us  101.30us  cudaLaunchKernel
                    0.05%  87.600us         1  87.600us  87.600us  87.600us  cuModuleUnload
                    0.02%  36.600us         1  36.600us  36.600us  36.600us  cuDeviceTotalMem
                    0.00%  8.7000us         1  8.7000us  8.7000us  8.7000us  cuDeviceGetPCIBusId
                    0.00%  1.1000us         3     366ns     200ns     700ns  cuDeviceGetCount
                    0.00%     900ns         2     450ns     200ns     700ns  cuDeviceGet
                    0.00%     800ns         1     800ns     800ns     800ns  cuDeviceGetName
                    0.00%     400ns         1     400ns     400ns     400ns  cuDeviceGetLuid
                    0.00%     300ns         1     300ns     300ns     300ns  cuDeviceGetUuid
                    0.00%     300ns         1     300ns     300ns     300ns  cudaGetLastError
