==18560== NVPROF is profiling process 18560, command: ..\test\x64\Release\test.exe 50000 308
==18560== Profiling application: ..\test\x64\Release\test.exe 50000 308
==18560== Profiling result:
            Type  Time(%)      Time     Calls       Avg       Min       Max  Name
 GPU activities:   70.65%  92.032us         2  46.016us  41.312us  50.720us  [CUDA memcpy HtoD]
                   26.38%  34.369us         1  34.369us  34.369us  34.369us  [CUDA memcpy DtoH]
                    2.97%  3.8720us         1  3.8720us  3.8720us  3.8720us  vectorAdd(float const *, float const *, float*, int)
      API calls:   77.55%  160.41ms         3  53.469ms  5.2000us  160.39ms  cudaMalloc
                   21.83%  45.147ms         1  45.147ms  45.147ms  45.147ms  cuDevicePrimaryCtxRelease
                    0.29%  605.10us         3  201.70us  116.80us  336.10us  cudaMemcpy
                    0.14%  285.40us         3  95.133us  7.6000us  248.50us  cudaFree
                    0.11%  221.50us        97  2.2830us     100ns  84.500us  cuDeviceGetAttribute
                    0.05%  95.600us         1  95.600us  95.600us  95.600us  cuModuleUnload
                    0.03%  54.100us         1  54.100us  54.100us  54.100us  cudaLaunchKernel
                    0.01%  18.600us         1  18.600us  18.600us  18.600us  cuDeviceTotalMem
                    0.00%  9.4000us         1  9.4000us  9.4000us  9.4000us  cuDeviceGetPCIBusId
                    0.00%  1.6000us         3     533ns     200ns  1.1000us  cuDeviceGetCount
                    0.00%  1.4000us         2     700ns     300ns  1.1000us  cuDeviceGet
                    0.00%     800ns         1     800ns     800ns     800ns  cuDeviceGetName
                    0.00%     400ns         1     400ns     400ns     400ns  cudaGetLastError
                    0.00%     300ns         1     300ns     300ns     300ns  cuDeviceGetUuid
                    0.00%     300ns         1     300ns     300ns     300ns  cuDeviceGetLuid
