==2044== NVPROF is profiling process 2044, command: ..\test\x64\Release\test.exe 50000 151
==2044== Profiling application: ..\test\x64\Release\test.exe 50000 151
==2044== Profiling result:
            Type  Time(%)      Time     Calls       Avg       Min       Max  Name
 GPU activities:   61.73%  85.025us         2  42.512us  41.153us  43.872us  [CUDA memcpy HtoD]
                   35.48%  48.865us         1  48.865us  48.865us  48.865us  [CUDA memcpy DtoH]
                    2.79%  3.8400us         1  3.8400us  3.8400us  3.8400us  vectorAdd(float const *, float const *, float*, int)
      API calls:   76.48%  147.20ms         3  49.068ms  5.3000us  147.19ms  cudaMalloc
                   22.91%  44.086ms         1  44.086ms  44.086ms  44.086ms  cuDevicePrimaryCtxRelease
                    0.29%  553.70us         3  184.57us  60.300us  314.00us  cudaMemcpy
                    0.12%  235.30us         3  78.433us  7.7000us  213.60us  cudaFree
                    0.11%  209.90us        97  2.1630us     100ns  83.000us  cuDeviceGetAttribute
                    0.05%  98.500us         1  98.500us  98.500us  98.500us  cuModuleUnload
                    0.03%  55.700us         1  55.700us  55.700us  55.700us  cudaLaunchKernel
                    0.01%  16.500us         1  16.500us  16.500us  16.500us  cuDeviceTotalMem
                    0.00%  8.2000us         1  8.2000us  8.2000us  8.2000us  cuDeviceGetPCIBusId
                    0.00%  1.4000us         3     466ns     200ns     900ns  cuDeviceGetCount
                    0.00%  1.1000us         2     550ns     200ns     900ns  cuDeviceGet
                    0.00%     800ns         1     800ns     800ns     800ns  cuDeviceGetName
                    0.00%     400ns         1     400ns     400ns     400ns  cuDeviceGetLuid
                    0.00%     300ns         1     300ns     300ns     300ns  cuDeviceGetUuid
                    0.00%     300ns         1     300ns     300ns     300ns  cudaGetLastError
