==19004== NVPROF is profiling process 19004, command: ..\test\x64\Release\test.exe 50000 362
==19004== Profiling application: ..\test\x64\Release\test.exe 50000 362
==19004== Profiling result:
            Type  Time(%)      Time     Calls       Avg       Min       Max  Name
 GPU activities:   52.40%  65.760us         2  32.880us  32.864us  32.896us  [CUDA memcpy HtoD]
                   44.44%  55.777us         1  55.777us  55.777us  55.777us  [CUDA memcpy DtoH]
                    3.16%  3.9680us         1  3.9680us  3.9680us  3.9680us  vectorAdd(float const *, float const *, float*, int)
      API calls:   74.55%  143.24ms         3  47.748ms  5.4000us  143.20ms  cudaMalloc
                   24.66%  47.389ms         1  47.389ms  47.389ms  47.389ms  cuDevicePrimaryCtxRelease
                    0.35%  670.40us         3  223.47us  149.70us  321.60us  cudaMemcpy
                    0.18%  337.30us         3  112.43us  8.1000us  309.60us  cudaFree
                    0.10%  186.00us        97  1.9170us     100ns  68.800us  cuDeviceGetAttribute
                    0.09%  174.30us         1  174.30us  174.30us  174.30us  cuModuleUnload
                    0.06%  116.50us         1  116.50us  116.50us  116.50us  cudaLaunchKernel
                    0.01%  15.000us         1  15.000us  15.000us  15.000us  cuDeviceTotalMem
                    0.00%  8.6000us         1  8.6000us  8.6000us  8.6000us  cuDeviceGetPCIBusId
                    0.00%  1.5000us         3     500ns     200ns  1.0000us  cuDeviceGetCount
                    0.00%  1.3000us         2     650ns     200ns  1.1000us  cuDeviceGet
                    0.00%     700ns         1     700ns     700ns     700ns  cuDeviceGetName
                    0.00%     500ns         1     500ns     500ns     500ns  cudaGetLastError
                    0.00%     300ns         1     300ns     300ns     300ns  cuDeviceGetUuid
                    0.00%     300ns         1     300ns     300ns     300ns  cuDeviceGetLuid
