==2476== NVPROF is profiling process 2476, command: ..\test\x64\Release\test.exe 50000 246
==2476== Profiling application: ..\test\x64\Release\test.exe 50000 246
==2476== Profiling result:
            Type  Time(%)      Time     Calls       Avg       Min       Max  Name
 GPU activities:   69.05%  75.810us         2  37.905us  31.777us  44.033us  [CUDA memcpy HtoD]
                   27.54%  30.240us         1  30.240us  30.240us  30.240us  [CUDA memcpy DtoH]
                    3.41%  3.7440us         1  3.7440us  3.7440us  3.7440us  vectorAdd(float const *, float const *, float*, int)
      API calls:   78.19%  155.95ms         3  51.983ms  5.2000us  155.94ms  cudaMalloc
                   21.27%  42.423ms         1  42.423ms  42.423ms  42.423ms  cuDevicePrimaryCtxRelease
                    0.23%  467.40us         3  155.80us  47.300us  276.90us  cudaMemcpy
                    0.10%  199.40us        97  2.0550us     100ns  75.000us  cuDeviceGetAttribute
                    0.09%  188.50us         3  62.833us  7.8000us  165.90us  cudaFree
                    0.06%  118.90us         1  118.90us  118.90us  118.90us  cuModuleUnload
                    0.03%  51.700us         1  51.700us  51.700us  51.700us  cudaLaunchKernel
                    0.02%  39.300us         1  39.300us  39.300us  39.300us  cuDeviceTotalMem
                    0.00%  9.0000us         1  9.0000us  9.0000us  9.0000us  cuDeviceGetPCIBusId
                    0.00%  1.5000us         2     750ns     200ns  1.3000us  cuDeviceGet
                    0.00%  1.3000us         3     433ns     200ns     800ns  cuDeviceGetCount
                    0.00%     800ns         1     800ns     800ns     800ns  cuDeviceGetName
                    0.00%     300ns         1     300ns     300ns     300ns  cuDeviceGetLuid
                    0.00%     300ns         1     300ns     300ns     300ns  cudaGetLastError
                    0.00%     200ns         1     200ns     200ns     200ns  cuDeviceGetUuid
