==19084== NVPROF is profiling process 19084, command: ..\test\x64\Release\test.exe 50000 264
==19084== Profiling application: ..\test\x64\Release\test.exe 50000 264
==19084== Profiling result:
            Type  Time(%)      Time     Calls       Avg       Min       Max  Name
 GPU activities:   65.25%  63.872us         2  31.936us  31.904us  31.968us  [CUDA memcpy HtoD]
                   30.89%  30.241us         1  30.241us  30.241us  30.241us  [CUDA memcpy DtoH]
                    3.86%  3.7760us         1  3.7760us  3.7760us  3.7760us  vectorAdd(float const *, float const *, float*, int)
      API calls:   76.36%  145.55ms         3  48.517ms  5.2000us  145.52ms  cudaMalloc
                   23.07%  43.965ms         1  43.965ms  43.965ms  43.965ms  cuDevicePrimaryCtxRelease
                    0.24%  457.20us         3  152.40us  82.100us  261.30us  cudaMemcpy
                    0.14%  275.10us         3  91.700us  7.5000us  244.00us  cudaFree
                    0.10%  197.20us        97  2.0320us     100ns  75.400us  cuDeviceGetAttribute
                    0.04%  80.700us         1  80.700us  80.700us  80.700us  cuModuleUnload
                    0.02%  37.500us         1  37.500us  37.500us  37.500us  cuDeviceTotalMem
                    0.02%  34.200us         1  34.200us  34.200us  34.200us  cudaLaunchKernel
                    0.00%  9.2000us         1  9.2000us  9.2000us  9.2000us  cuDeviceGetPCIBusId
                    0.00%  1.5000us         3     500ns     200ns  1.0000us  cuDeviceGetCount
                    0.00%  1.1000us         2     550ns     200ns     900ns  cuDeviceGet
                    0.00%     700ns         1     700ns     700ns     700ns  cuDeviceGetName
                    0.00%     400ns         1     400ns     400ns     400ns  cudaGetLastError
                    0.00%     300ns         1     300ns     300ns     300ns  cuDeviceGetUuid
                    0.00%     300ns         1     300ns     300ns     300ns  cuDeviceGetLuid
