==5944== NVPROF is profiling process 5944, command: ..\test\x64\Release\test.exe 50000 196
==5944== Profiling application: ..\test\x64\Release\test.exe 50000 196
==5944== Profiling result:
            Type  Time(%)      Time     Calls       Avg       Min       Max  Name
 GPU activities:   62.67%  73.696us         2  36.848us  32.256us  41.440us  [CUDA memcpy HtoD]
                   33.99%  39.969us         1  39.969us  39.969us  39.969us  [CUDA memcpy DtoH]
                    3.35%  3.9360us         1  3.9360us  3.9360us  3.9360us  vectorAdd(float const *, float const *, float*, int)
      API calls:   75.57%  143.41ms         3  47.804ms  5.3000us  143.39ms  cudaMalloc
                   23.81%  45.182ms         1  45.182ms  45.182ms  45.182ms  cuDevicePrimaryCtxRelease
                    0.28%  529.90us         3  176.63us  50.500us  283.10us  cudaMemcpy
                    0.15%  277.60us         3  92.533us  7.5000us  257.50us  cudaFree
                    0.10%  196.50us        97  2.0250us     100ns  73.200us  cuDeviceGetAttribute
                    0.05%  103.30us         1  103.30us  103.30us  103.30us  cuModuleUnload
                    0.02%  37.700us         1  37.700us  37.700us  37.700us  cuDeviceTotalMem
                    0.02%  31.200us         1  31.200us  31.200us  31.200us  cudaLaunchKernel
                    0.00%  8.5000us         1  8.5000us  8.5000us  8.5000us  cuDeviceGetPCIBusId
                    0.00%  1.6000us         2     800ns     100ns  1.5000us  cuDeviceGet
                    0.00%  1.5000us         3     500ns     200ns  1.0000us  cuDeviceGetCount
                    0.00%     900ns         1     900ns     900ns     900ns  cuDeviceGetName
                    0.00%     300ns         1     300ns     300ns     300ns  cuDeviceGetUuid
                    0.00%     300ns         1     300ns     300ns     300ns  cudaGetLastError
                    0.00%     200ns         1     200ns     200ns     200ns  cuDeviceGetLuid
