==18576== NVPROF is profiling process 18576, command: ..\test\x64\Release\test.exe 50000 283
==18576== Profiling application: ..\test\x64\Release\test.exe 50000 283
==18576== Profiling result:
            Type  Time(%)      Time     Calls       Avg       Min       Max  Name
 GPU activities:   75.36%  104.64us         2  52.321us  45.985us  58.657us  [CUDA memcpy HtoD]
                   21.87%  30.368us         1  30.368us  30.368us  30.368us  [CUDA memcpy DtoH]
                    2.77%  3.8400us         1  3.8400us  3.8400us  3.8400us  vectorAdd(float const *, float const *, float*, int)
      API calls:   75.94%  143.79ms         3  47.932ms  5.2000us  143.78ms  cudaMalloc
                   23.34%  44.189ms         1  44.189ms  44.189ms  44.189ms  cuDevicePrimaryCtxRelease
                    0.27%  518.90us         3  172.97us  49.100us  307.40us  cudaMemcpy
                    0.15%  275.80us        97  2.8430us     100ns  133.50us  cuDeviceGetAttribute
                    0.13%  253.40us         3  84.466us  7.6000us  231.30us  cudaFree
                    0.11%  213.40us         1  213.40us  213.40us  213.40us  cuModuleUnload
                    0.03%  64.000us         1  64.000us  64.000us  64.000us  cudaLaunchKernel
                    0.02%  36.000us         1  36.000us  36.000us  36.000us  cuDeviceTotalMem
                    0.00%  8.4000us         1  8.4000us  8.4000us  8.4000us  cuDeviceGetPCIBusId
                    0.00%  1.7000us         3     566ns     200ns     800ns  cuDeviceGetCount
                    0.00%  1.3000us         2     650ns     200ns  1.1000us  cuDeviceGet
                    0.00%     800ns         1     800ns     800ns     800ns  cuDeviceGetName
                    0.00%     400ns         1     400ns     400ns     400ns  cudaGetLastError
                    0.00%     300ns         1     300ns     300ns     300ns  cuDeviceGetUuid
                    0.00%     300ns         1     300ns     300ns     300ns  cuDeviceGetLuid
