==18888== NVPROF is profiling process 18888, command: ..\test\x64\Release\test.exe 50000 454
==18888== Profiling application: ..\test\x64\Release\test.exe 50000 454
==18888== Profiling result:
            Type  Time(%)      Time     Calls       Avg       Min       Max  Name
 GPU activities:   58.12%  73.504us         2  36.752us  31.808us  41.696us  [CUDA memcpy HtoD]
                   38.66%  48.897us         1  48.897us  48.897us  48.897us  [CUDA memcpy DtoH]
                    3.21%  4.0640us         1  4.0640us  4.0640us  4.0640us  vectorAdd(float const *, float const *, float*, int)
      API calls:   77.28%  147.62ms         3  49.208ms  5.2000us  147.61ms  cudaMalloc
                   22.02%  42.057ms         1  42.057ms  42.057ms  42.057ms  cuDevicePrimaryCtxRelease
                    0.34%  654.40us         3  218.13us  51.400us  415.70us  cudaMemcpy
                    0.16%  306.90us         3  102.30us  8.3000us  284.20us  cudaFree
                    0.10%  185.00us        97  1.9070us     100ns  65.800us  cuDeviceGetAttribute
                    0.06%  118.60us         1  118.60us  118.60us  118.60us  cuModuleUnload
                    0.02%  45.800us         1  45.800us  45.800us  45.800us  cudaLaunchKernel
                    0.02%  29.500us         1  29.500us  29.500us  29.500us  cuDeviceTotalMem
                    0.00%  8.9000us         1  8.9000us  8.9000us  8.9000us  cuDeviceGetPCIBusId
                    0.00%  1.4000us         3     466ns     200ns     900ns  cuDeviceGetCount
                    0.00%  1.0000us         2     500ns     200ns     800ns  cuDeviceGet
                    0.00%     700ns         1     700ns     700ns     700ns  cuDeviceGetName
                    0.00%     400ns         1     400ns     400ns     400ns  cuDeviceGetLuid
                    0.00%     300ns         1     300ns     300ns     300ns  cuDeviceGetUuid
                    0.00%     300ns         1     300ns     300ns     300ns  cudaGetLastError
