==19736== NVPROF is profiling process 19736, command: ..\test\x64\Release\test.exe 50000 492
==19736== Profiling application: ..\test\x64\Release\test.exe 50000 492
==19736== Profiling result:
            Type  Time(%)      Time     Calls       Avg       Min       Max  Name
 GPU activities:   68.33%  73.792us         2  36.896us  32.576us  41.216us  [CUDA memcpy HtoD]
                   28.09%  30.336us         1  30.336us  30.336us  30.336us  [CUDA memcpy DtoH]
                    3.59%  3.8720us         1  3.8720us  3.8720us  3.8720us  vectorAdd(float const *, float const *, float*, int)
      API calls:   77.38%  145.43ms         3  48.475ms  4.7000us  145.41ms  cudaMalloc
                   21.78%  40.941ms         1  40.941ms  40.941ms  40.941ms  cuDevicePrimaryCtxRelease
                    0.35%  652.40us         3  217.47us  63.800us  409.10us  cudaMemcpy
                    0.20%  366.70us         1  366.70us  366.70us  366.70us  cuModuleUnload
                    0.16%  296.30us         3  98.766us  8.2000us  267.60us  cudaFree
                    0.10%  185.40us        97  1.9110us     100ns  67.000us  cuDeviceGetAttribute
                    0.02%  35.100us         1  35.100us  35.100us  35.100us  cudaLaunchKernel
                    0.01%  15.800us         1  15.800us  15.800us  15.800us  cuDeviceTotalMem
                    0.00%  9.0000us         1  9.0000us  9.0000us  9.0000us  cuDeviceGetPCIBusId
                    0.00%  1.4000us         3     466ns     200ns     700ns  cuDeviceGetCount
                    0.00%  1.0000us         2     500ns     300ns     700ns  cuDeviceGet
                    0.00%  1.0000us         1  1.0000us  1.0000us  1.0000us  cuDeviceGetName
                    0.00%     400ns         1     400ns     400ns     400ns  cuDeviceGetLuid
                    0.00%     300ns         1     300ns     300ns     300ns  cuDeviceGetUuid
                    0.00%     300ns         1     300ns     300ns     300ns  cudaGetLastError
