==18308== NVPROF is profiling process 18308, command: ..\test\x64\Release\test.exe 50000 458
==18308== Profiling application: ..\test\x64\Release\test.exe 50000 458
==18308== Profiling result:
            Type  Time(%)      Time     Calls       Avg       Min       Max  Name
 GPU activities:   70.60%  82.752us         2  41.376us  31.968us  50.784us  [CUDA memcpy HtoD]
                   25.91%  30.369us         1  30.369us  30.369us  30.369us  [CUDA memcpy DtoH]
                    3.49%  4.0960us         1  4.0960us  4.0960us  4.0960us  vectorAdd(float const *, float const *, float*, int)
      API calls:   77.83%  143.03ms         3  47.677ms  4.6000us  143.02ms  cudaMalloc
                   21.68%  39.849ms         1  39.849ms  39.849ms  39.849ms  cuDevicePrimaryCtxRelease
                    0.23%  417.60us         3  139.20us  72.500us  192.40us  cudaMemcpy
                    0.11%  203.70us        97  2.1000us     100ns  76.200us  cuDeviceGetAttribute
                    0.06%  118.70us         3  39.566us  7.7000us  97.400us  cudaFree
                    0.04%  70.800us         1  70.800us  70.800us  70.800us  cuModuleUnload
                    0.02%  45.400us         1  45.400us  45.400us  45.400us  cudaLaunchKernel
                    0.02%  34.100us         1  34.100us  34.100us  34.100us  cuDeviceTotalMem
                    0.00%  8.8000us         1  8.8000us  8.8000us  8.8000us  cuDeviceGetPCIBusId
                    0.00%  1.2000us         3     400ns     200ns     700ns  cuDeviceGetCount
                    0.00%     900ns         2     450ns     200ns     700ns  cuDeviceGet
                    0.00%     900ns         1     900ns     900ns     900ns  cuDeviceGetName
                    0.00%     400ns         1     400ns     400ns     400ns  cudaGetLastError
                    0.00%     300ns         1     300ns     300ns     300ns  cuDeviceGetLuid
                    0.00%     200ns         1     200ns     200ns     200ns  cuDeviceGetUuid
