==15908== NVPROF is profiling process 15908, command: ..\test\x64\Release\test.exe 50000 83
==15908== Profiling application: ..\test\x64\Release\test.exe 50000 83
==15908== Profiling result:
            Type  Time(%)      Time     Calls       Avg       Min       Max  Name
 GPU activities:   65.21%  64.417us         2  32.208us  32.161us  32.256us  [CUDA memcpy HtoD]
                   30.71%  30.336us         1  30.336us  30.336us  30.336us  [CUDA memcpy DtoH]
                    4.08%  4.0320us         1  4.0320us  4.0320us  4.0320us  vectorAdd(float const *, float const *, float*, int)
      API calls:   76.73%  144.09ms         3  48.031ms  5.1000us  144.08ms  cudaMalloc
                   22.66%  42.545ms         1  42.545ms  42.545ms  42.545ms  cuDevicePrimaryCtxRelease
                    0.26%  490.80us         3  163.60us  47.400us  316.00us  cudaMemcpy
                    0.13%  243.60us         3  81.200us  7.8000us  221.20us  cudaFree
                    0.11%  204.80us        97  2.1110us     100ns  80.100us  cuDeviceGetAttribute
                    0.06%  114.10us         1  114.10us  114.10us  114.10us  cuModuleUnload
                    0.02%  44.900us         1  44.900us  44.900us  44.900us  cudaLaunchKernel
                    0.02%  30.700us         1  30.700us  30.700us  30.700us  cuDeviceTotalMem
                    0.00%  8.2000us         1  8.2000us  8.2000us  8.2000us  cuDeviceGetPCIBusId
                    0.00%  5.0000us         1  5.0000us  5.0000us  5.0000us  cuDeviceGetName
                    0.00%  1.7000us         2     850ns     200ns  1.5000us  cuDeviceGet
                    0.00%  1.6000us         3     533ns     200ns  1.0000us  cuDeviceGetCount
                    0.00%     300ns         1     300ns     300ns     300ns  cuDeviceGetLuid
                    0.00%     300ns         1     300ns     300ns     300ns  cudaGetLastError
                    0.00%     200ns         1     200ns     200ns     200ns  cuDeviceGetUuid
