==17864== NVPROF is profiling process 17864, command: ..\test\x64\Release\test.exe 50000 122
==17864== Profiling application: ..\test\x64\Release\test.exe 50000 122
==17864== Profiling result:
            Type  Time(%)      Time     Calls       Avg       Min       Max  Name
 GPU activities:   72.15%  88.225us         2  44.112us  41.472us  46.753us  [CUDA memcpy HtoD]
                   24.84%  30.368us         1  30.368us  30.368us  30.368us  [CUDA memcpy DtoH]
                    3.01%  3.6800us         1  3.6800us  3.6800us  3.6800us  vectorAdd(float const *, float const *, float*, int)
      API calls:   76.64%  149.28ms         3  49.758ms  5.3000us  149.26ms  cudaMalloc
                   22.75%  44.309ms         1  44.309ms  44.309ms  44.309ms  cuDevicePrimaryCtxRelease
                    0.25%  492.10us         3  164.03us  51.700us  280.20us  cudaMemcpy
                    0.14%  269.20us         3  89.733us  7.8000us  239.50us  cudaFree
                    0.12%  235.50us        97  2.4270us     100ns  84.900us  cuDeviceGetAttribute
                    0.06%  116.60us         1  116.60us  116.60us  116.60us  cuModuleUnload
                    0.02%  32.200us         1  32.200us  32.200us  32.200us  cudaLaunchKernel
                    0.01%  18.500us         1  18.500us  18.500us  18.500us  cuDeviceTotalMem
                    0.00%  9.0000us         1  9.0000us  9.0000us  9.0000us  cuDeviceGetPCIBusId
                    0.00%  1.6000us         3     533ns     200ns  1.0000us  cuDeviceGetCount
                    0.00%  1.6000us         2     800ns     200ns  1.4000us  cuDeviceGet
                    0.00%     900ns         1     900ns     900ns     900ns  cuDeviceGetName
                    0.00%     300ns         1     300ns     300ns     300ns  cuDeviceGetUuid
                    0.00%     300ns         1     300ns     300ns     300ns  cuDeviceGetLuid
                    0.00%     300ns         1     300ns     300ns     300ns  cudaGetLastError
