==18440== NVPROF is profiling process 18440, command: ..\test\x64\Release\test.exe 50000 388
==18440== Profiling application: ..\test\x64\Release\test.exe 50000 388
==18440== Profiling result:
            Type  Time(%)      Time     Calls       Avg       Min       Max  Name
 GPU activities:   59.71%  73.120us         2  36.560us  32.096us  41.024us  [CUDA memcpy HtoD]
                   36.69%  44.928us         1  44.928us  44.928us  44.928us  [CUDA memcpy DtoH]
                    3.61%  4.4160us         1  4.4160us  4.4160us  4.4160us  vectorAdd(float const *, float const *, float*, int)
      API calls:   74.35%  146.07ms         3  48.692ms  4.9000us  146.06ms  cudaMalloc
                   25.02%  49.149ms         1  49.149ms  49.149ms  49.149ms  cuDevicePrimaryCtxRelease
                    0.30%  594.40us         3  198.13us  61.100us  336.40us  cudaMemcpy
                    0.13%  245.60us         3  81.866us  7.6000us  225.10us  cudaFree
                    0.11%  215.40us        97  2.2200us     100ns  92.500us  cuDeviceGetAttribute
                    0.06%  125.70us         1  125.70us  125.70us  125.70us  cuModuleUnload
                    0.02%  30.900us         1  30.900us  30.900us  30.900us  cudaLaunchKernel
                    0.01%  15.800us         1  15.800us  15.800us  15.800us  cuDeviceTotalMem
                    0.00%  9.4000us         1  9.4000us  9.4000us  9.4000us  cuDeviceGetPCIBusId
                    0.00%  1.9000us         3     633ns     200ns     900ns  cuDeviceGetCount
                    0.00%  1.5000us         2     750ns     300ns  1.2000us  cuDeviceGet
                    0.00%  1.2000us         1  1.2000us  1.2000us  1.2000us  cuDeviceGetName
                    0.00%     300ns         1     300ns     300ns     300ns  cuDeviceGetUuid
                    0.00%     300ns         1     300ns     300ns     300ns  cuDeviceGetLuid
                    0.00%     300ns         1     300ns     300ns     300ns  cudaGetLastError
