==7144== NVPROF is profiling process 7144, command: ..\test\x64\Release\test.exe 50000 92
==7144== Profiling application: ..\test\x64\Release\test.exe 50000 92
==7144== Profiling result:
            Type  Time(%)      Time     Calls       Avg       Min       Max  Name
 GPU activities:   61.75%  85.440us         2  42.720us  31.968us  53.472us  [CUDA memcpy HtoD]
                   35.57%  49.217us         1  49.217us  49.217us  49.217us  [CUDA memcpy DtoH]
                    2.68%  3.7120us         1  3.7120us  3.7120us  3.7120us  vectorAdd(float const *, float const *, float*, int)
      API calls:   76.88%  144.04ms         3  48.014ms  5.5000us  144.03ms  cudaMalloc
                   22.50%  42.153ms         1  42.153ms  42.153ms  42.153ms  cuDevicePrimaryCtxRelease
                    0.26%  490.70us         3  163.57us  67.200us  275.80us  cudaMemcpy
                    0.16%  291.60us         3  97.200us  7.5000us  255.90us  cudaFree
                    0.12%  226.70us        97  2.3370us     100ns  87.000us  cuDeviceGetAttribute
                    0.05%  99.400us         1  99.400us  99.400us  99.400us  cuModuleUnload
                    0.02%  34.800us         1  34.800us  34.800us  34.800us  cudaLaunchKernel
                    0.01%  16.000us         1  16.000us  16.000us  16.000us  cuDeviceTotalMem
                    0.01%  11.400us         1  11.400us  11.400us  11.400us  cuDeviceGetPCIBusId
                    0.00%  1.3000us         3     433ns     200ns     800ns  cuDeviceGetCount
                    0.00%     900ns         2     450ns     100ns     800ns  cuDeviceGet
                    0.00%     900ns         1     900ns     900ns     900ns  cuDeviceGetName
                    0.00%     300ns         1     300ns     300ns     300ns  cuDeviceGetUuid
                    0.00%     300ns         1     300ns     300ns     300ns  cuDeviceGetLuid
                    0.00%     300ns         1     300ns     300ns     300ns  cudaGetLastError
