==1440== NVPROF is profiling process 1440, command: ..\test\x64\Release\test.exe 50000 184
==1440== Profiling application: ..\test\x64\Release\test.exe 50000 184
==1440== Profiling result:
            Type  Time(%)      Time     Calls       Avg       Min       Max  Name
 GPU activities:   68.48%  74.305us         2  37.152us  31.937us  42.368us  [CUDA memcpy HtoD]
                   28.02%  30.401us         1  30.401us  30.401us  30.401us  [CUDA memcpy DtoH]
                    3.51%  3.8080us         1  3.8080us  3.8080us  3.8080us  vectorAdd(float const *, float const *, float*, int)
      API calls:   80.16%  184.08ms         3  61.361ms  5.4000us  184.05ms  cudaMalloc
                   19.17%  44.017ms         1  44.017ms  44.017ms  44.017ms  cuDevicePrimaryCtxRelease
                    0.26%  591.70us         3  197.23us  84.500us  320.80us  cudaMemcpy
                    0.14%  320.30us        97  3.3020us     100ns  173.10us  cuDeviceGetAttribute
                    0.13%  295.30us         3  98.433us  8.3000us  264.90us  cudaFree
                    0.10%  224.20us         1  224.20us  224.20us  224.20us  cuModuleUnload
                    0.03%  57.900us         1  57.900us  57.900us  57.900us  cudaLaunchKernel
                    0.01%  32.800us         1  32.800us  32.800us  32.800us  cuDeviceGetPCIBusId
                    0.01%  18.100us         1  18.100us  18.100us  18.100us  cuDeviceTotalMem
                    0.00%  2.6000us         2  1.3000us     200ns  2.4000us  cuDeviceGet
                    0.00%  1.5000us         3     500ns     200ns  1.0000us  cuDeviceGetCount
                    0.00%  1.0000us         1  1.0000us  1.0000us  1.0000us  cuDeviceGetName
                    0.00%     400ns         1     400ns     400ns     400ns  cuDeviceGetLuid
                    0.00%     400ns         1     400ns     400ns     400ns  cudaGetLastError
                    0.00%     200ns         1     200ns     200ns     200ns  cuDeviceGetUuid
