==20452== NVPROF is profiling process 20452, command: ..\test\x64\Release\test.exe 50000 637
==20452== Profiling application: ..\test\x64\Release\test.exe 50000 637
==20452== Profiling result:
            Type  Time(%)      Time     Calls       Avg       Min       Max  Name
 GPU activities:   68.97%  97.250us         2  48.625us  46.721us  50.529us  [CUDA memcpy HtoD]
                   28.10%  39.616us         1  39.616us  39.616us  39.616us  [CUDA memcpy DtoH]
                    2.93%  4.1280us         1  4.1280us  4.1280us  4.1280us  vectorAdd(float const *, float const *, float*, int)
      API calls:   75.14%  134.30ms         3  44.767ms  4.8000us  134.29ms  cudaMalloc
                   24.22%  43.299ms         1  43.299ms  43.299ms  43.299ms  cuDevicePrimaryCtxRelease
                    0.32%  566.10us         3  188.70us  104.50us  254.60us  cudaMemcpy
                    0.12%  212.70us         3  70.900us  7.6000us  190.10us  cudaFree
                    0.10%  177.30us        97  1.8270us     100ns  75.600us  cuDeviceGetAttribute
                    0.05%  85.700us         1  85.700us  85.700us  85.700us  cuModuleUnload
                    0.03%  46.700us         1  46.700us  46.700us  46.700us  cudaLaunchKernel
                    0.02%  38.400us         1  38.400us  38.400us  38.400us  cuDeviceTotalMem
                    0.00%  8.5000us         1  8.5000us  8.5000us  8.5000us  cuDeviceGetPCIBusId
                    0.00%  2.6000us         3     866ns     200ns  1.5000us  cuDeviceGetCount
                    0.00%  1.5000us         2     750ns     300ns  1.2000us  cuDeviceGet
                    0.00%     700ns         1     700ns     700ns     700ns  cuDeviceGetName
                    0.00%     400ns         1     400ns     400ns     400ns  cudaGetLastError
                    0.00%     300ns         1     300ns     300ns     300ns  cuDeviceGetUuid
                    0.00%     300ns         1     300ns     300ns     300ns  cuDeviceGetLuid
