==20408== NVPROF is profiling process 20408, command: ..\test\x64\Release\test.exe 50000 991
==20408== Profiling application: ..\test\x64\Release\test.exe 50000 991
==20408== Profiling result:
            Type  Time(%)      Time     Calls       Avg       Min       Max  Name
 GPU activities:   64.84%  63.841us         2  31.920us  31.873us  31.968us  [CUDA memcpy HtoD]
                   30.71%  30.240us         1  30.240us  30.240us  30.240us  [CUDA memcpy DtoH]
                    4.45%  4.3840us         1  4.3840us  4.3840us  4.3840us  vectorAdd(float const *, float const *, float*, int)
      API calls:   78.37%  153.72ms         3  51.239ms  5.1000us  153.70ms  cudaMalloc
                   21.08%  41.340ms         1  41.340ms  41.340ms  41.340ms  cuDevicePrimaryCtxRelease
                    0.26%  505.60us         3  168.53us  97.200us  241.50us  cudaMemcpy
                    0.12%  226.00us        97  2.3290us     100ns  110.10us  cuDeviceGetAttribute
                    0.09%  185.10us         3  61.700us  7.4000us  165.00us  cudaFree
                    0.05%  102.80us         1  102.80us  102.80us  102.80us  cuModuleUnload
                    0.02%  31.600us         1  31.600us  31.600us  31.600us  cudaLaunchKernel
                    0.01%  12.600us         1  12.600us  12.600us  12.600us  cuDeviceTotalMem
                    0.00%  8.6000us         1  8.6000us  8.6000us  8.6000us  cuDeviceGetPCIBusId
                    0.00%  1.0000us         3     333ns     200ns     600ns  cuDeviceGetCount
                    0.00%     800ns         2     400ns     200ns     600ns  cuDeviceGet
                    0.00%     800ns         1     800ns     800ns     800ns  cuDeviceGetName
                    0.00%     300ns         1     300ns     300ns     300ns  cuDeviceGetUuid
                    0.00%     300ns         1     300ns     300ns     300ns  cuDeviceGetLuid
                    0.00%     300ns         1     300ns     300ns     300ns  cudaGetLastError
