==15316== NVPROF is profiling process 15316, command: ..\test\x64\Release\test.exe 50000 837
==15316== Profiling application: ..\test\x64\Release\test.exe 50000 837
==15316== Profiling result:
            Type  Time(%)      Time     Calls       Avg       Min       Max  Name
 GPU activities:   68.43%  75.872us         2  37.936us  31.968us  43.904us  [CUDA memcpy HtoD]
                   27.33%  30.305us         1  30.305us  30.305us  30.305us  [CUDA memcpy DtoH]
                    4.24%  4.7040us         1  4.7040us  4.7040us  4.7040us  vectorAdd(float const *, float const *, float*, int)
      API calls:   76.74%  138.43ms         3  46.142ms  5.3000us  138.41ms  cudaMalloc
                   22.70%  40.946ms         1  40.946ms  40.946ms  40.946ms  cuDevicePrimaryCtxRelease
                    0.22%  397.50us         3  132.50us  52.200us  204.50us  cudaMemcpy
                    0.12%  215.70us         3  71.900us  7.4000us  195.90us  cudaFree
                    0.11%  205.70us        97  2.1200us     100ns  70.200us  cuDeviceGetAttribute
                    0.06%  106.30us         1  106.30us  106.30us  106.30us  cuModuleUnload
                    0.03%  51.800us         1  51.800us  51.800us  51.800us  cuDeviceTotalMem
                    0.02%  32.000us         1  32.000us  32.000us  32.000us  cudaLaunchKernel
                    0.00%  8.7000us         1  8.7000us  8.7000us  8.7000us  cuDeviceGetPCIBusId
                    0.00%  1.8000us         3     600ns     200ns  1.3000us  cuDeviceGetCount
                    0.00%     900ns         2     450ns     100ns     800ns  cuDeviceGet
                    0.00%     800ns         1     800ns     800ns     800ns  cuDeviceGetName
                    0.00%     300ns         1     300ns     300ns     300ns  cuDeviceGetLuid
                    0.00%     300ns         1     300ns     300ns     300ns  cudaGetLastError
                    0.00%     200ns         1     200ns     200ns     200ns  cuDeviceGetUuid
