==13208== NVPROF is profiling process 13208, command: ..\test\x64\Release\test.exe 50000 156
==13208== Profiling application: ..\test\x64\Release\test.exe 50000 156
==13208== Profiling result:
            Type  Time(%)      Time     Calls       Avg       Min       Max  Name
 GPU activities:   62.71%  73.344us         2  36.672us  31.840us  41.504us  [CUDA memcpy HtoD]
                   34.04%  39.808us         1  39.808us  39.808us  39.808us  [CUDA memcpy DtoH]
                    3.26%  3.8080us         1  3.8080us  3.8080us  3.8080us  vectorAdd(float const *, float const *, float*, int)
      API calls:   75.61%  142.59ms         3  47.530ms  5.2000us  142.57ms  cudaMalloc
                   23.72%  44.734ms         1  44.734ms  44.734ms  44.734ms  cuDevicePrimaryCtxRelease
                    0.26%  495.20us         3  165.07us  63.400us  318.30us  cudaMemcpy
                    0.15%  276.10us         3  92.033us  7.4000us  241.60us  cudaFree
                    0.11%  216.30us        97  2.2290us     100ns  83.700us  cuDeviceGetAttribute
                    0.07%  126.10us         1  126.10us  126.10us  126.10us  cuModuleUnload
                    0.04%  75.500us         1  75.500us  75.500us  75.500us  cudaLaunchKernel
                    0.02%  32.300us         1  32.300us  32.300us  32.300us  cuDeviceTotalMem
                    0.01%  22.300us         3  7.4330us     200ns  21.800us  cuDeviceGetCount
                    0.00%  8.2000us         1  8.2000us  8.2000us  8.2000us  cuDeviceGetPCIBusId
                    0.00%  1.9000us         2     950ns     200ns  1.7000us  cuDeviceGet
                    0.00%     800ns         1     800ns     800ns     800ns  cuDeviceGetName
                    0.00%     400ns         1     400ns     400ns     400ns  cuDeviceGetLuid
                    0.00%     400ns         1     400ns     400ns     400ns  cudaGetLastError
                    0.00%     300ns         1     300ns     300ns     300ns  cuDeviceGetUuid
