==19224== NVPROF is profiling process 19224, command: ..\test\x64\Release\test.exe 50000 477
==19224== Profiling application: ..\test\x64\Release\test.exe 50000 477
==19224== Profiling result:
            Type  Time(%)      Time     Calls       Avg       Min       Max  Name
 GPU activities:   63.14%  76.418us         2  38.209us  32.929us  43.489us  [CUDA memcpy HtoD]
                   33.61%  40.672us         1  40.672us  40.672us  40.672us  [CUDA memcpy DtoH]
                    3.25%  3.9360us         1  3.9360us  3.9360us  3.9360us  vectorAdd(float const *, float const *, float*, int)
      API calls:   74.53%  145.16ms         3  48.386ms  5.5000us  145.10ms  cudaMalloc
                   24.56%  47.835ms         1  47.835ms  47.835ms  47.835ms  cuDevicePrimaryCtxRelease
                    0.48%  933.80us         3  311.27us  222.60us  409.40us  cudaMemcpy
                    0.17%  331.60us         3  110.53us  8.0000us  287.10us  cudaFree
                    0.10%  191.10us        97  1.9700us     100ns  67.400us  cuDeviceGetAttribute
                    0.09%  171.90us         1  171.90us  171.90us  171.90us  cuModuleUnload
                    0.05%  96.600us         1  96.600us  96.600us  96.600us  cudaLaunchKernel
                    0.02%  36.300us         1  36.300us  36.300us  36.300us  cuDeviceTotalMem
                    0.00%  8.2000us         1  8.2000us  8.2000us  8.2000us  cuDeviceGetPCIBusId
                    0.00%  1.9000us         3     633ns     200ns  1.4000us  cuDeviceGetCount
                    0.00%     900ns         2     450ns     200ns     700ns  cuDeviceGet
                    0.00%     700ns         1     700ns     700ns     700ns  cuDeviceGetName
                    0.00%     500ns         1     500ns     500ns     500ns  cudaGetLastError
                    0.00%     400ns         1     400ns     400ns     400ns  cuDeviceGetLuid
                    0.00%     200ns         1     200ns     200ns     200ns  cuDeviceGetUuid
