==8704== NVPROF is profiling process 8704, command: ..\test\x64\Release\test.exe 50000 507
==8704== Profiling application: ..\test\x64\Release\test.exe 50000 507
==8704== Profiling result:
            Type  Time(%)      Time     Calls       Avg       Min       Max  Name
 GPU activities:   69.53%  101.87us         2  50.934us  43.397us  58.471us  [CUDA memcpy HtoD]
                   27.81%  40.741us         1  40.741us  40.741us  40.741us  [CUDA memcpy DtoH]
                    2.67%  3.9050us         1  3.9050us  3.9050us  3.9050us  vectorAdd(float const *, float const *, float*, int)
      API calls:   77.24%  142.02ms         3  47.339ms  4.7000us  142.00ms  cudaMalloc
                   21.85%  40.174ms         1  40.174ms  40.174ms  40.174ms  cuDevicePrimaryCtxRelease
                    0.39%  714.80us         3  238.27us  60.400us  514.10us  cudaMemcpy
                    0.25%  451.00us         3  150.33us  10.000us  416.10us  cudaFree
                    0.12%  223.20us         1  223.20us  223.20us  223.20us  cuModuleUnload
                    0.10%  183.40us        97  1.8900us     100ns  86.500us  cuDeviceGetAttribute
                    0.03%  50.300us         1  50.300us  50.300us  50.300us  cudaLaunchKernel
                    0.02%  35.000us         1  35.000us  35.000us  35.000us  cuDeviceTotalMem
                    0.00%  8.7000us         1  8.7000us  8.7000us  8.7000us  cuDeviceGetPCIBusId
                    0.00%  2.5000us         3     833ns     300ns  1.2000us  cuDeviceGetCount
                    0.00%  2.1000us         2  1.0500us     400ns  1.7000us  cuDeviceGet
                    0.00%  1.0000us         1  1.0000us  1.0000us  1.0000us  cuDeviceGetName
                    0.00%     400ns         1     400ns     400ns     400ns  cudaGetLastError
                    0.00%     300ns         1     300ns     300ns     300ns  cuDeviceGetUuid
                    0.00%     300ns         1     300ns     300ns     300ns  cuDeviceGetLuid
