==19436== NVPROF is profiling process 19436, command: ..\test\x64\Release\test.exe 50000 281
==19436== Profiling application: ..\test\x64\Release\test.exe 50000 281
==19436== Profiling result:
            Type  Time(%)      Time     Calls       Avg       Min       Max  Name
 GPU activities:   69.06%  76.064us         2  38.032us  32.000us  44.064us  [CUDA memcpy HtoD]
                   27.51%  30.304us         1  30.304us  30.304us  30.304us  [CUDA memcpy DtoH]
                    3.43%  3.7760us         1  3.7760us  3.7760us  3.7760us  vectorAdd(float const *, float const *, float*, int)
      API calls:   76.74%  144.23ms         3  48.076ms  5.1000us  144.20ms  cudaMalloc
                   22.65%  42.565ms         1  42.565ms  42.565ms  42.565ms  cuDevicePrimaryCtxRelease
                    0.25%  475.30us         3  158.43us  63.400us  244.90us  cudaMemcpy
                    0.14%  272.20us         3  90.733us  14.200us  236.90us  cudaFree
                    0.11%  208.50us        97  2.1490us     100ns  68.500us  cuDeviceGetAttribute
                    0.06%  108.70us         1  108.70us  108.70us  108.70us  cuModuleUnload
                    0.02%  36.800us         1  36.800us  36.800us  36.800us  cudaLaunchKernel
                    0.02%  29.600us         1  29.600us  29.600us  29.600us  cuDeviceTotalMem
                    0.01%  10.300us         1  10.300us  10.300us  10.300us  cuDeviceGetPCIBusId
                    0.00%  1.4000us         3     466ns     300ns     800ns  cuDeviceGetCount
                    0.00%     800ns         2     400ns     200ns     600ns  cuDeviceGet
                    0.00%     800ns         1     800ns     800ns     800ns  cuDeviceGetName
                    0.00%     500ns         1     500ns     500ns     500ns  cudaGetLastError
                    0.00%     300ns         1     300ns     300ns     300ns  cuDeviceGetLuid
                    0.00%     200ns         1     200ns     200ns     200ns  cuDeviceGetUuid
