==17760== NVPROF is profiling process 17760, command: ..\test\x64\Release\test.exe 50000 235
==17760== Profiling application: ..\test\x64\Release\test.exe 50000 235
==17760== Profiling result:
            Type  Time(%)      Time     Calls       Avg       Min       Max  Name
 GPU activities:   73.67%  95.522us         2  47.761us  32.161us  63.361us  [CUDA memcpy HtoD]
                   23.40%  30.336us         1  30.336us  30.336us  30.336us  [CUDA memcpy DtoH]
                    2.94%  3.8080us         1  3.8080us  3.8080us  3.8080us  vectorAdd(float const *, float const *, float*, int)
      API calls:   75.68%  146.48ms         3  48.828ms  5.2000us  146.45ms  cudaMalloc
                   23.58%  45.630ms         1  45.630ms  45.630ms  45.630ms  cuDevicePrimaryCtxRelease
                    0.35%  674.30us         3  224.77us  122.90us  331.90us  cudaMemcpy
                    0.19%  359.60us         3  119.87us  7.8000us  321.70us  cudaFree
                    0.10%  184.00us        97  1.8960us     100ns  76.500us  cuDeviceGetAttribute
                    0.05%  94.600us         1  94.600us  94.600us  94.600us  cuModuleUnload
                    0.03%  62.500us         1  62.500us  62.500us  62.500us  cuDeviceTotalMem
                    0.02%  47.800us         1  47.800us  47.800us  47.800us  cudaLaunchKernel
                    0.00%  9.2000us         1  9.2000us  9.2000us  9.2000us  cuDeviceGetPCIBusId
                    0.00%  1.9000us         2     950ns     100ns  1.8000us  cuDeviceGet
                    0.00%  1.5000us         3     500ns     200ns     900ns  cuDeviceGetCount
                    0.00%     700ns         1     700ns     700ns     700ns  cuDeviceGetName
                    0.00%     700ns         1     700ns     700ns     700ns  cudaGetLastError
                    0.00%     300ns         1     300ns     300ns     300ns  cuDeviceGetLuid
                    0.00%     200ns         1     200ns     200ns     200ns  cuDeviceGetUuid
