==17712== NVPROF is profiling process 17712, command: ..\test\x64\Release\test.exe 50000 160
==17712== Profiling application: ..\test\x64\Release\test.exe 50000 160
==17712== Profiling result:
            Type  Time(%)      Time     Calls       Avg       Min       Max  Name
 GPU activities:   54.81%  63.840us         2  31.920us  31.872us  31.968us  [CUDA memcpy HtoD]
                   42.03%  48.961us         1  48.961us  48.961us  48.961us  [CUDA memcpy DtoH]
                    3.16%  3.6800us         1  3.6800us  3.6800us  3.6800us  vectorAdd(float const *, float const *, float*, int)
      API calls:   74.39%  143.58ms         3  47.861ms  5.2000us  143.55ms  cudaMalloc
                   24.90%  48.062ms         1  48.062ms  48.062ms  48.062ms  cuDevicePrimaryCtxRelease
                    0.32%  620.30us         3  206.77us  83.900us  343.20us  cudaMemcpy
                    0.14%  272.50us         3  90.833us  7.4000us  251.50us  cudaFree
                    0.11%  220.40us        97  2.2720us     100ns  80.000us  cuDeviceGetAttribute
                    0.08%  156.70us         1  156.70us  156.70us  156.70us  cuModuleUnload
                    0.04%  75.700us         1  75.700us  75.700us  75.700us  cudaLaunchKernel
                    0.01%  15.300us         1  15.300us  15.300us  15.300us  cuDeviceTotalMem
                    0.00%  9.3000us         1  9.3000us  9.3000us  9.3000us  cuDeviceGetPCIBusId
                    0.00%  1.2000us         3     400ns     200ns     700ns  cuDeviceGetCount
                    0.00%  1.0000us         2     500ns     200ns     800ns  cuDeviceGet
                    0.00%     700ns         1     700ns     700ns     700ns  cuDeviceGetName
                    0.00%     700ns         1     700ns     700ns     700ns  cuDeviceGetLuid
                    0.00%     300ns         1     300ns     300ns     300ns  cuDeviceGetUuid
                    0.00%     300ns         1     300ns     300ns     300ns  cudaGetLastError
