==17952== NVPROF is profiling process 17952, command: ..\test\x64\Release\test.exe 50000 858
==17952== Profiling application: ..\test\x64\Release\test.exe 50000 858
==17952== Profiling result:
            Type  Time(%)      Time     Calls       Avg       Min       Max  Name
 GPU activities:   67.73%  73.281us         2  36.640us  32.001us  41.280us  [CUDA memcpy HtoD]
                   28.04%  30.336us         1  30.336us  30.336us  30.336us  [CUDA memcpy DtoH]
                    4.23%  4.5760us         1  4.5760us  4.5760us  4.5760us  vectorAdd(float const *, float const *, float*, int)
      API calls:   76.16%  134.62ms         3  44.872ms  5.2000us  134.60ms  cudaMalloc
                   23.16%  40.936ms         1  40.936ms  40.936ms  40.936ms  cuDevicePrimaryCtxRelease
                    0.29%  509.30us         3  169.77us  84.100us  237.80us  cudaMemcpy
                    0.19%  336.50us         3  112.17us  7.6000us  281.70us  cudaFree
                    0.10%  175.60us        97  1.8100us     100ns  77.600us  cuDeviceGetAttribute
                    0.06%  113.80us         1  113.80us  113.80us  113.80us  cuModuleUnload
                    0.02%  32.800us         1  32.800us  32.800us  32.800us  cuDeviceTotalMem
                    0.02%  31.500us         1  31.500us  31.500us  31.500us  cudaLaunchKernel
                    0.00%  8.6000us         1  8.6000us  8.6000us  8.6000us  cuDeviceGetPCIBusId
                    0.00%  1.6000us         3     533ns     200ns  1.1000us  cuDeviceGetCount
                    0.00%  1.1000us         2     550ns     200ns     900ns  cuDeviceGet
                    0.00%     800ns         1     800ns     800ns     800ns  cuDeviceGetName
                    0.00%     300ns         1     300ns     300ns     300ns  cuDeviceGetUuid
                    0.00%     300ns         1     300ns     300ns     300ns  cuDeviceGetLuid
                    0.00%     300ns         1     300ns     300ns     300ns  cudaGetLastError
