==21104== NVPROF is profiling process 21104, command: ..\test\x64\Release\test.exe 50000 874
==21104== Profiling application: ..\test\x64\Release\test.exe 50000 874
==21104== Profiling result:
            Type  Time(%)      Time     Calls       Avg       Min       Max  Name
 GPU activities:   67.76%  73.248us         2  36.624us  31.936us  41.312us  [CUDA memcpy HtoD]
                   28.09%  30.369us         1  30.369us  30.369us  30.369us  [CUDA memcpy DtoH]
                    4.14%  4.4800us         1  4.4800us  4.4800us  4.4800us  vectorAdd(float const *, float const *, float*, int)
      API calls:   75.54%  133.84ms         3  44.613ms  5.1000us  133.82ms  cudaMalloc
                   23.80%  42.173ms         1  42.173ms  42.173ms  42.173ms  cuDevicePrimaryCtxRelease
                    0.25%  437.20us         3  145.73us  56.500us  215.90us  cudaMemcpy
                    0.16%  275.30us        97  2.8380us     100ns  110.00us  cuDeviceGetAttribute
                    0.13%  235.50us         3  78.500us  7.1000us  214.90us  cudaFree
                    0.06%  113.10us         1  113.10us  113.10us  113.10us  cuModuleUnload
                    0.03%  46.300us         1  46.300us  46.300us  46.300us  cudaLaunchKernel
                    0.02%  34.700us         1  34.700us  34.700us  34.700us  cuDeviceTotalMem
                    0.01%  9.1000us         1  9.1000us  9.1000us  9.1000us  cuDeviceGetPCIBusId
                    0.00%  1.7000us         3     566ns     200ns  1.2000us  cuDeviceGetCount
                    0.00%  1.2000us         2     600ns     200ns  1.0000us  cuDeviceGet
                    0.00%  1.1000us         1  1.1000us  1.1000us  1.1000us  cuDeviceGetName
                    0.00%     300ns         1     300ns     300ns     300ns  cuDeviceGetUuid
                    0.00%     300ns         1     300ns     300ns     300ns  cuDeviceGetLuid
                    0.00%     300ns         1     300ns     300ns     300ns  cudaGetLastError
