==21388== NVPROF is profiling process 21388, command: ..\test\x64\Release\test.exe 50000 819
==21388== Profiling application: ..\test\x64\Release\test.exe 50000 819
==21388== Profiling result:
            Type  Time(%)      Time     Calls       Avg       Min       Max  Name
 GPU activities:   73.55%  97.280us         2  48.640us  44.064us  53.216us  [CUDA memcpy HtoD]
                   22.89%  30.272us         1  30.272us  30.272us  30.272us  [CUDA memcpy DtoH]
                    3.56%  4.7040us         1  4.7040us  4.7040us  4.7040us  vectorAdd(float const *, float const *, float*, int)
      API calls:   77.29%  138.71ms         3  46.236ms  5.5000us  138.68ms  cudaMalloc
                   22.13%  39.725ms         1  39.725ms  39.725ms  39.725ms  cuDevicePrimaryCtxRelease
                    0.29%  520.50us         3  173.50us  75.200us  223.30us  cudaMemcpy
                    0.10%  175.60us         3  58.533us  7.1000us  154.30us  cudaFree
                    0.09%  156.20us        97  1.6100us     100ns  69.200us  cuDeviceGetAttribute
                    0.06%  107.00us         1  107.00us  107.00us  107.00us  cuModuleUnload
                    0.02%  34.500us         1  34.500us  34.500us  34.500us  cudaLaunchKernel
                    0.02%  28.900us         1  28.900us  28.900us  28.900us  cuDeviceTotalMem
                    0.00%  8.7000us         1  8.7000us  8.7000us  8.7000us  cuDeviceGetPCIBusId
                    0.00%  2.1000us         3     700ns     200ns  1.0000us  cuDeviceGetCount
                    0.00%  1.4000us         2     700ns     400ns  1.0000us  cuDeviceGet
                    0.00%  1.0000us         1  1.0000us  1.0000us  1.0000us  cuDeviceGetName
                    0.00%     300ns         1     300ns     300ns     300ns  cuDeviceGetUuid
                    0.00%     300ns         1     300ns     300ns     300ns  cuDeviceGetLuid
                    0.00%     300ns         1     300ns     300ns     300ns  cudaGetLastError
