==19116== NVPROF is profiling process 19116, command: ..\test\x64\Release\test.exe 50000 277
==19116== Profiling application: ..\test\x64\Release\test.exe 50000 277
==19116== Profiling result:
            Type  Time(%)      Time     Calls       Avg       Min       Max  Name
 GPU activities:   59.49%  63.872us         2  31.936us  31.872us  32.000us  [CUDA memcpy HtoD]
                   36.99%  39.712us         1  39.712us  39.712us  39.712us  [CUDA memcpy DtoH]
                    3.52%  3.7760us         1  3.7760us  3.7760us  3.7760us  vectorAdd(float const *, float const *, float*, int)
      API calls:   77.56%  144.64ms         3  48.213ms  12.200us  144.61ms  cudaMalloc
                   21.81%  40.676ms         1  40.676ms  40.676ms  40.676ms  cuDevicePrimaryCtxRelease
                    0.31%  578.90us         3  192.97us  115.60us  305.30us  cudaMemcpy
                    0.10%  183.50us        97  1.8910us     100ns  66.200us  cuDeviceGetAttribute
                    0.09%  166.60us         3  55.533us  7.5000us  144.50us  cudaFree
                    0.06%  118.20us         1  118.20us  118.20us  118.20us  cuModuleUnload
                    0.03%  64.100us         1  64.100us  64.100us  64.100us  cudaLaunchKernel
                    0.03%  49.000us         1  49.000us  49.000us  49.000us  cuDeviceTotalMem
                    0.00%  9.0000us         1  9.0000us  9.0000us  9.0000us  cuDeviceGetPCIBusId
                    0.00%  1.0000us         3     333ns     200ns     500ns  cuDeviceGetCount
                    0.00%  1.0000us         1  1.0000us  1.0000us  1.0000us  cuDeviceGetName
                    0.00%     800ns         2     400ns     200ns     600ns  cuDeviceGet
                    0.00%     400ns         1     400ns     400ns     400ns  cuDeviceGetLuid
                    0.00%     300ns         1     300ns     300ns     300ns  cuDeviceGetUuid
                    0.00%     300ns         1     300ns     300ns     300ns  cudaGetLastError
