==18284== NVPROF is profiling process 18284, command: ..\test\x64\Release\test.exe 50000 186
==18284== Profiling application: ..\test\x64\Release\test.exe 50000 186
==18284== Profiling result:
            Type  Time(%)      Time     Calls       Avg       Min       Max  Name
 GPU activities:   60.84%  76.354us         2  38.177us  31.873us  44.481us  [CUDA memcpy HtoD]
                   36.15%  45.376us         1  45.376us  45.376us  45.376us  [CUDA memcpy DtoH]
                    3.01%  3.7760us         1  3.7760us  3.7760us  3.7760us  vectorAdd(float const *, float const *, float*, int)
      API calls:   76.31%  148.26ms         3  49.420ms  5.7000us  148.20ms  cudaMalloc
                   22.72%  44.152ms         1  44.152ms  44.152ms  44.152ms  cuDevicePrimaryCtxRelease
                    0.36%  708.20us         3  236.07us  139.20us  395.30us  cudaMemcpy
                    0.24%  469.70us         3  156.57us  27.800us  400.60us  cudaFree
                    0.18%  355.50us         1  355.50us  355.50us  355.50us  cuModuleUnload
                    0.12%  242.10us        97  2.4950us     100ns  88.000us  cuDeviceGetAttribute
                    0.03%  67.100us         1  67.100us  67.100us  67.100us  cudaLaunchKernel
                    0.01%  19.600us         1  19.600us  19.600us  19.600us  cuDeviceTotalMem
                    0.00%  8.4000us         1  8.4000us  8.4000us  8.4000us  cuDeviceGetPCIBusId
                    0.00%  1.9000us         3     633ns     200ns  1.0000us  cuDeviceGetCount
                    0.00%  1.4000us         2     700ns     200ns  1.2000us  cuDeviceGet
                    0.00%     900ns         1     900ns     900ns     900ns  cuDeviceGetName
                    0.00%     400ns         1     400ns     400ns     400ns  cuDeviceGetLuid
                    0.00%     400ns         1     400ns     400ns     400ns  cudaGetLastError
                    0.00%     200ns         1     200ns     200ns     200ns  cuDeviceGetUuid
