==21472== NVPROF is profiling process 21472, command: ..\test\x64\Release\test.exe 50000 850
==21472== Profiling application: ..\test\x64\Release\test.exe 50000 850
==21472== Profiling result:
            Type  Time(%)      Time     Calls       Avg       Min       Max  Name
 GPU activities:   73.89%  98.816us         2  49.408us  41.312us  57.504us  [CUDA memcpy HtoD]
                   22.71%  30.368us         1  30.368us  30.368us  30.368us  [CUDA memcpy DtoH]
                    3.40%  4.5440us         1  4.5440us  4.5440us  4.5440us  vectorAdd(float const *, float const *, float*, int)
      API calls:   75.77%  137.23ms         3  45.743ms  15.100us  137.19ms  cudaMalloc
                   23.58%  42.701ms         1  42.701ms  42.701ms  42.701ms  cuDevicePrimaryCtxRelease
                    0.31%  557.90us         3  185.97us  92.400us  275.30us  cudaMemcpy
                    0.12%  214.90us        97  2.2150us     100ns  81.000us  cuDeviceGetAttribute
                    0.11%  205.20us         3  68.400us  7.9000us  180.50us  cudaFree
                    0.05%  98.600us         1  98.600us  98.600us  98.600us  cuModuleUnload
                    0.02%  38.000us         1  38.000us  38.000us  38.000us  cudaLaunchKernel
                    0.02%  37.700us         1  37.700us  37.700us  37.700us  cuDeviceTotalMem
                    0.02%  28.800us         1  28.800us  28.800us  28.800us  cuDeviceGetPCIBusId
                    0.00%  1.5000us         3     500ns     200ns  1.0000us  cuDeviceGetCount
                    0.00%  1.1000us         2     550ns     100ns  1.0000us  cuDeviceGet
                    0.00%     700ns         1     700ns     700ns     700ns  cuDeviceGetName
                    0.00%     400ns         1     400ns     400ns     400ns  cuDeviceGetLuid
                    0.00%     300ns         1     300ns     300ns     300ns  cuDeviceGetUuid
                    0.00%     300ns         1     300ns     300ns     300ns  cudaGetLastError
