==19972== NVPROF is profiling process 19972, command: ..\test\x64\Release\test.exe 50000 495
==19972== Profiling application: ..\test\x64\Release\test.exe 50000 495
==19972== Profiling result:
            Type  Time(%)      Time     Calls       Avg       Min       Max  Name
 GPU activities:   68.99%  76.321us         2  38.160us  31.841us  44.480us  [CUDA memcpy HtoD]
                   27.39%  30.304us         1  30.304us  30.304us  30.304us  [CUDA memcpy DtoH]
                    3.62%  4.0000us         1  4.0000us  4.0000us  4.0000us  vectorAdd(float const *, float const *, float*, int)
      API calls:   76.76%  144.99ms         3  48.330ms  5.3000us  144.97ms  cudaMalloc
                   22.52%  42.535ms         1  42.535ms  42.535ms  42.535ms  cuDevicePrimaryCtxRelease
                    0.32%  602.30us         3  200.77us  49.200us  437.60us  cudaMemcpy
                    0.15%  282.50us         3  94.166us  8.0000us  256.70us  cudaFree
                    0.11%  202.70us        97  2.0890us     100ns  81.000us  cuDeviceGetAttribute
                    0.08%  150.20us         1  150.20us  150.20us  150.20us  cuModuleUnload
                    0.04%  70.200us         1  70.200us  70.200us  70.200us  cudaLaunchKernel
                    0.02%  37.700us         1  37.700us  37.700us  37.700us  cuDeviceTotalMem
                    0.01%  11.800us         1  11.800us  11.800us  11.800us  cuDeviceGetPCIBusId
                    0.00%  1.7000us         3     566ns     200ns  1.2000us  cuDeviceGetCount
                    0.00%  1.2000us         2     600ns     200ns  1.0000us  cuDeviceGet
                    0.00%     700ns         1     700ns     700ns     700ns  cuDeviceGetName
                    0.00%     300ns         1     300ns     300ns     300ns  cuDeviceGetLuid
                    0.00%     300ns         1     300ns     300ns     300ns  cudaGetLastError
                    0.00%     200ns         1     200ns     200ns     200ns  cuDeviceGetUuid
