==19660== NVPROF is profiling process 19660, command: ..\test\x64\Release\test.exe 50000 546
==19660== Profiling application: ..\test\x64\Release\test.exe 50000 546
==19660== Profiling result:
            Type  Time(%)      Time     Calls       Avg       Min       Max  Name
 GPU activities:   72.26%  90.593us         2  45.296us  31.808us  58.785us  [CUDA memcpy HtoD]
                   24.20%  30.337us         1  30.337us  30.337us  30.337us  [CUDA memcpy DtoH]
                    3.55%  4.4480us         1  4.4480us  4.4480us  4.4480us  vectorAdd(float const *, float const *, float*, int)
      API calls:   75.72%  146.50ms         3  48.833ms  5.3000us  146.48ms  cudaMalloc
                   23.64%  45.737ms         1  45.737ms  45.737ms  45.737ms  cuDevicePrimaryCtxRelease
                    0.26%  508.20us         3  169.40us  54.400us  312.00us  cudaMemcpy
                    0.13%  253.80us         3  84.600us  8.9000us  224.60us  cudaFree
                    0.11%  215.90us        97  2.2250us     100ns  110.60us  cuDeviceGetAttribute
                    0.08%  158.50us         1  158.50us  158.50us  158.50us  cuModuleUnload
                    0.03%  52.900us         1  52.900us  52.900us  52.900us  cudaLaunchKernel
                    0.02%  37.600us         1  37.600us  37.600us  37.600us  cuDeviceTotalMem
                    0.01%  9.8000us         1  9.8000us  9.8000us  9.8000us  cuDeviceGetPCIBusId
                    0.00%  1.3000us         3     433ns     200ns     800ns  cuDeviceGetCount
                    0.00%  1.1000us         2     550ns     100ns  1.0000us  cuDeviceGet
                    0.00%     900ns         1     900ns     900ns     900ns  cuDeviceGetName
                    0.00%     400ns         1     400ns     400ns     400ns  cuDeviceGetLuid
                    0.00%     300ns         1     300ns     300ns     300ns  cudaGetLastError
                    0.00%     200ns         1     200ns     200ns     200ns  cuDeviceGetUuid
