==7728== NVPROF is profiling process 7728, command: ..\test\x64\Release\test.exe 50000 1019
==7728== Profiling application: ..\test\x64\Release\test.exe 50000 1019
==7728== Profiling result:
            Type  Time(%)      Time     Calls       Avg       Min       Max  Name
 GPU activities:   68.00%  73.313us         2  36.656us  32.032us  41.281us  [CUDA memcpy HtoD]
                   28.08%  30.273us         1  30.273us  30.273us  30.273us  [CUDA memcpy DtoH]
                    3.92%  4.2240us         1  4.2240us  4.2240us  4.2240us  vectorAdd(float const *, float const *, float*, int)
      API calls:   75.70%  136.73ms         3  45.578ms  5.0000us  136.72ms  cudaMalloc
                   23.68%  42.763ms         1  42.763ms  42.763ms  42.763ms  cuDevicePrimaryCtxRelease
                    0.28%  501.90us         3  167.30us  78.500us  235.00us  cudaMemcpy
                    0.14%  251.50us         3  83.833us  7.1000us  232.10us  cudaFree
                    0.10%  188.30us        97  1.9410us     100ns  69.000us  cuDeviceGetAttribute
                    0.05%  98.100us         1  98.100us  98.100us  98.100us  cuModuleUnload
                    0.02%  37.700us         1  37.700us  37.700us  37.700us  cuDeviceTotalMem
                    0.02%  34.000us         1  34.000us  34.000us  34.000us  cudaLaunchKernel
                    0.00%  8.4000us         1  8.4000us  8.4000us  8.4000us  cuDeviceGetPCIBusId
                    0.00%  1.6000us         3     533ns     300ns  1.0000us  cuDeviceGetCount
                    0.00%     900ns         2     450ns     200ns     700ns  cuDeviceGet
                    0.00%     700ns         1     700ns     700ns     700ns  cuDeviceGetName
                    0.00%     400ns         1     400ns     400ns     400ns  cudaGetLastError
                    0.00%     300ns         1     300ns     300ns     300ns  cuDeviceGetUuid
                    0.00%     300ns         1     300ns     300ns     300ns  cuDeviceGetLuid
