==19772== NVPROF is profiling process 19772, command: ..\test\x64\Release\test.exe 50000 608
==19772== Profiling application: ..\test\x64\Release\test.exe 50000 608
==19772== Profiling result:
            Type  Time(%)      Time     Calls       Avg       Min       Max  Name
 GPU activities:   68.79%  75.904us         2  37.952us  31.936us  43.968us  [CUDA memcpy HtoD]
                   27.49%  30.336us         1  30.336us  30.336us  30.336us  [CUDA memcpy DtoH]
                    3.71%  4.0960us         1  4.0960us  4.0960us  4.0960us  vectorAdd(float const *, float const *, float*, int)
      API calls:   76.72%  140.44ms         3  46.813ms  4.6000us  140.43ms  cudaMalloc
                   22.72%  41.596ms         1  41.596ms  41.596ms  41.596ms  cuDevicePrimaryCtxRelease
                    0.24%  435.90us         3  145.30us  41.300us  217.50us  cudaMemcpy
                    0.11%  208.30us        97  2.1470us     100ns  68.000us  cuDeviceGetAttribute
                    0.11%  201.10us         3  67.033us  7.5000us  179.50us  cudaFree
                    0.06%  105.50us         1  105.50us  105.50us  105.50us  cuModuleUnload
                    0.02%  33.900us         1  33.900us  33.900us  33.900us  cudaLaunchKernel
                    0.01%  15.700us         1  15.700us  15.700us  15.700us  cuDeviceTotalMem
                    0.00%  8.8000us         1  8.8000us  8.8000us  8.8000us  cuDeviceGetPCIBusId
                    0.00%  1.3000us         3     433ns     200ns     900ns  cuDeviceGetCount
                    0.00%     900ns         2     450ns     200ns     700ns  cuDeviceGet
                    0.00%     900ns         1     900ns     900ns     900ns  cuDeviceGetName
                    0.00%     400ns         1     400ns     400ns     400ns  cuDeviceGetLuid
                    0.00%     400ns         1     400ns     400ns     400ns  cudaGetLastError
                    0.00%     200ns         1     200ns     200ns     200ns  cuDeviceGetUuid
