==17728== NVPROF is profiling process 17728, command: ..\test\x64\Release\test.exe 50000 219
==17728== Profiling application: ..\test\x64\Release\test.exe 50000 219
==17728== Profiling result:
            Type  Time(%)      Time     Calls       Avg       Min       Max  Name
 GPU activities:   62.77%  80.608us         2  40.304us  39.232us  41.376us  [CUDA memcpy HtoD]
                   34.29%  44.033us         1  44.033us  44.033us  44.033us  [CUDA memcpy DtoH]
                    2.94%  3.7760us         1  3.7760us  3.7760us  3.7760us  vectorAdd(float const *, float const *, float*, int)
      API calls:   76.15%  151.55ms         3  50.517ms  4.8000us  151.54ms  cudaMalloc
                   23.27%  46.318ms         1  46.318ms  46.318ms  46.318ms  cuDevicePrimaryCtxRelease
                    0.25%  494.70us         3  164.90us  91.200us  265.60us  cudaMemcpy
                    0.12%  233.40us         3  77.800us  7.7000us  211.20us  cudaFree
                    0.10%  204.20us        97  2.1050us     100ns  71.500us  cuDeviceGetAttribute
                    0.05%  107.80us         1  107.80us  107.80us  107.80us  cuModuleUnload
                    0.03%  53.100us         1  53.100us  53.100us  53.100us  cudaLaunchKernel
                    0.02%  35.500us         1  35.500us  35.500us  35.500us  cuDeviceTotalMem
                    0.00%  9.5000us         1  9.5000us  9.5000us  9.5000us  cuDeviceGetPCIBusId
                    0.00%  1.7000us         3     566ns     200ns     900ns  cuDeviceGetCount
                    0.00%  1.2000us         2     600ns     200ns  1.0000us  cuDeviceGet
                    0.00%     700ns         1     700ns     700ns     700ns  cuDeviceGetName
                    0.00%     400ns         1     400ns     400ns     400ns  cuDeviceGetLuid
                    0.00%     400ns         1     400ns     400ns     400ns  cudaGetLastError
                    0.00%     300ns         1     300ns     300ns     300ns  cuDeviceGetUuid
