==7928== NVPROF is profiling process 7928, command: ..\test\x64\Release\test.exe 50000 954
==7928== Profiling application: ..\test\x64\Release\test.exe 50000 954
==7928== Profiling result:
            Type  Time(%)      Time     Calls       Avg       Min       Max  Name
 GPU activities:   72.60%  91.841us         2  45.920us  41.312us  50.529us  [CUDA memcpy HtoD]
                   23.91%  30.241us         1  30.241us  30.241us  30.241us  [CUDA memcpy DtoH]
                    3.49%  4.4160us         1  4.4160us  4.4160us  4.4160us  vectorAdd(float const *, float const *, float*, int)
      API calls:   75.69%  132.75ms         3  44.250ms  4.7000us  132.74ms  cudaMalloc
                   23.67%  41.510ms         1  41.510ms  41.510ms  41.510ms  cuDevicePrimaryCtxRelease
                    0.28%  497.20us         3  165.73us  92.100us  264.80us  cudaMemcpy
                    0.13%  224.00us         3  74.666us  7.3000us  203.60us  cudaFree
                    0.12%  204.90us        97  2.1120us     100ns  75.100us  cuDeviceGetAttribute
                    0.07%  116.80us         1  116.80us  116.80us  116.80us  cuModuleUnload
                    0.03%  46.200us         1  46.200us  46.200us  46.200us  cudaLaunchKernel
                    0.02%  34.300us         1  34.300us  34.300us  34.300us  cuDeviceTotalMem
                    0.00%  8.7000us         1  8.7000us  8.7000us  8.7000us  cuDeviceGetPCIBusId
                    0.00%  1.1000us         3     366ns     200ns     600ns  cuDeviceGetCount
                    0.00%     700ns         2     350ns     100ns     600ns  cuDeviceGet
                    0.00%     700ns         1     700ns     700ns     700ns  cuDeviceGetName
                    0.00%     400ns         1     400ns     400ns     400ns  cudaGetLastError
                    0.00%     300ns         1     300ns     300ns     300ns  cuDeviceGetLuid
                    0.00%     200ns         1     200ns     200ns     200ns  cuDeviceGetUuid
