==18952== NVPROF is profiling process 18952, command: ..\test\x64\Release\test.exe 50000 703
==18952== Profiling application: ..\test\x64\Release\test.exe 50000 703
==18952== Profiling result:
            Type  Time(%)      Time     Calls       Avg       Min       Max  Name
 GPU activities:   67.66%  73.312us         2  36.656us  32.000us  41.312us  [CUDA memcpy HtoD]
                   27.88%  30.209us         1  30.209us  30.209us  30.209us  [CUDA memcpy DtoH]
                    4.46%  4.8320us         1  4.8320us  4.8320us  4.8320us  vectorAdd(float const *, float const *, float*, int)
      API calls:   75.99%  150.56ms         3  50.186ms  4.9000us  150.54ms  cudaMalloc
                   23.50%  46.561ms         1  46.561ms  46.561ms  46.561ms  cuDevicePrimaryCtxRelease
                    0.22%  434.30us         3  144.77us  45.500us  225.80us  cudaMemcpy
                    0.11%  221.50us         3  73.833us  7.2000us  200.90us  cudaFree
                    0.10%  190.70us        97  1.9650us     100ns  73.700us  cuDeviceGetAttribute
                    0.04%  78.100us         1  78.100us  78.100us  78.100us  cuModuleUnload
                    0.02%  37.100us         1  37.100us  37.100us  37.100us  cuDeviceTotalMem
                    0.02%  34.200us         1  34.200us  34.200us  34.200us  cudaLaunchKernel
                    0.01%  11.100us         1  11.100us  11.100us  11.100us  cuDeviceGetPCIBusId
                    0.00%  1.7000us         3     566ns     200ns  1.2000us  cuDeviceGetCount
                    0.00%  1.2000us         2     600ns     200ns  1.0000us  cuDeviceGet
                    0.00%     900ns         1     900ns     900ns     900ns  cuDeviceGetName
                    0.00%     400ns         1     400ns     400ns     400ns  cuDeviceGetLuid
                    0.00%     300ns         1     300ns     300ns     300ns  cuDeviceGetUuid
                    0.00%     300ns         1     300ns     300ns     300ns  cudaGetLastError
