==20380== NVPROF is profiling process 20380, command: ..\test\x64\Release\test.exe 50000 500
==20380== Profiling application: ..\test\x64\Release\test.exe 50000 500
==20380== Profiling result:
            Type  Time(%)      Time     Calls       Avg       Min       Max  Name
 GPU activities:   68.29%  73.730us         2  36.865us  32.449us  41.281us  [CUDA memcpy HtoD]
                   28.07%  30.304us         1  30.304us  30.304us  30.304us  [CUDA memcpy DtoH]
                    3.65%  3.9360us         1  3.9360us  3.9360us  3.9360us  vectorAdd(float const *, float const *, float*, int)
      API calls:   76.54%  141.67ms         3  47.224ms  5.0000us  141.66ms  cudaMalloc
                   22.69%  42.004ms         1  42.004ms  42.004ms  42.004ms  cuDevicePrimaryCtxRelease
                    0.36%  670.80us         3  223.60us  108.10us  382.20us  cudaMemcpy
                    0.15%  284.40us         3  94.800us  8.1000us  256.60us  cudaFree
                    0.10%  192.30us        97  1.9820us     100ns  77.200us  cuDeviceGetAttribute
                    0.08%  143.70us         1  143.70us  143.70us  143.70us  cuModuleUnload
                    0.03%  59.900us         1  59.900us  59.900us  59.900us  cudaLaunchKernel
                    0.03%  46.400us         1  46.400us  46.400us  46.400us  cuDeviceTotalMem
                    0.00%  8.9000us         1  8.9000us  8.9000us  8.9000us  cuDeviceGetPCIBusId
                    0.00%  1.3000us         3     433ns     300ns     700ns  cuDeviceGetCount
                    0.00%     900ns         1     900ns     900ns     900ns  cuDeviceGetName
                    0.00%     700ns         2     350ns     100ns     600ns  cuDeviceGet
                    0.00%     400ns         1     400ns     400ns     400ns  cuDeviceGetLuid
                    0.00%     200ns         1     200ns     200ns     200ns  cuDeviceGetUuid
                    0.00%     200ns         1     200ns     200ns     200ns  cudaGetLastError
