==18632== NVPROF is profiling process 18632, command: ..\test\x64\Release\test.exe 50000 284
==18632== Profiling application: ..\test\x64\Release\test.exe 50000 284
==18632== Profiling result:
            Type  Time(%)      Time     Calls       Avg       Min       Max  Name
 GPU activities:   68.29%  73.120us         2  36.560us  31.968us  41.152us  [CUDA memcpy HtoD]
                   28.21%  30.208us         1  30.208us  30.208us  30.208us  [CUDA memcpy DtoH]
                    3.50%  3.7440us         1  3.7440us  3.7440us  3.7440us  vectorAdd(float const *, float const *, float*, int)
      API calls:   76.57%  147.91ms         3  49.304ms  5.2000us  147.89ms  cudaMalloc
                   22.86%  44.152ms         1  44.152ms  44.152ms  44.152ms  cuDevicePrimaryCtxRelease
                    0.25%  485.40us         3  161.80us  56.500us  214.90us  cudaMemcpy
                    0.10%  194.90us        97  2.0090us     100ns  63.500us  cuDeviceGetAttribute
                    0.10%  193.70us         3  64.566us  7.6000us  172.20us  cudaFree
                    0.07%  126.80us         1  126.80us  126.80us  126.80us  cuModuleUnload
                    0.03%  60.900us         1  60.900us  60.900us  60.900us  cuDeviceTotalMem
                    0.02%  32.500us         1  32.500us  32.500us  32.500us  cudaLaunchKernel
                    0.00%  8.5000us         1  8.5000us  8.5000us  8.5000us  cuDeviceGetPCIBusId
                    0.00%  1.2000us         3     400ns     200ns     800ns  cuDeviceGetCount
                    0.00%     900ns         2     450ns     100ns     800ns  cuDeviceGet
                    0.00%     800ns         1     800ns     800ns     800ns  cuDeviceGetName
                    0.00%     600ns         1     600ns     600ns     600ns  cuDeviceGetLuid
                    0.00%     400ns         1     400ns     400ns     400ns  cudaGetLastError
                    0.00%     300ns         1     300ns     300ns     300ns  cuDeviceGetUuid
