==20116== NVPROF is profiling process 20116, command: ..\test\x64\Release\test.exe 50000 511
==20116== Profiling application: ..\test\x64\Release\test.exe 50000 511
==20116== Profiling result:
            Type  Time(%)      Time     Calls       Avg       Min       Max  Name
 GPU activities:   58.43%  73.088us         2  36.544us  31.808us  41.280us  [CUDA memcpy HtoD]
                   38.50%  48.161us         1  48.161us  48.161us  48.161us  [CUDA memcpy DtoH]
                    3.07%  3.8400us         1  3.8400us  3.8400us  3.8400us  vectorAdd(float const *, float const *, float*, int)
      API calls:   76.24%  142.55ms         3  47.517ms  4.9000us  142.54ms  cudaMalloc
                   23.04%  43.086ms         1  43.086ms  43.086ms  43.086ms  cuDevicePrimaryCtxRelease
                    0.31%  580.20us         3  193.40us  59.300us  410.60us  cudaMemcpy
                    0.16%  296.10us         3  98.700us  8.2000us  249.30us  cudaFree
                    0.12%  216.00us        97  2.2260us     100ns  77.300us  cuDeviceGetAttribute
                    0.09%  164.80us         1  164.80us  164.80us  164.80us  cuModuleUnload
                    0.03%  59.600us         1  59.600us  59.600us  59.600us  cudaLaunchKernel
                    0.01%  12.700us         1  12.700us  12.700us  12.700us  cuDeviceTotalMem
                    0.00%  8.1000us         1  8.1000us  8.1000us  8.1000us  cuDeviceGetPCIBusId
                    0.00%  1.0000us         3     333ns     200ns     600ns  cuDeviceGetCount
                    0.00%     900ns         2     450ns     200ns     700ns  cuDeviceGet
                    0.00%     600ns         1     600ns     600ns     600ns  cuDeviceGetName
                    0.00%     300ns         1     300ns     300ns     300ns  cuDeviceGetUuid
                    0.00%     300ns         1     300ns     300ns     300ns  cuDeviceGetLuid
                    0.00%     300ns         1     300ns     300ns     300ns  cudaGetLastError
