==10696== NVPROF is profiling process 10696, command: ..\test\x64\Release\test.exe 50000 653
==10696== Profiling application: ..\test\x64\Release\test.exe 50000 653
==10696== Profiling result:
            Type  Time(%)      Time     Calls       Avg       Min       Max  Name
 GPU activities:   65.22%  64.514us         2  32.257us  32.033us  32.481us  [CUDA memcpy HtoD]
                   30.64%  30.304us         1  30.304us  30.304us  30.304us  [CUDA memcpy DtoH]
                    4.14%  4.0960us         1  4.0960us  4.0960us  4.0960us  vectorAdd(float const *, float const *, float*, int)
      API calls:   73.91%  142.19ms         3  47.398ms  5.6000us  142.18ms  cudaMalloc
                   25.38%  48.824ms         1  48.824ms  48.824ms  48.824ms  cuDevicePrimaryCtxRelease
                    0.32%  613.10us         3  204.37us  138.60us  279.20us  cudaMemcpy
                    0.16%  314.10us         3  104.70us  8.0000us  284.90us  cudaFree
                    0.11%  211.50us        97  2.1800us     100ns  107.00us  cuDeviceGetAttribute
                    0.06%  120.90us         1  120.90us  120.90us  120.90us  cuModuleUnload
                    0.03%  54.100us         1  54.100us  54.100us  54.100us  cudaLaunchKernel
                    0.02%  37.100us         1  37.100us  37.100us  37.100us  cuDeviceTotalMem
                    0.01%  10.100us         1  10.100us  10.100us  10.100us  cuDeviceGetPCIBusId
                    0.00%  1.4000us         3     466ns     200ns     900ns  cuDeviceGetCount
                    0.00%  1.0000us         2     500ns     200ns     800ns  cuDeviceGet
                    0.00%     800ns         1     800ns     800ns     800ns  cuDeviceGetName
                    0.00%     400ns         1     400ns     400ns     400ns  cudaGetLastError
                    0.00%     300ns         1     300ns     300ns     300ns  cuDeviceGetLuid
                    0.00%     200ns         1     200ns     200ns     200ns  cuDeviceGetUuid
