==2724== NVPROF is profiling process 2724, command: ..\test\x64\Release\test.exe 50000 208
==2724== Profiling application: ..\test\x64\Release\test.exe 50000 208
==2724== Profiling result:
            Type  Time(%)      Time     Calls       Avg       Min       Max  Name
 GPU activities:   67.60%  102.15us         2  51.073us  47.361us  54.785us  [CUDA memcpy HtoD]
                   29.90%  45.185us         1  45.185us  45.185us  45.185us  [CUDA memcpy DtoH]
                    2.50%  3.7760us         1  3.7760us  3.7760us  3.7760us  vectorAdd(float const *, float const *, float*, int)
      API calls:   75.73%  140.88ms         3  46.960ms  5.5000us  140.85ms  cudaMalloc
                   23.39%  43.517ms         1  43.517ms  43.517ms  43.517ms  cuDevicePrimaryCtxRelease
                    0.41%  753.50us         3  251.17us  122.60us  419.50us  cudaMemcpy
                    0.21%  384.20us         3  128.07us  11.800us  313.00us  cudaFree
                    0.12%  229.90us        97  2.3700us     100ns  68.200us  cuDeviceGetAttribute
                    0.08%  152.50us         1  152.50us  152.50us  152.50us  cuModuleUnload
                    0.04%  69.400us         1  69.400us  69.400us  69.400us  cudaLaunchKernel
                    0.01%  15.800us         1  15.800us  15.800us  15.800us  cuDeviceTotalMem
                    0.01%  13.300us         1  13.300us  13.300us  13.300us  cuDeviceGetPCIBusId
                    0.00%  1.5000us         3     500ns     200ns  1.0000us  cuDeviceGetCount
                    0.00%  1.0000us         2     500ns     200ns     800ns  cuDeviceGet
                    0.00%     800ns         1     800ns     800ns     800ns  cuDeviceGetName
                    0.00%     300ns         1     300ns     300ns     300ns  cuDeviceGetLuid
                    0.00%     300ns         1     300ns     300ns     300ns  cudaGetLastError
                    0.00%     200ns         1     200ns     200ns     200ns  cuDeviceGetUuid
