==19988== NVPROF is profiling process 19988, command: ..\test\x64\Release\test.exe 50000 1022
==19988== Profiling application: ..\test\x64\Release\test.exe 50000 1022
==19988== Profiling result:
            Type  Time(%)      Time     Calls       Avg       Min       Max  Name
 GPU activities:   70.60%  82.625us         2  41.312us  31.936us  50.689us  [CUDA memcpy HtoD]
                   25.81%  30.209us         1  30.209us  30.209us  30.209us  [CUDA memcpy DtoH]
                    3.58%  4.1920us         1  4.1920us  4.1920us  4.1920us  vectorAdd(float const *, float const *, float*, int)
      API calls:   76.85%  136.49ms         3  45.495ms  4.9000us  136.47ms  cudaMalloc
                   22.48%  39.921ms         1  39.921ms  39.921ms  39.921ms  cuDevicePrimaryCtxRelease
                    0.32%  566.20us         3  188.73us  102.80us  246.60us  cudaMemcpy
                    0.15%  257.70us         3  85.900us  7.4000us  237.00us  cudaFree
                    0.10%  181.70us        97  1.8730us     100ns  65.300us  cuDeviceGetAttribute
                    0.04%  71.900us         1  71.900us  71.900us  71.900us  cuModuleUnload
                    0.03%  60.000us         1  60.000us  60.000us  60.000us  cudaLaunchKernel
                    0.02%  34.900us         1  34.900us  34.900us  34.900us  cuDeviceTotalMem
                    0.00%  8.5000us         1  8.5000us  8.5000us  8.5000us  cuDeviceGetPCIBusId
                    0.00%  1.2000us         3     400ns     300ns     600ns  cuDeviceGetCount
                    0.00%     900ns         2     450ns     100ns     800ns  cuDeviceGet
                    0.00%     700ns         1     700ns     700ns     700ns  cuDeviceGetName
                    0.00%     400ns         1     400ns     400ns     400ns  cuDeviceGetLuid
                    0.00%     400ns         1     400ns     400ns     400ns  cudaGetLastError
                    0.00%     300ns         1     300ns     300ns     300ns  cuDeviceGetUuid
