==18588== NVPROF is profiling process 18588, command: ..\test\x64\Release\test.exe 50000 465
==18588== Profiling application: ..\test\x64\Release\test.exe 50000 465
==18588== Profiling result:
            Type  Time(%)      Time     Calls       Avg       Min       Max  Name
 GPU activities:   65.21%  64.544us         2  32.272us  32.032us  32.512us  [CUDA memcpy HtoD]
                   30.65%  30.336us         1  30.336us  30.336us  30.336us  [CUDA memcpy DtoH]
                    4.14%  4.0960us         1  4.0960us  4.0960us  4.0960us  vectorAdd(float const *, float const *, float*, int)
      API calls:   78.36%  162.63ms         3  54.211ms  5.2000us  162.61ms  cudaMalloc
                   20.96%  43.496ms         1  43.496ms  43.496ms  43.496ms  cuDevicePrimaryCtxRelease
                    0.35%  731.90us         3  243.97us  159.40us  335.80us  cudaMemcpy
                    0.10%  209.00us         3  69.666us  7.9000us  183.40us  cudaFree
                    0.10%  205.00us        97  2.1130us     100ns  70.600us  cuDeviceGetAttribute
                    0.06%  121.60us         1  121.60us  121.60us  121.60us  cudaLaunchKernel
                    0.05%  95.200us         1  95.200us  95.200us  95.200us  cuModuleUnload
                    0.02%  38.600us         1  38.600us  38.600us  38.600us  cuDeviceTotalMem
                    0.00%  8.6000us         1  8.6000us  8.6000us  8.6000us  cuDeviceGetPCIBusId
                    0.00%  1.4000us         3     466ns     200ns     900ns  cuDeviceGetCount
                    0.00%  1.1000us         2     550ns     200ns     900ns  cuDeviceGet
                    0.00%     700ns         1     700ns     700ns     700ns  cuDeviceGetName
                    0.00%     400ns         1     400ns     400ns     400ns  cuDeviceGetLuid
                    0.00%     400ns         1     400ns     400ns     400ns  cudaGetLastError
                    0.00%     200ns         1     200ns     200ns     200ns  cuDeviceGetUuid
