==19176== NVPROF is profiling process 19176, command: ..\test\x64\Release\test.exe 50000 788
==19176== Profiling application: ..\test\x64\Release\test.exe 50000 788
==19176== Profiling result:
            Type  Time(%)      Time     Calls       Avg       Min       Max  Name
 GPU activities:   70.80%  85.120us         2  42.560us  41.152us  43.968us  [CUDA memcpy HtoD]
                   25.23%  30.336us         1  30.336us  30.336us  30.336us  [CUDA memcpy DtoH]
                    3.97%  4.7680us         1  4.7680us  4.7680us  4.7680us  vectorAdd(float const *, float const *, float*, int)
      API calls:   76.82%  132.53ms         3  44.176ms  4.7000us  132.52ms  cudaMalloc
                   22.53%  38.867ms         1  38.867ms  38.867ms  38.867ms  cuDevicePrimaryCtxRelease
                    0.28%  476.00us         3  158.67us  56.300us  243.40us  cudaMemcpy
                    0.14%  245.70us         3  81.900us  7.4000us  225.20us  cudaFree
                    0.13%  228.40us        97  2.3540us     100ns  91.800us  cuDeviceGetAttribute
                    0.06%  112.10us         1  112.10us  112.10us  112.10us  cuModuleUnload
                    0.02%  33.200us         1  33.200us  33.200us  33.200us  cudaLaunchKernel
                    0.01%  14.500us         1  14.500us  14.500us  14.500us  cuDeviceTotalMem
                    0.00%  8.3000us         1  8.3000us  8.3000us  8.3000us  cuDeviceGetPCIBusId
                    0.00%  1.2000us         3     400ns     200ns     700ns  cuDeviceGetCount
                    0.00%     900ns         1     900ns     900ns     900ns  cuDeviceGetName
                    0.00%     700ns         2     350ns     100ns     600ns  cuDeviceGet
                    0.00%     300ns         1     300ns     300ns     300ns  cuDeviceGetLuid
                    0.00%     300ns         1     300ns     300ns     300ns  cudaGetLastError
                    0.00%     200ns         1     200ns     200ns     200ns  cuDeviceGetUuid
