==9320== NVPROF is profiling process 9320, command: ..\test\x64\Release\test.exe 50000 82
==9320== Profiling application: ..\test\x64\Release\test.exe 50000 82
==9320== Profiling result:
            Type  Time(%)      Time     Calls       Avg       Min       Max  Name
 GPU activities:   68.62%  75.072us         2  37.536us  32.736us  42.336us  [CUDA memcpy HtoD]
                   27.76%  30.368us         1  30.368us  30.368us  30.368us  [CUDA memcpy DtoH]
                    3.63%  3.9680us         1  3.9680us  3.9680us  3.9680us  vectorAdd(float const *, float const *, float*, int)
      API calls:   75.97%  139.12ms         3  46.372ms  24.000us  139.05ms  cudaMalloc
                   23.32%  42.698ms         1  42.698ms  42.698ms  42.698ms  cuDevicePrimaryCtxRelease
                    0.32%  581.70us         3  193.90us  67.700us  330.80us  cudaMemcpy
                    0.16%  294.20us         3  98.066us  10.800us  256.50us  cudaFree
                    0.09%  171.70us        97  1.7700us     100ns  65.300us  cuDeviceGetAttribute
                    0.07%  132.30us         1  132.30us  132.30us  132.30us  cuModuleUnload
                    0.04%  78.200us         1  78.200us  78.200us  78.200us  cudaLaunchKernel
                    0.01%  16.300us         1  16.300us  16.300us  16.300us  cuDeviceTotalMem
                    0.01%  14.300us         1  14.300us  14.300us  14.300us  cuDeviceGetName
                    0.01%  9.2000us         1  9.2000us  9.2000us  9.2000us  cuDeviceGetPCIBusId
                    0.00%  1.6000us         3     533ns     300ns  1.0000us  cuDeviceGetCount
                    0.00%  1.1000us         2     550ns     200ns     900ns  cuDeviceGet
                    0.00%     500ns         1     500ns     500ns     500ns  cudaGetLastError
                    0.00%     400ns         1     400ns     400ns     400ns  cuDeviceGetLuid
                    0.00%     300ns         1     300ns     300ns     300ns  cuDeviceGetUuid
