==2940== NVPROF is profiling process 2940, command: ..\test\x64\Release\test.exe 50000 629
==2940== Profiling application: ..\test\x64\Release\test.exe 50000 629
==2940== Profiling result:
            Type  Time(%)      Time     Calls       Avg       Min       Max  Name
 GPU activities:   64.94%  63.712us         2  31.856us  31.744us  31.968us  [CUDA memcpy HtoD]
                   30.85%  30.272us         1  30.272us  30.272us  30.272us  [CUDA memcpy DtoH]
                    4.21%  4.1280us         1  4.1280us  4.1280us  4.1280us  vectorAdd(float const *, float const *, float*, int)
      API calls:   77.62%  145.08ms         3  48.362ms  5.3000us  145.07ms  cudaMalloc
                   21.77%  40.697ms         1  40.697ms  40.697ms  40.697ms  cuDevicePrimaryCtxRelease
                    0.25%  468.00us         3  156.00us  87.000us  225.70us  cudaMemcpy
                    0.15%  274.60us         3  91.533us  7.3000us  254.80us  cudaFree
                    0.09%  174.10us        97  1.7940us     100ns  71.200us  cuDeviceGetAttribute
                    0.07%  139.30us         1  139.30us  139.30us  139.30us  cuModuleUnload
                    0.02%  37.100us         1  37.100us  37.100us  37.100us  cuDeviceTotalMem
                    0.02%  32.200us         1  32.200us  32.200us  32.200us  cudaLaunchKernel
                    0.00%  8.6000us         1  8.6000us  8.6000us  8.6000us  cuDeviceGetPCIBusId
                    0.00%  1.3000us         3     433ns     200ns     900ns  cuDeviceGetCount
                    0.00%     900ns         2     450ns     100ns     800ns  cuDeviceGet
                    0.00%     700ns         1     700ns     700ns     700ns  cuDeviceGetName
                    0.00%     300ns         1     300ns     300ns     300ns  cuDeviceGetUuid
                    0.00%     300ns         1     300ns     300ns     300ns  cuDeviceGetLuid
                    0.00%     300ns         1     300ns     300ns     300ns  cudaGetLastError
