==19196== NVPROF is profiling process 19196, command: ..\test\x64\Release\test.exe 50000 550
==19196== Profiling application: ..\test\x64\Release\test.exe 50000 550
==19196== Profiling result:
            Type  Time(%)      Time     Calls       Avg       Min       Max  Name
 GPU activities:   62.24%  74.306us         2  37.153us  33.121us  41.185us  [CUDA memcpy HtoD]
                   34.09%  40.704us         1  40.704us  40.704us  40.704us  [CUDA memcpy DtoH]
                    3.67%  4.3840us         1  4.3840us  4.3840us  4.3840us  vectorAdd(float const *, float const *, float*, int)
      API calls:   76.81%  142.22ms         3  47.408ms  5.4000us  142.21ms  cudaMalloc
                   22.29%  41.274ms         1  41.274ms  41.274ms  41.274ms  cuDevicePrimaryCtxRelease
                    0.44%  815.50us         3  271.83us  104.30us  502.30us  cudaMemcpy
                    0.22%  401.30us         3  133.77us  10.000us  332.70us  cudaFree
                    0.10%  179.40us        97  1.8490us     100ns  88.800us  cuDeviceGetAttribute
                    0.09%  175.50us         1  175.50us  175.50us  175.50us  cuModuleUnload
                    0.03%  48.200us         1  48.200us  48.200us  48.200us  cudaLaunchKernel
                    0.01%  20.000us         1  20.000us  20.000us  20.000us  cuDeviceTotalMem
                    0.00%  8.6000us         1  8.6000us  8.6000us  8.6000us  cuDeviceGetPCIBusId
                    0.00%  3.2000us         3  1.0660us     400ns  2.4000us  cuDeviceGetCount
                    0.00%  2.2000us         2  1.1000us     200ns  2.0000us  cuDeviceGet
                    0.00%  1.0000us         1  1.0000us  1.0000us  1.0000us  cuDeviceGetName
                    0.00%     300ns         1     300ns     300ns     300ns  cuDeviceGetUuid
                    0.00%     300ns         1     300ns     300ns     300ns  cuDeviceGetLuid
                    0.00%     200ns         1     200ns     200ns     200ns  cudaGetLastError
