==14632== NVPROF is profiling process 14632, command: ..\test\x64\Release\test.exe 50000 901
==14632== Profiling application: ..\test\x64\Release\test.exe 50000 901
==14632== Profiling result:
            Type  Time(%)      Time     Calls       Avg       Min       Max  Name
 GPU activities:   67.73%  73.152us         2  36.576us  31.936us  41.216us  [CUDA memcpy HtoD]
                   28.06%  30.305us         1  30.305us  30.305us  30.305us  [CUDA memcpy DtoH]
                    4.21%  4.5440us         1  4.5440us  4.5440us  4.5440us  vectorAdd(float const *, float const *, float*, int)
      API calls:   75.31%  135.14ms         3  45.047ms  5.5000us  135.12ms  cudaMalloc
                   24.07%  43.184ms         1  43.184ms  43.184ms  43.184ms  cuDevicePrimaryCtxRelease
                    0.28%  506.10us         3  168.70us  91.400us  211.90us  cudaMemcpy
                    0.11%  201.10us         3  67.033us  7.3000us  180.30us  cudaFree
                    0.10%  187.50us        97  1.9320us     100ns  67.500us  cuDeviceGetAttribute
                    0.08%  137.10us         1  137.10us  137.10us  137.10us  cuModuleUnload
                    0.02%  38.200us         1  38.200us  38.200us  38.200us  cuDeviceTotalMem
                    0.02%  33.800us         1  33.800us  33.800us  33.800us  cudaLaunchKernel
                    0.00%  8.4000us         1  8.4000us  8.4000us  8.4000us  cuDeviceGetPCIBusId
                    0.00%  1.7000us         3     566ns     300ns  1.1000us  cuDeviceGetCount
                    0.00%     900ns         2     450ns     100ns     800ns  cuDeviceGet
                    0.00%     700ns         1     700ns     700ns     700ns  cuDeviceGetName
                    0.00%     400ns         1     400ns     400ns     400ns  cudaGetLastError
                    0.00%     300ns         1     300ns     300ns     300ns  cuDeviceGetUuid
                    0.00%     300ns         1     300ns     300ns     300ns  cuDeviceGetLuid
