==12744== NVPROF is profiling process 12744, command: ..\test\x64\Release\test.exe 50000 197
==12744== Profiling application: ..\test\x64\Release\test.exe 50000 197
==12744== Profiling result:
            Type  Time(%)      Time     Calls       Avg       Min       Max  Name
 GPU activities:   68.11%  73.185us         2  36.592us  31.969us  41.216us  [CUDA memcpy HtoD]
                   28.20%  30.304us         1  30.304us  30.304us  30.304us  [CUDA memcpy DtoH]
                    3.69%  3.9680us         1  3.9680us  3.9680us  3.9680us  vectorAdd(float const *, float const *, float*, int)
      API calls:   75.84%  139.84ms         3  46.615ms  4.6000us  139.83ms  cudaMalloc
                   23.57%  43.466ms         1  43.466ms  43.466ms  43.466ms  cuDevicePrimaryCtxRelease
                    0.28%  514.10us         3  171.37us  60.800us  280.00us  cudaMemcpy
                    0.11%  201.90us        97  2.0810us     100ns  77.700us  cuDeviceGetAttribute
                    0.11%  197.90us         3  65.966us  7.2000us  178.30us  cudaFree
                    0.05%  100.10us         1  100.10us  100.10us  100.10us  cuModuleUnload
                    0.02%  30.700us         1  30.700us  30.700us  30.700us  cuDeviceTotalMem
                    0.02%  30.600us         1  30.600us  30.600us  30.600us  cudaLaunchKernel
                    0.01%  10.000us         1  10.000us  10.000us  10.000us  cuDeviceGetPCIBusId
                    0.00%  1.5000us         3     500ns     200ns  1.0000us  cuDeviceGetCount
                    0.00%  1.2000us         2     600ns     100ns  1.1000us  cuDeviceGet
                    0.00%     900ns         1     900ns     900ns     900ns  cuDeviceGetName
                    0.00%     300ns         1     300ns     300ns     300ns  cuDeviceGetLuid
                    0.00%     300ns         1     300ns     300ns     300ns  cudaGetLastError
                    0.00%     200ns         1     200ns     200ns     200ns  cuDeviceGetUuid
