==19272== NVPROF is profiling process 19272, command: ..\test\x64\Release\test.exe 50000 372
==19272== Profiling application: ..\test\x64\Release\test.exe 50000 372
==19272== Profiling result:
            Type  Time(%)      Time     Calls       Avg       Min       Max  Name
 GPU activities:   65.16%  63.745us         2  31.872us  31.808us  31.937us  [CUDA memcpy HtoD]
                   30.88%  30.208us         1  30.208us  30.208us  30.208us  [CUDA memcpy DtoH]
                    3.96%  3.8720us         1  3.8720us  3.8720us  3.8720us  vectorAdd(float const *, float const *, float*, int)
      API calls:   75.46%  147.04ms         3  49.015ms  5.4000us  147.01ms  cudaMalloc
                   23.98%  46.725ms         1  46.725ms  46.725ms  46.725ms  cuDevicePrimaryCtxRelease
                    0.25%  483.10us         3  161.03us  68.200us  277.30us  cudaMemcpy
                    0.12%  234.10us         3  78.033us  7.5000us  213.30us  cudaFree
                    0.09%  169.40us        97  1.7460us     100ns  66.400us  cuDeviceGetAttribute
                    0.05%  103.10us         1  103.10us  103.10us  103.10us  cuModuleUnload
                    0.04%  76.800us         1  76.800us  76.800us  76.800us  cudaLaunchKernel
                    0.01%  18.600us         1  18.600us  18.600us  18.600us  cuDeviceTotalMem
                    0.00%  8.5000us         1  8.5000us  8.5000us  8.5000us  cuDeviceGetPCIBusId
                    0.00%  1.7000us         3     566ns     200ns  1.2000us  cuDeviceGetCount
                    0.00%  1.3000us         2     650ns     200ns  1.1000us  cuDeviceGet
                    0.00%  1.0000us         1  1.0000us  1.0000us  1.0000us  cuDeviceGetName
                    0.00%     400ns         1     400ns     400ns     400ns  cuDeviceGetLuid
                    0.00%     400ns         1     400ns     400ns     400ns  cudaGetLastError
                    0.00%     200ns         1     200ns     200ns     200ns  cuDeviceGetUuid
