==7388== NVPROF is profiling process 7388, command: ..\test\x64\Release\test.exe 50000 202
==7388== Profiling application: ..\test\x64\Release\test.exe 50000 202
==7388== Profiling result:
            Type  Time(%)      Time     Calls       Avg       Min       Max  Name
 GPU activities:   67.60%  90.720us         2  45.360us  31.872us  58.848us  [CUDA memcpy HtoD]
                   29.52%  39.616us         1  39.616us  39.616us  39.616us  [CUDA memcpy DtoH]
                    2.89%  3.8720us         1  3.8720us  3.8720us  3.8720us  vectorAdd(float const *, float const *, float*, int)
      API calls:   76.03%  147.51ms         3  49.172ms  5.1000us  147.50ms  cudaMalloc
                   23.38%  45.356ms         1  45.356ms  45.356ms  45.356ms  cuDevicePrimaryCtxRelease
                    0.24%  469.60us         3  156.53us  50.400us  290.90us  cudaMemcpy
                    0.14%  272.80us         3  90.933us  8.0000us  251.10us  cudaFree
                    0.11%  221.10us        97  2.2790us     100ns  90.000us  cuDeviceGetAttribute
                    0.06%  115.60us         1  115.60us  115.60us  115.60us  cuModuleUnload
                    0.02%  45.200us         1  45.200us  45.200us  45.200us  cudaLaunchKernel
                    0.01%  16.500us         1  16.500us  16.500us  16.500us  cuDeviceTotalMem
                    0.00%  8.6000us         1  8.6000us  8.6000us  8.6000us  cuDeviceGetPCIBusId
                    0.00%  1.8000us         3     600ns     200ns  1.0000us  cuDeviceGetCount
                    0.00%  1.1000us         2     550ns     100ns  1.0000us  cuDeviceGet
                    0.00%  1.1000us         1  1.1000us  1.1000us  1.1000us  cuDeviceGetName
                    0.00%     400ns         1     400ns     400ns     400ns  cudaGetLastError
                    0.00%     300ns         1     300ns     300ns     300ns  cuDeviceGetLuid
                    0.00%     200ns         1     200ns     200ns     200ns  cuDeviceGetUuid
