==17528== NVPROF is profiling process 17528, command: ..\test\x64\Release\test.exe 50000 338
==17528== Profiling application: ..\test\x64\Release\test.exe 50000 338
==17528== Profiling result:
            Type  Time(%)      Time     Calls       Avg       Min       Max  Name
 GPU activities:   61.16%  73.121us         2  36.560us  31.937us  41.184us  [CUDA memcpy HtoD]
                   35.41%  42.336us         1  42.336us  42.336us  42.336us  [CUDA memcpy DtoH]
                    3.43%  4.0960us         1  4.0960us  4.0960us  4.0960us  vectorAdd(float const *, float const *, float*, int)
      API calls:   75.28%  145.24ms         3  48.413ms  4.8000us  145.21ms  cudaMalloc
                   24.11%  46.513ms         1  46.513ms  46.513ms  46.513ms  cuDevicePrimaryCtxRelease
                    0.26%  502.00us         3  167.33us  82.200us  297.40us  cudaMemcpy
                    0.15%  285.20us         3  95.066us  7.3000us  265.30us  cudaFree
                    0.09%  174.40us        97  1.7970us     100ns  80.200us  cuDeviceGetAttribute
                    0.07%  126.60us         1  126.60us  126.60us  126.60us  cuModuleUnload
                    0.02%  44.800us         1  44.800us  44.800us  44.800us  cudaLaunchKernel
                    0.01%  20.900us         1  20.900us  20.900us  20.900us  cuDeviceTotalMem
                    0.00%  8.8000us         1  8.8000us  8.8000us  8.8000us  cuDeviceGetPCIBusId
                    0.00%  2.1000us         3     700ns     200ns  1.1000us  cuDeviceGetCount
                    0.00%  1.8000us         2     900ns     300ns  1.5000us  cuDeviceGet
                    0.00%     800ns         1     800ns     800ns     800ns  cuDeviceGetName
                    0.00%     300ns         1     300ns     300ns     300ns  cuDeviceGetUuid
                    0.00%     300ns         1     300ns     300ns     300ns  cuDeviceGetLuid
                    0.00%     300ns         1     300ns     300ns     300ns  cudaGetLastError
