==18148== NVPROF is profiling process 18148, command: ..\test\x64\Release\test.exe 50000 49
==18148== Profiling application: ..\test\x64\Release\test.exe 50000 49
==18148== Profiling result:
            Type  Time(%)      Time     Calls       Avg       Min       Max  Name
 GPU activities:   74.09%  102.37us         2  51.184us  43.456us  58.913us  [CUDA memcpy HtoD]
                   22.00%  30.400us         1  30.400us  30.400us  30.400us  [CUDA memcpy DtoH]
                    3.91%  5.4080us         1  5.4080us  5.4080us  5.4080us  vectorAdd(float const *, float const *, float*, int)
      API calls:   76.60%  165.50ms         3  55.167ms  5.1000us  165.49ms  cudaMalloc
                   22.56%  48.743ms         1  48.743ms  48.743ms  48.743ms  cuDevicePrimaryCtxRelease
                    0.38%  831.70us         3  277.23us  126.80us  558.70us  cudaMemcpy
                    0.19%  420.80us         3  140.27us  39.000us  330.60us  cudaFree
                    0.14%  301.20us         1  301.20us  301.20us  301.20us  cuModuleUnload
                    0.08%  162.20us        97  1.6720us     100ns  71.900us  cuDeviceGetAttribute
                    0.04%  79.500us         1  79.500us  79.500us  79.500us  cudaLaunchKernel
                    0.01%  16.800us         1  16.800us  16.800us  16.800us  cuDeviceTotalMem
                    0.00%  9.0000us         1  9.0000us  9.0000us  9.0000us  cuDeviceGetPCIBusId
                    0.00%  1.9000us         3     633ns     200ns     900ns  cuDeviceGetCount
                    0.00%  1.2000us         2     600ns     200ns  1.0000us  cuDeviceGet
                    0.00%     700ns         1     700ns     700ns     700ns  cuDeviceGetName
                    0.00%     700ns         1     700ns     700ns     700ns  cuDeviceGetLuid
                    0.00%     300ns         1     300ns     300ns     300ns  cudaGetLastError
                    0.00%     200ns         1     200ns     200ns     200ns  cuDeviceGetUuid
