==17480== NVPROF is profiling process 17480, command: ..\test\x64\Release\test.exe 50000 125
==17480== Profiling application: ..\test\x64\Release\test.exe 50000 125
==17480== Profiling result:
            Type  Time(%)      Time     Calls       Avg       Min       Max  Name
 GPU activities:   60.04%  73.376us         2  36.688us  31.808us  41.568us  [CUDA memcpy HtoD]
                   36.89%  45.089us         1  45.089us  45.089us  45.089us  [CUDA memcpy DtoH]
                    3.06%  3.7440us         1  3.7440us  3.7440us  3.7440us  vectorAdd(float const *, float const *, float*, int)
      API calls:   76.06%  145.45ms         3  48.483ms  5.0000us  145.43ms  cudaMalloc
                   23.35%  44.652ms         1  44.652ms  44.652ms  44.652ms  cuDevicePrimaryCtxRelease
                    0.25%  487.30us         3  162.43us  50.800us  321.20us  cudaMemcpy
                    0.12%  236.90us         3  78.966us  7.7000us  211.50us  cudaFree
                    0.11%  202.20us        97  2.0840us     100ns  78.800us  cuDeviceGetAttribute
                    0.05%  95.300us         1  95.300us  95.300us  95.300us  cuModuleUnload
                    0.03%  48.500us         1  48.500us  48.500us  48.500us  cudaLaunchKernel
                    0.02%  34.700us         1  34.700us  34.700us  34.700us  cuDeviceTotalMem
                    0.00%  8.5000us         1  8.5000us  8.5000us  8.5000us  cuDeviceGetPCIBusId
                    0.00%  1.9000us         2     950ns     200ns  1.7000us  cuDeviceGet
                    0.00%  1.5000us         3     500ns     200ns  1.0000us  cuDeviceGetCount
                    0.00%     900ns         1     900ns     900ns     900ns  cuDeviceGetName
                    0.00%     300ns         1     300ns     300ns     300ns  cuDeviceGetLuid
                    0.00%     300ns         1     300ns     300ns     300ns  cudaGetLastError
                    0.00%     200ns         1     200ns     200ns     200ns  cuDeviceGetUuid
