==20696== NVPROF is profiling process 20696, command: ..\test\x64\Release\test.exe 50000 910
==20696== Profiling application: ..\test\x64\Release\test.exe 50000 910
==20696== Profiling result:
            Type  Time(%)      Time     Calls       Avg       Min       Max  Name
 GPU activities:   70.28%  82.177us         2  41.088us  40.929us  41.248us  [CUDA memcpy HtoD]
                   25.89%  30.273us         1  30.273us  30.273us  30.273us  [CUDA memcpy DtoH]
                    3.83%  4.4800us         1  4.4800us  4.4800us  4.4800us  vectorAdd(float const *, float const *, float*, int)
      API calls:   76.81%  133.14ms         3  44.381ms  4.9000us  133.13ms  cudaMalloc
                   22.55%  39.092ms         1  39.092ms  39.092ms  39.092ms  cuDevicePrimaryCtxRelease
                    0.29%  499.10us         3  166.37us  59.000us  301.00us  cudaMemcpy
                    0.13%  226.80us         3  75.600us  7.5000us  206.10us  cudaFree
                    0.11%  182.40us        97  1.8800us     100ns  81.500us  cuDeviceGetAttribute
                    0.07%  120.30us         1  120.30us  120.30us  120.30us  cuModuleUnload
                    0.02%  34.300us         1  34.300us  34.300us  34.300us  cudaLaunchKernel
                    0.01%  19.000us         1  19.000us  19.000us  19.000us  cuDeviceTotalMem
                    0.01%  8.7000us         1  8.7000us  8.7000us  8.7000us  cuDeviceGetPCIBusId
                    0.00%  1.2000us         3     400ns     200ns     600ns  cuDeviceGetCount
                    0.00%  1.1000us         2     550ns     200ns     900ns  cuDeviceGet
                    0.00%     900ns         1     900ns     900ns     900ns  cuDeviceGetName
                    0.00%     400ns         1     400ns     400ns     400ns  cuDeviceGetLuid
                    0.00%     300ns         1     300ns     300ns     300ns  cuDeviceGetUuid
                    0.00%     300ns         1     300ns     300ns     300ns  cudaGetLastError
