==12276== NVPROF is profiling process 12276, command: ..\test\x64\Release\test.exe 50000 47
==12276== Profiling application: ..\test\x64\Release\test.exe 50000 47
==12276== Profiling result:
            Type  Time(%)      Time     Calls       Avg       Min       Max  Name
 GPU activities:   63.94%  63.937us         2  31.968us  31.905us  32.032us  [CUDA memcpy HtoD]
                   30.40%  30.400us         1  30.400us  30.400us  30.400us  [CUDA memcpy DtoH]
                    5.66%  5.6640us         1  5.6640us  5.6640us  5.6640us  vectorAdd(float const *, float const *, float*, int)
      API calls:   72.99%  158.39ms         3  52.798ms  5.4000us  158.37ms  cudaMalloc
                   26.36%  57.207ms         1  57.207ms  57.207ms  57.207ms  cuDevicePrimaryCtxRelease
                    0.30%  641.90us         3  213.97us  72.600us  401.40us  cudaMemcpy
                    0.15%  331.40us         3  110.47us  8.7000us  301.20us  cudaFree
                    0.11%  227.90us        97  2.3490us     100ns  85.400us  cuDeviceGetAttribute
                    0.05%  103.60us         1  103.60us  103.60us  103.60us  cuModuleUnload
                    0.03%  57.800us         1  57.800us  57.800us  57.800us  cudaLaunchKernel
                    0.01%  17.600us         1  17.600us  17.600us  17.600us  cuDeviceTotalMem
                    0.00%  9.0000us         1  9.0000us  9.0000us  9.0000us  cuDeviceGetPCIBusId
                    0.00%  1.5000us         3     500ns     200ns  1.0000us  cuDeviceGetCount
                    0.00%  1.0000us         2     500ns     200ns     800ns  cuDeviceGet
                    0.00%     700ns         1     700ns     700ns     700ns  cuDeviceGetName
                    0.00%     400ns         1     400ns     400ns     400ns  cuDeviceGetLuid
                    0.00%     400ns         1     400ns     400ns     400ns  cudaGetLastError
                    0.00%     200ns         1     200ns     200ns     200ns  cuDeviceGetUuid
