==8648== NVPROF is profiling process 8648, command: ..\test\x64\Release\test.exe 50000 118
==8648== Profiling application: ..\test\x64\Release\test.exe 50000 118
==8648== Profiling result:
            Type  Time(%)      Time     Calls       Avg       Min       Max  Name
 GPU activities:   73.73%  95.808us         2  47.904us  42.560us  53.248us  [CUDA memcpy HtoD]
                   23.39%  30.401us         1  30.401us  30.401us  30.401us  [CUDA memcpy DtoH]
                    2.88%  3.7440us         1  3.7440us  3.7440us  3.7440us  vectorAdd(float const *, float const *, float*, int)
      API calls:   76.45%  140.08ms         3  46.694ms  5.2000us  140.04ms  cudaMalloc
                   22.80%  41.783ms         1  41.783ms  41.783ms  41.783ms  cuDevicePrimaryCtxRelease
                    0.29%  531.20us         3  177.07us  78.000us  296.00us  cudaMemcpy
                    0.14%  259.80us         3  86.600us  8.4000us  231.40us  cudaFree
                    0.13%  240.90us         1  240.90us  240.90us  240.90us  cuModuleUnload
                    0.12%  215.20us        97  2.2180us     100ns  76.700us  cuDeviceGetAttribute
                    0.05%  89.600us         1  89.600us  89.600us  89.600us  cudaLaunchKernel
                    0.01%  15.400us         1  15.400us  15.400us  15.400us  cuDeviceTotalMem
                    0.01%  9.8000us         1  9.8000us  9.8000us  9.8000us  cuDeviceGetPCIBusId
                    0.00%  1.0000us         2     500ns     100ns     900ns  cuDeviceGet
                    0.00%     900ns         3     300ns     200ns     500ns  cuDeviceGetCount
                    0.00%     900ns         1     900ns     900ns     900ns  cuDeviceGetName
                    0.00%     400ns         1     400ns     400ns     400ns  cuDeviceGetLuid
                    0.00%     300ns         1     300ns     300ns     300ns  cudaGetLastError
                    0.00%     200ns         1     200ns     200ns     200ns  cuDeviceGetUuid
