==17496== NVPROF is profiling process 17496, command: ..\test\x64\Release\test.exe 50000 242
==17496== Profiling application: ..\test\x64\Release\test.exe 50000 242
==17496== Profiling result:
            Type  Time(%)      Time     Calls       Avg       Min       Max  Name
 GPU activities:   70.18%  80.128us         2  40.064us  33.472us  46.656us  [CUDA memcpy HtoD]
                   26.57%  30.336us         1  30.336us  30.336us  30.336us  [CUDA memcpy DtoH]
                    3.25%  3.7120us         1  3.7120us  3.7120us  3.7120us  vectorAdd(float const *, float const *, float*, int)
      API calls:   76.22%  143.75ms         3  47.917ms  5.0000us  143.72ms  cudaMalloc
                   23.04%  43.455ms         1  43.455ms  43.455ms  43.455ms  cuDevicePrimaryCtxRelease
                    0.35%  653.00us         3  217.67us  116.20us  366.90us  cudaMemcpy
                    0.16%  292.70us         3  97.566us  9.2000us  256.30us  cudaFree
                    0.10%  189.30us        97  1.9510us     100ns  67.200us  cuDeviceGetAttribute
                    0.09%  161.30us         1  161.30us  161.30us  161.30us  cuModuleUnload
                    0.03%  47.900us         1  47.900us  47.900us  47.900us  cuDeviceTotalMem
                    0.02%  42.900us         1  42.900us  42.900us  42.900us  cudaLaunchKernel
                    0.00%  8.7000us         1  8.7000us  8.7000us  8.7000us  cuDeviceGetPCIBusId
                    0.00%  1.4000us         3     466ns     200ns     900ns  cuDeviceGetCount
                    0.00%  1.1000us         2     550ns     200ns     900ns  cuDeviceGet
                    0.00%  1.1000us         1  1.1000us  1.1000us  1.1000us  cuDeviceGetName
                    0.00%     400ns         1     400ns     400ns     400ns  cuDeviceGetLuid
                    0.00%     300ns         1     300ns     300ns     300ns  cudaGetLastError
                    0.00%     200ns         1     200ns     200ns     200ns  cuDeviceGetUuid
