==21308== NVPROF is profiling process 21308, command: ..\test\x64\Release\test.exe 50000 942
==21308== Profiling application: ..\test\x64\Release\test.exe 50000 942
==21308== Profiling result:
            Type  Time(%)      Time     Calls       Avg       Min       Max  Name
 GPU activities:   74.83%  102.91us         2  51.456us  40.865us  62.048us  [CUDA memcpy HtoD]
                   22.01%  30.272us         1  30.272us  30.272us  30.272us  [CUDA memcpy DtoH]
                    3.16%  4.3520us         1  4.3520us  4.3520us  4.3520us  vectorAdd(float const *, float const *, float*, int)
      API calls:   75.56%  137.49ms         3  45.829ms  10.800us  137.46ms  cudaMalloc
                   23.69%  43.105ms         1  43.105ms  43.105ms  43.105ms  cuDevicePrimaryCtxRelease
                    0.32%  584.80us         3  194.93us  70.300us  332.20us  cudaMemcpy
                    0.16%  290.30us         3  96.766us  7.4000us  268.40us  cudaFree
                    0.11%  194.20us         1  194.20us  194.20us  194.20us  cuModuleUnload
                    0.10%  186.40us        97  1.9210us     100ns  70.100us  cuDeviceGetAttribute
                    0.04%  64.700us         1  64.700us  64.700us  64.700us  cudaLaunchKernel
                    0.02%  36.800us         1  36.800us  36.800us  36.800us  cuDeviceTotalMem
                    0.00%  8.8000us         1  8.8000us  8.8000us  8.8000us  cuDeviceGetPCIBusId
                    0.00%  1.5000us         3     500ns     300ns     900ns  cuDeviceGetCount
                    0.00%  1.1000us         2     550ns     200ns     900ns  cuDeviceGet
                    0.00%     800ns         1     800ns     800ns     800ns  cuDeviceGetName
                    0.00%     400ns         1     400ns     400ns     400ns  cudaGetLastError
                    0.00%     300ns         1     300ns     300ns     300ns  cuDeviceGetLuid
                    0.00%     200ns         1     200ns     200ns     200ns  cuDeviceGetUuid
