==1684== NVPROF is profiling process 1684, command: ..\test\x64\Release\test.exe 50000 113
==1684== Profiling application: ..\test\x64\Release\test.exe 50000 113
==1684== Profiling result:
            Type  Time(%)      Time     Calls       Avg       Min       Max  Name
 GPU activities:   65.20%  90.817us         2  45.408us  32.032us  58.785us  [CUDA memcpy HtoD]
                   28.46%  39.648us         1  39.648us  39.648us  39.648us  [CUDA memcpy DtoH]
                    6.34%  8.8320us         1  8.8320us  8.8320us  8.8320us  vectorAdd(float const *, float const *, float*, int)
      API calls:   76.31%  145.59ms         3  48.530ms  5.0000us  145.58ms  cudaMalloc
                   22.94%  43.758ms         1  43.758ms  43.758ms  43.758ms  cuDevicePrimaryCtxRelease
                    0.33%  628.90us         3  209.63us  61.400us  323.60us  cudaMemcpy
                    0.17%  318.30us         3  106.10us  8.2000us  293.10us  cudaFree
                    0.13%  246.20us        97  2.5380us     100ns  135.30us  cuDeviceGetAttribute
                    0.07%  142.30us         1  142.30us  142.30us  142.30us  cuModuleUnload
                    0.02%  35.900us         1  35.900us  35.900us  35.900us  cudaLaunchKernel
                    0.02%  34.200us         1  34.200us  34.200us  34.200us  cuDeviceTotalMem
                    0.01%  14.800us         3  4.9330us     300ns  13.700us  cuDeviceGetCount
                    0.00%  9.2000us         1  9.2000us  9.2000us  9.2000us  cuDeviceGetPCIBusId
                    0.00%  1.0000us         2     500ns     100ns     900ns  cuDeviceGet
                    0.00%     700ns         1     700ns     700ns     700ns  cuDeviceGetName
                    0.00%     300ns         1     300ns     300ns     300ns  cuDeviceGetLuid
                    0.00%     300ns         1     300ns     300ns     300ns  cudaGetLastError
                    0.00%     200ns         1     200ns     200ns     200ns  cuDeviceGetUuid
