==20464== NVPROF is profiling process 20464, command: ..\test\x64\Release\test.exe 50000 646
==20464== Profiling application: ..\test\x64\Release\test.exe 50000 646
==20464== Profiling result:
            Type  Time(%)      Time     Calls       Avg       Min       Max  Name
 GPU activities:   68.02%  73.248us         2  36.624us  32.160us  41.088us  [CUDA memcpy HtoD]
                   28.20%  30.368us         1  30.368us  30.368us  30.368us  [CUDA memcpy DtoH]
                    3.77%  4.0640us         1  4.0640us  4.0640us  4.0640us  vectorAdd(float const *, float const *, float*, int)
      API calls:   77.53%  180.59ms         3  60.195ms  11.400us  180.56ms  cudaMalloc
                   21.98%  51.198ms         1  51.198ms  51.198ms  51.198ms  cuDevicePrimaryCtxRelease
                    0.19%  447.70us         3  149.23us  85.000us  241.80us  cudaMemcpy
                    0.09%  211.30us         3  70.433us  7.9000us  182.60us  cudaFree
                    0.09%  205.80us         1  205.80us  205.80us  205.80us  cuModuleUnload
                    0.08%  180.60us        97  1.8610us     100ns  73.800us  cuDeviceGetAttribute
                    0.02%  48.900us         1  48.900us  48.900us  48.900us  cudaLaunchKernel
                    0.02%  37.100us         1  37.100us  37.100us  37.100us  cuDeviceTotalMem
                    0.00%  8.8000us         1  8.8000us  8.8000us  8.8000us  cuDeviceGetPCIBusId
                    0.00%  1.5000us         3     500ns     200ns  1.0000us  cuDeviceGetCount
                    0.00%  1.2000us         2     600ns     200ns  1.0000us  cuDeviceGet
                    0.00%     800ns         1     800ns     800ns     800ns  cuDeviceGetName
                    0.00%     300ns         1     300ns     300ns     300ns  cuDeviceGetUuid
                    0.00%     300ns         1     300ns     300ns     300ns  cuDeviceGetLuid
                    0.00%     300ns         1     300ns     300ns     300ns  cudaGetLastError
