==5824== NVPROF is profiling process 5824, command: ..\test\x64\Release\test.exe 50000 121
==5824== Profiling application: ..\test\x64\Release\test.exe 50000 121
==5824== Profiling result:
            Type  Time(%)      Time     Calls       Avg       Min       Max  Name
 GPU activities:   70.77%  82.368us         2  41.184us  31.968us  50.400us  [CUDA memcpy HtoD]
                   26.04%  30.305us         1  30.305us  30.305us  30.305us  [CUDA memcpy DtoH]
                    3.19%  3.7120us         1  3.7120us  3.7120us  3.7120us  vectorAdd(float const *, float const *, float*, int)
      API calls:   76.34%  144.52ms         3  48.174ms  5.0000us  144.51ms  cudaMalloc
                   22.97%  43.481ms         1  43.481ms  43.481ms  43.481ms  cuDevicePrimaryCtxRelease
                    0.31%  580.10us         3  193.37us  61.200us  283.30us  cudaMemcpy
                    0.14%  256.70us         3  85.566us  22.500us  196.60us  cudaFree
                    0.11%  209.10us        97  2.1550us     100ns  77.800us  cuDeviceGetAttribute
                    0.07%  131.50us         1  131.50us  131.50us  131.50us  cuModuleUnload
                    0.03%  60.100us         1  60.100us  60.100us  60.100us  cudaLaunchKernel
                    0.03%  52.700us         1  52.700us  52.700us  52.700us  cuDeviceTotalMem
                    0.00%  9.2000us         1  9.2000us  9.2000us  9.2000us  cuDeviceGetPCIBusId
                    0.00%  2.2000us         2  1.1000us     200ns  2.0000us  cuDeviceGet
                    0.00%  1.4000us         3     466ns     200ns     900ns  cuDeviceGetCount
                    0.00%     700ns         1     700ns     700ns     700ns  cuDeviceGetName
                    0.00%     700ns         1     700ns     700ns     700ns  cuDeviceGetLuid
                    0.00%     400ns         1     400ns     400ns     400ns  cudaGetLastError
                    0.00%     300ns         1     300ns     300ns     300ns  cuDeviceGetUuid
