==18452== NVPROF is profiling process 18452, command: ..\test\x64\Release\test.exe 50000 674
==18452== Profiling application: ..\test\x64\Release\test.exe 50000 674
==18452== Profiling result:
            Type  Time(%)      Time     Calls       Avg       Min       Max  Name
 GPU activities:   67.39%  73.217us         2  36.608us  31.968us  41.249us  [CUDA memcpy HtoD]
                   27.95%  30.368us         1  30.368us  30.368us  30.368us  [CUDA memcpy DtoH]
                    4.65%  5.0560us         1  5.0560us  5.0560us  5.0560us  vectorAdd(float const *, float const *, float*, int)
      API calls:   75.41%  137.11ms         3  45.705ms  5.3000us  137.10ms  cudaMalloc
                   23.95%  43.539ms         1  43.539ms  43.539ms  43.539ms  cuDevicePrimaryCtxRelease
                    0.27%  499.20us         3  166.40us  72.100us  240.50us  cudaMemcpy
                    0.14%  258.20us         3  86.066us  7.2000us  238.20us  cudaFree
                    0.11%  206.60us        97  2.1290us     100ns  84.200us  cuDeviceGetAttribute
                    0.06%  115.50us         1  115.50us  115.50us  115.50us  cuModuleUnload
                    0.02%  39.600us         1  39.600us  39.600us  39.600us  cuDeviceTotalMem
                    0.02%  31.500us         1  31.500us  31.500us  31.500us  cudaLaunchKernel
                    0.00%  9.0000us         1  9.0000us  9.0000us  9.0000us  cuDeviceGetPCIBusId
                    0.00%  1.5000us         3     500ns     200ns  1.1000us  cuDeviceGetCount
                    0.00%  1.0000us         2     500ns     200ns     800ns  cuDeviceGet
                    0.00%     700ns         1     700ns     700ns     700ns  cuDeviceGetName
                    0.00%     300ns         1     300ns     300ns     300ns  cuDeviceGetLuid
                    0.00%     300ns         1     300ns     300ns     300ns  cudaGetLastError
                    0.00%     200ns         1     200ns     200ns     200ns  cuDeviceGetUuid
