==15648== NVPROF is profiling process 15648, command: ..\test\x64\Release\test.exe 50000 347
==15648== Profiling application: ..\test\x64\Release\test.exe 50000 347
==15648== Profiling result:
            Type  Time(%)      Time     Calls       Avg       Min       Max  Name
 GPU activities:   68.17%  73.410us         2  36.705us  31.809us  41.601us  [CUDA memcpy HtoD]
                   28.08%  30.240us         1  30.240us  30.240us  30.240us  [CUDA memcpy DtoH]
                    3.74%  4.0320us         1  4.0320us  4.0320us  4.0320us  vectorAdd(float const *, float const *, float*, int)
      API calls:   76.76%  147.71ms         3  49.238ms  5.4000us  147.70ms  cudaMalloc
                   22.60%  43.487ms         1  43.487ms  43.487ms  43.487ms  cuDevicePrimaryCtxRelease
                    0.26%  503.30us         3  167.77us  48.500us  267.70us  cudaMemcpy
                    0.15%  295.50us         3  98.500us  7.5000us  261.30us  cudaFree
                    0.10%  193.80us        97  1.9970us     100ns  90.000us  cuDeviceGetAttribute
                    0.08%  162.60us         1  162.60us  162.60us  162.60us  cuModuleUnload
                    0.02%  38.800us         1  38.800us  38.800us  38.800us  cudaLaunchKernel
                    0.02%  37.000us         1  37.000us  37.000us  37.000us  cuDeviceTotalMem
                    0.00%  8.8000us         1  8.8000us  8.8000us  8.8000us  cuDeviceGetPCIBusId
                    0.00%  1.5000us         3     500ns     200ns  1.0000us  cuDeviceGetCount
                    0.00%  1.3000us         2     650ns     200ns  1.1000us  cuDeviceGet
                    0.00%  1.0000us         1  1.0000us  1.0000us  1.0000us  cuDeviceGetName
                    0.00%     500ns         1     500ns     500ns     500ns  cudaGetLastError
                    0.00%     300ns         1     300ns     300ns     300ns  cuDeviceGetLuid
                    0.00%     200ns         1     200ns     200ns     200ns  cuDeviceGetUuid
