==18624== NVPROF is profiling process 18624, command: ..\test\x64\Release\test.exe 50000 309
==18624== Profiling application: ..\test\x64\Release\test.exe 50000 309
==18624== Profiling result:
            Type  Time(%)      Time     Calls       Avg       Min       Max  Name
 GPU activities:   62.63%  72.929us         2  36.464us  31.969us  40.960us  [CUDA memcpy HtoD]
                   33.99%  39.584us         1  39.584us  39.584us  39.584us  [CUDA memcpy DtoH]
                    3.38%  3.9360us         1  3.9360us  3.9360us  3.9360us  vectorAdd(float const *, float const *, float*, int)
      API calls:   76.72%  146.53ms         3  48.843ms  24.500us  146.48ms  cudaMalloc
                   22.62%  43.198ms         1  43.198ms  43.198ms  43.198ms  cuDevicePrimaryCtxRelease
                    0.29%  558.30us         3  186.10us  83.500us  286.10us  cudaMemcpy
                    0.16%  312.20us         3  104.07us  7.2000us  278.80us  cudaFree
                    0.10%  184.90us        97  1.9060us     100ns  81.400us  cuDeviceGetAttribute
                    0.07%  130.70us         1  130.70us  130.70us  130.70us  cuModuleUnload
                    0.02%  34.300us         1  34.300us  34.300us  34.300us  cudaLaunchKernel
                    0.01%  19.000us         1  19.000us  19.000us  19.000us  cuDeviceTotalMem
                    0.00%  8.6000us         1  8.6000us  8.6000us  8.6000us  cuDeviceGetPCIBusId
                    0.00%  1.5000us         3     500ns     200ns  1.0000us  cuDeviceGetCount
                    0.00%  1.2000us         2     600ns     200ns  1.0000us  cuDeviceGet
                    0.00%     800ns         1     800ns     800ns     800ns  cuDeviceGetName
                    0.00%     400ns         1     400ns     400ns     400ns  cuDeviceGetLuid
                    0.00%     300ns         1     300ns     300ns     300ns  cuDeviceGetUuid
                    0.00%     300ns         1     300ns     300ns     300ns  cudaGetLastError
