==17420== NVPROF is profiling process 17420, command: ..\test\x64\Release\test.exe 50000 12
==17420== Profiling application: ..\test\x64\Release\test.exe 50000 12
==17420== Profiling result:
            Type  Time(%)      Time     Calls       Avg       Min       Max  Name
 GPU activities:   55.33%  64.064us         2  32.032us  31.968us  32.096us  [CUDA memcpy HtoD]
                   26.26%  30.401us         1  30.401us  30.401us  30.401us  [CUDA memcpy DtoH]
                   18.41%  21.312us         1  21.312us  21.312us  21.312us  vectorAdd(float const *, float const *, float*, int)
      API calls:   76.11%  159.27ms         3  53.090ms  5.0000us  159.25ms  cudaMalloc
                   23.25%  48.655ms         1  48.655ms  48.655ms  48.655ms  cuDevicePrimaryCtxRelease
                    0.25%  531.50us         3  177.17us  62.800us  337.90us  cudaMemcpy
                    0.18%  367.90us         3  122.63us  26.700us  288.20us  cudaFree
                    0.08%  171.30us         1  171.30us  171.30us  171.30us  cuModuleUnload
                    0.07%  155.70us        97  1.6050us     100ns  67.500us  cuDeviceGetAttribute
                    0.02%  48.800us         1  48.800us  48.800us  48.800us  cudaLaunchKernel
                    0.01%  29.100us         1  29.100us  29.100us  29.100us  cuDeviceTotalMem
                    0.01%  20.100us         2  10.050us     700ns  19.400us  cuDeviceGet
                    0.00%  9.3000us         1  9.3000us  9.3000us  9.3000us  cuDeviceGetPCIBusId
                    0.00%  1.5000us         3     500ns     200ns     900ns  cuDeviceGetCount
                    0.00%     800ns         1     800ns     800ns     800ns  cuDeviceGetName
                    0.00%     500ns         1     500ns     500ns     500ns  cudaGetLastError
                    0.00%     400ns         1     400ns     400ns     400ns  cuDeviceGetLuid
                    0.00%     200ns         1     200ns     200ns     200ns  cuDeviceGetUuid
