==8708== NVPROF is profiling process 8708, command: ..\test\x64\Release\test.exe 50000 58
==8708== Profiling application: ..\test\x64\Release\test.exe 50000 58
==8708== Profiling result:
            Type  Time(%)      Time     Calls       Avg       Min       Max  Name
 GPU activities:   70.18%  82.786us         2  41.393us  41.185us  41.601us  [CUDA memcpy HtoD]
                   25.80%  30.432us         1  30.432us  30.432us  30.432us  [CUDA memcpy DtoH]
                    4.02%  4.7360us         1  4.7360us  4.7360us  4.7360us  vectorAdd(float const *, float const *, float*, int)
      API calls:   76.82%  155.94ms         3  51.982ms  5.2000us  155.93ms  cudaMalloc
                   22.42%  45.508ms         1  45.508ms  45.508ms  45.508ms  cuDevicePrimaryCtxRelease
                    0.29%  590.40us         3  196.80us  59.800us  352.80us  cudaMemcpy
                    0.18%  367.10us         3  122.37us  8.6000us  339.60us  cudaFree
                    0.16%  328.50us        97  3.3860us     100ns  184.70us  cuDeviceGetAttribute
                    0.09%  174.90us         1  174.90us  174.90us  174.90us  cuModuleUnload
                    0.03%  56.600us         1  56.600us  56.600us  56.600us  cudaLaunchKernel
                    0.01%  15.700us         1  15.700us  15.700us  15.700us  cuDeviceTotalMem
                    0.00%  9.0000us         1  9.0000us  9.0000us  9.0000us  cuDeviceGetPCIBusId
                    0.00%  1.7000us         3     566ns     200ns  1.1000us  cuDeviceGetCount
                    0.00%  1.0000us         2     500ns     100ns     900ns  cuDeviceGet
                    0.00%     700ns         1     700ns     700ns     700ns  cuDeviceGetName
                    0.00%     400ns         1     400ns     400ns     400ns  cuDeviceGetLuid
                    0.00%     300ns         1     300ns     300ns     300ns  cuDeviceGetUuid
                    0.00%     300ns         1     300ns     300ns     300ns  cudaGetLastError
