==11948== NVPROF is profiling process 11948, command: ..\test\x64\Release\test.exe 50000 254
==11948== Profiling application: ..\test\x64\Release\test.exe 50000 254
==11948== Profiling result:
            Type  Time(%)      Time     Calls       Avg       Min       Max  Name
 GPU activities:   74.17%  97.888us         2  48.944us  32.032us  65.856us  [CUDA memcpy HtoD]
                   23.01%  30.368us         1  30.368us  30.368us  30.368us  [CUDA memcpy DtoH]
                    2.81%  3.7130us         1  3.7130us  3.7130us  3.7130us  vectorAdd(float const *, float const *, float*, int)
      API calls:   76.85%  149.85ms         3  49.951ms  5.2000us  149.84ms  cudaMalloc
                   22.57%  44.004ms         1  44.004ms  44.004ms  44.004ms  cuDevicePrimaryCtxRelease
                    0.26%  511.90us         3  170.63us  71.200us  255.30us  cudaMemcpy
                    0.12%  225.50us         3  75.166us  7.6000us  189.90us  cudaFree
                    0.10%  196.10us        97  2.0210us     100ns  65.600us  cuDeviceGetAttribute
                    0.04%  87.700us         1  87.700us  87.700us  87.700us  cuModuleUnload
                    0.03%  51.500us         1  51.500us  51.500us  51.500us  cuDeviceTotalMem
                    0.02%  43.400us         1  43.400us  43.400us  43.400us  cudaLaunchKernel
                    0.00%  9.5000us         1  9.5000us  9.5000us  9.5000us  cuDeviceGetPCIBusId
                    0.00%  1.2000us         3     400ns     200ns     700ns  cuDeviceGetCount
                    0.00%  1.0000us         1  1.0000us  1.0000us  1.0000us  cuDeviceGetName
                    0.00%     800ns         2     400ns     200ns     600ns  cuDeviceGet
                    0.00%     300ns         1     300ns     300ns     300ns  cuDeviceGetUuid
                    0.00%     300ns         1     300ns     300ns     300ns  cuDeviceGetLuid
                    0.00%     300ns         1     300ns     300ns     300ns  cudaGetLastError
