==14932== NVPROF is profiling process 14932, command: ..\test\x64\Release\test.exe 50000 985
==14932== Profiling application: ..\test\x64\Release\test.exe 50000 985
==14932== Profiling result:
            Type  Time(%)      Time     Calls       Avg       Min       Max  Name
 GPU activities:   71.82%  88.002us         2  44.001us  32.001us  56.001us  [CUDA memcpy HtoD]
                   24.68%  30.240us         1  30.240us  30.240us  30.240us  [CUDA memcpy DtoH]
                    3.50%  4.2880us         1  4.2880us  4.2880us  4.2880us  vectorAdd(float const *, float const *, float*, int)
      API calls:   74.97%  135.19ms         3  45.064ms  5.1000us  135.18ms  cudaMalloc
                   24.44%  44.073ms         1  44.073ms  44.073ms  44.073ms  cuDevicePrimaryCtxRelease
                    0.24%  438.50us         3  146.17us  77.900us  202.40us  cudaMemcpy
                    0.14%  257.50us        97  2.6540us     100ns  97.300us  cuDeviceGetAttribute
                    0.11%  191.70us         3  63.900us  7.1000us  170.60us  cudaFree
                    0.06%  116.10us         1  116.10us  116.10us  116.10us  cuModuleUnload
                    0.02%  33.100us         1  33.100us  33.100us  33.100us  cudaLaunchKernel
                    0.01%  18.000us         1  18.000us  18.000us  18.000us  cuDeviceTotalMem
                    0.00%  8.8000us         1  8.8000us  8.8000us  8.8000us  cuDeviceGetPCIBusId
                    0.00%  1.4000us         3     466ns     200ns  1.0000us  cuDeviceGetCount
                    0.00%  1.3000us         2     650ns     200ns  1.1000us  cuDeviceGet
                    0.00%     700ns         1     700ns     700ns     700ns  cuDeviceGetName
                    0.00%     400ns         1     400ns     400ns     400ns  cuDeviceGetLuid
                    0.00%     300ns         1     300ns     300ns     300ns  cudaGetLastError
                    0.00%     200ns         1     200ns     200ns     200ns  cuDeviceGetUuid
