==19032== NVPROF is profiling process 19032, command: ..\test\x64\Release\test.exe 50000 480
==19032== Profiling application: ..\test\x64\Release\test.exe 50000 480
==19032== Profiling result:
            Type  Time(%)      Time     Calls       Avg       Min       Max  Name
 GPU activities:   71.35%  85.280us         2  42.640us  41.024us  44.256us  [CUDA memcpy HtoD]
                   25.44%  30.401us         1  30.401us  30.401us  30.401us  [CUDA memcpy DtoH]
                    3.21%  3.8400us         1  3.8400us  3.8400us  3.8400us  vectorAdd(float const *, float const *, float*, int)
      API calls:   75.41%  146.91ms         3  48.970ms  5.1000us  146.88ms  cudaMalloc
                   23.78%  46.334ms         1  46.334ms  46.334ms  46.334ms  cuDevicePrimaryCtxRelease
                    0.34%  663.80us         3  221.27us  77.000us  385.60us  cudaMemcpy
                    0.24%  464.40us         3  154.80us  27.200us  401.30us  cudaFree
                    0.10%  186.10us        97  1.9180us     100ns  71.900us  cuDeviceGetAttribute
                    0.07%  136.70us         1  136.70us  136.70us  136.70us  cuModuleUnload
                    0.04%  83.500us         1  83.500us  83.500us  83.500us  cudaLaunchKernel
                    0.01%  21.500us         1  21.500us  21.500us  21.500us  cuDeviceTotalMem
                    0.01%  14.300us         1  14.300us  14.300us  14.300us  cuDeviceGetName
                    0.00%  8.9000us         1  8.9000us  8.9000us  8.9000us  cuDeviceGetPCIBusId
                    0.00%  1.7000us         3     566ns     300ns  1.1000us  cuDeviceGetCount
                    0.00%  1.3000us         2     650ns     200ns  1.1000us  cuDeviceGet
                    0.00%     400ns         1     400ns     400ns     400ns  cudaGetLastError
                    0.00%     300ns         1     300ns     300ns     300ns  cuDeviceGetLuid
                    0.00%     200ns         1     200ns     200ns     200ns  cuDeviceGetUuid
