==18776== NVPROF is profiling process 18776, command: ..\test\x64\Release\test.exe 50000 260
==18776== Profiling application: ..\test\x64\Release\test.exe 50000 260
==18776== Profiling result:
            Type  Time(%)      Time     Calls       Avg       Min       Max  Name
 GPU activities:   68.30%  73.633us         2  36.816us  32.097us  41.536us  [CUDA memcpy HtoD]
                   28.11%  30.304us         1  30.304us  30.304us  30.304us  [CUDA memcpy DtoH]
                    3.59%  3.8720us         1  3.8720us  3.8720us  3.8720us  vectorAdd(float const *, float const *, float*, int)
      API calls:   76.63%  145.08ms         3  48.359ms  5.0000us  145.05ms  cudaMalloc
                   22.36%  42.342ms         1  42.342ms  42.342ms  42.342ms  cuDevicePrimaryCtxRelease
                    0.59%  1.1091ms         3  369.70us  203.60us  479.00us  cudaMemcpy
                    0.18%  349.30us         3  116.43us  7.7000us  324.30us  cudaFree
                    0.10%  191.00us        97  1.9690us     100ns  68.200us  cuDeviceGetAttribute
                    0.06%  122.00us         1  122.00us  122.00us  122.00us  cuModuleUnload
                    0.04%  74.900us         1  74.900us  74.900us  74.900us  cudaLaunchKernel
                    0.03%  54.300us         1  54.300us  54.300us  54.300us  cuDeviceTotalMem
                    0.00%  8.4000us         1  8.4000us  8.4000us  8.4000us  cuDeviceGetPCIBusId
                    0.00%  1.6000us         3     533ns     300ns  1.0000us  cuDeviceGetCount
                    0.00%     900ns         2     450ns     200ns     700ns  cuDeviceGet
                    0.00%     900ns         1     900ns     900ns     900ns  cuDeviceGetName
                    0.00%     300ns         1     300ns     300ns     300ns  cuDeviceGetLuid
                    0.00%     300ns         1     300ns     300ns     300ns  cudaGetLastError
                    0.00%     200ns         1     200ns     200ns     200ns  cuDeviceGetUuid
