==9728== NVPROF is profiling process 9728, command: ..\test\x64\Release\test.exe 50000 247
==9728== Profiling application: ..\test\x64\Release\test.exe 50000 247
==9728== Profiling result:
            Type  Time(%)      Time     Calls       Avg       Min       Max  Name
 GPU activities:   63.68%  85.217us         2  42.608us  41.120us  44.097us  [CUDA memcpy HtoD]
                   33.52%  44.864us         1  44.864us  44.864us  44.864us  [CUDA memcpy DtoH]
                    2.80%  3.7440us         1  3.7440us  3.7440us  3.7440us  vectorAdd(float const *, float const *, float*, int)
      API calls:   76.34%  148.19ms         3  49.396ms  5.0000us  148.17ms  cudaMalloc
                   23.03%  44.713ms         1  44.713ms  44.713ms  44.713ms  cuDevicePrimaryCtxRelease
                    0.25%  493.10us         3  164.37us  87.800us  256.10us  cudaMemcpy
                    0.16%  304.70us         3  101.57us  7.8000us  267.30us  cudaFree
                    0.11%  208.20us        97  2.1460us     100ns  88.400us  cuDeviceGetAttribute
                    0.06%  125.00us         1  125.00us  125.00us  125.00us  cuModuleUnload
                    0.02%  40.300us         1  40.300us  40.300us  40.300us  cudaLaunchKernel
                    0.02%  38.400us         1  38.400us  38.400us  38.400us  cuDeviceTotalMem
                    0.00%  8.5000us         1  8.5000us  8.5000us  8.5000us  cuDeviceGetPCIBusId
                    0.00%  1.1000us         3     366ns     200ns     700ns  cuDeviceGetCount
                    0.00%  1.1000us         2     550ns     200ns     900ns  cuDeviceGet
                    0.00%  1.0000us         1  1.0000us  1.0000us  1.0000us  cuDeviceGetName
                    0.00%     300ns         1     300ns     300ns     300ns  cuDeviceGetLuid
                    0.00%     300ns         1     300ns     300ns     300ns  cudaGetLastError
                    0.00%     200ns         1     200ns     200ns     200ns  cuDeviceGetUuid
