==19868== NVPROF is profiling process 19868, command: ..\test\x64\Release\test.exe 50000 569
==19868== Profiling application: ..\test\x64\Release\test.exe 50000 569
==19868== Profiling result:
            Type  Time(%)      Time     Calls       Avg       Min       Max  Name
 GPU activities:   65.75%  94.913us         2  47.456us  44.129us  50.784us  [CUDA memcpy HtoD]
                   31.21%  45.056us         1  45.056us  45.056us  45.056us  [CUDA memcpy DtoH]
                    3.04%  4.3840us         1  4.3840us  4.3840us  4.3840us  vectorAdd(float const *, float const *, float*, int)
      API calls:   77.65%  146.00ms         3  48.668ms  4.5000us  145.99ms  cudaMalloc
                   21.53%  40.491ms         1  40.491ms  40.491ms  40.491ms  cuDevicePrimaryCtxRelease
                    0.33%  626.90us         3  208.97us  68.800us  379.60us  cudaMemcpy
                    0.18%  340.30us         3  113.43us  21.200us  279.70us  cudaFree
                    0.15%  280.10us        97  2.8870us     100ns  111.80us  cuDeviceGetAttribute
                    0.10%  195.50us         1  195.50us  195.50us  195.50us  cuModuleUnload
                    0.03%  56.800us         1  56.800us  56.800us  56.800us  cudaLaunchKernel
                    0.01%  17.400us         1  17.400us  17.400us  17.400us  cuDeviceTotalMem
                    0.01%  9.5000us         1  9.5000us  9.5000us  9.5000us  cuDeviceGetPCIBusId
                    0.00%  2.1000us         2  1.0500us     200ns  1.9000us  cuDeviceGet
                    0.00%  2.0000us         3     666ns     200ns  1.0000us  cuDeviceGetCount
                    0.00%     900ns         1     900ns     900ns     900ns  cuDeviceGetName
                    0.00%     400ns         1     400ns     400ns     400ns  cuDeviceGetLuid
                    0.00%     300ns         1     300ns     300ns     300ns  cudaGetLastError
                    0.00%     200ns         1     200ns     200ns     200ns  cuDeviceGetUuid
