==18640== NVPROF is profiling process 18640, command: ..\test\x64\Release\test.exe 50000 440
==18640== Profiling application: ..\test\x64\Release\test.exe 50000 440
==18640== Profiling result:
            Type  Time(%)      Time     Calls       Avg       Min       Max  Name
 GPU activities:   65.03%  64.033us         2  32.016us  31.968us  32.065us  [CUDA memcpy HtoD]
                   30.84%  30.369us         1  30.369us  30.369us  30.369us  [CUDA memcpy DtoH]
                    4.13%  4.0640us         1  4.0640us  4.0640us  4.0640us  vectorAdd(float const *, float const *, float*, int)
      API calls:   76.21%  145.51ms         3  48.502ms  5.2000us  145.49ms  cudaMalloc
                   23.14%  44.189ms         1  44.189ms  44.189ms  44.189ms  cuDevicePrimaryCtxRelease
                    0.26%  496.60us         3  165.53us  74.800us  265.20us  cudaMemcpy
                    0.13%  250.60us         3  83.533us  8.0000us  227.80us  cudaFree
                    0.11%  209.90us        97  2.1630us     100ns  71.200us  cuDeviceGetAttribute
                    0.09%  166.50us         1  166.50us  166.50us  166.50us  cuModuleUnload
                    0.02%  47.300us         1  47.300us  47.300us  47.300us  cudaLaunchKernel
                    0.02%  32.500us         1  32.500us  32.500us  32.500us  cuDeviceTotalMem
                    0.01%  19.100us         1  19.100us  19.100us  19.100us  cuDeviceGetPCIBusId
                    0.00%  1.3000us         3     433ns     200ns     800ns  cuDeviceGetCount
                    0.00%     800ns         2     400ns     100ns     700ns  cuDeviceGet
                    0.00%     700ns         1     700ns     700ns     700ns  cuDeviceGetName
                    0.00%     400ns         1     400ns     400ns     400ns  cuDeviceGetLuid
                    0.00%     200ns         1     200ns     200ns     200ns  cuDeviceGetUuid
                    0.00%     200ns         1     200ns     200ns     200ns  cudaGetLastError
