==17452== NVPROF is profiling process 17452, command: ..\test\x64\Release\test.exe 50000 100
==17452== Profiling application: ..\test\x64\Release\test.exe 50000 100
==17452== Profiling result:
            Type  Time(%)      Time     Calls       Avg       Min       Max  Name
 GPU activities:   58.67%  84.770us         2  42.385us  32.001us  52.769us  [CUDA memcpy HtoD]
                   38.49%  55.617us         1  55.617us  55.617us  55.617us  [CUDA memcpy DtoH]
                    2.83%  4.0960us         1  4.0960us  4.0960us  4.0960us  vectorAdd(float const *, float const *, float*, int)
      API calls:   76.40%  142.02ms         3  47.339ms  9.6000us  141.98ms  cudaMalloc
                   22.80%  42.390ms         1  42.390ms  42.390ms  42.390ms  cuDevicePrimaryCtxRelease
                    0.39%  724.40us         3  241.47us  57.000us  540.40us  cudaMemcpy
                    0.17%  319.20us         3  106.40us  15.900us  266.60us  cudaFree
                    0.10%  186.30us         1  186.30us  186.30us  186.30us  cuModuleUnload
                    0.10%  180.50us        97  1.8600us     100ns  66.700us  cuDeviceGetAttribute
                    0.02%  44.000us         1  44.000us  44.000us  44.000us  cudaLaunchKernel
                    0.01%  16.100us         1  16.100us  16.100us  16.100us  cuDeviceTotalMem
                    0.00%  8.1000us         1  8.1000us  8.1000us  8.1000us  cuDeviceGetPCIBusId
                    0.00%  1.4000us         3     466ns     200ns     900ns  cuDeviceGetCount
                    0.00%  1.1000us         1  1.1000us  1.1000us  1.1000us  cuDeviceGetName
                    0.00%     900ns         2     450ns     100ns     800ns  cuDeviceGet
                    0.00%     400ns         1     400ns     400ns     400ns  cuDeviceGetLuid
                    0.00%     300ns         1     300ns     300ns     300ns  cudaGetLastError
                    0.00%     200ns         1     200ns     200ns     200ns  cuDeviceGetUuid
