==18552== NVPROF is profiling process 18552, command: ..\test\x64\Release\test.exe 50000 319
==18552== Profiling application: ..\test\x64\Release\test.exe 50000 319
==18552== Profiling result:
            Type  Time(%)      Time     Calls       Avg       Min       Max  Name
 GPU activities:   69.19%  97.536us         2  48.768us  41.440us  56.096us  [CUDA memcpy HtoD]
                   28.08%  39.584us         1  39.584us  39.584us  39.584us  [CUDA memcpy DtoH]
                    2.72%  3.8400us         1  3.8400us  3.8400us  3.8400us  vectorAdd(float const *, float const *, float*, int)
      API calls:   76.17%  149.07ms         3  49.689ms  5.1000us  149.04ms  cudaMalloc
                   23.21%  45.423ms         1  45.423ms  45.423ms  45.423ms  cuDevicePrimaryCtxRelease
                    0.29%  569.90us         3  189.97us  93.100us  297.60us  cudaMemcpy
                    0.14%  265.10us         3  88.366us  8.0000us  239.40us  cudaFree
                    0.10%  189.60us        97  1.9540us     100ns  66.000us  cuDeviceGetAttribute
                    0.05%  99.600us         1  99.600us  99.600us  99.600us  cuModuleUnload
                    0.02%  44.500us         1  44.500us  44.500us  44.500us  cuDeviceTotalMem
                    0.02%  35.600us         1  35.600us  35.600us  35.600us  cudaLaunchKernel
                    0.00%  9.5000us         1  9.5000us  9.5000us  9.5000us  cuDeviceGetPCIBusId
                    0.00%  1.4000us         3     466ns     200ns  1.0000us  cuDeviceGetCount
                    0.00%  1.1000us         2     550ns     200ns     900ns  cuDeviceGet
                    0.00%     800ns         1     800ns     800ns     800ns  cuDeviceGetName
                    0.00%     300ns         1     300ns     300ns     300ns  cuDeviceGetLuid
                    0.00%     300ns         1     300ns     300ns     300ns  cudaGetLastError
                    0.00%     200ns         1     200ns     200ns     200ns  cuDeviceGetUuid
