==20128== NVPROF is profiling process 20128, command: ..\test\x64\Release\test.exe 50000 497
==20128== Profiling application: ..\test\x64\Release\test.exe 50000 497
==20128== Profiling result:
            Type  Time(%)      Time     Calls       Avg       Min       Max  Name
 GPU activities:   71.40%  85.474us         2  42.737us  41.345us  44.129us  [CUDA memcpy HtoD]
                   25.34%  30.336us         1  30.336us  30.336us  30.336us  [CUDA memcpy DtoH]
                    3.26%  3.9040us         1  3.9040us  3.9040us  3.9040us  vectorAdd(float const *, float const *, float*, int)
      API calls:   76.80%  146.09ms         3  48.696ms  5.2000us  146.07ms  cudaMalloc
                   22.54%  42.867ms         1  42.867ms  42.867ms  42.867ms  cuDevicePrimaryCtxRelease
                    0.26%  489.40us         3  163.13us  59.000us  276.00us  cudaMemcpy
                    0.14%  263.00us         3  87.666us  7.6000us  240.00us  cudaFree
                    0.11%  209.30us         1  209.30us  209.30us  209.30us  cuModuleUnload
                    0.11%  209.10us        97  2.1550us     100ns  78.100us  cuDeviceGetAttribute
                    0.02%  36.600us         1  36.600us  36.600us  36.600us  cuDeviceTotalMem
                    0.02%  34.200us         1  34.200us  34.200us  34.200us  cudaLaunchKernel
                    0.01%  11.100us         1  11.100us  11.100us  11.100us  cuDeviceGetPCIBusId
                    0.00%  1.4000us         3     466ns     200ns  1.0000us  cuDeviceGetCount
                    0.00%     800ns         2     400ns     100ns     700ns  cuDeviceGet
                    0.00%     800ns         1     800ns     800ns     800ns  cuDeviceGetName
                    0.00%     400ns         1     400ns     400ns     400ns  cuDeviceGetLuid
                    0.00%     400ns         1     400ns     400ns     400ns  cudaGetLastError
                    0.00%     300ns         1     300ns     300ns     300ns  cuDeviceGetUuid
