==19376== NVPROF is profiling process 19376, command: ..\test\x64\Release\test.exe 50000 385
==19376== Profiling application: ..\test\x64\Release\test.exe 50000 385
==19376== Profiling result:
            Type  Time(%)      Time     Calls       Avg       Min       Max  Name
 GPU activities:   64.68%  63.873us         2  31.936us  31.905us  31.968us  [CUDA memcpy HtoD]
                   30.72%  30.337us         1  30.337us  30.337us  30.337us  [CUDA memcpy DtoH]
                    4.60%  4.5440us         1  4.5440us  4.5440us  4.5440us  vectorAdd(float const *, float const *, float*, int)
      API calls:   75.52%  145.04ms         3  48.348ms  5.2000us  145.02ms  cudaMalloc
                   23.84%  45.790ms         1  45.790ms  45.790ms  45.790ms  cuDevicePrimaryCtxRelease
                    0.37%  701.50us         3  233.83us  168.80us  354.10us  cudaMemcpy
                    0.10%  197.50us        97  2.0360us     100ns  78.000us  cuDeviceGetAttribute
                    0.08%  145.70us         3  48.566us  7.9000us  120.50us  cudaFree
                    0.04%  78.200us         1  78.200us  78.200us  78.200us  cuModuleUnload
                    0.04%  67.600us         1  67.600us  67.600us  67.600us  cudaLaunchKernel
                    0.01%  15.000us         1  15.000us  15.000us  15.000us  cuDeviceTotalMem
                    0.00%  8.3000us         1  8.3000us  8.3000us  8.3000us  cuDeviceGetPCIBusId
                    0.00%  1.3000us         2     650ns     200ns  1.1000us  cuDeviceGet
                    0.00%  1.2000us         3     400ns     200ns     800ns  cuDeviceGetCount
                    0.00%     800ns         1     800ns     800ns     800ns  cuDeviceGetName
                    0.00%     400ns         1     400ns     400ns     400ns  cuDeviceGetLuid
                    0.00%     300ns         1     300ns     300ns     300ns  cudaGetLastError
                    0.00%     200ns         1     200ns     200ns     200ns  cuDeviceGetUuid
