==6408== NVPROF is profiling process 6408, command: ..\test\x64\Release\test.exe 50000 879
==6408== Profiling application: ..\test\x64\Release\test.exe 50000 879
==6408== Profiling result:
            Type  Time(%)      Time     Calls       Avg       Min       Max  Name
 GPU activities:   67.76%  73.185us         2  36.592us  32.000us  41.185us  [CUDA memcpy HtoD]
                   28.03%  30.273us         1  30.273us  30.273us  30.273us  [CUDA memcpy DtoH]
                    4.21%  4.5440us         1  4.5440us  4.5440us  4.5440us  vectorAdd(float const *, float const *, float*, int)
      API calls:   75.47%  134.61ms         3  44.871ms  4.8000us  134.60ms  cudaMalloc
                   23.87%  42.571ms         1  42.571ms  42.571ms  42.571ms  cuDevicePrimaryCtxRelease
                    0.28%  504.50us         3  168.17us  103.00us  235.90us  cudaMemcpy
                    0.15%  268.70us         3  89.566us  7.2000us  248.10us  cudaFree
                    0.12%  213.20us        97  2.1970us     100ns  80.300us  cuDeviceGetAttribute
                    0.06%  106.00us         1  106.00us  106.00us  106.00us  cuModuleUnload
                    0.02%  37.600us         1  37.600us  37.600us  37.600us  cuDeviceTotalMem
                    0.02%  34.100us         1  34.100us  34.100us  34.100us  cudaLaunchKernel
                    0.00%  8.6000us         1  8.6000us  8.6000us  8.6000us  cuDeviceGetPCIBusId
                    0.00%  1.7000us         3     566ns     200ns  1.2000us  cuDeviceGetCount
                    0.00%     900ns         2     450ns     200ns     700ns  cuDeviceGet
                    0.00%     700ns         1     700ns     700ns     700ns  cuDeviceGetName
                    0.00%     300ns         1     300ns     300ns     300ns  cuDeviceGetUuid
                    0.00%     300ns         1     300ns     300ns     300ns  cuDeviceGetLuid
                    0.00%     300ns         1     300ns     300ns     300ns  cudaGetLastError
