==17560== NVPROF is profiling process 17560, command: ..\test\x64\Release\test.exe 50000 199
==17560== Profiling application: ..\test\x64\Release\test.exe 50000 199
==17560== Profiling result:
            Type  Time(%)      Time     Calls       Avg       Min       Max  Name
 GPU activities:   68.02%  72.897us         2  36.448us  31.873us  41.024us  [CUDA memcpy HtoD]
                   28.31%  30.337us         1  30.337us  30.337us  30.337us  [CUDA memcpy DtoH]
                    3.67%  3.9360us         1  3.9360us  3.9360us  3.9360us  vectorAdd(float const *, float const *, float*, int)
      API calls:   76.27%  146.21ms         3  48.736ms  5.3000us  146.19ms  cudaMalloc
                   23.09%  44.262ms         1  44.262ms  44.262ms  44.262ms  cuDevicePrimaryCtxRelease
                    0.27%  513.10us         3  171.03us  84.100us  288.10us  cudaMemcpy
                    0.14%  275.20us         3  91.733us  7.9000us  235.10us  cudaFree
                    0.13%  246.00us        97  2.5360us     100ns  86.600us  cuDeviceGetAttribute
                    0.05%  89.700us         1  89.700us  89.700us  89.700us  cuModuleUnload
                    0.04%  75.200us         1  75.200us  75.200us  75.200us  cudaLaunchKernel
                    0.01%  16.900us         1  16.900us  16.900us  16.900us  cuDeviceTotalMem
                    0.00%  8.6000us         1  8.6000us  8.6000us  8.6000us  cuDeviceGetPCIBusId
                    0.00%  1.4000us         3     466ns     200ns     900ns  cuDeviceGetCount
                    0.00%  1.2000us         2     600ns     200ns  1.0000us  cuDeviceGet
                    0.00%  1.0000us         1  1.0000us  1.0000us  1.0000us  cuDeviceGetName
                    0.00%     400ns         1     400ns     400ns     400ns  cudaGetLastError
                    0.00%     300ns         1     300ns     300ns     300ns  cuDeviceGetLuid
                    0.00%     200ns         1     200ns     200ns     200ns  cuDeviceGetUuid
