==18548== NVPROF is profiling process 18548, command: ..\test\x64\Release\test.exe 50000 701
==18548== Profiling application: ..\test\x64\Release\test.exe 50000 701
==18548== Profiling result:
            Type  Time(%)      Time     Calls       Avg       Min       Max  Name
 GPU activities:   67.66%  73.249us         2  36.624us  32.000us  41.249us  [CUDA memcpy HtoD]
                   27.88%  30.177us         1  30.177us  30.177us  30.177us  [CUDA memcpy DtoH]
                    4.46%  4.8320us         1  4.8320us  4.8320us  4.8320us  vectorAdd(float const *, float const *, float*, int)
      API calls:   75.19%  152.76ms         3  50.920ms  5.4000us  152.74ms  cudaMalloc
                   24.27%  49.310ms         1  49.310ms  49.310ms  49.310ms  cuDevicePrimaryCtxRelease
                    0.24%  483.50us         3  161.17us  73.800us  224.10us  cudaMemcpy
                    0.13%  270.30us         3  90.100us  7.7000us  249.50us  cudaFree
                    0.08%  166.30us        97  1.7140us     100ns  76.200us  cuDeviceGetAttribute
                    0.06%  113.80us         1  113.80us  113.80us  113.80us  cuModuleUnload
                    0.02%  32.600us         1  32.600us  32.600us  32.600us  cudaLaunchKernel
                    0.01%  16.400us         1  16.400us  16.400us  16.400us  cuDeviceTotalMem
                    0.00%  9.1000us         1  9.1000us  9.1000us  9.1000us  cuDeviceGetPCIBusId
                    0.00%  2.8000us         3     933ns     200ns  1.6000us  cuDeviceGetCount
                    0.00%  1.7000us         2     850ns     300ns  1.4000us  cuDeviceGet
                    0.00%     700ns         1     700ns     700ns     700ns  cuDeviceGetName
                    0.00%     400ns         1     400ns     400ns     400ns  cuDeviceGetLuid
                    0.00%     300ns         1     300ns     300ns     300ns  cuDeviceGetUuid
                    0.00%     300ns         1     300ns     300ns     300ns  cudaGetLastError
