==16212== NVPROF is profiling process 16212, command: ..\test\x64\Release\test.exe 50000 179
==16212== Profiling application: ..\test\x64\Release\test.exe 50000 179
==16212== Profiling result:
            Type  Time(%)      Time     Calls       Avg       Min       Max  Name
 GPU activities:   68.15%  73.185us         2  36.592us  32.000us  41.185us  [CUDA memcpy HtoD]
                   28.16%  30.240us         1  30.240us  30.240us  30.240us  [CUDA memcpy DtoH]
                    3.69%  3.9680us         1  3.9680us  3.9680us  3.9680us  vectorAdd(float const *, float const *, float*, int)
      API calls:   76.84%  144.26ms         3  48.086ms  5.1000us  144.23ms  cudaMalloc
                   22.51%  42.258ms         1  42.258ms  42.258ms  42.258ms  cuDevicePrimaryCtxRelease
                    0.26%  485.80us         3  161.93us  82.100us  266.00us  cudaMemcpy
                    0.18%  333.50us         3  111.17us  7.3000us  276.30us  cudaFree
                    0.10%  179.70us        97  1.8520us     100ns  76.500us  cuDeviceGetAttribute
                    0.05%  89.600us         1  89.600us  89.600us  89.600us  cuModuleUnload
                    0.03%  53.800us         1  53.800us  53.800us  53.800us  cudaLaunchKernel
                    0.02%  46.300us         1  46.300us  46.300us  46.300us  cuDeviceTotalMem
                    0.02%  34.000us         1  34.000us  34.000us  34.000us  cuDeviceGetPCIBusId
                    0.00%  1.6000us         3     533ns     200ns  1.1000us  cuDeviceGetCount
                    0.00%  1.6000us         2     800ns     200ns  1.4000us  cuDeviceGet
                    0.00%     800ns         1     800ns     800ns     800ns  cuDeviceGetName
                    0.00%     400ns         1     400ns     400ns     400ns  cuDeviceGetLuid
                    0.00%     400ns         1     400ns     400ns     400ns  cudaGetLastError
                    0.00%     200ns         1     200ns     200ns     200ns  cuDeviceGetUuid
