==5580== NVPROF is profiling process 5580, command: ..\test\x64\Release\test.exe 50000 220
==5580== Profiling application: ..\test\x64\Release\test.exe 50000 220
==5580== Profiling result:
            Type  Time(%)      Time     Calls       Avg       Min       Max  Name
 GPU activities:   60.11%  73.248us         2  36.624us  31.840us  41.408us  [CUDA memcpy HtoD]
                   36.84%  44.897us         1  44.897us  44.897us  44.897us  [CUDA memcpy DtoH]
                    3.05%  3.7120us         1  3.7120us  3.7120us  3.7120us  vectorAdd(float const *, float const *, float*, int)
      API calls:   76.35%  151.75ms         3  50.585ms  5.5000us  151.74ms  cudaMalloc
                   23.06%  45.828ms         1  45.828ms  45.828ms  45.828ms  cuDevicePrimaryCtxRelease
                    0.24%  474.30us         3  158.10us  47.700us  308.10us  cudaMemcpy
                    0.13%  258.40us         3  86.133us  7.5000us  237.50us  cudaFree
                    0.11%  220.20us        97  2.2700us     100ns  99.300us  cuDeviceGetAttribute
                    0.07%  131.50us         1  131.50us  131.50us  131.50us  cuModuleUnload
                    0.04%  73.800us         1  73.800us  73.800us  73.800us  cudaLaunchKernel
                    0.01%  19.900us         1  19.900us  19.900us  19.900us  cuDeviceTotalMem
                    0.00%  9.1000us         1  9.1000us  9.1000us  9.1000us  cuDeviceGetPCIBusId
                    0.00%  1.5000us         3     500ns     200ns  1.0000us  cuDeviceGetCount
                    0.00%  1.4000us         2     700ns     200ns  1.2000us  cuDeviceGet
                    0.00%     700ns         1     700ns     700ns     700ns  cuDeviceGetName
                    0.00%     300ns         1     300ns     300ns     300ns  cuDeviceGetLuid
                    0.00%     300ns         1     300ns     300ns     300ns  cudaGetLastError
                    0.00%     200ns         1     200ns     200ns     200ns  cuDeviceGetUuid
