==2028== NVPROF is profiling process 2028, command: ..\test\x64\Release\test.exe 50000 182
==2028== Profiling application: ..\test\x64\Release\test.exe 50000 182
==2028== Profiling result:
            Type  Time(%)      Time     Calls       Avg       Min       Max  Name
 GPU activities:   70.67%  82.337us         2  41.168us  41.057us  41.280us  [CUDA memcpy HtoD]
                   26.04%  30.337us         1  30.337us  30.337us  30.337us  [CUDA memcpy DtoH]
                    3.30%  3.8400us         1  3.8400us  3.8400us  3.8400us  vectorAdd(float const *, float const *, float*, int)
      API calls:   75.30%  142.29ms         3  47.429ms  5.4000us  142.27ms  cudaMalloc
                   24.01%  45.363ms         1  45.363ms  45.363ms  45.363ms  cuDevicePrimaryCtxRelease
                    0.34%  634.00us         3  211.33us  117.80us  323.30us  cudaMemcpy
                    0.14%  269.00us         3  89.666us  21.300us  220.10us  cudaFree
                    0.12%  221.60us        97  2.2840us     100ns  99.100us  cuDeviceGetAttribute
                    0.05%  93.100us         1  93.100us  93.100us  93.100us  cuModuleUnload
                    0.03%  47.500us         1  47.500us  47.500us  47.500us  cuDeviceTotalMem
                    0.02%  31.200us         1  31.200us  31.200us  31.200us  cudaLaunchKernel
                    0.00%  8.3000us         1  8.3000us  8.3000us  8.3000us  cuDeviceGetPCIBusId
                    0.00%  1.8000us         2     900ns     200ns  1.6000us  cuDeviceGet
                    0.00%  1.4000us         3     466ns     200ns     800ns  cuDeviceGetCount
                    0.00%     800ns         1     800ns     800ns     800ns  cuDeviceGetName
                    0.00%     400ns         1     400ns     400ns     400ns  cuDeviceGetLuid
                    0.00%     300ns         1     300ns     300ns     300ns  cuDeviceGetUuid
                    0.00%     300ns         1     300ns     300ns     300ns  cudaGetLastError
