==19576== NVPROF is profiling process 19576, command: ..\test\x64\Release\test.exe 50000 490
==19576== Profiling application: ..\test\x64\Release\test.exe 50000 490
==19576== Profiling result:
            Type  Time(%)      Time     Calls       Avg       Min       Max  Name
 GPU activities:   70.66%  82.465us         2  41.232us  41.152us  41.313us  [CUDA memcpy HtoD]
                   25.97%  30.304us         1  30.304us  30.304us  30.304us  [CUDA memcpy DtoH]
                    3.37%  3.9360us         1  3.9360us  3.9360us  3.9360us  vectorAdd(float const *, float const *, float*, int)
      API calls:   74.86%  143.20ms         3  47.735ms  5.7000us  143.18ms  cudaMalloc
                   24.39%  46.656ms         1  46.656ms  46.656ms  46.656ms  cuDevicePrimaryCtxRelease
                    0.30%  565.00us         3  188.33us  47.600us  315.50us  cudaMemcpy
                    0.18%  342.00us         3  114.00us  19.100us  295.80us  cudaFree
                    0.10%  190.60us         1  190.60us  190.60us  190.60us  cuModuleUnload
                    0.09%  180.50us        97  1.8600us     100ns  74.700us  cuDeviceGetAttribute
                    0.04%  69.500us         1  69.500us  69.500us  69.500us  cudaLaunchKernel
                    0.03%  58.500us         1  58.500us  58.500us  58.500us  cuDeviceTotalMem
                    0.01%  14.900us         1  14.900us  14.900us  14.900us  cudaGetLastError
                    0.00%  8.7000us         1  8.7000us  8.7000us  8.7000us  cuDeviceGetPCIBusId
                    0.00%  1.9000us         2     950ns     200ns  1.7000us  cuDeviceGet
                    0.00%  1.5000us         3     500ns     200ns  1.0000us  cuDeviceGetCount
                    0.00%     800ns         1     800ns     800ns     800ns  cuDeviceGetName
                    0.00%     400ns         1     400ns     400ns     400ns  cuDeviceGetLuid
                    0.00%     300ns         1     300ns     300ns     300ns  cuDeviceGetUuid
