==19248== NVPROF is profiling process 19248, command: ..\test\x64\Release\test.exe 50000 384
==19248== Profiling application: ..\test\x64\Release\test.exe 50000 384
==19248== Profiling result:
            Type  Time(%)      Time     Calls       Avg       Min       Max  Name
 GPU activities:   58.09%  63.969us         2  31.984us  31.968us  32.001us  [CUDA memcpy HtoD]
                   38.45%  42.336us         1  42.336us  42.336us  42.336us  [CUDA memcpy DtoH]
                    3.46%  3.8090us         1  3.8090us  3.8090us  3.8090us  vectorAdd(float const *, float const *, float*, int)
      API calls:   75.23%  145.93ms         3  48.645ms  5.8000us  145.90ms  cudaMalloc
                   24.13%  46.815ms         1  46.815ms  46.815ms  46.815ms  cuDevicePrimaryCtxRelease
                    0.26%  502.00us         3  167.33us  105.00us  284.50us  cudaMemcpy
                    0.12%  237.90us        97  2.4520us     100ns  89.100us  cuDeviceGetAttribute
                    0.11%  218.00us         3  72.666us  8.1000us  193.60us  cudaFree
                    0.10%  199.20us         1  199.20us  199.20us  199.20us  cuModuleUnload
                    0.02%  37.500us         1  37.500us  37.500us  37.500us  cudaLaunchKernel
                    0.02%  34.900us         1  34.900us  34.900us  34.900us  cuDeviceTotalMem
                    0.01%  10.300us         1  10.300us  10.300us  10.300us  cuDeviceGetPCIBusId
                    0.00%  1.4000us         2     700ns     100ns  1.3000us  cuDeviceGet
                    0.00%  1.3000us         3     433ns     200ns     800ns  cuDeviceGetCount
                    0.00%  1.0000us         1  1.0000us  1.0000us  1.0000us  cuDeviceGetName
                    0.00%     500ns         1     500ns     500ns     500ns  cuDeviceGetLuid
                    0.00%     400ns         1     400ns     400ns     400ns  cudaGetLastError
                    0.00%     300ns         1     300ns     300ns     300ns  cuDeviceGetUuid
