==18604== NVPROF is profiling process 18604, command: ..\test\x64\Release\test.exe 50000 975
==18604== Profiling application: ..\test\x64\Release\test.exe 50000 975
==18604== Profiling result:
            Type  Time(%)      Time     Calls       Avg       Min       Max  Name
 GPU activities:   67.79%  72.993us         2  36.496us  31.744us  41.249us  [CUDA memcpy HtoD]
                   28.11%  30.272us         1  30.272us  30.272us  30.272us  [CUDA memcpy DtoH]
                    4.10%  4.4160us         1  4.4160us  4.4160us  4.4160us  vectorAdd(float const *, float const *, float*, int)
      API calls:   75.36%  136.83ms         3  45.611ms  5.3000us  136.82ms  cudaMalloc
                   24.07%  43.697ms         1  43.697ms  43.697ms  43.697ms  cuDevicePrimaryCtxRelease
                    0.26%  466.40us         3  155.47us  86.000us  238.20us  cudaMemcpy
                    0.10%  181.70us         3  60.566us  7.1000us  161.60us  cudaFree
                    0.09%  169.60us        97  1.7480us     100ns  70.600us  cuDeviceGetAttribute
                    0.07%  128.60us         1  128.60us  128.60us  128.60us  cuModuleUnload
                    0.03%  60.700us         1  60.700us  60.700us  60.700us  cudaLaunchKernel
                    0.01%  17.300us         1  17.300us  17.300us  17.300us  cuDeviceTotalMem
                    0.00%  8.9000us         1  8.9000us  8.9000us  8.9000us  cuDeviceGetPCIBusId
                    0.00%  2.0000us         3     666ns     200ns  1.0000us  cuDeviceGetCount
                    0.00%  1.2000us         2     600ns     300ns     900ns  cuDeviceGet
                    0.00%     800ns         1     800ns     800ns     800ns  cuDeviceGetName
                    0.00%     400ns         1     400ns     400ns     400ns  cuDeviceGetLuid
                    0.00%     300ns         1     300ns     300ns     300ns  cuDeviceGetUuid
                    0.00%     300ns         1     300ns     300ns     300ns  cudaGetLastError
