==18752== NVPROF is profiling process 18752, command: ..\test\x64\Release\test.exe 50000 369
==18752== Profiling application: ..\test\x64\Release\test.exe 50000 369
==18752== Profiling result:
            Type  Time(%)      Time     Calls       Avg       Min       Max  Name
 GPU activities:   72.69%  91.297us         2  45.648us  32.128us  59.169us  [CUDA memcpy HtoD]
                   24.15%  30.336us         1  30.336us  30.336us  30.336us  [CUDA memcpy DtoH]
                    3.16%  3.9680us         1  3.9680us  3.9680us  3.9680us  vectorAdd(float const *, float const *, float*, int)
      API calls:   75.31%  145.01ms         3  48.337ms  17.400us  144.96ms  cudaMalloc
                   23.95%  46.107ms         1  46.107ms  46.107ms  46.107ms  cuDevicePrimaryCtxRelease
                    0.35%  677.50us         3  225.83us  124.20us  278.10us  cudaMemcpy
                    0.15%  286.00us         3  95.333us  16.300us  248.30us  cudaFree
                    0.10%  189.10us        97  1.9490us     100ns  67.700us  cuDeviceGetAttribute
                    0.08%  157.50us         1  157.50us  157.50us  157.50us  cuModuleUnload
                    0.03%  57.700us         1  57.700us  57.700us  57.700us  cudaLaunchKernel
                    0.03%  49.200us         1  49.200us  49.200us  49.200us  cuDeviceTotalMem
                    0.00%  9.4000us         1  9.4000us  9.4000us  9.4000us  cuDeviceGetPCIBusId
                    0.00%  1.7000us         3     566ns     200ns  1.3000us  cuDeviceGetCount
                    0.00%  1.1000us         2     550ns     200ns     900ns  cuDeviceGet
                    0.00%     700ns         1     700ns     700ns     700ns  cuDeviceGetName
                    0.00%     400ns         1     400ns     400ns     400ns  cuDeviceGetLuid
                    0.00%     300ns         1     300ns     300ns     300ns  cuDeviceGetUuid
                    0.00%     300ns         1     300ns     300ns     300ns  cudaGetLastError
