==14596== NVPROF is profiling process 14596, command: ..\test\x64\Release\test.exe 50000 119
==14596== Profiling application: ..\test\x64\Release\test.exe 50000 119
==14596== Profiling result:
            Type  Time(%)      Time     Calls       Avg       Min       Max  Name
 GPU activities:   77.66%  118.24us         2  59.120us  50.944us  67.297us  [CUDA memcpy HtoD]
                   19.90%  30.304us         1  30.304us  30.304us  30.304us  [CUDA memcpy DtoH]
                    2.44%  3.7120us         1  3.7120us  3.7120us  3.7120us  vectorAdd(float const *, float const *, float*, int)
      API calls:   75.65%  148.14ms         3  49.380ms  5.5000us  148.11ms  cudaMalloc
                   23.44%  45.904ms         1  45.904ms  45.904ms  45.904ms  cuDevicePrimaryCtxRelease
                    0.40%  773.70us         3  257.90us  74.000us  559.80us  cudaMemcpy
                    0.20%  388.80us         3  129.60us  26.900us  312.40us  cudaFree
                    0.14%  280.80us        97  2.8940us     100ns  96.600us  cuDeviceGetAttribute
                    0.13%  247.70us         1  247.70us  247.70us  247.70us  cuModuleUnload
                    0.02%  41.700us         1  41.700us  41.700us  41.700us  cudaLaunchKernel
                    0.01%  24.500us         1  24.500us  24.500us  24.500us  cuDeviceTotalMem
                    0.00%  9.0000us         1  9.0000us  9.0000us  9.0000us  cuDeviceGetPCIBusId
                    0.00%  2.7000us         3     900ns     100ns  1.6000us  cuDeviceGetCount
                    0.00%  2.0000us         2  1.0000us     400ns  1.6000us  cuDeviceGet
                    0.00%     800ns         1     800ns     800ns     800ns  cuDeviceGetName
                    0.00%     400ns         1     400ns     400ns     400ns  cuDeviceGetLuid
                    0.00%     400ns         1     400ns     400ns     400ns  cudaGetLastError
                    0.00%     300ns         1     300ns     300ns     300ns  cuDeviceGetUuid
