==19768== NVPROF is profiling process 19768, command: ..\test\x64\Release\test.exe 50000 783
==19768== Profiling application: ..\test\x64\Release\test.exe 50000 783
==19768== Profiling result:
            Type  Time(%)      Time     Calls       Avg       Min       Max  Name
 GPU activities:   70.24%  82.561us         2  41.280us  41.249us  41.312us  [CUDA memcpy HtoD]
                   25.73%  30.240us         1  30.240us  30.240us  30.240us  [CUDA memcpy DtoH]
                    4.03%  4.7370us         1  4.7370us  4.7370us  4.7370us  vectorAdd(float const *, float const *, float*, int)
      API calls:   76.53%  140.31ms         3  46.770ms  5.4000us  140.29ms  cudaMalloc
                   22.84%  41.879ms         1  41.879ms  41.879ms  41.879ms  cuDevicePrimaryCtxRelease
                    0.25%  466.20us         3  155.40us  83.000us  241.20us  cudaMemcpy
                    0.14%  258.80us         3  86.266us  7.3000us  239.00us  cudaFree
                    0.13%  234.50us        97  2.4170us     100ns  101.90us  cuDeviceGetAttribute
                    0.05%  98.700us         1  98.700us  98.700us  98.700us  cuModuleUnload
                    0.02%  41.200us         1  41.200us  41.200us  41.200us  cuDeviceTotalMem
                    0.02%  31.500us         1  31.500us  31.500us  31.500us  cudaLaunchKernel
                    0.00%  8.7000us         1  8.7000us  8.7000us  8.7000us  cuDeviceGetPCIBusId
                    0.00%  1.6000us         2     800ns     200ns  1.4000us  cuDeviceGet
                    0.00%  1.3000us         3     433ns     100ns     900ns  cuDeviceGetCount
                    0.00%     800ns         1     800ns     800ns     800ns  cuDeviceGetName
                    0.00%     300ns         1     300ns     300ns     300ns  cudaGetLastError
                    0.00%     200ns         1     200ns     200ns     200ns  cuDeviceGetUuid
                    0.00%     200ns         1     200ns     200ns     200ns  cuDeviceGetLuid
