==4992== NVPROF is profiling process 4992, command: ..\test\x64\Release\test.exe 50000 626
==4992== Profiling application: ..\test\x64\Release\test.exe 50000 626
==4992== Profiling result:
            Type  Time(%)      Time     Calls       Avg       Min       Max  Name
 GPU activities:   72.67%  91.712us         2  45.856us  41.408us  50.304us  [CUDA memcpy HtoD]
                   24.09%  30.400us         1  30.400us  30.400us  30.400us  [CUDA memcpy DtoH]
                    3.25%  4.0960us         1  4.0960us  4.0960us  4.0960us  vectorAdd(float const *, float const *, float*, int)
      API calls:   77.32%  141.22ms         3  47.073ms  5.3000us  141.20ms  cudaMalloc
                   21.99%  40.169ms         1  40.169ms  40.169ms  40.169ms  cuDevicePrimaryCtxRelease
                    0.28%  514.50us         3  171.50us  58.800us  285.60us  cudaMemcpy
                    0.18%  333.30us        97  3.4360us     100ns  136.80us  cuDeviceGetAttribute
                    0.13%  241.20us         3  80.400us  7.2000us  220.10us  cudaFree
                    0.05%  100.20us         1  100.20us  100.20us  100.20us  cuModuleUnload
                    0.02%  34.000us         1  34.000us  34.000us  34.000us  cudaLaunchKernel
                    0.01%  16.400us         1  16.400us  16.400us  16.400us  cuDeviceTotalMem
                    0.00%  8.8000us         1  8.8000us  8.8000us  8.8000us  cuDeviceGetPCIBusId
                    0.00%  1.8000us         2     900ns     300ns  1.5000us  cuDeviceGet
                    0.00%  1.7000us         3     566ns     300ns     900ns  cuDeviceGetCount
                    0.00%  1.0000us         1  1.0000us  1.0000us  1.0000us  cuDeviceGetName
                    0.00%     300ns         1     300ns     300ns     300ns  cuDeviceGetUuid
                    0.00%     300ns         1     300ns     300ns     300ns  cuDeviceGetLuid
                    0.00%     300ns         1     300ns     300ns     300ns  cudaGetLastError
