==20140== NVPROF is profiling process 20140, command: ..\test\x64\Release\test.exe 50000 958
==20140== Profiling application: ..\test\x64\Release\test.exe 50000 958
==20140== Profiling result:
            Type  Time(%)      Time     Calls       Avg       Min       Max  Name
 GPU activities:   74.97%  104.01us         2  52.006us  50.662us  53.350us  [CUDA memcpy HtoD]
                   21.87%  30.340us         1  30.340us  30.340us  30.340us  [CUDA memcpy DtoH]
                    3.16%  4.3840us         1  4.3840us  4.3840us  4.3840us  vectorAdd(float const *, float const *, float*, int)
      API calls:   75.28%  134.26ms         3  44.753ms  4.9000us  134.24ms  cudaMalloc
                   24.04%  42.866ms         1  42.866ms  42.866ms  42.866ms  cuDevicePrimaryCtxRelease
                    0.31%  555.60us         3  185.20us  94.000us  236.90us  cudaMemcpy
                    0.13%  226.70us        97  2.3370us     100ns  80.900us  cuDeviceGetAttribute
                    0.11%  200.50us         3  66.833us  7.2000us  179.20us  cudaFree
                    0.07%  128.90us         1  128.90us  128.90us  128.90us  cuModuleUnload
                    0.03%  50.400us         1  50.400us  50.400us  50.400us  cuDeviceTotalMem
                    0.03%  47.200us         1  47.200us  47.200us  47.200us  cudaLaunchKernel
                    0.00%  8.2000us         1  8.2000us  8.2000us  8.2000us  cuDeviceGetPCIBusId
                    0.00%  1.4000us         3     466ns     200ns     900ns  cuDeviceGetCount
                    0.00%     900ns         2     450ns     200ns     700ns  cuDeviceGet
                    0.00%     900ns         1     900ns     900ns     900ns  cuDeviceGetName
                    0.00%     300ns         1     300ns     300ns     300ns  cudaGetLastError
                    0.00%     200ns         1     200ns     200ns     200ns  cuDeviceGetUuid
                    0.00%     200ns         1     200ns     200ns     200ns  cuDeviceGetLuid
