==7924== NVPROF is profiling process 7924, command: ..\test\x64\Release\test.exe 50000 248
==7924== Profiling application: ..\test\x64\Release\test.exe 50000 248
==7924== Profiling result:
            Type  Time(%)      Time     Calls       Avg       Min       Max  Name
 GPU activities:   70.86%  82.625us         2  41.312us  41.248us  41.377us  [CUDA memcpy HtoD]
                   26.02%  30.336us         1  30.336us  30.336us  30.336us  [CUDA memcpy DtoH]
                    3.13%  3.6480us         1  3.6480us  3.6480us  3.6480us  vectorAdd(float const *, float const *, float*, int)
      API calls:   77.09%  149.36ms         3  49.785ms  5.2000us  149.34ms  cudaMalloc
                   22.29%  43.188ms         1  43.188ms  43.188ms  43.188ms  cuDevicePrimaryCtxRelease
                    0.28%  534.70us         3  178.23us  75.000us  267.40us  cudaMemcpy
                    0.10%  202.60us        97  2.0880us     100ns  78.300us  cuDeviceGetAttribute
                    0.09%  182.50us         3  60.833us  7.5000us  161.50us  cudaFree
                    0.08%  164.40us         1  164.40us  164.40us  164.40us  cuModuleUnload
                    0.03%  55.200us         1  55.200us  55.200us  55.200us  cuDeviceTotalMem
                    0.03%  53.600us         1  53.600us  53.600us  53.600us  cudaLaunchKernel
                    0.00%  8.7000us         1  8.7000us  8.7000us  8.7000us  cuDeviceGetPCIBusId
                    0.00%  1.6000us         3     533ns     200ns  1.1000us  cuDeviceGetCount
                    0.00%  1.4000us         2     700ns     100ns  1.3000us  cuDeviceGet
                    0.00%     800ns         1     800ns     800ns     800ns  cuDeviceGetName
                    0.00%     400ns         1     400ns     400ns     400ns  cuDeviceGetLuid
                    0.00%     300ns         1     300ns     300ns     300ns  cuDeviceGetUuid
                    0.00%     300ns         1     300ns     300ns     300ns  cudaGetLastError
