==18364== NVPROF is profiling process 18364, command: ..\test\x64\Release\test.exe 50000 42
==18364== Profiling application: ..\test\x64\Release\test.exe 50000 42
==18364== Profiling result:
            Type  Time(%)      Time     Calls       Avg       Min       Max  Name
 GPU activities:   69.31%  82.688us         2  41.344us  41.184us  41.504us  [CUDA memcpy HtoD]
                   25.56%  30.496us         1  30.496us  30.496us  30.496us  [CUDA memcpy DtoH]
                    5.12%  6.1120us         1  6.1120us  6.1120us  6.1120us  vectorAdd(float const *, float const *, float*, int)
      API calls:   75.13%  147.45ms         3  49.151ms  5.4000us  147.43ms  cudaMalloc
                   24.14%  47.382ms         1  47.382ms  47.382ms  47.382ms  cuDevicePrimaryCtxRelease
                    0.31%  598.60us         3  199.53us  98.800us  343.30us  cudaMemcpy
                    0.16%  309.60us         3  103.20us  21.700us  249.60us  cudaFree
                    0.11%  208.30us        97  2.1470us     100ns  85.800us  cuDeviceGetAttribute
                    0.07%  136.30us         1  136.30us  136.30us  136.30us  cuModuleUnload
                    0.05%  103.50us         1  103.50us  103.50us  103.50us  cudaLaunchKernel
                    0.02%  37.800us         1  37.800us  37.800us  37.800us  cuDeviceTotalMem
                    0.01%  19.000us         1  19.000us  19.000us  19.000us  cuDeviceGetLuid
                    0.00%  8.8000us         1  8.8000us  8.8000us  8.8000us  cuDeviceGetPCIBusId
                    0.00%  1.4000us         3     466ns     200ns     900ns  cuDeviceGetCount
                    0.00%  1.4000us         2     700ns     200ns  1.2000us  cuDeviceGet
                    0.00%     700ns         1     700ns     700ns     700ns  cuDeviceGetName
                    0.00%     300ns         1     300ns     300ns     300ns  cuDeviceGetUuid
                    0.00%     300ns         1     300ns     300ns     300ns  cudaGetLastError
