==19808== NVPROF is profiling process 19808, command: ..\test\x64\Release\test.exe 50000 664
==19808== Profiling application: ..\test\x64\Release\test.exe 50000 664
==19808== Profiling result:
            Type  Time(%)      Time     Calls       Avg       Min       Max  Name
 GPU activities:   70.74%  82.561us         2  41.280us  41.280us  41.281us  [CUDA memcpy HtoD]
                   25.91%  30.241us         1  30.241us  30.241us  30.241us  [CUDA memcpy DtoH]
                    3.35%  3.9040us         1  3.9040us  3.9040us  3.9040us  vectorAdd(float const *, float const *, float*, int)
      API calls:   76.30%  136.69ms         3  45.565ms  4.8000us  136.68ms  cudaMalloc
                   23.05%  41.295ms         1  41.295ms  41.295ms  41.295ms  cuDevicePrimaryCtxRelease
                    0.29%  516.10us         3  172.03us  79.400us  261.30us  cudaMemcpy
                    0.15%  262.90us         3  87.633us  7.1000us  242.30us  cudaFree
                    0.11%  204.80us        97  2.1110us     100ns  70.000us  cuDeviceGetAttribute
                    0.06%  103.40us         1  103.40us  103.40us  103.40us  cuModuleUnload
                    0.02%  39.200us         1  39.200us  39.200us  39.200us  cuDeviceTotalMem
                    0.02%  32.900us         1  32.900us  32.900us  32.900us  cudaLaunchKernel
                    0.01%  9.0000us         1  9.0000us  9.0000us  9.0000us  cuDeviceGetPCIBusId
                    0.00%  1.6000us         3     533ns     200ns  1.1000us  cuDeviceGetCount
                    0.00%  1.0000us         2     500ns     200ns     800ns  cuDeviceGet
                    0.00%     700ns         1     700ns     700ns     700ns  cuDeviceGetName
                    0.00%     400ns         1     400ns     400ns     400ns  cuDeviceGetLuid
                    0.00%     300ns         1     300ns     300ns     300ns  cuDeviceGetUuid
                    0.00%     300ns         1     300ns     300ns     300ns  cudaGetLastError
