==19892== NVPROF is profiling process 19892, command: ..\test\x64\Release\test.exe 50000 494
==19892== Profiling application: ..\test\x64\Release\test.exe 50000 494
==19892== Profiling result:
            Type  Time(%)      Time     Calls       Avg       Min       Max  Name
 GPU activities:   72.99%  92.418us         2  46.209us  41.217us  51.201us  [CUDA memcpy HtoD]
                   23.96%  30.336us         1  30.336us  30.336us  30.336us  [CUDA memcpy DtoH]
                    3.06%  3.8720us         1  3.8720us  3.8720us  3.8720us  vectorAdd(float const *, float const *, float*, int)
      API calls:   77.28%  142.12ms         3  47.375ms  4.9000us  142.10ms  cudaMalloc
                   22.06%  40.574ms         1  40.574ms  40.574ms  40.574ms  cuDevicePrimaryCtxRelease
                    0.27%  498.70us         3  166.23us  93.700us  257.60us  cudaMemcpy
                    0.13%  247.60us         1  247.60us  247.60us  247.60us  cuModuleUnload
                    0.12%  219.10us         3  73.033us  15.800us  179.60us  cudaFree
                    0.09%  158.90us        97  1.6380us     100ns  70.000us  cuDeviceGetAttribute
                    0.02%  36.900us         1  36.900us  36.900us  36.900us  cudaLaunchKernel
                    0.02%  32.400us         1  32.400us  32.400us  32.400us  cuDeviceTotalMem
                    0.00%  8.4000us         1  8.4000us  8.4000us  8.4000us  cuDeviceGetPCIBusId
                    0.00%  2.0000us         3     666ns     200ns     900ns  cuDeviceGetCount
                    0.00%  1.3000us         2     650ns     300ns  1.0000us  cuDeviceGet
                    0.00%     800ns         1     800ns     800ns     800ns  cuDeviceGetName
                    0.00%     400ns         1     400ns     400ns     400ns  cuDeviceGetLuid
                    0.00%     300ns         1     300ns     300ns     300ns  cuDeviceGetUuid
                    0.00%     300ns         1     300ns     300ns     300ns  cudaGetLastError
