==20072== NVPROF is profiling process 20072, command: ..\test\x64\Release\test.exe 50000 861
==20072== Profiling application: ..\test\x64\Release\test.exe 50000 861
==20072== Profiling result:
            Type  Time(%)      Time     Calls       Avg       Min       Max  Name
 GPU activities:   67.25%  82.529us         2  41.264us  41.248us  41.281us  [CUDA memcpy HtoD]
                   24.75%  30.368us         1  30.368us  30.368us  30.368us  [CUDA memcpy DtoH]
                    8.01%  9.8240us         1  9.8240us  9.8240us  9.8240us  vectorAdd(float const *, float const *, float*, int)
      API calls:   75.31%  133.56ms         3  44.519ms  4.9000us  133.53ms  cudaMalloc
                   24.08%  42.695ms         1  42.695ms  42.695ms  42.695ms  cuDevicePrimaryCtxRelease
                    0.28%  498.20us         3  166.07us  88.400us  239.00us  cudaMemcpy
                    0.13%  223.10us        97  2.3000us     100ns  87.100us  cuDeviceGetAttribute
                    0.09%  165.30us         3  55.100us  6.7000us  146.40us  cudaFree
                    0.06%  103.90us         1  103.90us  103.90us  103.90us  cuModuleUnload
                    0.02%  43.500us         1  43.500us  43.500us  43.500us  cudaLaunchKernel
                    0.02%  38.800us         1  38.800us  38.800us  38.800us  cuDeviceTotalMem
                    0.00%  8.4000us         1  8.4000us  8.4000us  8.4000us  cuDeviceGetPCIBusId
                    0.00%  1.4000us         3     466ns     200ns     900ns  cuDeviceGetCount
                    0.00%  1.2000us         2     600ns     200ns  1.0000us  cuDeviceGet
                    0.00%     800ns         1     800ns     800ns     800ns  cuDeviceGetName
                    0.00%     300ns         1     300ns     300ns     300ns  cuDeviceGetUuid
                    0.00%     300ns         1     300ns     300ns     300ns  cuDeviceGetLuid
                    0.00%     200ns         1     200ns     200ns     200ns  cudaGetLastError
