==17964== NVPROF is profiling process 17964, command: ..\test\x64\Release\test.exe 50000 115
==17964== Profiling application: ..\test\x64\Release\test.exe 50000 115
==17964== Profiling result:
            Type  Time(%)      Time     Calls       Avg       Min       Max  Name
 GPU activities:   68.47%  74.304us         2  37.152us  32.000us  42.304us  [CUDA memcpy HtoD]
                   27.99%  30.369us         1  30.369us  30.369us  30.369us  [CUDA memcpy DtoH]
                    3.54%  3.8400us         1  3.8400us  3.8400us  3.8400us  vectorAdd(float const *, float const *, float*, int)
      API calls:   76.40%  142.86ms         3  47.620ms  18.800us  142.81ms  cudaMalloc
                   22.93%  42.867ms         1  42.867ms  42.867ms  42.867ms  cuDevicePrimaryCtxRelease
                    0.32%  593.50us         3  197.83us  101.30us  296.00us  cudaMemcpy
                    0.10%  188.20us         3  62.733us  8.1000us  162.50us  cudaFree
                    0.10%  186.90us        97  1.9260us     100ns  71.900us  cuDeviceGetAttribute
                    0.07%  137.70us         1  137.70us  137.70us  137.70us  cuModuleUnload
                    0.05%  92.300us         1  92.300us  92.300us  92.300us  cudaLaunchKernel
                    0.02%  44.300us         1  44.300us  44.300us  44.300us  cuDeviceTotalMem
                    0.00%  9.2000us         1  9.2000us  9.2000us  9.2000us  cuDeviceGetPCIBusId
                    0.00%  1.5000us         3     500ns     200ns  1.0000us  cuDeviceGetCount
                    0.00%  1.0000us         2     500ns     200ns     800ns  cuDeviceGet
                    0.00%     800ns         1     800ns     800ns     800ns  cuDeviceGetName
                    0.00%     400ns         1     400ns     400ns     400ns  cudaGetLastError
                    0.00%     300ns         1     300ns     300ns     300ns  cuDeviceGetLuid
                    0.00%     200ns         1     200ns     200ns     200ns  cuDeviceGetUuid
