==5384== NVPROF is profiling process 5384, command: ..\test\x64\Release\test.exe 50000 591
==5384== Profiling application: ..\test\x64\Release\test.exe 50000 591
==5384== Profiling result:
            Type  Time(%)      Time     Calls       Avg       Min       Max  Name
 GPU activities:   70.83%  84.001us         2  42.000us  41.248us  42.753us  [CUDA memcpy HtoD]
                   25.61%  30.368us         1  30.368us  30.368us  30.368us  [CUDA memcpy DtoH]
                    3.56%  4.2240us         1  4.2240us  4.2240us  4.2240us  vectorAdd(float const *, float const *, float*, int)
      API calls:   70.16%  145.51ms         3  48.503ms  4.7000us  145.49ms  cudaMalloc
                   29.18%  60.518ms         1  60.518ms  60.518ms  60.518ms  cuDevicePrimaryCtxRelease
                    0.27%  558.60us         3  186.20us  67.400us  275.40us  cudaMemcpy
                    0.13%  261.90us        97  2.7000us     100ns  84.300us  cuDeviceGetAttribute
                    0.10%  201.30us         3  67.100us  8.3000us  161.40us  cudaFree
                    0.09%  191.80us         1  191.80us  191.80us  191.80us  cuModuleUnload
                    0.05%  102.60us         1  102.60us  102.60us  102.60us  cudaLaunchKernel
                    0.02%  32.100us         1  32.100us  32.100us  32.100us  cuDeviceTotalMem
                    0.00%  9.1000us         1  9.1000us  9.1000us  9.1000us  cuDeviceGetPCIBusId
                    0.00%  1.9000us         3     633ns     200ns  1.0000us  cuDeviceGetCount
                    0.00%  1.2000us         2     600ns     100ns  1.1000us  cuDeviceGet
                    0.00%     700ns         1     700ns     700ns     700ns  cuDeviceGetName
                    0.00%     400ns         1     400ns     400ns     400ns  cuDeviceGetLuid
                    0.00%     300ns         1     300ns     300ns     300ns  cuDeviceGetUuid
                    0.00%     300ns         1     300ns     300ns     300ns  cudaGetLastError
