==20932== NVPROF is profiling process 20932, command: ..\test\x64\Release\test.exe 50000 863
==20932== Profiling application: ..\test\x64\Release\test.exe 50000 863
==20932== Profiling result:
            Type  Time(%)      Time     Calls       Avg       Min       Max  Name
 GPU activities:   70.24%  82.337us         2  41.168us  41.120us  41.217us  [CUDA memcpy HtoD]
                   25.85%  30.304us         1  30.304us  30.304us  30.304us  [CUDA memcpy DtoH]
                    3.90%  4.5760us         1  4.5760us  4.5760us  4.5760us  vectorAdd(float const *, float const *, float*, int)
      API calls:   76.93%  132.63ms         3  44.211ms  4.8000us  132.62ms  cudaMalloc
                   22.46%  38.729ms         1  38.729ms  38.729ms  38.729ms  cuDevicePrimaryCtxRelease
                    0.28%  475.10us         3  158.37us  78.200us  239.60us  cudaMemcpy
                    0.11%  197.90us         3  65.966us  7.5000us  177.80us  cudaFree
                    0.10%  173.80us        97  1.7910us     100ns  76.100us  cuDeviceGetAttribute
                    0.06%  106.50us         1  106.50us  106.50us  106.50us  cuModuleUnload
                    0.03%  45.500us         1  45.500us  45.500us  45.500us  cuDeviceTotalMem
                    0.02%  32.200us         1  32.200us  32.200us  32.200us  cudaLaunchKernel
                    0.00%  8.4000us         1  8.4000us  8.4000us  8.4000us  cuDeviceGetPCIBusId
                    0.00%  1.0000us         3     333ns     200ns     600ns  cuDeviceGetCount
                    0.00%     900ns         2     450ns     200ns     700ns  cuDeviceGet
                    0.00%     800ns         1     800ns     800ns     800ns  cuDeviceGetName
                    0.00%     400ns         1     400ns     400ns     400ns  cuDeviceGetLuid
                    0.00%     300ns         1     300ns     300ns     300ns  cuDeviceGetUuid
                    0.00%     300ns         1     300ns     300ns     300ns  cudaGetLastError
