==6960== NVPROF is profiling process 6960, command: ..\test\x64\Release\test.exe 50000 191
==6960== Profiling application: ..\test\x64\Release\test.exe 50000 191
==6960== Profiling result:
            Type  Time(%)      Time     Calls       Avg       Min       Max  Name
 GPU activities:   68.30%  73.440us         2  36.720us  32.288us  41.152us  [CUDA memcpy HtoD]
                   28.16%  30.273us         1  30.273us  30.273us  30.273us  [CUDA memcpy DtoH]
                    3.54%  3.8080us         1  3.8080us  3.8080us  3.8080us  vectorAdd(float const *, float const *, float*, int)
      API calls:   75.80%  140.66ms         3  46.888ms  26.400us  140.57ms  cudaMalloc
                   23.54%  43.695ms         1  43.695ms  43.695ms  43.695ms  cuDevicePrimaryCtxRelease
                    0.27%  500.10us         3  166.70us  92.700us  215.40us  cudaMemcpy
                    0.15%  270.50us         3  90.166us  9.6000us  233.00us  cudaFree
                    0.12%  213.50us        97  2.2010us     100ns  111.60us  cuDeviceGetAttribute
                    0.07%  129.10us         1  129.10us  129.10us  129.10us  cuModuleUnload
                    0.03%  47.100us         1  47.100us  47.100us  47.100us  cudaLaunchKernel
                    0.02%  31.200us         1  31.200us  31.200us  31.200us  cuDeviceTotalMem
                    0.01%  20.900us         3  6.9660us     200ns  19.900us  cuDeviceGetCount
                    0.00%  8.6000us         1  8.6000us  8.6000us  8.6000us  cuDeviceGetPCIBusId
                    0.00%  1.6000us         2     800ns     300ns  1.3000us  cuDeviceGet
                    0.00%  1.1000us         1  1.1000us  1.1000us  1.1000us  cuDeviceGetName
                    0.00%     400ns         1     400ns     400ns     400ns  cuDeviceGetLuid
                    0.00%     300ns         1     300ns     300ns     300ns  cuDeviceGetUuid
                    0.00%     300ns         1     300ns     300ns     300ns  cudaGetLastError
