==4352== NVPROF is profiling process 4352, command: ..\test\x64\Release\test.exe 50000 198
==4352== Profiling application: ..\test\x64\Release\test.exe 50000 198
==4352== Profiling result:
            Type  Time(%)      Time     Calls       Avg       Min       Max  Name
 GPU activities:   64.44%  78.624us         2  39.312us  31.872us  46.752us  [CUDA memcpy HtoD]
                   32.31%  39.425us         1  39.425us  39.425us  39.425us  [CUDA memcpy DtoH]
                    3.25%  3.9680us         1  3.9680us  3.9680us  3.9680us  vectorAdd(float const *, float const *, float*, int)
      API calls:   76.02%  142.65ms         3  47.551ms  5.2000us  142.64ms  cudaMalloc
                   23.39%  43.890ms         1  43.890ms  43.890ms  43.890ms  cuDevicePrimaryCtxRelease
                    0.26%  481.20us         3  160.40us  68.200us  286.80us  cudaMemcpy
                    0.13%  244.50us        97  2.5200us     100ns  77.800us  cuDeviceGetAttribute
                    0.11%  213.30us         3  71.100us  8.0000us  192.40us  cudaFree
                    0.04%  78.600us         1  78.600us  78.600us  78.600us  cuModuleUnload
                    0.03%  52.000us         1  52.000us  52.000us  52.000us  cudaLaunchKernel
                    0.01%  20.000us         1  20.000us  20.000us  20.000us  cuDeviceTotalMem
                    0.00%  8.7000us         1  8.7000us  8.7000us  8.7000us  cuDeviceGetPCIBusId
                    0.00%  1.6000us         2     800ns     200ns  1.4000us  cuDeviceGet
                    0.00%  1.2000us         3     400ns     300ns     600ns  cuDeviceGetCount
                    0.00%     700ns         1     700ns     700ns     700ns  cuDeviceGetName
                    0.00%     400ns         1     400ns     400ns     400ns  cudaGetLastError
                    0.00%     300ns         1     300ns     300ns     300ns  cuDeviceGetUuid
                    0.00%     300ns         1     300ns     300ns     300ns  cuDeviceGetLuid
