==17556== NVPROF is profiling process 17556, command: ..\test\x64\Release\test.exe 50000 227
==17556== Profiling application: ..\test\x64\Release\test.exe 50000 227
==17556== Profiling result:
            Type  Time(%)      Time     Calls       Avg       Min       Max  Name
 GPU activities:   71.44%  85.633us         2  42.816us  41.600us  44.033us  [CUDA memcpy HtoD]
                   25.31%  30.336us         1  30.336us  30.336us  30.336us  [CUDA memcpy DtoH]
                    3.26%  3.9050us         1  3.9050us  3.9050us  3.9050us  vectorAdd(float const *, float const *, float*, int)
      API calls:   76.17%  143.26ms         3  47.753ms  4.9000us  143.23ms  cudaMalloc
                   23.06%  43.381ms         1  43.381ms  43.381ms  43.381ms  cuDevicePrimaryCtxRelease
                    0.39%  728.00us         3  242.67us  110.70us  419.50us  cudaMemcpy
                    0.14%  262.50us         3  87.500us  7.8000us  237.50us  cudaFree
                    0.11%  202.40us        97  2.0860us     100ns  112.40us  cuDeviceGetAttribute
                    0.09%  161.40us         1  161.40us  161.40us  161.40us  cuModuleUnload
                    0.03%  62.800us         1  62.800us  62.800us  62.800us  cudaLaunchKernel
                    0.01%  15.200us         1  15.200us  15.200us  15.200us  cuDeviceTotalMem
                    0.00%  8.7000us         1  8.7000us  8.7000us  8.7000us  cuDeviceGetPCIBusId
                    0.00%  2.1000us         3     700ns     200ns  1.0000us  cuDeviceGetCount
                    0.00%  1.7000us         2     850ns     300ns  1.4000us  cuDeviceGet
                    0.00%     700ns         1     700ns     700ns     700ns  cuDeviceGetName
                    0.00%     400ns         1     400ns     400ns     400ns  cudaGetLastError
                    0.00%     300ns         1     300ns     300ns     300ns  cuDeviceGetUuid
                    0.00%     300ns         1     300ns     300ns     300ns  cuDeviceGetLuid
