==19128== NVPROF is profiling process 19128, command: ..\test\x64\Release\test.exe 50000 878
==19128== Profiling application: ..\test\x64\Release\test.exe 50000 878
==19128== Profiling result:
            Type  Time(%)      Time     Calls       Avg       Min       Max  Name
 GPU activities:   67.84%  73.248us         2  36.624us  31.968us  41.280us  [CUDA memcpy HtoD]
                   28.01%  30.241us         1  30.241us  30.241us  30.241us  [CUDA memcpy DtoH]
                    4.15%  4.4800us         1  4.4800us  4.4800us  4.4800us  vectorAdd(float const *, float const *, float*, int)
      API calls:   75.59%  135.20ms         3  45.065ms  4.8000us  135.18ms  cudaMalloc
                   23.84%  42.635ms         1  42.635ms  42.635ms  42.635ms  cuDevicePrimaryCtxRelease
                    0.27%  474.30us         3  158.10us  110.60us  222.60us  cudaMemcpy
                    0.12%  213.40us        97  2.2000us     100ns  80.500us  cuDeviceGetAttribute
                    0.09%  160.40us         3  53.466us  7.1000us  140.50us  cudaFree
                    0.06%  102.10us         1  102.10us  102.10us  102.10us  cuModuleUnload
                    0.02%  38.400us         1  38.400us  38.400us  38.400us  cuDeviceTotalMem
                    0.02%  32.700us         1  32.700us  32.700us  32.700us  cudaLaunchKernel
                    0.00%  8.0000us         1  8.0000us  8.0000us  8.0000us  cuDeviceGetPCIBusId
                    0.00%  1.5000us         3     500ns     200ns  1.0000us  cuDeviceGetCount
                    0.00%     900ns         2     450ns     200ns     700ns  cuDeviceGet
                    0.00%     700ns         1     700ns     700ns     700ns  cuDeviceGetName
                    0.00%     400ns         1     400ns     400ns     400ns  cuDeviceGetLuid
                    0.00%     300ns         1     300ns     300ns     300ns  cuDeviceGetUuid
                    0.00%     300ns         1     300ns     300ns     300ns  cudaGetLastError
