==19132== NVPROF is profiling process 19132, command: ..\test\x64\Release\test.exe 50000 344
==19132== Profiling application: ..\test\x64\Release\test.exe 50000 344
==19132== Profiling result:
            Type  Time(%)      Time     Calls       Avg       Min       Max  Name
 GPU activities:   62.03%  75.692us         2  37.846us  33.221us  42.471us  [CUDA memcpy HtoD]
                   34.70%  42.342us         1  42.342us  42.342us  42.342us  [CUDA memcpy DtoH]
                    3.28%  4.0000us         1  4.0000us  4.0000us  4.0000us  vectorAdd(float const *, float const *, float*, int)
      API calls:   76.87%  145.10ms         3  48.367ms  22.800us  145.04ms  cudaMalloc
                   22.27%  42.038ms         1  42.038ms  42.038ms  42.038ms  cuDevicePrimaryCtxRelease
                    0.44%  825.60us         3  275.20us  132.70us  457.90us  cudaMemcpy
                    0.18%  344.40us         3  114.80us  10.000us  309.10us  cudaFree
                    0.10%  192.50us        97  1.9840us     100ns  66.600us  cuDeviceGetAttribute
                    0.07%  133.40us         1  133.40us  133.40us  133.40us  cuModuleUnload
                    0.04%  82.000us         1  82.000us  82.000us  82.000us  cudaLaunchKernel
                    0.02%  37.700us         1  37.700us  37.700us  37.700us  cuDeviceTotalMem
                    0.00%  8.3000us         1  8.3000us  8.3000us  8.3000us  cuDeviceGetPCIBusId
                    0.00%  1.4000us         3     466ns     200ns  1.0000us  cuDeviceGetCount
                    0.00%  1.1000us         2     550ns     200ns     900ns  cuDeviceGet
                    0.00%     700ns         1     700ns     700ns     700ns  cuDeviceGetName
                    0.00%     400ns         1     400ns     400ns     400ns  cudaGetLastError
                    0.00%     300ns         1     300ns     300ns     300ns  cuDeviceGetUuid
                    0.00%     300ns         1     300ns     300ns     300ns  cuDeviceGetLuid
