==19360== NVPROF is profiling process 19360, command: ..\test\x64\Release\test.exe 50000 355
==19360== Profiling application: ..\test\x64\Release\test.exe 50000 355
==19360== Profiling result:
            Type  Time(%)      Time     Calls       Avg       Min       Max  Name
 GPU activities:   67.71%  72.128us         2  36.064us  31.968us  40.160us  [CUDA memcpy HtoD]
                   28.42%  30.273us         1  30.273us  30.273us  30.273us  [CUDA memcpy DtoH]
                    3.88%  4.1280us         1  4.1280us  4.1280us  4.1280us  vectorAdd(float const *, float const *, float*, int)
      API calls:   76.80%  144.05ms         3  48.017ms  5.3000us  144.03ms  cudaMalloc
                   22.42%  42.050ms         1  42.050ms  42.050ms  42.050ms  cuDevicePrimaryCtxRelease
                    0.46%  861.40us         3  287.13us  121.60us  393.60us  cudaMemcpy
                    0.10%  189.30us        97  1.9510us     100ns  67.700us  cuDeviceGetAttribute
                    0.10%  188.40us         3  62.800us  9.1000us  135.00us  cudaFree
                    0.06%  114.00us         1  114.00us  114.00us  114.00us  cuModuleUnload
                    0.03%  51.000us         1  51.000us  51.000us  51.000us  cudaLaunchKernel
                    0.02%  37.700us         1  37.700us  37.700us  37.700us  cuDeviceTotalMem
                    0.00%  8.6000us         1  8.6000us  8.6000us  8.6000us  cuDeviceGetPCIBusId
                    0.00%  1.5000us         3     500ns     200ns  1.1000us  cuDeviceGetCount
                    0.00%     800ns         2     400ns     100ns     700ns  cuDeviceGet
                    0.00%     800ns         1     800ns     800ns     800ns  cuDeviceGetName
                    0.00%     300ns         1     300ns     300ns     300ns  cuDeviceGetUuid
                    0.00%     300ns         1     300ns     300ns     300ns  cuDeviceGetLuid
                    0.00%     300ns         1     300ns     300ns     300ns  cudaGetLastError
