==18748== NVPROF is profiling process 18748, command: ..\test\x64\Release\test.exe 50000 272
==18748== Profiling application: ..\test\x64\Release\test.exe 50000 272
==18748== Profiling result:
            Type  Time(%)      Time     Calls       Avg       Min       Max  Name
 GPU activities:   68.30%  73.280us         2  36.640us  32.032us  41.248us  [CUDA memcpy HtoD]
                   28.18%  30.241us         1  30.241us  30.241us  30.241us  [CUDA memcpy DtoH]
                    3.52%  3.7760us         1  3.7760us  3.7760us  3.7760us  vectorAdd(float const *, float const *, float*, int)
      API calls:   77.01%  147.49ms         3  49.164ms  6.1000us  147.47ms  cudaMalloc
                   22.37%  42.849ms         1  42.849ms  42.849ms  42.849ms  cuDevicePrimaryCtxRelease
                    0.27%  511.00us         3  170.33us  57.400us  262.80us  cudaMemcpy
                    0.15%  294.50us         3  98.166us  8.0000us  271.80us  cudaFree
                    0.09%  173.20us        97  1.7850us     100ns  67.700us  cuDeviceGetAttribute
                    0.05%  102.80us         1  102.80us  102.80us  102.80us  cuModuleUnload
                    0.03%  49.300us         1  49.300us  49.300us  49.300us  cudaLaunchKernel
                    0.02%  29.800us         1  29.800us  29.800us  29.800us  cuDeviceTotalMem
                    0.00%  9.0000us         1  9.0000us  9.0000us  9.0000us  cuDeviceGetPCIBusId
                    0.00%  1.5000us         3     500ns     200ns  1.0000us  cuDeviceGetCount
                    0.00%     900ns         2     450ns     200ns     700ns  cuDeviceGet
                    0.00%     700ns         1     700ns     700ns     700ns  cuDeviceGetName
                    0.00%     300ns         1     300ns     300ns     300ns  cuDeviceGetUuid
                    0.00%     300ns         1     300ns     300ns     300ns  cuDeviceGetLuid
                    0.00%     300ns         1     300ns     300ns     300ns  cudaGetLastError
