==3612== NVPROF is profiling process 3612, command: ..\test\x64\Release\test.exe 50000 158
==3612== Profiling application: ..\test\x64\Release\test.exe 50000 158
==3612== Profiling result:
            Type  Time(%)      Time     Calls       Avg       Min       Max  Name
 GPU activities:   72.20%  88.514us         2  44.257us  31.809us  56.705us  [CUDA memcpy HtoD]
                   24.75%  30.336us         1  30.336us  30.336us  30.336us  [CUDA memcpy DtoH]
                    3.05%  3.7440us         1  3.7440us  3.7440us  3.7440us  vectorAdd(float const *, float const *, float*, int)
      API calls:   76.41%  146.91ms         3  48.972ms  5.2000us  146.90ms  cudaMalloc
                   22.96%  44.140ms         1  44.140ms  44.140ms  44.140ms  cuDevicePrimaryCtxRelease
                    0.22%  432.30us         3  144.10us  48.200us  267.20us  cudaMemcpy
                    0.16%  304.70us         3  101.57us  7.6000us  269.90us  cudaFree
                    0.11%  204.70us        97  2.1100us     100ns  81.000us  cuDeviceGetAttribute
                    0.07%  130.50us         1  130.50us  130.50us  130.50us  cuModuleUnload
                    0.04%  82.000us         1  82.000us  82.000us  82.000us  cudaLaunchKernel
                    0.02%  37.800us         1  37.800us  37.800us  37.800us  cuDeviceTotalMem
                    0.00%  8.7000us         1  8.7000us  8.7000us  8.7000us  cuDeviceGetPCIBusId
                    0.00%  1.5000us         3     500ns     200ns  1.0000us  cuDeviceGetCount
                    0.00%  1.3000us         2     650ns     200ns  1.1000us  cuDeviceGet
                    0.00%     700ns         1     700ns     700ns     700ns  cuDeviceGetName
                    0.00%     400ns         1     400ns     400ns     400ns  cuDeviceGetLuid
                    0.00%     400ns         1     400ns     400ns     400ns  cudaGetLastError
                    0.00%     300ns         1     300ns     300ns     300ns  cuDeviceGetUuid
