==21392== NVPROF is profiling process 21392, command: ..\test\x64\Release\test.exe 50000 767
==21392== Profiling application: ..\test\x64\Release\test.exe 50000 767
==21392== Profiling result:
            Type  Time(%)      Time     Calls       Avg       Min       Max  Name
 GPU activities:   70.13%  82.336us         2  41.168us  41.152us  41.184us  [CUDA memcpy HtoD]
                   25.84%  30.337us         1  30.337us  30.337us  30.337us  [CUDA memcpy DtoH]
                    4.03%  4.7360us         1  4.7360us  4.7360us  4.7360us  vectorAdd(float const *, float const *, float*, int)
      API calls:   75.80%  135.73ms         3  45.244ms  21.000us  135.68ms  cudaMalloc
                   23.55%  42.166ms         1  42.166ms  42.166ms  42.166ms  cuDevicePrimaryCtxRelease
                    0.27%  477.10us         3  159.03us  79.000us  227.40us  cudaMemcpy
                    0.17%  297.50us         3  99.166us  7.3000us  276.90us  cudaFree
                    0.11%  189.10us        97  1.9490us     100ns  68.800us  cuDeviceGetAttribute
                    0.06%  112.70us         1  112.70us  112.70us  112.70us  cuModuleUnload
                    0.02%  35.700us         1  35.700us  35.700us  35.700us  cuDeviceTotalMem
                    0.02%  31.700us         1  31.700us  31.700us  31.700us  cudaLaunchKernel
                    0.00%  8.6000us         1  8.6000us  8.6000us  8.6000us  cuDeviceGetPCIBusId
                    0.00%  1.4000us         3     466ns     100ns  1.0000us  cuDeviceGetCount
                    0.00%  1.2000us         2     600ns     200ns  1.0000us  cuDeviceGet
                    0.00%     700ns         1     700ns     700ns     700ns  cuDeviceGetName
                    0.00%     300ns         1     300ns     300ns     300ns  cuDeviceGetUuid
                    0.00%     300ns         1     300ns     300ns     300ns  cuDeviceGetLuid
                    0.00%     300ns         1     300ns     300ns     300ns  cudaGetLastError
