==18536== NVPROF is profiling process 18536, command: ..\test\x64\Release\test.exe 50000 425
==18536== Profiling application: ..\test\x64\Release\test.exe 50000 425
==18536== Profiling result:
            Type  Time(%)      Time     Calls       Avg       Min       Max  Name
 GPU activities:   67.88%  72.960us         2  36.480us  31.936us  41.024us  [CUDA memcpy HtoD]
                   28.22%  30.337us         1  30.337us  30.337us  30.337us  [CUDA memcpy DtoH]
                    3.90%  4.1920us         1  4.1920us  4.1920us  4.1920us  vectorAdd(float const *, float const *, float*, int)
      API calls:   76.76%  143.26ms         3  47.754ms  5.1000us  143.24ms  cudaMalloc
                   22.61%  42.198ms         1  42.198ms  42.198ms  42.198ms  cuDevicePrimaryCtxRelease
                    0.31%  580.10us         3  193.37us  84.700us  306.80us  cudaMemcpy
                    0.11%  207.50us        97  2.1390us     100ns  68.300us  cuDeviceGetAttribute
                    0.10%  178.40us         3  59.466us  7.5000us  157.30us  cudaFree
                    0.06%  106.00us         1  106.00us  106.00us  106.00us  cuModuleUnload
                    0.03%  50.900us         1  50.900us  50.900us  50.900us  cudaLaunchKernel
                    0.02%  37.500us         1  37.500us  37.500us  37.500us  cuDeviceTotalMem
                    0.00%  8.7000us         1  8.7000us  8.7000us  8.7000us  cuDeviceGetPCIBusId
                    0.00%  1.5000us         3     500ns     300ns     900ns  cuDeviceGetCount
                    0.00%     900ns         2     450ns     100ns     800ns  cuDeviceGet
                    0.00%     700ns         1     700ns     700ns     700ns  cuDeviceGetName
                    0.00%     300ns         1     300ns     300ns     300ns  cuDeviceGetLuid
                    0.00%     300ns         1     300ns     300ns     300ns  cudaGetLastError
                    0.00%     200ns         1     200ns     200ns     200ns  cuDeviceGetUuid
