==17856== NVPROF is profiling process 17856, command: ..\test\x64\Release\test.exe 50000 229
==17856== Profiling application: ..\test\x64\Release\test.exe 50000 229
==17856== Profiling result:
            Type  Time(%)      Time     Calls       Avg       Min       Max  Name
 GPU activities:   72.66%  91.104us         2  45.552us  31.840us  59.264us  [CUDA memcpy HtoD]
                   24.20%  30.337us         1  30.337us  30.337us  30.337us  [CUDA memcpy DtoH]
                    3.14%  3.9360us         1  3.9360us  3.9360us  3.9360us  vectorAdd(float const *, float const *, float*, int)
      API calls:   77.74%  166.42ms         3  55.473ms  5.8000us  166.40ms  cudaMalloc
                   21.78%  46.620ms         1  46.620ms  46.620ms  46.620ms  cuDevicePrimaryCtxRelease
                    0.22%  471.10us         3  157.03us  60.700us  305.00us  cudaMemcpy
                    0.10%  221.70us         3  73.900us  7.8000us  182.00us  cudaFree
                    0.07%  159.50us        97  1.6440us     100ns  70.400us  cuDeviceGetAttribute
                    0.04%  85.600us         1  85.600us  85.600us  85.600us  cuModuleUnload
                    0.02%  36.500us         1  36.500us  36.500us  36.500us  cuDeviceTotalMem
                    0.02%  36.400us         1  36.400us  36.400us  36.400us  cudaLaunchKernel
                    0.00%  10.600us         1  10.600us  10.600us  10.600us  cuDeviceGetPCIBusId
                    0.00%  1.5000us         3     500ns     200ns  1.0000us  cuDeviceGetCount
                    0.00%     900ns         2     450ns     100ns     800ns  cuDeviceGet
                    0.00%     800ns         1     800ns     800ns     800ns  cuDeviceGetName
                    0.00%     400ns         1     400ns     400ns     400ns  cudaGetLastError
                    0.00%     300ns         1     300ns     300ns     300ns  cuDeviceGetLuid
                    0.00%     200ns         1     200ns     200ns     200ns  cuDeviceGetUuid
