==18868== NVPROF is profiling process 18868, command: ..\test\x64\Release\test.exe 50000 300
==18868== Profiling application: ..\test\x64\Release\test.exe 50000 300
==18868== Profiling result:
            Type  Time(%)      Time     Calls       Avg       Min       Max  Name
 GPU activities:   72.91%  92.225us         2  46.112us  41.248us  50.977us  [CUDA memcpy HtoD]
                   23.96%  30.305us         1  30.305us  30.305us  30.305us  [CUDA memcpy DtoH]
                    3.14%  3.9680us         1  3.9680us  3.9680us  3.9680us  vectorAdd(float const *, float const *, float*, int)
      API calls:   76.10%  145.72ms         3  48.573ms  5.4000us  145.70ms  cudaMalloc
                   23.25%  44.512ms         1  44.512ms  44.512ms  44.512ms  cuDevicePrimaryCtxRelease
                    0.29%  556.20us         3  185.40us  95.800us  259.90us  cudaMemcpy
                    0.13%  248.30us        97  2.5590us     100ns  109.50us  cuDeviceGetAttribute
                    0.10%  197.00us         3  65.666us  7.8000us  161.50us  cudaFree
                    0.08%  160.50us         1  160.50us  160.50us  160.50us  cuModuleUnload
                    0.03%  51.500us         1  51.500us  51.500us  51.500us  cudaLaunchKernel
                    0.01%  21.600us         1  21.600us  21.600us  21.600us  cuDeviceTotalMem
                    0.00%  9.0000us         1  9.0000us  9.0000us  9.0000us  cuDeviceGetPCIBusId
                    0.00%  1.4000us         3     466ns     200ns     900ns  cuDeviceGetCount
                    0.00%  1.1000us         2     550ns     200ns     900ns  cuDeviceGet
                    0.00%     800ns         1     800ns     800ns     800ns  cuDeviceGetName
                    0.00%     400ns         1     400ns     400ns     400ns  cuDeviceGetLuid
                    0.00%     300ns         1     300ns     300ns     300ns  cuDeviceGetUuid
                    0.00%     300ns         1     300ns     300ns     300ns  cudaGetLastError
