==19328== NVPROF is profiling process 19328, command: ..\test\x64\Release\test.exe 50000 320
==19328== Profiling application: ..\test\x64\Release\test.exe 50000 320
==19328== Profiling result:
            Type  Time(%)      Time     Calls       Avg       Min       Max  Name
 GPU activities:   69.75%  78.432us         2  39.216us  31.968us  46.464us  [CUDA memcpy HtoD]
                   26.92%  30.273us         1  30.273us  30.273us  30.273us  [CUDA memcpy DtoH]
                    3.33%  3.7440us         1  3.7440us  3.7440us  3.7440us  vectorAdd(float const *, float const *, float*, int)
      API calls:   75.43%  145.55ms         3  48.518ms  5.3000us  145.54ms  cudaMalloc
                   23.97%  46.259ms         1  46.259ms  46.259ms  46.259ms  cuDevicePrimaryCtxRelease
                    0.25%  490.60us         3  163.53us  49.900us  264.40us  cudaMemcpy
                    0.14%  262.00us         3  87.333us  8.3000us  235.90us  cudaFree
                    0.12%  222.70us        97  2.2950us     100ns  69.900us  cuDeviceGetAttribute
                    0.05%  98.100us         1  98.100us  98.100us  98.100us  cuModuleUnload
                    0.02%  46.600us         1  46.600us  46.600us  46.600us  cudaLaunchKernel
                    0.01%  15.400us         1  15.400us  15.400us  15.400us  cuDeviceTotalMem
                    0.00%  9.0000us         1  9.0000us  9.0000us  9.0000us  cuDeviceGetPCIBusId
                    0.00%  1.6000us         3     533ns     200ns  1.1000us  cuDeviceGetCount
                    0.00%     800ns         2     400ns     100ns     700ns  cuDeviceGet
                    0.00%     800ns         1     800ns     800ns     800ns  cuDeviceGetName
                    0.00%     300ns         1     300ns     300ns     300ns  cuDeviceGetLuid
                    0.00%     300ns         1     300ns     300ns     300ns  cudaGetLastError
                    0.00%     200ns         1     200ns     200ns     200ns  cuDeviceGetUuid
