==20384== NVPROF is profiling process 20384, command: ..\test\x64\Release\test.exe 50000 650
==20384== Profiling application: ..\test\x64\Release\test.exe 50000 650
==20384== Profiling result:
            Type  Time(%)      Time     Calls       Avg       Min       Max  Name
 GPU activities:   70.58%  82.530us         2  41.265us  41.249us  41.281us  [CUDA memcpy HtoD]
                   25.92%  30.304us         1  30.304us  30.304us  30.304us  [CUDA memcpy DtoH]
                    3.50%  4.0960us         1  4.0960us  4.0960us  4.0960us  vectorAdd(float const *, float const *, float*, int)
      API calls:   76.05%  142.23ms         3  47.412ms  5.4000us  142.22ms  cudaMalloc
                   23.31%  43.586ms         1  43.586ms  43.586ms  43.586ms  cuDevicePrimaryCtxRelease
                    0.28%  530.30us         3  176.77us  81.100us  274.10us  cudaMemcpy
                    0.15%  271.50us         3  90.500us  7.2000us  250.90us  cudaFree
                    0.11%  209.30us        97  2.1570us     100ns  70.300us  cuDeviceGetAttribute
                    0.05%  100.80us         1  100.80us  100.80us  100.80us  cuModuleUnload
                    0.02%  37.200us         1  37.200us  37.200us  37.200us  cuDeviceTotalMem
                    0.02%  33.400us         1  33.400us  33.400us  33.400us  cudaLaunchKernel
                    0.00%  8.4000us         1  8.4000us  8.4000us  8.4000us  cuDeviceGetPCIBusId
                    0.00%  1.4000us         3     466ns     200ns  1.0000us  cuDeviceGetCount
                    0.00%  1.0000us         2     500ns     200ns     800ns  cuDeviceGet
                    0.00%     800ns         1     800ns     800ns     800ns  cuDeviceGetName
                    0.00%     400ns         1     400ns     400ns     400ns  cuDeviceGetLuid
                    0.00%     300ns         1     300ns     300ns     300ns  cuDeviceGetUuid
                    0.00%     300ns         1     300ns     300ns     300ns  cudaGetLastError
