==21448== NVPROF is profiling process 21448, command: ..\test\x64\Release\test.exe 50000 849
==21448== Profiling application: ..\test\x64\Release\test.exe 50000 849
==21448== Profiling result:
            Type  Time(%)      Time     Calls       Avg       Min       Max  Name
 GPU activities:   67.77%  73.161us         2  36.580us  31.940us  41.221us  [CUDA memcpy HtoD]
                   27.99%  30.211us         1  30.211us  30.211us  30.211us  [CUDA memcpy DtoH]
                    4.24%  4.5760us         1  4.5760us  4.5760us  4.5760us  vectorAdd(float const *, float const *, float*, int)
      API calls:   76.25%  130.27ms         3  43.425ms  4.9000us  130.26ms  cudaMalloc
                   23.11%  39.477ms         1  39.477ms  39.477ms  39.477ms  cuDevicePrimaryCtxRelease
                    0.25%  433.90us         3  144.63us  55.400us  210.60us  cudaMemcpy
                    0.12%  210.40us        97  2.1690us     100ns  89.100us  cuDeviceGetAttribute
                    0.12%  205.20us         3  68.400us  7.0000us  185.50us  cudaFree
                    0.08%  136.30us         1  136.30us  136.30us  136.30us  cuModuleUnload
                    0.05%  77.800us         1  77.800us  77.800us  77.800us  cudaLaunchKernel
                    0.01%  14.600us         1  14.600us  14.600us  14.600us  cuDeviceTotalMem
                    0.00%  8.1000us         1  8.1000us  8.1000us  8.1000us  cuDeviceGetPCIBusId
                    0.00%  1.2000us         3     400ns     200ns     700ns  cuDeviceGetCount
                    0.00%  1.0000us         2     500ns     100ns     900ns  cuDeviceGet
                    0.00%     900ns         1     900ns     900ns     900ns  cuDeviceGetName
                    0.00%     400ns         1     400ns     400ns     400ns  cudaGetLastError
                    0.00%     300ns         1     300ns     300ns     300ns  cuDeviceGetLuid
                    0.00%     200ns         1     200ns     200ns     200ns  cuDeviceGetUuid
