==19296== NVPROF is profiling process 19296, command: ..\test\x64\Release\test.exe 50000 902
==19296== Profiling application: ..\test\x64\Release\test.exe 50000 902
==19296== Profiling result:
            Type  Time(%)      Time     Calls       Avg       Min       Max  Name
 GPU activities:   67.77%  72.993us         2  36.496us  31.937us  41.056us  [CUDA memcpy HtoD]
                   28.10%  30.272us         1  30.272us  30.272us  30.272us  [CUDA memcpy DtoH]
                    4.13%  4.4480us         1  4.4480us  4.4480us  4.4480us  vectorAdd(float const *, float const *, float*, int)
      API calls:   76.58%  138.38ms         3  46.126ms  5.1000us  138.36ms  cudaMalloc
                   22.78%  41.164ms         1  41.164ms  41.164ms  41.164ms  cuDevicePrimaryCtxRelease
                    0.24%  438.90us         3  146.30us  68.900us  215.90us  cudaMemcpy
                    0.19%  337.50us         3  112.50us  7.4000us  316.80us  cudaFree
                    0.10%  187.50us        97  1.9320us     100ns  66.900us  cuDeviceGetAttribute
                    0.05%  96.100us         1  96.100us  96.100us  96.100us  cuModuleUnload
                    0.03%  52.200us         1  52.200us  52.200us  52.200us  cuDeviceTotalMem
                    0.02%  30.900us         1  30.900us  30.900us  30.900us  cudaLaunchKernel
                    0.00%  8.5000us         1  8.5000us  8.5000us  8.5000us  cuDeviceGetPCIBusId
                    0.00%  1.4000us         3     466ns     200ns  1.0000us  cuDeviceGetCount
                    0.00%     900ns         2     450ns     100ns     800ns  cuDeviceGet
                    0.00%     900ns         1     900ns     900ns     900ns  cuDeviceGetName
                    0.00%     300ns         1     300ns     300ns     300ns  cuDeviceGetLuid
                    0.00%     300ns         1     300ns     300ns     300ns  cudaGetLastError
                    0.00%     200ns         1     200ns     200ns     200ns  cuDeviceGetUuid
