==19088== NVPROF is profiling process 19088, command: ..\test\x64\Release\test.exe 50000 371
==19088== Profiling application: ..\test\x64\Release\test.exe 50000 371
==19088== Profiling result:
            Type  Time(%)      Time     Calls       Avg       Min       Max  Name
 GPU activities:   58.80%  87.873us         2  43.936us  31.872us  56.001us  [CUDA memcpy HtoD]
                   38.54%  57.600us         1  57.600us  57.600us  57.600us  [CUDA memcpy DtoH]
                    2.66%  3.9680us         1  3.9680us  3.9680us  3.9680us  vectorAdd(float const *, float const *, float*, int)
      API calls:   76.06%  142.97ms         3  47.656ms  5.2000us  142.95ms  cudaMalloc
                   23.27%  43.733ms         1  43.733ms  43.733ms  43.733ms  cuDevicePrimaryCtxRelease
                    0.31%  587.90us         3  195.97us  66.100us  310.40us  cudaMemcpy
                    0.12%  226.90us         3  75.633us  7.4000us  205.60us  cudaFree
                    0.12%  226.20us        97  2.3310us     100ns  69.000us  cuDeviceGetAttribute
                    0.08%  151.40us         1  151.40us  151.40us  151.40us  cuModuleUnload
                    0.03%  53.300us         1  53.300us  53.300us  53.300us  cudaLaunchKernel
                    0.01%  15.500us         1  15.500us  15.500us  15.500us  cuDeviceTotalMem
                    0.01%  11.200us         1  11.200us  11.200us  11.200us  cuDeviceGetPCIBusId
                    0.00%  1.8000us         3     600ns     200ns  1.3000us  cuDeviceGetCount
                    0.00%  1.0000us         2     500ns     200ns     800ns  cuDeviceGet
                    0.00%     700ns         1     700ns     700ns     700ns  cuDeviceGetName
                    0.00%     300ns         1     300ns     300ns     300ns  cuDeviceGetLuid
                    0.00%     300ns         1     300ns     300ns     300ns  cudaGetLastError
                    0.00%     200ns         1     200ns     200ns     200ns  cuDeviceGetUuid
