==19432== NVPROF is profiling process 19432, command: ..\test\x64\Release\test.exe 50000 375
==19432== Profiling application: ..\test\x64\Release\test.exe 50000 375
==19432== Profiling result:
            Type  Time(%)      Time     Calls       Avg       Min       Max  Name
 GPU activities:   56.40%  90.656us         2  45.328us  31.840us  58.816us  [CUDA memcpy HtoD]
                   41.15%  66.145us         1  66.145us  66.145us  66.145us  [CUDA memcpy DtoH]
                    2.45%  3.9360us         1  3.9360us  3.9360us  3.9360us  vectorAdd(float const *, float const *, float*, int)
      API calls:   76.79%  144.54ms         3  48.179ms  5.5000us  144.51ms  cudaMalloc
                   22.48%  42.305ms         1  42.305ms  42.305ms  42.305ms  cuDevicePrimaryCtxRelease
                    0.32%  594.80us         3  198.27us  90.700us  336.20us  cudaMemcpy
                    0.15%  288.70us         3  96.233us  7.8000us  266.20us  cudaFree
                    0.12%  225.70us        97  2.3260us     100ns  116.60us  cuDeviceGetAttribute
                    0.09%  169.90us         1  169.90us  169.90us  169.90us  cuModuleUnload
                    0.03%  51.900us         1  51.900us  51.900us  51.900us  cudaLaunchKernel
                    0.02%  29.500us         1  29.500us  29.500us  29.500us  cuDeviceTotalMem
                    0.00%  9.0000us         1  9.0000us  9.0000us  9.0000us  cuDeviceGetPCIBusId
                    0.00%  1.9000us         3     633ns     200ns     900ns  cuDeviceGetCount
                    0.00%  1.0000us         2     500ns     300ns     700ns  cuDeviceGet
                    0.00%     900ns         1     900ns     900ns     900ns  cuDeviceGetName
                    0.00%     400ns         1     400ns     400ns     400ns  cudaGetLastError
                    0.00%     300ns         1     300ns     300ns     300ns  cuDeviceGetUuid
                    0.00%     300ns         1     300ns     300ns     300ns  cuDeviceGetLuid
