==12508== NVPROF is profiling process 12508, command: ..\test\x64\Release\test.exe 50000 91
==12508== Profiling application: ..\test\x64\Release\test.exe 50000 91
==12508== Profiling result:
            Type  Time(%)      Time     Calls       Avg       Min       Max  Name
 GPU activities:   57.82%  76.224us         2  38.112us  33.024us  43.200us  [CUDA memcpy HtoD]
                   34.54%  45.537us         1  45.537us  45.537us  45.537us  [CUDA memcpy DtoH]
                    7.65%  10.080us         1  10.080us  10.080us  10.080us  vectorAdd(float const *, float const *, float*, int)
      API calls:   76.75%  144.22ms         3  48.074ms  6.7000us  144.20ms  cudaMalloc
                   22.35%  41.996ms         1  41.996ms  41.996ms  41.996ms  cuDevicePrimaryCtxRelease
                    0.51%  963.30us         3  321.10us  122.50us  436.90us  cudaMemcpy
                    0.13%  253.00us         3  84.333us  9.4000us  221.60us  cudaFree
                    0.09%  175.00us        97  1.8040us     100ns  69.300us  cuDeviceGetAttribute
                    0.08%  154.40us         1  154.40us  154.40us  154.40us  cuModuleUnload
                    0.04%  83.800us         1  83.800us  83.800us  83.800us  cudaLaunchKernel
                    0.02%  36.300us         1  36.300us  36.300us  36.300us  cuDeviceTotalMem
                    0.01%  16.700us         1  16.700us  16.700us  16.700us  cuDeviceGetName
                    0.00%  8.1000us         1  8.1000us  8.1000us  8.1000us  cuDeviceGetPCIBusId
                    0.00%  1.7000us         3     566ns     200ns  1.3000us  cuDeviceGetCount
                    0.00%  1.2000us         2     600ns     200ns  1.0000us  cuDeviceGet
                    0.00%     400ns         1     400ns     400ns     400ns  cuDeviceGetLuid
                    0.00%     400ns         1     400ns     400ns     400ns  cudaGetLastError
                    0.00%     300ns         1     300ns     300ns     300ns  cuDeviceGetUuid
