==19732== NVPROF is profiling process 19732, command: ..\test\x64\Release\test.exe 50000 600
==19732== Profiling application: ..\test\x64\Release\test.exe 50000 600
==19732== Profiling result:
            Type  Time(%)      Time     Calls       Avg       Min       Max  Name
 GPU activities:   63.65%  97.952us         2  48.976us  41.824us  56.128us  [CUDA memcpy HtoD]
                   33.67%  51.809us         1  51.809us  51.809us  51.809us  [CUDA memcpy DtoH]
                    2.68%  4.1280us         1  4.1280us  4.1280us  4.1280us  vectorAdd(float const *, float const *, float*, int)
      API calls:   77.50%  142.27ms         3  47.422ms  5.0000us  142.25ms  cudaMalloc
                   21.86%  40.128ms         1  40.128ms  40.128ms  40.128ms  cuDevicePrimaryCtxRelease
                    0.28%  506.80us         3  168.93us  81.500us  296.30us  cudaMemcpy
                    0.14%  259.80us         3  86.600us  7.6000us  235.70us  cudaFree
                    0.11%  193.70us        97  1.9960us     100ns  63.500us  cuDeviceGetAttribute
                    0.06%  105.60us         1  105.60us  105.60us  105.60us  cuModuleUnload
                    0.04%  64.600us         1  64.600us  64.600us  64.600us  cudaLaunchKernel
                    0.02%  34.200us         1  34.200us  34.200us  34.200us  cuDeviceTotalMem
                    0.00%  8.4000us         1  8.4000us  8.4000us  8.4000us  cuDeviceGetPCIBusId
                    0.00%  1.0000us         3     333ns     200ns     600ns  cuDeviceGetCount
                    0.00%     900ns         2     450ns     200ns     700ns  cuDeviceGet
                    0.00%     800ns         1     800ns     800ns     800ns  cuDeviceGetName
                    0.00%     300ns         1     300ns     300ns     300ns  cuDeviceGetUuid
                    0.00%     300ns         1     300ns     300ns     300ns  cuDeviceGetLuid
                    0.00%     300ns         1     300ns     300ns     300ns  cudaGetLastError
