==20460== NVPROF is profiling process 20460, command: ..\test\x64\Release\test.exe 50000 501
==20460== Profiling application: ..\test\x64\Release\test.exe 50000 501
==20460== Profiling result:
            Type  Time(%)      Time     Calls       Avg       Min       Max  Name
 GPU activities:   74.63%  100.83us         2  50.416us  41.441us  59.392us  [CUDA memcpy HtoD]
                   22.45%  30.336us         1  30.336us  30.336us  30.336us  [CUDA memcpy DtoH]
                    2.91%  3.9360us         1  3.9360us  3.9360us  3.9360us  vectorAdd(float const *, float const *, float*, int)
      API calls:   77.21%  144.00ms         3  47.999ms  23.400us  143.93ms  cudaMalloc
                   22.04%  41.108ms         1  41.108ms  41.108ms  41.108ms  cuDevicePrimaryCtxRelease
                    0.36%  675.50us         3  225.17us  123.30us  365.50us  cudaMemcpy
                    0.14%  256.90us         3  85.633us  8.5000us  227.10us  cudaFree
                    0.11%  201.20us        97  2.0740us     100ns  72.600us  cuDeviceGetAttribute
                    0.08%  154.30us         1  154.30us  154.30us  154.30us  cuModuleUnload
                    0.03%  61.200us         1  61.200us  61.200us  61.200us  cudaLaunchKernel
                    0.02%  30.700us         1  30.700us  30.700us  30.700us  cuDeviceTotalMem
                    0.01%  9.9000us         1  9.9000us  9.9000us  9.9000us  cuDeviceGetPCIBusId
                    0.00%  1.7000us         3     566ns     200ns  1.3000us  cuDeviceGetCount
                    0.00%  1.0000us         2     500ns     100ns     900ns  cuDeviceGet
                    0.00%     700ns         1     700ns     700ns     700ns  cuDeviceGetName
                    0.00%     300ns         1     300ns     300ns     300ns  cuDeviceGetLuid
                    0.00%     300ns         1     300ns     300ns     300ns  cudaGetLastError
                    0.00%     200ns         1     200ns     200ns     200ns  cuDeviceGetUuid
