==7440== NVPROF is profiling process 7440, command: ..\test\x64\Release\test.exe 50000 155
==7440== Profiling application: ..\test\x64\Release\test.exe 50000 155
==7440== Profiling result:
            Type  Time(%)      Time     Calls       Avg       Min       Max  Name
 GPU activities:   62.82%  73.314us         2  36.657us  31.841us  41.473us  [CUDA memcpy HtoD]
                   33.95%  39.616us         1  39.616us  39.616us  39.616us  [CUDA memcpy DtoH]
                    3.24%  3.7760us         1  3.7760us  3.7760us  3.7760us  vectorAdd(float const *, float const *, float*, int)
      API calls:   77.28%  148.40ms         3  49.467ms  5.2000us  148.38ms  cudaMalloc
                   22.12%  42.484ms         1  42.484ms  42.484ms  42.484ms  cuDevicePrimaryCtxRelease
                    0.25%  478.80us         3  159.60us  70.400us  268.00us  cudaMemcpy
                    0.14%  277.60us         3  92.533us  7.2000us  256.60us  cudaFree
                    0.10%  187.80us        97  1.9360us     100ns  83.600us  cuDeviceGetAttribute
                    0.06%  111.80us         1  111.80us  111.80us  111.80us  cuModuleUnload
                    0.02%  38.100us         1  38.100us  38.100us  38.100us  cuDeviceTotalMem
                    0.02%  32.800us         1  32.800us  32.800us  32.800us  cudaLaunchKernel
                    0.00%  8.7000us         1  8.7000us  8.7000us  8.7000us  cuDeviceGetPCIBusId
                    0.00%  1.5000us         3     500ns     200ns  1.1000us  cuDeviceGetCount
                    0.00%  1.2000us         2     600ns     100ns  1.1000us  cuDeviceGet
                    0.00%     800ns         1     800ns     800ns     800ns  cuDeviceGetName
                    0.00%     400ns         1     400ns     400ns     400ns  cuDeviceGetLuid
                    0.00%     400ns         1     400ns     400ns     400ns  cudaGetLastError
                    0.00%     200ns         1     200ns     200ns     200ns  cuDeviceGetUuid
