==17512== NVPROF is profiling process 17512, command: ..\test\x64\Release\test.exe 50000 111
==17512== Profiling application: ..\test\x64\Release\test.exe 50000 111
==17512== Profiling result:
            Type  Time(%)      Time     Calls       Avg       Min       Max  Name
 GPU activities:   70.82%  105.76us         2  52.880us  41.344us  64.417us  [CUDA memcpy HtoD]
                   26.57%  39.680us         1  39.680us  39.680us  39.680us  [CUDA memcpy DtoH]
                    2.61%  3.9040us         1  3.9040us  3.9040us  3.9040us  vectorAdd(float const *, float const *, float*, int)
      API calls:   74.17%  144.34ms         3  48.112ms  5.2000us  144.32ms  cudaMalloc
                   25.18%  49.007ms         1  49.007ms  49.007ms  49.007ms  cuDevicePrimaryCtxRelease
                    0.28%  535.80us         3  178.60us  55.200us  332.90us  cudaMemcpy
                    0.14%  280.30us         3  93.433us  7.7000us  243.20us  cudaFree
                    0.10%  186.60us        97  1.9230us     100ns  68.600us  cuDeviceGetAttribute
                    0.07%  140.10us         1  140.10us  140.10us  140.10us  cuModuleUnload
                    0.02%  48.200us         1  48.200us  48.200us  48.200us  cudaLaunchKernel
                    0.02%  42.400us         1  42.400us  42.400us  42.400us  cuDeviceTotalMem
                    0.00%  9.1000us         1  9.1000us  9.1000us  9.1000us  cuDeviceGetPCIBusId
                    0.00%  1.5000us         3     500ns     200ns  1.0000us  cuDeviceGetCount
                    0.00%  1.0000us         2     500ns     100ns     900ns  cuDeviceGet
                    0.00%     800ns         1     800ns     800ns     800ns  cuDeviceGetName
                    0.00%     400ns         1     400ns     400ns     400ns  cudaGetLastError
                    0.00%     300ns         1     300ns     300ns     300ns  cuDeviceGetUuid
                    0.00%     300ns         1     300ns     300ns     300ns  cuDeviceGetLuid
