==18584== NVPROF is profiling process 18584, command: ..\test\x64\Release\test.exe 50000 296
==18584== Profiling application: ..\test\x64\Release\test.exe 50000 296
==18584== Profiling result:
            Type  Time(%)      Time     Calls       Avg       Min       Max  Name
 GPU activities:   72.76%  91.296us         2  45.648us  33.696us  57.600us  [CUDA memcpy HtoD]
                   24.15%  30.305us         1  30.305us  30.305us  30.305us  [CUDA memcpy DtoH]
                    3.09%  3.8720us         1  3.8720us  3.8720us  3.8720us  vectorAdd(float const *, float const *, float*, int)
      API calls:   76.03%  145.48ms         3  48.493ms  5.8000us  145.46ms  cudaMalloc
                   23.09%  44.190ms         1  44.190ms  44.190ms  44.190ms  cuDevicePrimaryCtxRelease
                    0.47%  895.60us         3  298.53us  120.30us  405.10us  cudaMemcpy
                    0.12%  237.70us         3  79.233us  8.2000us  210.80us  cudaFree
                    0.12%  228.50us        97  2.3550us     100ns  85.400us  cuDeviceGetAttribute
                    0.09%  171.80us         1  171.80us  171.80us  171.80us  cudaLaunchKernel
                    0.05%  99.700us         1  99.700us  99.700us  99.700us  cuModuleUnload
                    0.02%  36.100us         1  36.100us  36.100us  36.100us  cuDeviceTotalMem
                    0.00%  8.4000us         1  8.4000us  8.4000us  8.4000us  cuDeviceGetPCIBusId
                    0.00%  1.4000us         3     466ns     200ns     900ns  cuDeviceGetCount
                    0.00%  1.2000us         2     600ns     200ns  1.0000us  cuDeviceGet
                    0.00%     700ns         1     700ns     700ns     700ns  cuDeviceGetName
                    0.00%     600ns         1     600ns     600ns     600ns  cuDeviceGetLuid
                    0.00%     400ns         1     400ns     400ns     400ns  cudaGetLastError
                    0.00%     300ns         1     300ns     300ns     300ns  cuDeviceGetUuid
