==19412== NVPROF is profiling process 19412, command: ..\test\x64\Release\test.exe 50000 396
==19412== Profiling application: ..\test\x64\Release\test.exe 50000 396
==19412== Profiling result:
            Type  Time(%)      Time     Calls       Avg       Min       Max  Name
 GPU activities:   63.85%  82.401us         2  41.200us  31.968us  50.433us  [CUDA memcpy HtoD]
                   32.75%  42.272us         1  42.272us  42.272us  42.272us  [CUDA memcpy DtoH]
                    3.40%  4.3840us         1  4.3840us  4.3840us  4.3840us  vectorAdd(float const *, float const *, float*, int)
      API calls:   76.74%  140.88ms         3  46.958ms  5.4000us  140.84ms  cudaMalloc
                   22.61%  41.502ms         1  41.502ms  41.502ms  41.502ms  cuDevicePrimaryCtxRelease
                    0.29%  539.20us         3  179.73us  126.20us  239.20us  cudaMemcpy
                    0.11%  195.10us        97  2.0110us     100ns  75.400us  cuDeviceGetAttribute
                    0.10%  181.20us         3  60.400us  7.4000us  159.10us  cudaFree
                    0.08%  153.80us         1  153.80us  153.80us  153.80us  cuModuleUnload
                    0.03%  51.900us         1  51.900us  51.900us  51.900us  cuDeviceTotalMem
                    0.03%  50.200us         1  50.200us  50.200us  50.200us  cudaLaunchKernel
                    0.01%  9.5000us         1  9.5000us  9.5000us  9.5000us  cuDeviceGetPCIBusId
                    0.00%  1.2000us         3     400ns     200ns     700ns  cuDeviceGetCount
                    0.00%  1.2000us         2     600ns     200ns  1.0000us  cuDeviceGet
                    0.00%     800ns         1     800ns     800ns     800ns  cuDeviceGetName
                    0.00%     400ns         1     400ns     400ns     400ns  cuDeviceGetLuid
                    0.00%     300ns         1     300ns     300ns     300ns  cuDeviceGetUuid
                    0.00%     300ns         1     300ns     300ns     300ns  cudaGetLastError
