==11412== NVPROF is profiling process 11412, command: ..\test\x64\Release\test.exe 50000 55
==11412== Profiling application: ..\test\x64\Release\test.exe 50000 55
==11412== Profiling result:
            Type  Time(%)      Time     Calls       Avg       Min       Max  Name
 GPU activities:   67.76%  74.369us         2  37.184us  31.808us  42.561us  [CUDA memcpy HtoD]
                   27.64%  30.336us         1  30.336us  30.336us  30.336us  [CUDA memcpy DtoH]
                    4.61%  5.0560us         1  5.0560us  5.0560us  5.0560us  vectorAdd(float const *, float const *, float*, int)
      API calls:   76.95%  152.76ms         3  50.919ms  4.9000us  152.74ms  cudaMalloc
                   22.35%  44.372ms         1  44.372ms  44.372ms  44.372ms  cuDevicePrimaryCtxRelease
                    0.26%  522.00us         3  174.00us  61.900us  333.10us  cudaMemcpy
                    0.16%  326.00us         3  108.67us  9.4000us  294.10us  cudaFree
                    0.14%  280.50us         1  280.50us  280.50us  280.50us  cuModuleUnload
                    0.09%  183.20us        97  1.8880us     100ns  73.000us  cuDeviceGetAttribute
                    0.02%  45.300us         1  45.300us  45.300us  45.300us  cudaLaunchKernel
                    0.01%  19.400us         1  19.400us  19.400us  19.400us  cuDeviceTotalMem
                    0.01%  10.000us         1  10.000us  10.000us  10.000us  cuDeviceGetPCIBusId
                    0.00%  1.6000us         3     533ns     200ns  1.1000us  cuDeviceGetCount
                    0.00%  1.2000us         2     600ns     100ns  1.1000us  cuDeviceGet
                    0.00%     700ns         1     700ns     700ns     700ns  cuDeviceGetName
                    0.00%     400ns         1     400ns     400ns     400ns  cuDeviceGetLuid
                    0.00%     300ns         1     300ns     300ns     300ns  cuDeviceGetUuid
                    0.00%     300ns         1     300ns     300ns     300ns  cudaGetLastError
