==3704== NVPROF is profiling process 3704, command: ..\test\x64\Release\test.exe 50000 240
==3704== Profiling application: ..\test\x64\Release\test.exe 50000 240
==3704== Profiling result:
            Type  Time(%)      Time     Calls       Avg       Min       Max  Name
 GPU activities:   65.15%  63.777us         2  31.888us  31.841us  31.936us  [CUDA memcpy HtoD]
                   30.99%  30.336us         1  30.336us  30.336us  30.336us  [CUDA memcpy DtoH]
                    3.86%  3.7760us         1  3.7760us  3.7760us  3.7760us  vectorAdd(float const *, float const *, float*, int)
      API calls:   76.80%  147.97ms         3  49.324ms  5.1000us  147.96ms  cudaMalloc
                   22.53%  43.415ms         1  43.415ms  43.415ms  43.415ms  cuDevicePrimaryCtxRelease
                    0.26%  507.10us         3  169.03us  51.200us  236.40us  cudaMemcpy
                    0.16%  315.70us        97  3.2540us     100ns  133.20us  cuDeviceGetAttribute
                    0.12%  232.50us         3  77.500us  13.200us  197.90us  cudaFree
                    0.08%  150.40us         1  150.40us  150.40us  150.40us  cuModuleUnload
                    0.02%  46.900us         1  46.900us  46.900us  46.900us  cudaLaunchKernel
                    0.01%  18.300us         1  18.300us  18.300us  18.300us  cuDeviceTotalMem
                    0.00%  8.2000us         1  8.2000us  8.2000us  8.2000us  cuDeviceGetPCIBusId
                    0.00%  2.0000us         3     666ns     200ns  1.0000us  cuDeviceGetCount
                    0.00%  1.0000us         2     500ns     200ns     800ns  cuDeviceGet
                    0.00%     700ns         1     700ns     700ns     700ns  cuDeviceGetName
                    0.00%     400ns         1     400ns     400ns     400ns  cuDeviceGetLuid
                    0.00%     300ns         1     300ns     300ns     300ns  cudaGetLastError
                    0.00%     200ns         1     200ns     200ns     200ns  cuDeviceGetUuid
